TMS340 COFF Macro Assembler Version 6.10     Mon Oct 30 16:55:42 2023
 Copyright (c) 1985-1991  Texas Instruments Incorporated 

                                                                     PAGE    1

       1                    
       2                            .file   "bamseq4.asm"
       4                            .width  132
       5                            .option b,d,l,t
       6                            .mnolist
       7                    
       8                    
       9                            .include        "macros.h"
      10                            .include        "mproc.equ"
      11                            .include        "sys.equ"
      12                            .include        "game.equ"
      13                            .include        "plyr.equ"
      14                            .include        "anim.equ"
      15                            .include        "sound.h"
      16                            .include        "bamimg.h"
      17                            .include        "damage.equ"
      18                            .INCLUDE        "SWEAT.EQU"
      19                    
      20                    
      21                    
      22                            .ref    DO_SCREAM,HIT_THE_MAT,SMALL_BOUNCE,CALL_MISSES
      23                            .ref    am_I_dizzy,am_I_dead,ckzpos,start_run_anim
      24                            .ref    bam_faceup_getup_anim,bam_fall_back_anim
      25                    
      26                    
      27                    
      28 00000000            SUBR   bam_slamnobounce_anim
      29                    
      30 00000000     8002          .word   ANI_SETMODE,MODE_UNINT | MODE_NOAUTOFLIP
      31 00000020     8003          .word   ANI_ZEROVELS
      32 00000030     8026          .word   ANI_SETSPEED,100h
      33                    
      34 00000050     8004          .word   ANI_SETPLYRMODE,MODE_ONGROUND
      35                    
      36 00000070                   WL      1,B3CP3B+FR1
      37 000000a0                   WL      3,B3CP3B+FR1
      38 000000d0                   WL      4,B3CP3B+FR2
      39 00000100                   WL      4,B3CP3B+FR3
      40 00000130                   WL      4,B3CP3B+FR4
      41 00000160                   WL      4,B3CP3B+FR5
      42                    
      43 00000190     800b          .word   ANI_WAITHITGND
      44 000001a0     8028          .word   ANI_ZERO_XZVELS
      45                    
      46 000001b0                   WL      2,B3CP3B+FR7
      47                    
      48 000001e0                   WL      10,B3RL1A+FR1           ;1st frame of roll
      49                    
      50 00000210     8054          .word   ANI_WAITROLL
      51 00000220                   WL      ANI_CHANGEANIM,bam_faceup_getup_anim
      52                    
      53                    
      54 00000250            SUBR   bam_slambounce_anim
      55                    
      56 00000250     8002          .word   ANI_SETMODE,MODE_UNINT | MODE_NOAUTOFLIP
TMS340 COFF Macro Assembler Version 6.10     Mon Oct 30 16:55:42 2023
 Copyright (c) 1985-1991  Texas Instruments Incorporated 

Bam Bam animation sequences                                          PAGE    2

      57 00000270     8003          .word   ANI_ZEROVELS
      58 00000280     8026          .word   ANI_SETSPEED,100h
      59                    
      60                    
      61 000002a0     8004          .word   ANI_SETPLYRMODE,MODE_ONGROUND
      62                    
      63 000002c0     805e          .word   ANI_DEBRIS,300,1,0,8,0          ;%chance, tbl index, x,y,z off
      64                    
      65 00000320                   WL      1,B3CP3B+FR1
      66 00000350                   WL      ANI_CODE,ckzpos
      67 00000380                   WL      ANI_SET_YVEL,040000h
      68 000003b0                   WL      3,B3CP3B+FR1
      69 000003e0                   WL      4,B3CP3B+FR2
      70 00000410                   WL      4,B3CP3B+FR3
      71 00000440                   WL      4,B3CP3B+FR4
      72 00000470                   WL      4,B3CP3B+FR5
      73                    
      74 000004a0     800b          .word   ANI_WAITHITGND
      75 000004b0     8028          .word   ANI_ZERO_XZVELS
      76                    
      77 000004c0                   WL      2,B3CP3B+FR7
      78                    
      79 000004f0                   WL      10,B3RL1A+FR1           ;1st frame of roll
      80                    
      81 00000520     8054          .word   ANI_WAITROLL
      82 00000530                   WL      ANI_CHANGEANIM,bam_faceup_getup_anim
      83                    
      84 00000560            SUBR   bam_slambounce2_anim
      85                    
      86 00000560     8002          .word   ANI_SETMODE,MODE_UNINT | MODE_NOAUTOFLIP
      87 00000580     8003          .word   ANI_ZEROVELS
      88 00000590     8026          .word   ANI_SETSPEED,100h
      89                    
      90 000005b0     8004          .word   ANI_SETPLYRMODE,MODE_ONGROUND
      91 000005d0     805e          .word   ANI_DEBRIS,300,1,0,8,0          ;%chance, tbl index, x,y,z off
      92                    
      93 00000630                   WL      1,B4UC3Z+FR8
      94 00000660                   WL      ANI_CODE,ckzpos
      95 00000690                   WL      3,B4UC3Z+FR8
      96 000006c0     800b          .word   ANI_WAITHITGND
      97 000006d0     8003          .word   ANI_ZEROVELS
      98 000006e0                   WL      ANI_CODE,HIT_THE_MAT
      99 00000710     800c          .word   ANI_XFLIP
     100 00000720                   WL      ANI_SET_YVEL,030000h
     101                    
     102 00000750                   WL      4,B3CP3B+FR1
     103 00000780                   WL      4,B3CP3B+FR2
     104 000007b0                   WL      4,B3CP3B+FR3
     105 000007e0                   WL      4,B3CP3B+FR4
     106 00000810                   WL      4,B3CP3B+FR5
     107                    
     108 00000840     800b          .word   ANI_WAITHITGND
     109 00000850     8028          .word   ANI_ZERO_XZVELS
     110                    
     111 00000860                   WL      2,B3CP3B+FR7
TMS340 COFF Macro Assembler Version 6.10     Mon Oct 30 16:55:42 2023
 Copyright (c) 1985-1991  Texas Instruments Incorporated 

Bam Bam animation sequences                                          PAGE    3

     112                    
     113 00000890                   WL      10,B3RL1A+FR1           ;1st frame of roll
     114                    
     115 000008c0     8054          .word   ANI_WAITROLL
     116 000008d0                   WL      ANI_CHANGEANIM,bam_faceup_getup_anim
     117                    
     118                    
     119 00000900            SUBR   bam_breakneck2_anim
     120                    
     121 00000900     8002          .word   ANI_SETMODE,MODE_UNINT | MODE_NOAUTOFLIP
     122 00000920     8003          .word   ANI_ZEROVELS
     123 00000930     8026          .word   ANI_SETSPEED,100h
     124                    
     125 00000950                   WLWWWW  ANI_CREATEPROC,CREATE_SWEAT,0,SPRAYD_SWEAT,SWEAT_PER,0
     126 000009c0     8015          .word   ANI_OFFSET,0,52,0
     127 00000a00                   WL      6,B4UC3B+FR3
     128 00000a30                   WL      6,B4UC3B+FR4
     129 00000a60                   WL      6,B4UC3B+FR5
     130 00000a90                   WL      1,B4UC3B+FR6
     131                    
     132 00000ac0     800b          .word   ANI_WAITHITGND
     133                    
     134 00000ad0                   WL      ANI_CODE,HIT_THE_MAT
     135 00000b00     8037          .word   ANI_SHAKEALL,2
     136 00000b20     801f          .word   ANI_SHAKER,40
     137                    
     138 00000b40                   WL      3,B3FD3C+FR1
     139 00000b70                   WL      3,B3FD3C+FR2
     140 00000ba0                   WL      3,B3FD3C+FR3
     141 00000bd0                   WL      3,B3FD3C+FR4
     142 00000c00                   WL      3,B3FD3C+FR5
     143                    
     144 00000c30     8028          .word   ANI_ZERO_XZVELS
     145                    
     146 00000c40                   WL      ANI_CODE,HIT_THE_MAT
     147 00000c70                   WL      8,B3RL1A+FR7
     148                    
     149 00000ca0     8054          .word   ANI_WAITROLL
     150 00000cb0                   WL      ANI_CHANGEANIM,bam_faceup_getup_anim
     151                    
     152                    
     153 00000ce0            SUBR   bam_arm_broken_anim
     154                    
     155 00000ce0     8002          .word   ANI_SETMODE,MODE_UNINT|MODE_NOAUTOFLIP
     156 00000d00     8004          .word   ANI_SETPLYRMODE,MODE_NORMAL
     157 00000d20     8026          .word   ANI_SETSPEED,100h
     158                    
     159 00000d40                   WL      ANI_SET_YVEL,40000h
     160 00000d70                   WLW     ANI_SET_XVEL,-38000h,AM_HIT_REL
     161 00000db0                   WLW     ANI_SET_ZVEL,10000h,AM_HIT_REL
     162                    
     163 00000df0                   WL      ANI_CODE,DO_SCREAM
     164 00000e20     800b          .word   ANI_WAITHITGND
     165 00000e30     8003          .word   ANI_ZEROVELS
     166                    
TMS340 COFF Macro Assembler Version 6.10     Mon Oct 30 16:55:42 2023
 Copyright (c) 1985-1991  Texas Instruments Incorporated 

Bam Bam animation sequences                                          PAGE    4

     167 00000e40                   WL      4,B4AH4A+FR2
     168 00000e70                   WL      4,B4AH4A+FR3
     169 00000ea0                   WL      4,B4AH4A+FR4
     170 00000ed0                   WL      4,B4AH4A+FR5
     171 00000f00                   WL      4,B4AH4A+FR6
     172                    
     173 00000f30                   WL      1,B4ST4Z+FR1
     174                    
     175 00000f60                   WL      ANI_CODE,am_I_dead
     176 00000f90                   WL      ANI_IFNOTSTATUS2,hznjnodead
     177                    
     178 00000fc0                   WL      ANI_CHANGEANIM,bam_fall_back_anim
     179                    
     180 00000ff0           hznjnodead
     181 00000ff0     8022          .word   ANI_FACEDOWN
     182 00001000     8002          .word   ANI_SETMODE,MODE_NORMAL
     183 00001020     8049          .word   ANI_END
     184                    
     185                    
     186                            .end

 No Errors,  No Warnings
