TMS340 COFF Macro Assembler Version 6.10     Mon Oct 30 16:55:34 2023
 Copyright (c) 1985-1991  Texas Instruments Incorporated 

                                                                     PAGE    1

       1                    
       2                            .file   "bamseq1.asm"
       4                            .width  132
       5                            .option b,d,l,t
       6                            .mnolist
       7                    
       8                    
       9                            .include        "macros.h"
      10                            .include        "mproc.equ"             ;Mproc equates
      11                            .include        "sys.equ"
      12                            .include        "game.equ"
      13                            .include        "plyr.equ"
      14                            .include        "anim.equ"
      15                            .include        "sound.h"
      16                    
      17                            .include        "bamimg.h"
      18                            .include        "takerimg.h"    ;<---temp!!!
      19                    
      20                    
      21                    
      22                            .ref    SMALL_RUN,fix_bnc_flip,MAYBE_BOUNCE_ROPE
      23                    
      24                    
      25                    
      26                    
      27 00000000            SUBR   bam_zip_anim
      28 00000000                   WL      60*60,B2ST2A+FR1
      29 00000030     8049          .word   ANI_END
      30                    
      31                    
      32 00000040            SUBR   bam_stand2_anim
      33 00000040            SUBR   bam_stand8_anim
      34 00000040     8002          .word   ANI_SETMODE,MODE_NORMAL
      35 00000060     8026          .word   ANI_SETSPEED,100h
      36 00000080                   WL      4,B2ST2A+FR1
      37 000000b0                   WL      4,B2ST2A+FR2
      38 000000e0                   WL      4,B2ST2A+FR3
      39 00000110                   WL      4,B2ST2A+FR4
      40 00000140                   WL      4,B2ST2A+FR5
      41 00000170                   WL      4,B2ST2A+FR6
      42 000001a0                   WL      4,B2ST2A+FR7
      43 000001d0                   WL      4,B2ST2A+FR8
      44 00000200                   WL      4,B2ST2A+FR9
      45 00000230                   WL      4,B2ST2A+FR10
      46 00000260                   WL      4,B2ST2A+FR11
      47 00000290                   WL      4,B2ST2A+FR12
      48 000002c0                   WL      4,B2ST2A+FR13
      49 000002f0     8001          .word   ANI_REPEAT
      50                    
      51                    
      52 00000300            SUBR   bam_stand4_anim
      53 00000300            SUBR   bam_stand6_anim
      54 00000300     8002          .word   ANI_SETMODE,MODE_NORMAL
      55 00000320     8026          .word   ANI_SETSPEED,100h
      56 00000340                   WL      6,B4ST4Z+FR1
TMS340 COFF Macro Assembler Version 6.10     Mon Oct 30 16:55:34 2023
 Copyright (c) 1985-1991  Texas Instruments Incorporated 

Bam Bam Bigelo animation sequences                                   PAGE    2

      57 00000370                   WL      6,B4ST4Z+FR2
      58 000003a0                   WL      6,B4ST4Z+FR3
      59 000003d0                   WL      6,B4ST4Z+FR4
      60 00000400                   WL      6,B4ST4Z+FR5
      61 00000430                   WL      6,B4ST4Z+FR6
      62 00000460                   WL      6,B4ST4Z+FR7
      63 00000490                   WL      6,B4ST4Z+FR8
      64 000004c0                   WL      6,B4ST4Z+FR9
      65 000004f0     8001          .word   ANI_REPEAT
      66                    
      67                    
      68                    
      69 00000500            SUBR   bam_torso2_anim
      70 00000500            SUBR   bam_torso8_anim
      71                    
      72 00000500                   WL      6,B2TW2Z+FR1
      73 00000530                   WL      6,B2TW2Z+FR2
      74 00000560                   WL      6,B2TW2Z+FR3
      75 00000590                   WL      6,B2TW2Z+FR2
      76 000005c0     8001          .word   ANI_REPEAT
      77                    
      78                    
      79 000005d0            SUBR   bam_torso4_anim
      80 000005d0            SUBR   bam_torso6_anim
      81                    
      82 000005d0                   WL      6,B4TW4Z+FR1
      83 00000600                   WL      6,B4TW4Z+FR2
      84 00000630                   WL      6,B4TW4Z+FR3
      85 00000660                   WL      6,B4TW4Z+FR2
      86 00000690     8001          .word   ANI_REPEAT
      87                    
      88 000006a0            SUBR   bam_holdoh_anim
      89 000006a0                   WL      999,B4PO4Z+FR1
      90 000006d0     8001          .word   ANI_REPEAT
      91                    
      92                    
      93                    
      94 000006e0            SUBR   bam_walk1_f2_anim
      95 000006e0                   WL      2,B2WL1A+FR1
      96 00000710                   WL      2,B2WL1A+FR2
      97 00000740                   WL      2,B2WL1A+FR3
      98 00000770                   WL      2+1,B2WL1A+FR4
      99 000007a0                   WL      2,B2WL1A+FR5
     100 000007d0                   WL      2,B2WL1A+FR6
     101 00000800                   WL      2,B2WL1A+FR7
     102 00000830                   WL      2+1,B2WL1A+FR8
     103 00000860                   WL      2,B2WL1A+FR9
     104 00000890                   WL      2,B2WL1A+FR10
     105 000008c0                   WL      2,B2WL1A+FR11
     106 000008f0                   WL      2+1,B2WL1A+FR12
     107 00000920                   WL      2,B2WL1A+FR13
     108 00000950                   WL      2,B2WL1A+FR14
     109 00000980                   WL      2,B2WL1A+FR15
     110 000009b0                   WL      2+1,B2WL1A+FR16
     111 000009e0     8001          .word   ANI_REPEAT
TMS340 COFF Macro Assembler Version 6.10     Mon Oct 30 16:55:34 2023
 Copyright (c) 1985-1991  Texas Instruments Incorporated 

Bam Bam Bigelo animation sequences                                   PAGE    3

     112                    
     113 000009f0            SUBR   bam_walk2_f2_anim
     114 000009f0                   WL      2,B2WL2B+FR1
     115 00000a20                   WL      2,B2WL2B+FR2
     116 00000a50                   WL      2,B2WL2B+FR3
     117 00000a80                   WL      2,B2WL2B+FR4
     118 00000ab0                   WL      2,B2WL2B+FR5
     119 00000ae0                   WL      2,B2WL2B+FR6
     120 00000b10                   WL      2,B2WL2B+FR7
     121 00000b40                   WL      2,B2WL2B+FR8
     122 00000b70                   WL      2,B2WL2B+FR9
     123 00000ba0                   WL      2,B2WL2B+FR10
     124 00000bd0                   WL      2,B2WL2B+FR11
     125 00000c00                   WL      2,B2WL2B+FR12
     126 00000c30                   WL      2,B2WL2B+FR13
     127 00000c60                   WL      2,B2WL2B+FR14
     128 00000c90                   WL      2,B2WL2B+FR15
     129 00000cc0                   WL      2,B2WL2B+FR16
     130 00000cf0                   WL      2,B2WL2B+FR17
     131 00000d20                   WL      2,B2WL2B+FR18
     132 00000d50     8001          .word   ANI_REPEAT
     133                    
     134 00000d60            SUBR   bam_walk4_f2_anim
     135 00000d60                   WL      3,B2WL8B+FR1
     136 00000d90                   WL      3,B2WL8B+FR2
     137 00000dc0                   WL      3,B2WL8B+FR3
     138 00000df0                   WL      3,B2WL8B+FR4
     139 00000e20                   WL      3,B2WL8B+FR5
     140 00000e50                   WL      3,B2WL8B+FR6
     141 00000e80                   WL      3,B2WL8B+FR7
     142 00000eb0                   WL      3,B2WL8B+FR8
     143 00000ee0                   WL      3,B2WL8B+FR9
     144 00000f10                   WL      3,B2WL8B+FR10
     145 00000f40                   WL      3,B2WL8B+FR11
     146 00000f70                   WL      3,B2WL8B+FR12
     147 00000fa0     8001          .word   ANI_REPEAT
     148                    
     149 00000fb0            SUBR   bam_walk5_f2_anim
     150 00000fb0                   WL      2,B2WL1A+FR16
     151 00000fe0                   WL      2,B2WL1A+FR15
     152 00001010                   WL      2,B2WL1A+FR14
     153 00001040                   WL      2+1,B2WL1A+FR13
     154 00001070                   WL      2,B2WL1A+FR12
     155 000010a0                   WL      2,B2WL1A+FR11
     156 000010d0                   WL      2,B2WL1A+FR10
     157 00001100                   WL      2+1,B2WL1A+FR9
     158 00001130                   WL      2,B2WL1A+FR8
     159 00001160                   WL      2,B2WL1A+FR7
     160 00001190                   WL      2,B2WL1A+FR6
     161 000011c0                   WL      2+1,B2WL1A+FR5
     162 000011f0                   WL      2,B2WL1A+FR4
     163 00001220                   WL      2,B2WL1A+FR3
     164 00001250                   WL      2,B2WL1A+FR2
     165 00001280                   WL      2+1,B2WL1A+FR1
     166 000012b0     8001          .word   ANI_REPEAT
TMS340 COFF Macro Assembler Version 6.10     Mon Oct 30 16:55:34 2023
 Copyright (c) 1985-1991  Texas Instruments Incorporated 

Bam Bam Bigelo animation sequences                                   PAGE    4

     167                    
     168 000012c0            SUBR   bam_walk6_f2_anim
     169 000012c0                   WL      2,B2WL2B+FR18
     170 000012f0                   WL      2,B2WL2B+FR17
     171 00001320                   WL      2,B2WL2B+FR16
     172 00001350                   WL      2,B2WL2B+FR15
     173 00001380                   WL      2,B2WL2B+FR14
     174 000013b0                   WL      2,B2WL2B+FR13
     175 000013e0                   WL      2,B2WL2B+FR12
     176 00001410                   WL      2,B2WL2B+FR11
     177 00001440                   WL      2,B2WL2B+FR10
     178 00001470                   WL      2,B2WL2B+FR9
     179 000014a0                   WL      2,B2WL2B+FR8
     180 000014d0                   WL      2,B2WL2B+FR7
     181 00001500                   WL      2,B2WL2B+FR6
     182 00001530                   WL      2,B2WL2B+FR5
     183 00001560                   WL      2,B2WL2B+FR4
     184 00001590                   WL      2,B2WL2B+FR3
     185 000015c0                   WL      2,B2WL2B+FR2
     186 000015f0                   WL      2,B2WL2B+FR1
     187 00001620     8001          .word   ANI_REPEAT
     188                    
     189                    
     190 00001630            SUBR   bam_walk8_f2_anim
     191 00001630                   WL      3,B2WL8B+FR12
     192 00001660                   WL      3,B2WL8B+FR11
     193 00001690                   WL      3,B2WL8B+FR10
     194 000016c0                   WL      3,B2WL8B+FR9
     195 000016f0                   WL      3,B2WL8B+FR8
     196 00001720                   WL      3,B2WL8B+FR7
     197 00001750                   WL      3,B2WL8B+FR6
     198 00001780                   WL      3,B2WL8B+FR5
     199 000017b0                   WL      3,B2WL8B+FR4
     200 000017e0                   WL      3,B2WL8B+FR3
     201 00001810                   WL      3,B2WL8B+FR2
     202 00001840                   WL      3,B2WL8B+FR1
     203 00001870     8001          .word   ANI_REPEAT
     204                    
     205                    
     206                    
     207                    
     208 00001880            SUBR   bam_walk1_f4_anim
     209 00001880                   WL      2,B4WL5B+FR15
     210 000018b0                   WL      2+1,B4WL5B+FR14
     211 000018e0                   WL      2,B4WL5B+FR13
     212 00001910                   WL      2,B4WL5B+FR12
     213 00001940                   WL      2+1,B4WL5B+FR11
     214 00001970                   WL      2,B4WL5B+FR10
     215 000019a0                   WL      2+1,B4WL5B+FR9
     216 000019d0                   WL      2,B4WL5B+FR8
     217 00001a00                   WL      2,B4WL5B+FR7
     218 00001a30                   WL      2+1,B4WL5B+FR6
     219 00001a60                   WL      2,B4WL5B+FR5
     220 00001a90                   WL      2+1,B4WL5B+FR4
     221 00001ac0                   WL      2,B4WL5B+FR3
TMS340 COFF Macro Assembler Version 6.10     Mon Oct 30 16:55:34 2023
 Copyright (c) 1985-1991  Texas Instruments Incorporated 

Bam Bam Bigelo animation sequences                                   PAGE    5

     222 00001af0                   WL      2,B4WL5B+FR2
     223 00001b20                   WL      2+1,B4WL5B+FR1
     224 00001b50     8001          .word   ANI_REPEAT
     225                    
     226 00001b60            SUBR   bam_walk2_f4_anim
     227 00001b60                   WL      2,B4WL2A+FR1
     228 00001b90                   WL      2+1,B4WL2A+FR2
     229 00001bc0                   WL      2,B4WL2A+FR3
     230 00001bf0                   WL      2,B4WL2A+FR4
     231 00001c20                   WL      2+1,B4WL2A+FR5
     232 00001c50                   WL      2,B4WL2A+FR6
     233 00001c80                   WL      2+1,B4WL2A+FR7
     234 00001cb0                   WL      2,B4WL2A+FR8
     235 00001ce0                   WL      2,B4WL2A+FR9
     236 00001d10                   WL      2+1,B4WL2A+FR10
     237 00001d40                   WL      2,B4WL2A+FR11
     238 00001d70                   WL      2+1,B4WL2A+FR12
     239 00001da0                   WL      2,B4WL2A+FR13
     240 00001dd0                   WL      2,B4WL2A+FR14
     241 00001e00                   WL      2+1,B4WL2A+FR15
     242 00001e30     8001          .word   ANI_REPEAT
     243                    
     244 00001e40            SUBR   bam_walk4_f4_anim
     245 00001e40                   WL      2,B4WL4B+FR1
     246 00001e70                   WL      2,B4WL4B+FR2
     247 00001ea0                   WL      2,B4WL4B+FR3
     248 00001ed0                   WL      2,B4WL4B+FR4
     249 00001f00                   WL      2,B4WL4B+FR5
     250 00001f30                   WL      2,B4WL4B+FR6
     251 00001f60                   WL      2,B4WL4B+FR7
     252 00001f90                   WL      2,B4WL4B+FR8
     253 00001fc0                   WL      2,B4WL4B+FR9
     254 00001ff0                   WL      2,B4WL4B+FR10
     255 00002020                   WL      2,B4WL4B+FR11
     256 00002050                   WL      2,B4WL4B+FR12
     257 00002080                   WL      2,B4WL4B+FR13
     258 000020b0                   WL      2,B4WL4B+FR14
     259 000020e0                   WL      2,B4WL4B+FR15
     260 00002110                   WL      2,B4WL4B+FR16
     261 00002140                   WL      2,B4WL4B+FR17
     262 00002170                   WL      2,B4WL4B+FR18
     263 000021a0     8001          .word   ANI_REPEAT
     264                    
     265 000021b0            SUBR   bam_walk5_f4_anim
     266 000021b0                   WL      2,B4WL5B+FR1
     267 000021e0                   WL      2+1,B4WL5B+FR2
     268 00002210                   WL      2,B4WL5B+FR3
     269 00002240                   WL      2,B4WL5B+FR4
     270 00002270                   WL      2+1,B4WL5B+FR5
     271 000022a0                   WL      2,B4WL5B+FR6
     272 000022d0                   WL      2+1,B4WL5B+FR7
     273 00002300                   WL      2,B4WL5B+FR8
     274 00002330                   WL      2,B4WL5B+FR9
     275 00002360                   WL      2+1,B4WL5B+FR10
     276 00002390                   WL      2,B4WL5B+FR11
TMS340 COFF Macro Assembler Version 6.10     Mon Oct 30 16:55:34 2023
 Copyright (c) 1985-1991  Texas Instruments Incorporated 

Bam Bam Bigelo animation sequences                                   PAGE    6

     277 000023c0                   WL      2+1,B4WL5B+FR12
     278 000023f0                   WL      2,B4WL5B+FR13
     279 00002420                   WL      2,B4WL5B+FR14
     280 00002450                   WL      2+1,B4WL5B+FR15
     281 00002480     8001          .word   ANI_REPEAT
     282                    
     283 00002490            SUBR   bam_walk6_f4_anim
     284 00002490                   WL      2,B4WL2A+FR15
     285 000024c0                   WL      2+1,B4WL2A+FR14
     286 000024f0                   WL      2,B4WL2A+FR13
     287 00002520                   WL      2,B4WL2A+FR12
     288 00002550                   WL      2+1,B4WL2A+FR11
     289 00002580                   WL      2,B4WL2A+FR10
     290 000025b0                   WL      2+1,B4WL2A+FR9
     291 000025e0                   WL      2,B4WL2A+FR8
     292 00002610                   WL      2,B4WL2A+FR7
     293 00002640                   WL      2+1,B4WL2A+FR6
     294 00002670                   WL      2,B4WL2A+FR5
     295 000026a0                   WL      2+1,B4WL2A+FR4
     296 000026d0                   WL      2,B4WL2A+FR3
     297 00002700                   WL      2,B4WL2A+FR2
     298 00002730                   WL      2+1,B4WL2A+FR1
     299 00002760     8001          .word   ANI_REPEAT
     300                    
     301 00002770            SUBR   bam_walk8_f4_anim
     302 00002770                   WL      2,B4WL4B+FR18
     303 000027a0                   WL      2,B4WL4B+FR17
     304 000027d0                   WL      2,B4WL4B+FR16
     305 00002800                   WL      2,B4WL4B+FR15
     306 00002830                   WL      2,B4WL4B+FR14
     307 00002860                   WL      2,B4WL4B+FR13
     308 00002890                   WL      2,B4WL4B+FR12
     309 000028c0                   WL      2,B4WL4B+FR11
     310 000028f0                   WL      2,B4WL4B+FR10
     311 00002920                   WL      2,B4WL4B+FR9
     312 00002950                   WL      2,B4WL4B+FR8
     313 00002980                   WL      2,B4WL4B+FR7
     314 000029b0                   WL      2,B4WL4B+FR6
     315 000029e0                   WL      2,B4WL4B+FR5
     316 00002a10                   WL      2,B4WL4B+FR4
     317 00002a40                   WL      2,B4WL4B+FR3
     318 00002a70                   WL      2,B4WL4B+FR2
     319 00002aa0                   WL      2,B4WL4B+FR1
     320 00002ad0     8001          .word   ANI_REPEAT
     321                    
     322                    
     323                    
     324 00002ae0            SUBR   bam_2_to_4_turn_anim
     325 00002ae0            SUBR   bam_8_to_6_turn_anim
     326 00002ae0     8002          .word   ANI_SETMODE,MODE_INTURN|MODE_NOAUTOFLIP ;uninterruptable
     327 00002b00     8026          .word   ANI_SETSPEED,100h
     328 00002b20                   WL      3,B1TT5Z+FR2    ;2.5
     329 00002b50                   WL      3,B1TT5Z+FR3    ;3.5
     330 00002b80     8002          .word   ANI_SETMODE,MODE_NORMAL
     331 00002ba0     8049          .word   ANI_END
TMS340 COFF Macro Assembler Version 6.10     Mon Oct 30 16:55:34 2023
 Copyright (c) 1985-1991  Texas Instruments Incorporated 

Bam Bam Bigelo animation sequences                                   PAGE    7

     332                    
     333 00002bb0            SUBR   bam_4_to_2_turn_anim
     334 00002bb0            SUBR   bam_6_to_8_turn_anim
     335 00002bb0     8002          .word   ANI_SETMODE,MODE_INTURN|MODE_NOAUTOFLIP ;uninterruptable
     336 00002bd0     8026          .word   ANI_SETSPEED,100h
     337 00002bf0                   WL      3,B1TT5Z+FR3    ;3.5
     338 00002c20                   WL      3,B1TT5Z+FR2    ;2.5
     339 00002c50     8002          .word   ANI_SETMODE,MODE_NORMAL
     340 00002c70     8049          .word   ANI_END
     341                    
     342 00002c80            SUBR   bam_4_to_6_turn_anim
     343 00002c80            SUBR   bam_6_to_4_turn_anim
     344 00002c80     8002          .word   ANI_SETMODE,MODE_INTURN|MODE_NOAUTOFLIP ;uninterruptable
     345 00002ca0     8026          .word   ANI_SETSPEED,100h
     346 00002cc0                   WL      3,B1TT5Z+FR4    ;4.5
     347 00002cf0     800c          .word   ANI_XFLIP
     348 00002d00                   WL      3,B1TT5Z+FR4    ;4.5
     349 00002d30     8002          .word   ANI_SETMODE,MODE_NORMAL
     350 00002d50     8049          .word   ANI_END
     351                    
     352 00002d60            SUBR   bam_2_to_8_turn_anim
     353 00002d60            SUBR   bam_8_to_2_turn_anim
     354 00002d60     8002          .word   ANI_SETMODE,MODE_INTURN|MODE_NOAUTOFLIP ;uninterruptable
     355 00002d80     8026          .word   ANI_SETSPEED,100h
     356 00002da0                   WL      3,B1TT5Z+FR1    ;1.5
     357 00002dd0     800c          .word   ANI_XFLIP
     358 00002de0                   WL      3,B1TT5Z+FR1    ;1.5
     359 00002e10     8002          .word   ANI_SETMODE,MODE_NORMAL
     360 00002e30     8049          .word   ANI_END
     361                    
     362 00002e40            SUBR   bam_4_to_8_turn_anim
     363 00002e40            SUBR   bam_6_to_2_turn_anim
     364 00002e40     8002          .word   ANI_SETMODE,MODE_INTURN|MODE_NOAUTOFLIP ;uninterruptable
     365 00002e60     8026          .word   ANI_SETSPEED,100h
     366 00002e80                   WL      3,B1TT5Z+FR3    ;3.5
     367 00002eb0                   WL      3,B1TT5Z+FR2    ;2.5
     368 00002ee0                   WL      3,B1TT5Z+FR1    ;1.5
     369 00002f10     800c          .word   ANI_XFLIP
     370 00002f20                   WL      3,B1TT5Z+FR1    ;1.5
     371 00002f50     8002          .word   ANI_SETMODE,MODE_NORMAL
     372 00002f70     8049          .word   ANI_END
     373                    
     374 00002f80            SUBR   bam_2_to_6_turn_anim
     375 00002f80            SUBR   bam_8_to_4_turn_anim
     376 00002f80     8002          .word   ANI_SETMODE,MODE_INTURN|MODE_NOAUTOFLIP ;uninterruptable
     377 00002fa0     8026          .word   ANI_SETSPEED,100h
     378 00002fc0                   WL      3,B1TT5Z+FR2    ;2.5
     379 00002ff0                   WL      3,B1TT5Z+FR3    ;3.5
     380 00003020                   WL      3,B1TT5Z+FR4    ;4.5
     381 00003050     800c          .word   ANI_XFLIP
     382 00003060                   WL      3,B1TT5Z+FR4    ;4.5
     383 00003090     8002          .word   ANI_SETMODE,MODE_NORMAL
     384 000030b0     8049          .word   ANI_END
     385                    
     386                    
TMS340 COFF Macro Assembler Version 6.10     Mon Oct 30 16:55:34 2023
 Copyright (c) 1985-1991  Texas Instruments Incorporated 

Bam Bam Bigelo animation sequences                                   PAGE    8

     387 000030c0            SUBR   bam_2_to_4_turn2_anim
     388 000030c0            SUBR   bam_8_to_6_turn2_anim
     389 000030c0     8002          .word   ANI_SETMODE,MODE_INTURN|MODE_NOAUTOFLIP ;uninterruptable
     390 000030e0     8026          .word   ANI_SETSPEED,100h
     391 00003100                   WL      3,B1TR5Z+FR2    ;2.5
     392 00003130     801b          .word   ANI_SETFACING           ;ANI_XFLIP <- not primary anim
     393 00003140                   WL      3,B1TR5Z+FR3    ;3.5
     394 00003170     8002          .word   ANI_SETMODE,MODE_NORMAL
     395 00003190     8049          .word   ANI_END
     396                    
     397 000031a0            SUBR   bam_4_to_2_turn2_anim
     398 000031a0            SUBR   bam_6_to_8_turn2_anim
     399 000031a0     8002          .word   ANI_SETMODE,MODE_INTURN|MODE_NOAUTOFLIP ;uninterruptable
     400 000031c0     8026          .word   ANI_SETSPEED,100h
     401 000031e0                   WL      3,B1TR5Z+FR3    ;3.5
     402 00003210     801b          .word   ANI_SETFACING           ;ANI_XFLIP <- not primary anim
     403 00003220                   WL      3,B1TR5Z+FR2    ;2.5
     404 00003250     8002          .word   ANI_SETMODE,MODE_NORMAL
     405 00003270     8049          .word   ANI_END
     406                    
     407 00003280            SUBR   bam_4_to_6_turn2_anim
     408 00003280            SUBR   bam_6_to_4_turn2_anim
     409 00003280     8002          .word   ANI_SETMODE,MODE_INTURN|MODE_NOAUTOFLIP ;uninterruptable
     410 000032a0     8026          .word   ANI_SETSPEED,100h
     411 000032c0                   WL      3,B1TR5Z+FR4    ;4.5
     412 000032f0     801b          .word   ANI_SETFACING           ;ANI_XFLIP <- not primary anim
     413 00003300                   WL      3,B1TR5Z+FR4    ;4.5
     414 00003330     8002          .word   ANI_SETMODE,MODE_NORMAL
     415 00003350     8049          .word   ANI_END
     416                    
     417 00003360            SUBR   bam_2_to_8_turn2_anim
     418 00003360            SUBR   bam_8_to_2_turn2_anim
     419 00003360     8002          .word   ANI_SETMODE,MODE_INTURN|MODE_NOAUTOFLIP ;uninterruptable
     420 00003380     8026          .word   ANI_SETSPEED,100h
     421 000033a0                   WL      3,B1TR5Z+FR1    ;1.5
     422 000033d0     801b          .word   ANI_SETFACING           ;ANI_XFLIP <- not primary anim
     423 000033e0                   WL      3,B1TR5Z+FR1    ;1.5
     424 00003410     8002          .word   ANI_SETMODE,MODE_NORMAL
     425 00003430     8049          .word   ANI_END
     426                    
     427 00003440            SUBR   bam_4_to_8_turn2_anim
     428 00003440            SUBR   bam_6_to_2_turn2_anim
     429 00003440     8002          .word   ANI_SETMODE,MODE_INTURN|MODE_NOAUTOFLIP ;uninterruptable
     430 00003460     8026          .word   ANI_SETSPEED,100h
     431 00003480                   WL      3,B1TR5Z+FR4    ;4.5
     432 000034b0     801b          .word   ANI_SETFACING           ;ANI_XFLIP <- not primary anim
     433 000034c0                   WL      3,B1TR5Z+FR4    ;4.5
     434 000034f0                   WL      3,B1TR5Z+FR3    ;3.5
     435 00003520     801b          .word   ANI_SETFACING
     436 00003530                   WL      3,B1TR5Z+FR2    ;2.5
     437 00003560     8002          .word   ANI_SETMODE,MODE_NORMAL
     438 00003580     8049          .word   ANI_END
     439                    
     440 00003590            SUBR   bam_2_to_6_turn2_anim
     441 00003590            SUBR   bam_8_to_4_turn2_anim
TMS340 COFF Macro Assembler Version 6.10     Mon Oct 30 16:55:34 2023
 Copyright (c) 1985-1991  Texas Instruments Incorporated 

Bam Bam Bigelo animation sequences                                   PAGE    9

     442 00003590     8002          .word   ANI_SETMODE,MODE_INTURN|MODE_NOAUTOFLIP ;uninterruptable
     443 000035b0     8026          .word   ANI_SETSPEED,100h
     444 000035d0                   WL      3,B1TR5Z+FR2    ;2.5
     445 00003600     801b          .word   ANI_SETFACING
     446 00003610                   WL      3,B1TR5Z+FR3    ;3.5
     447 00003640                   WL      3,B1TR5Z+FR4    ;4.5
     448 00003670     801b          .word   ANI_SETFACING           ;ANI_XFLIP <- not primary anim
     449 00003680                   WL      3,B1TR5Z+FR4    ;4.5
     450 000036b0     8002          .word   ANI_SETMODE,MODE_NORMAL
     451 000036d0     8049          .word   ANI_END
     452                    
     453                    
     454                    
     455 000036e0            SUBR   bam_run2_anim
     456                    
     457 000036e0     8002          .word   ANI_SETMODE,MODE_NORMAL
     458 00003700     8026          .word   ANI_SETSPEED,100h
     459                    
     460                    
     461 00003720     8006          .word   ANI_ATTACK_ON,AMODE_RUN,-3,29,16+8,71   ;mode,x,y,w,h
     462 00003780                   WL      ANI_GOTO,orslrun2
     463                    
     464 000037b0            SUBR   bam_run_anim
     465                    
     466 000037b0     8002          .word   ANI_SETMODE,MODE_UNINT                  ;uninterruptable
     467 000037d0     8026          .word   ANI_SETSPEED,100h
     468 000037f0     8006          .word   ANI_ATTACK_ON,AMODE_RUN,-3,29,16,71     ;mode,x,y,w,h
     469                    
     470 00003850           orsllp1
     471 00003850                   WL      3,B3RN3A+FR1
     472 00003880                   WL      2,B3RN3A+FR2
     473 000038b0                   WL      3,B3RN3A+FR3
     474 000038e0                   WL      ANI_CODE,SMALL_RUN
     475 00003910                   WL      2,B3RN3A+FR4
     476 00003940                   WL      3,B3RN3A+FR5
     477 00003970           orslrun2
     478 00003970     8002          .word   ANI_SETMODE,MODE_NORMAL
     479 00003990     8006          .word   ANI_ATTACK_ON,AMODE_RUN,-3,29,16+8,71   ;mode,x,y,w,h
     480 000039f0                   WL      2,B3RN3A+FR6
     481 00003a20                   WL      3,B3RN3A+FR7
     482 00003a50                   WL      2,B3RN3A+FR8
     483 00003a80                   WL      3,B3RN3A+FR9
     484 00003ab0                   WL      ANI_CODE,SMALL_RUN
     485 00003ae0                   WL      2,B3RN3A+FR10
     486 00003b10                   WL      3,B3RN3A+FR11
     487 00003b40                   WL      2,B3RN3A+FR12
     488                    
     489 00003b70                   WL      ANI_GOTO,orsllp1
     490                    
     491                    
     492                    
     493 00003ba0            SUBR   bam_bounce_anim
     494                    
     495 00003ba0     8002          .word   ANI_SETMODE,MODE_UNINT|MODE_OVERLAP|MODE_NOAUTOFLIP| MODE_NOCONFINE     ;uninterruptable
     496                      
TMS340 COFF Macro Assembler Version 6.10     Mon Oct 30 16:55:34 2023
 Copyright (c) 1985-1991  Texas Instruments Incorporated 

Bam Bam Bigelo animation sequences                                   PAGE   10

     497 00003bc0                   WL      ANI_CODE,fix_bnc_flip
     498 00003bf0                   WL      ANI_CODE,MAYBE_BOUNCE_ROPE
     499                    
     500 00003c20     8003          .word   ANI_ZEROVELS
     501 00003c30     8026          .word   ANI_SETSPEED,100h
     502 00003c50                   WL      3,B4BO3Z+FR1
     503 00003c80     8023          .word   ANI_BOUNCEROPE,0
     504 00003ca0                   WL      1,B4BO3Z+FR1
     505                    
     506 00003cd0                   WL      3,B4BO3Z+FR2
     507 00003d00     8023          .word   ANI_BOUNCEROPE,1
     508 00003d20                   WL      ANI_CODE,SMALL_RUN
     509                    
     510 00003d50                   WL      1,B4BO3Z+FR2
     511                    
     512 00003d80                   WL      3,B4BO3Z+FR3
     513 00003db0     8023          .word   ANI_BOUNCEROPE,2
     514 00003dd0                   WL      1,B4BO3Z+FR3
     515                    
     516 00003e00                   WL      3,B4BO3Z+FR4
     517 00003e30     8023          .word   ANI_BOUNCEROPE,3
     518 00003e50                   WL      1,B4BO3Z+FR4
     519                    
     520 00003e80     8003          .word   ANI_ZEROVELS
     521                    
     522 00003e90                   WL      3,B4BO3Z+FR5
     523 00003ec0     8023          .word   ANI_BOUNCEROPE,4
     524 00003ee0                   WL      1,B4BO3Z+FR5
     525 00003f10                   WL      4,B4BO3Z+FR6
     526 00003f40                   WL      3,B4BO3Z+FR7
     527 00003f70     8023          .word   ANI_BOUNCEROPE,0
     528 00003f90                   WL      1,B4BO3Z+FR7
     529 00003fc0                   WL      3,B4BO3Z+FR8
     530 00003ff0     8023          .word   ANI_BOUNCEROPE,-1
     531 00004010                   WL      ANI_CODE,SMALL_RUN
     532 00004040                   WL      1,B4BO3Z+FR8
     533 00004070                   WL      4,B4BO3Z+FR9
     534                    
     535 000040a0     8015          .word   ANI_OFFSET,-10,0,0
     536                    
     537 000040e0     8002          .word   ANI_SETMODE,MODE_NORMAL
     538 00004100     8049          .word   ANI_END
     539                    
     540                    
     541                    
     542                            .end

 No Errors,  No Warnings
