TMS340 COFF Macro Assembler Version 6.10     Wed Nov 01 06:20:04 2023
 Copyright (c) 1985-1991  Texas Instruments Incorporated 

                                                                     PAGE    1

       1                            .OPTION B,D,L,T
       2                            .include        "BGNDTBL.GLO"
       3 00000000                   .DATA
       4 00000000           NUGRND_P:       ;PAL #0
       5 00000000     00ff          .word   255     ;pal size
       6 00000010     0000          .word 00H,0575FH,0533FH,04F1EH,04AFEH,046BDH,0469DH,0427CH,03E5CH,03A1BH
       7 000000b0     35fb          .word 035FBH,031DAH,0319AH,02D79H,02D59H,02D58H,02937H,02515H,02514H,020F3H
       8 00000150     20d1          .word 020D1H,01CD0H,018CEH,0188DH,0148CH,0146AH,01069H,0C48H,0C46H,0825H
       9 000001f0     0864          .word 0864H,03510H,0310EH,030EEH,030CDH,02CEEH,02CCFH,028CFH,02CCDH,028AFH
      10 00000290     2ccc          .word 02CCCH,02CADH,02CACH,028AEH,028ADH,0288EH,02C8BH,028ACH,0288CH,024ADH
      11 00000330     288b          .word 0288BH,0286BH,0248CH,0286AH,0248AH,0246AH,0208BH,0244AH,02469H,0206BH
      12 000003d0     208a          .word 0208AH,02449H,0206AH,02429H,02448H,0204AH,02049H,02048H,02029H,02027H
      13 00000470     2008          .word 02008H,02007H,01C28H,02006H,02004H,01808H,01807H,01407H,04630H,04A10H
      14 00000510     4a0f          .word 04A0FH,04610H,0460FH,045EFH,045EEH,041EFH,041EEH,03DEFH,03DEEH,041CEH
      15 000005b0     41cd          .word 041CDH,03DCEH,03DCDH,039CEH,039CDH,03DAEH,03DADH,03DACH,039ADH,039ACH
      16 00000650     39ab          .word 039ABH,0398DH,0398CH,0398BH,0358CH,0358BH,0358AH,0356CH,0356BH,0356AH
      17 000006f0     316b          .word 0316BH,0316AH,03169H,0314BH,0314AH,03149H,02D4AH,02D49H,02D48H,02D2AH
      18 00000790     2d29          .word 02D29H,02D28H,02928H,02907H,02508H,02507H,02107H,024E7H,024E6H,020E7H
      19 00000830     20e6          .word 020E6H,01CE8H,01CE7H,01CE6H,018E7H,020C6H,01CC6H,01CC5H,018C6H,018A6H
      20 000008d0     56fd          .word 056FDH,04ABDH,052BAH,04A9AH,04E77H,0467AH,0425CH,0425AH,04A56H,04259H
      21 00000970     3e39          .word 03E39H,03A38H,03619H,03E17H,03618H,03617H,035F7H,035F6H,031D8H,035D3H
      22 00000a10     29b7          .word 029B7H,02DB6H,039ADH,02596H,02D93H,02575H,02175H,02573H,02572H,02D6DH
      23 00000ab0     1d54          .word 01D54H,02153H,01934H,01D33H,01D32H,01932H,02130H,01113H,01512H,01D10H
      24 00000b50     10f1          .word 010F1H,018F0H,014F0H,0CD0H,014EEH,010CEH,08AEH,010ADH,048EH,06DH
      25 00000bf0     088b          .word 088BH,06CH,04DH,0FH,0C6AH,04BH,0C88H,06AH,0CH,02AH
      26 00000c90     0009          .word 09H,07H,03H,06F9FH,0733BH,06B3CH,06B1AH,066D9H,05ED8H,066B7H
      27 00000d30     5a96          .word 05A96H,05294H,04E73H,05655H,04E55H,05633H,04A52H,06593H,04631H,04A13H
      28 00000dd0     4210          .word 04210H,045F1H,03DEFH,0642DH,039CEH,0498DH,0602AH,035ADH,0318CH,05409H
      29 00000e70     2d6b          .word 02D6BH,05405H,0392AH,04C25H,0294AH,05003H,02529H,04802H,038A6H,01D0CH
      30 00000f10     2108          .word 02108H,03445H,01CE7H,03802H,018C6H,014AAH,02821H,014A5H,07FDDH,07FDDH
      31 00000fb0     7fdd          .word 07FDDH,07FDDH,07FDDH,07FDDH,07FDDH
      32 00001000           STRS_P: ;PAL #1
      33 00001000     0040          .word   64      ;pal size
      34 00001010     0000          .word 00H,00H,0421H,0420H,0842H,0841H,0C63H,014A4H,018C6H,018C5H
      35 000010b0     1ce6          .word 01CE6H,01CE7H,02108H,01D08H,02107H,0294AH,01CC5H,02528H,0400H,0C41H
      36 00001150     0820          .word 0820H,0318BH,0318CH,02D6BH,035ADH,02D6AH,02949H,02529H,014A5H,010A5H
      37 000011f0     0821          .word 0821H,0C62H,01084H,01083H,0C42H,01483H,01062H,039CDH,039CEH,03DEFH
      38 00001290     35ac          .word 035ACH,020E7H,031ACH,02929H,0C61H,01063H,018A4H,01082H,01484H,0C83H
      39 00001330     10a4          .word 010A4H,04631H,03DEEH,0420FH,04210H,0316AH,02D8BH,02D8CH,02948H,02D69H
      40 000013d0     62f6          .word 062F6H,02D49H,02D4AH,0296BH
      41 00001410           CPOSTB_P:       ;PAL #2
      42 00001410     0020          .word   32      ;pal size
      43 00001420     0000          .word 00H,05B3BH,0531AH,04AD9H,04299H,03A78H,03237H,02A16H,021D6H,01DB5H
      44 000014c0     1574          .word 01574H,01153H,0912H,04F2H,0B1H,090H,06FH,06EH,04DH,04DH
      45 00001560     004c          .word 04CH,02BH,02AH,029H,08H,07H,06H,06H,05H,04H
      46 00001600     0003          .word 03H,03H
      47 00001620           MANLAW_P:       ;PAL #3
      48 00001620     003d          .word   61      ;pal size
      49 00001630     1ce7          .word 01CE7H,077C4H,0675BH,05AF8H,05AD6H,04ED6H,04AB6H,05ED4H,062B3H,04695H
      50 000016d0     5672          .word 05672H,05E71H,04E51H,04254H,04232H,0462FH,05A50H,0460FH,05A2FH,03A12H
      51 00001770     3df0          .word 03DF0H,04E0FH,059EEH,051EDH,03DCEH,039CEH,049CCH,031AEH,0498AH,0316CH
      52 00001810     4568          .word 04568H,0316AH,03148H,0294BH,04128H,03949H,0214AH,01D4CH,02D41H,03948H
      53 000018b0     0d84          .word 0D84H,0252AH,01949H,02907H,03507H,02CE5H,01908H,018C5H,024A3H,010C7H
      54 00001950     0ca5          .word 0CA5H,01883H,01861H,0863H,0462H,06AH,041H,0421H,028H,05H
      55 000019f0     0000          .word 00H
TMS340 COFF Macro Assembler Version 6.10     Wed Nov 01 06:20:04 2023
 Copyright (c) 1985-1991  Texas Instruments Incorporated 

                                                                     PAGE    2

      56 00001a00           SDWAL_P:        ;PAL #4
      57 00001a00     0022          .word   34      ;pal size
      58 00001a10     0000          .word 00H,0864H,0358CH,02D4AH,02508H,02507H,02107H,020E7H,020E6H,01CE7H
      59 00001ab0     1ce6          .word 01CE6H,01CC6H,01CC5H,018C6H,035ADH,0318CH,02D6BH,0294AH,02529H,02108H
      60 00001b50     14a5          .word 014A5H,02949H,02528H,018E6H,018C5H,014C6H,018A5H,018A4H,014A4H,010A4H
      61 00001bf0     1484          .word 01484H,01084H,01083H,0C84H
      62 00001c30           NUMAT_P:        ;PAL #6
      63 00001c30     004b          .word   75      ;pal size
      64 00001c40     0000          .word 00H,04F1EH,046BDH,0469DH,03E5CH,03A1BH,035FBH,031DAH,0319AH,02D79H
      65 00001ce0     2d58          .word 02D58H,02937H,02515H,02514H,020F3H,020D1H,01CD0H,018CEH,0188DH,0148CH
      66 00001d80     146a          .word 0146AH,07FDBH,07FBBH,07FBAH,07BBBH,07BBAH,07F99H,07B9AH,07B99H,0779AH
      67 00001e20     7b78          .word 07B78H,07F77H,07B79H,0777AH,07779H,07778H,07379H,07758H,07757H,07359H
      68 00001ec0     7358          .word 07358H,07755H,07737H,07735H,07337H,07336H,06F37H,06F36H,06B37H,06F16H
      69 00001f60     6f15          .word 06F15H,06B17H,06B16H,06B15H,06EF5H,066F5H,066F4H,06AD4H,066D4H,062D3H
      70 00002000     66b3          .word 066B3H,062B3H,05EB2H,05E91H,05A92H,05A91H,05A71H,05671H,05670H,05650H
      71 000020a0     5250          .word 05250H,04E2FH,04E0EH,02D59H,018AEH
      72 000020f0           TBUCK_P:        ;PAL #7
      73 000020f0     003c          .word   60      ;pal size
      74 00002100     0000          .word 00H,02951H,0212DH,020EDH,020ECH,01CCBH,01CAAH,018ABH,018AAH,018A9H
      75 000021a0     1488          .word 01488H,01487H,01469H,01066H,0C44H,0844H,0424H,0422H,03DEFH,035ADH
      76 00002240     294a          .word 0294AH,0252AH,02109H,014A5H,0C63H,0842H,07B9AH,07759H,07756H,06F12H
      77 000022e0     6af9          .word 06AF9H,06AF6H,06ACEH,05EB7H,06656H,05A51H,05A26H,04A2FH,04DF5H,055AFH
      78 00002380     6173          .word 06173H,035CCH,054F2H,0454EH,0454AH,04946H,0392EH,03926H,044CCH,044CAH
      79 00002420     2926          .word 02926H,030EDH,038CAH,024CAH,024A6H,024A3H,018A6H,01064H,01043H,0C43H
      80 000024c0           CPOSTT_P:       ;PAL #8
      81 000024c0     0020          .word   32      ;pal size
      82 000024d0     0000          .word 00H,0365AH,02E39H,02A19H,025F8H,021B7H,01D96H,01976H,01555H,01134H
      83 00002570     0d14          .word 0D14H,08F3H,04D2H,0D1H,0B1H,090H,06FH,06EH,04DH,04DH
      84 00002610     004c          .word 04CH,02BH,02AH,029H,08H,07H,06H,06H,05H,04H
      85 000026b0     0003          .word 03H,03H
      86 000026d0           DKCUR_P:        ;PAL #9
      87 000026d0     0026          .word   38      ;pal size
      88 000026e0     0000          .word 00H,024ABH,0248BH,0246AH,0208BH,0206AH,0204AH,02049H,01C4BH,01C4AH
      89 00002780     2028          .word 02028H,01C49H,01C29H,01C28H,01C08H,01829H,01C07H,01827H,01807H,01807H
      90 00002820     1806          .word 01806H,01408H,01806H,01407H,01806H,01805H,01407H,01406H,01405H,01406H
      91 000028c0     1404          .word 01404H,01405H,01404H,01005H,01403H,0C05H,0C04H,0804H
      92 00002940           WWFSKT_P:       ;PAL #20
      93 00002940     0036          .word   54      ;pal size
      94 00002950     0000          .word 00H,07687H,07267H,06E47H,06A27H,06207H,059E5H,055C6H,051A5H,04985H
      95 000029f0     4164          .word 04164H,05EB7H,049D1H,0418FH,0444CH,0506EH,0308CH,060D1H,030EDH,02CD1H
      96 00002a90     38d2          .word 038D2H,044D3H,050D4H,05CD1H,05CB0H,054AFH,04C6DH,0404BH,03C4AH,03C6BH
      97 00002b30     6b1a          .word 06B1AH,066D9H,062D7H,05A96H,05655H,05213H,04A12H,04DD2H,04D70H,0414BH
      98 00002bd0     352a          .word 0352AH,039D3H,04CEDH,02048H,030D1H,041B1H,0396EH,03027H,03427H,0354DH
      99 00002c70     312c          .word 0312CH,02D0BH,028EAH,02825H
     100 00002cb0           NTBCK_P:        ;PAL #21
     101 00002cb0     001e          .word   30      ;pal size
     102 00002cc0     0000          .word 00H,02951H,0212DH,020EDH,020ECH,01CCBH,01CAAH,018AAH,018A9H,01488H
     103 00002d60     1487          .word 01487H,01066H,0C44H,0844H,0422H,03DEFH,0294AH,0252AH,02109H,014A5H
     104 00002e00     0842          .word 0842H,05A51H,05A26H,0454EH,03926H,051E5H,04184H,03523H,05E46H,07FDDH
     105 00002ea0           matl_P: ;PAL #22
     106 00002ea0     004b          .word   75      ;pal size
     107 00002eb0     0000          .word 00H,046DCH,03E7BH,03E5BH,03E1AH,035F9H,035D9H,02DB8H,02D78H,02D57H
     108 00002f50     2d36          .word 02D36H,02515H,024F3H,024F2H,01CD1H,01CAFH,01CAFH,014ADH,0146CH,0146BH
     109 00002ff0     1449          .word 01449H,07799H,07779H,07778H,07379H,07378H,07757H,07358H,07357H,06F58H
     110 00003090     7336          .word 07336H,07735H,07337H,06F38H,06F37H,06F36H,06B37H,06F16H,06F15H,06B17H
TMS340 COFF Macro Assembler Version 6.10     Wed Nov 01 06:20:04 2023
 Copyright (c) 1985-1991  Texas Instruments Incorporated 

                                                                     PAGE    3

     111 00003130     6b16          .word 06B16H,06F13H,06EF5H,06EF3H,06AF5H,06AF4H,066F5H,066F4H,062F5H,066D4H
     112 000031d0     66d3          .word 066D3H,062D5H,062D4H,062D3H,066B3H,05EB3H,05EB2H,06292H,05E92H,05A91H
     113 00003270     5e71          .word 05E71H,05A71H,05670H,0564FH,05250H,0524FH,0522FH,04E2FH,04E2FH,04E0FH
     114 00003310     4a0f          .word 04A0FH,045EEH,045EDH,02D37H,0148DH
     115                    
     116 00003360           ingbPALS:
     117 00003360 00000000"         .long   NUGRND_P
     118 00003380 00001000"         .long   STRS_P
     119 000033a0 00001410"         .long   CPOSTB_P
     120 000033c0 00001620"         .long   MANLAW_P
     121 000033e0 00001a00"         .long   SDWAL_P
     122 00003400 00000000!         .long   NMAT_P
     123 00003420 00001c30"         .long   NUMAT_P
     124 00003440 000020f0"         .long   TBUCK_P
     125 00003460 000024c0"         .long   CPOSTT_P
     126 00003480 000026d0"         .long   DKCUR_P
     127 000034a0 00000000!         .long   FRTROW_P
     128 000034c0 00000000!         .long   SDCRWD_P
     129 000034e0 00000000!         .long   JOYDEW_P
     130 00003500 00000000!         .long   JASON_P
     131 00003520 00000000!         .long   FARCRD_P
     132 00003540 00000000!         .long   VOGEL_P
     133 00003560 00000000!         .long   FLASH_P
     134 00003580 00000000!         .long   ALEX_P
     135 000035a0 00000000!         .long   MARNE_P
     136 000035c0 00000000!         .long   JAKE_P
     137 000035e0 00002940"         .long   WWFSKT_P
     138 00003600 00002cb0"         .long   NTBCK_P
     139 00003620 00002ea0"         .long   matl_P
     140 00003640           LLOGOL_P:       ;PAL #1
     141 00003640     000f          .word   15      ;pal size
     142 00003650     0000          .word 00H,05697H,04E76H,04E55H,04634H,04613H,03DF2H,01CE8H,014C7H,014A6H
     143 000036f0     0c85          .word 0C85H,0422H,01H,00H,066FBH
     144 00003740           LLOGOD_P:       ;PAL #2
     145 00003740     000f          .word   15      ;pal size
     146 00003750     0000          .word 00H,03DD1H,035B0H,0358FH,02D6EH,02D4DH,0252CH,0422H,01H,00H
     147 000037f0     0000          .word 00H,00H,00H,00H,04E35H
     148 00003840           MUG_P_P:        ;PAL #3
     149 00003840     001f          .word   31      ;pal size
     150 00003850     0000          .word 00H,07FDFH,07B7EH,07B5EH,076FDH,076BDH,0729CH,0725CH,06E1BH,06DDBH
     151 000038f0     699a          .word 0699AH,0697AH,06539H,06519H,060D9H,060B8H,05897H,05095H,04C93H,04472H
     152 00003990     4070          .word 04070H,0386FH,0344DH,02C4CH,0284AH,02029H,01C27H,01405H,01004H,0802H
     153 00003a30     0401          .word 0401H
     154 00003a40           MUGPSH_P:       ;PAL #4
     155 00003a40     000f          .word   15      ;pal size
     156 00003a50     0000          .word 00H,01486H,014C8H,0C85H,0C64H,0C43H,01CE9H,0422H,01CEAH,0421H
     157 00003af0     0401          .word 0401H,0400H,0443H,0C86H,014A8H
     158 00003b40           BSELBK_P:       ;PAL #5
     159 00003b40     0010          .word   16      ;pal size
     160 00003b50     0400          .word 0400H,035EFH,02DCEH,02DADH,0258CH,0256BH,01D4AH,01D29H,01508H,014E7H
     161 00003bf0     0cc6          .word 0CC6H,0CA5H,0484H,0463H,0442H,0400H
     162 00003c50           MGP_R_P:        ;PAL #6
     163 00003c50     001f          .word   31      ;pal size
     164 00003c60     0000          .word 00H,07FDEH,07F9CH,07F5AH,07B18H,07AD6H,07694H,07252H,07210H,06DCEH
     165 00003d00     6dad          .word 06DADH,0696BH,06529H,06508H,060C6H,060A5H,058A5H,05484H,04C84H,04884H
TMS340 COFF Macro Assembler Version 6.10     Wed Nov 01 06:20:04 2023
 Copyright (c) 1985-1991  Texas Instruments Incorporated 

                                                                     PAGE    4

     166 00003da0     4463          .word 04463H,03C63H,03842H,03042H,02C42H,02821H,02021H,01C21H,01400H,01000H
     167 00003e40     0c00          .word 0C00H
     168 00003e50           WGFSWP: ;PAL #7
     169 00003e50     000a          .word   10      ;pal size
     170 00003e60     318c          .word 0318CH,07FFFH,07BDEH,0739CH,06F7BH,06B5AH,06739H,05EF7H,05AD6H,00H
     171                    
     172 00003f00           KPGPALS:
     173 00003f00 00000000!         .long   CSELBK_P
     174 00003f20 00003640"         .long   LLOGOL_P
     175 00003f40 00003740"         .long   LLOGOD_P
     176 00003f60 00003840"         .long   MUG_P_P
     177 00003f80 00003a40"         .long   MUGPSH_P
     178 00003fa0 00003b40"         .long   BSELBK_P
     179 00003fc0 00003c50"         .long   MGP_R_P
     180 00003fe0 00003e50"         .long   WGFSWP
     181 00004000           CSELBK2P:       ;PAL #0
     182 00004000     0016          .word   22      ;pal size
     183 00004010     0400          .word 0400H,0443H,0C44H,0C65H,0422H,0C86H,0401H,0400H,0400H,014A7H
     184 000040b0     1d2d          .word 01D2DH,014A8H,014C9H,014EAH,01D0BH,01D0CH,0256FH,0254EH,02D91H,02570H
     185 00004150     2db2          .word 02DB2H,02DD3H
     186 00004170           MGP_B_P:        ;PAL #1
     187 00004170     001f          .word   31      ;pal size
     188 00004180     0000          .word 00H,07BDFH,0739FH,06B7FH,0673FH,05F1EH,056DEH,052BEH,04A9DH,0425DH
     189 00004220     3e3d          .word 03E3DH,0361CH,031DCH,029BBH,0259BH,0217BH,01D59H,01937H,01515H,010F4H
     190 000042c0     0cd2          .word 0CD2H,0CB0H,088FH,088DH,086CH,046AH,0449H,047H,026H,04H
     191 00004360     0003          .word 03H
     192                    
     193 00004370           ELBKPALS:
     194 00004370 00004000"         .long   CSELBK2P
     195 00004390 00004170"         .long   MGP_B_P
     196 000043b0 00003c50"         .long   MGP_R_P
     197 000043d0 00000000!         .long   CSELBK_P
     198 000043f0 00000000!         .long   CRPL_G_P
     199 00004410 00003640"         .long   LLOGOL_P
     200 00004430 00003740"         .long   LLOGOD_P
     201 00004450           NUMATP2:        ;PAL #0
     202 00004450     004b          .word   75      ;pal size
     203 00004460     0000          .word 00H,04F1EH,046BDH,0469DH,03E5CH,03A1BH,035FBH,031DAH,0319AH,02D79H
     204 00004500     2d58          .word 02D58H,02937H,02515H,02514H,020F3H,020D1H,01CD0H,018CEH,0188DH,0148CH
     205 000045a0     146a          .word 0146AH,07FDBH,07FBBH,07FBAH,07BBBH,07BBAH,07F99H,07B9AH,07B99H,0779AH
     206 00004640     7b78          .word 07B78H,07F77H,07B79H,0777AH,07779H,07778H,07379H,07758H,07757H,07359H
     207 000046e0     7358          .word 07358H,07755H,07737H,07735H,07337H,07336H,06F37H,06F36H,06B37H,06F16H
     208 00004780     6f15          .word 06F15H,06B17H,06B16H,06B15H,06EF5H,066F5H,066F4H,06AD4H,066D4H,062D3H
     209 00004820     66b3          .word 066B3H,062B3H,05EB2H,05E91H,05A92H,05A91H,05A71H,05671H,05670H,05650H
     210 000048c0     5250          .word 05250H,04E2FH,04E0EH,02D59H,018AEH
     211 00004910           FARCRDP2:       ;PAL #1
     212 00004910     0040          .word   64      ;pal size
     213 00004920     0000          .word 00H,02D6BH,02108H,01CE7H,014A5H,01084H,0842H,04A31H,04A0EH,045CDH
     214 000049c0     3dce          .word 03DCEH,03CC6H,039ADH,0396AH,03928H,038A5H,03549H,0316BH,03127H,02D49H
     215 00004a60     2d28          .word 02D28H,02CC5H,02CC4H,02929H,02928H,028E6H,028A4H,024C5H,024A3H,020E6H
     216 00004b00     20c5          .word 020C5H,020A4H,02083H,01CC5H,018A4H,01883H,01862H,01062H,01041H,0820H
     217 00004ba0     0800          .word 0800H,014C4H,0427CH,01B7H,0173H,0254DH,0EDH,08AH,014C9H,018A7H
     218 00004c40     0867          .word 0867H,010A6H,01086H,0886H,0C64H,0444H,0422H,014A4H,01083H,0822H
     219 00004ce0     1d08          .word 01D08H,01102H,040C6H,06FDFH
     220 00004d20           JASONP2:        ;PAL #2
TMS340 COFF Macro Assembler Version 6.10     Wed Nov 01 06:20:04 2023
 Copyright (c) 1985-1991  Texas Instruments Incorporated 

                                                                     PAGE    5

     221 00004d20     0036          .word   54      ;pal size
     222 00004d30     0000          .word 00H,02108H,01CE7H,014A5H,01084H,0842H,040A7H,03DCEH,03CC6H,039ADH
     223 00004dd0     38a5          .word 038A5H,0358BH,03549H,0316BH,03127H,02D49H,02D28H,02CC5H,02CC4H,02928H
     224 00004e70     28e6          .word 028E6H,028A4H,020E6H,020C5H,020A4H,02083H,01CC5H,018A4H,01883H,01862H
     225 00004f10     1062          .word 01062H,01041H,01021H,0821H,0800H,01523H,014C4H,0427CH,01B7H,0173H
     226 00004fb0     00ed          .word 0EDH,08AH,018A7H,01086H,0886H,0C64H,0422H,018C5H,014A4H,01083H
     227 00005050     0822          .word 0822H,01102H,040C6H,06FDFH
     228 00005090           CPOSTTP2:       ;PAL #3
     229 00005090     0020          .word   32      ;pal size
     230 000050a0     0000          .word 00H,0365AH,02E39H,02A19H,025F8H,021B7H,01D96H,01976H,01555H,01134H
     231 00005140     0d14          .word 0D14H,08F3H,04D2H,0D1H,0B1H,090H,06FH,06EH,04DH,04DH
     232 000051e0     004c          .word 04CH,02BH,02AH,029H,08H,07H,06H,06H,05H,04H
     233 00005280     0003          .word 03H,03H
     234 000052a0           ROPERP2:        ;PAL #4
     235 000052a0     0010          .word   16      ;pal size
     236 000052b0     0000          .word 00H,07210H,06DADH,06529H,060C6H,05C84H,05821H,05000H,04800H,04400H
     237 00005350     3c00          .word 03C00H,03800H,03000H,02800H,02400H,01C00H
     238 000053b0           ROPEWP2:        ;PAL #5
     239 000053b0     0010          .word   16      ;pal size
     240 000053c0     0000          .word 00H,07FFFH,0739CH,06B5AH,06739H,05EF7H,05AD6H,05294H,04A52H,04631H
     241 00005460     3def          .word 03DEFH,039CEH,0318CH,0294AH,02529H,01CE7H
     242 000054c0           ROPEBP2:        ;PAL #6
     243 000054c0     0010          .word   16      ;pal size
     244 000054d0     0000          .word 00H,04EFEH,0427DH,03A3CH,031FBH,02DD9H,02998H,02177H,01D36H,01915H
     245 00005570     14f3          .word 014F3H,010B2H,0C91H,0870H,084FH,042EH
     246 000055d0           FLASH2P:        ;PAL #7
     247 000055d0     002a          .word   42      ;pal size
     248 000055e0     0000          .word 00H,02108H,01CE7H,014A5H,01084H,0842H,020C5H,020A4H,01CC5H,018A4H
     249 00005680     1883          .word 01883H,01862H,01062H,0821H,0800H,0C83H,0883H,0427CH,01B7H,0173H
     250 00005720     254d          .word 0254DH,0EDH,0252AH,08AH,014C9H,018A7H,0867H,014A6H,010A6H,01086H
     251 000057c0     0886          .word 0886H,0C64H,0444H,0424H,0422H,018C5H,014A4H,01083H,0822H,01D08H
     252 00005860     14c6          .word 014C6H,06FDFH
     253                    
     254 00005880           ERPALS:
     255 00005880 00004450"         .long   NUMATP2
     256 000058a0 00004910"         .long   FARCRDP2
     257 000058c0 00004d20"         .long   JASONP2
     258 000058e0 00005090"         .long   CPOSTTP2
     259 00005900 000052a0"         .long   ROPERP2
     260 00005920 000053b0"         .long   ROPEWP2
     261 00005940 000054c0"         .long   ROPEBP2
     262 00005960 000055d0"         .long   FLASH2P
     263 00005980 00000000!         .long   VOGEL_P
     264 000059a0           STONE_P:        ;PAL #3
     265 000059a0     0100          .word   256     ;pal size
     266 000059b0     2108          .word 02108H,07FFFH,04EB5H,04675H,04654H,03631H,03615H,03E11H,03614H,035F6H
     267 00005a50     3610          .word 03610H,035F5H,035F4H,035F3H,035F1H,035D4H,035D3H,02DD4H,035D1H,035B4H
     268 00005af0     35b2          .word 035B2H,029B4H,035B1H,02DB3H,035B0H,029B3H,02DB2H,029B2H,02DB1H,03593H
     269 00005b90     29b1          .word 029B1H,025B1H,02D93H,03192H,02D92H,02D91H,02592H,02991H,02D90H,02591H
     270 00005c30     2990          .word 02990H,0318CH,0298FH,02573H,02D71H,0298DH,02572H,02571H,02970H,02D6FH
     271 00005cd0     2171          .word 02171H,02D6EH,02570H,0296FH,02170H,0256FH,0296EH,02D6BH,0256EH,02951H
     272 00005d70     2d50          .word 02D50H,02950H,02D4EH,02550H,02150H,0294EH,0214FH,0294DH,0254EH,0214EH
     273 00005e10     2531          .word 02531H,0254DH,02930H,0294AH,01D4EH,0214DH,02D2EH,02530H,0214CH,02D2CH
     274 00005eb0     252f          .word 0252FH,01D30H,0212FH,0292DH,01D2FH,0212EH,0252DH,01D2EH,0212DH,0192EH
     275 00005f50     252b          .word 0252BH,01D2DH,0250FH,0192DH,02529H,0290DH,0250EH,0192CH,01D0FH,0210EH
TMS340 COFF Macro Assembler Version 6.10     Wed Nov 01 06:20:04 2023
 Copyright (c) 1985-1991  Texas Instruments Incorporated 

                                                                     PAGE    6

     276 00005ff0     2129          .word 02129H,01D2AH,0210DH,0190EH,0250BH,0210CH,0190DH,01D0CH,0210BH,0210AH
     277 00006090     190c          .word 0190CH,01D0BH,02108H,0190BH,01D0AH,024ECH,020EDH,0150BH,01D09H,024EAH
     278 00006130     150a          .word 0150AH,01CECH,020EBH,020EAH,018ECH,01CEBH,018EBH,01CEAH,014EBH,018CDH
     279 000061d0     1ce9          .word 01CE9H,014EAH,01CE7H,018E9H,020CBH,018E8H,018CCH,020C9H,018CBH,014CBH
     280 00006270     1cc9          .word 01CC9H,018CAH,01CC7H,018C9H,0CCBH,010CAH,018C8H,014C9H,018C6H,010ABH
     281 00006310     1ca9          .word 01CA9H,0C8CH,01CA8H,014AAH,018A9H,010AAH,018A8H,014A9H,0C8BH,0CAAH
     282 000063b0     18a7          .word 018A7H,018A6H,014A8H,088BH,0CA9H,010A8H,046CH,01889H,014A7H,0CA8H
     283 00006450     10a7          .word 010A7H,01489H,014A5H,01888H,01089H,010A6H,01887H,0C89H,010A5H,01886H
     284 000064f0     1088          .word 01088H,046AH,01487H,01468H,0C69H,0C88H,01087H,01485H,0869H,0888H
     285 00006590     0c87          .word 0C87H,01068H,01086H,0469H,0887H,01467H,0C68H,01084H,0868H,0C85H
     286 00006630     1083          .word 01083H,0468H,01465H,01463H,01066H,0448H,0467H,01065H,0C66H,01064H
     287 000066d0     1046          .word 01046H,0866H,0C65H,0466H,0865H,01045H,0C64H,0C63H,0465H,0846H
     288 00006770     1044          .word 01044H,0446H,0464H,0C45H,01042H,0463H,0845H,0445H,0C44H,0C24H
     289 00006810     0844          .word 0844H,0C42H,0C04H,0843H,025H,044H,0824H,0443H,0804H,0424H
     290 000068b0     0442          .word 0442H,024H,0823H,023H,0821H,0403H,0422H,03H,022H,0421H
     291 00006950     0402          .word 0402H,021H,02H,0401H,0400H,07FFFH
     292 000069b0           WWFA_P: ;PAL #4
     293 000069b0     0100          .word   256     ;pal size
     294 000069c0     2108          .word 02108H,07FFFH,073BDH,07BB6H,0779DH,07399H,07B92H,07F8DH,04BDCH,07777H
     295 00006a60     6b7c          .word 06B7CH,07376H,043DAH,07B6CH,07F4FH,07754H,07752H,06B5AH,07B66H,07B4EH
     296 00006b00     7739          .word 07739H,0635DH,07F48H,07B62H,07B4AH,037B9H,06F38H,06739H,0772DH,07B40H
     297 00006ba0     7315          .word 07315H,06F16H,0573DH,07311H,06F12H,0533CH,0770BH,06318H,0770AH,05B19H
     298 00006c40     03b7          .word 03B7H,07B01H,06AF4H,04F1CH,072E8H,076E5H,056FAH,05AF7H,0396H,076E3H
     299 00006ce0     6ed0          .word 06ED0H,056F8H,076E0H,06ECCH,062D3H,046FBH,04EF8H,05AD7H,06EC9H,05ED4H
     300 00006d80     46fa          .word 046FAH,072C4H,076C1H,07278H,066CBH,072C0H,04ED8H,042DBH,04ED7H,04AD8H
     301 00006e20     6ea6          .word 06EA6H,056B6H,06EA5H,06A8FH,04AB6H,03ABAH,07280H,06E82H,06E16H,05294H
     302 00006ec0     5a8e          .word 05A8EH,06A6BH,06E67H,05A71H,0369AH,04696H,06E60H,04E75H,0664CH,05271H
     303 00006f60     5e4f          .word 05E4FH,04A74H,06A44H,06A42H,05650H,05E49H,02A79H,06628H,06627H,02679H
     304 00007000     5e2e          .word 05E2EH,06994H,06A04H,02E77H,04A52H,06A00H,0620AH,02A59H,06224H,03E55H
     305 000070a0     2659          .word 02659H,0522EH,06206H,05A0FH,05E0BH,04A31H,02A56H,05E09H,065C5H,04631H
     306 00007140     4233          .word 04233H,06553H,016ACH,0560BH,059CFH,01E38H,059E7H,05DC5H,06581H,06580H
     307 000071e0     5da6          .word 05DA6H,03E10H,059ABH,04DECH,055E6H,03213H,060F1H,045EDH,01217H,06161H
     308 00007280     55a8          .word 055A8H,05D65H,04DCAH,01DF5H,05585H,0DF7H,011F6H,031F0H,041CDH,05946H
     309 00007320     5c90          .word 05C90H,03DCEH,045B0H,05944H,049ADH,09F6H,04DA7H,05184H,035CFH,019D5H
     310 000073c0     5d01          .word 05D01H,05D7H,05CE1H,03DABH,01D6H,0418FH,035AEH,05126H,0582EH,031AFH
     311 00007460     5124          .word 05124H,04588H,04982H,011B4H,039A6H,050ADH,0DB4H,04947H,05103H,025AFH
     312 00007500     4d24          .word 04D24H,0454BH,025AEH,04943H,0416AH,04926H,03589H,04167H,04529H,054A2H
     313 000075a0     412c          .word 0412CH,0594H,0298DH,0356CH,04145H,0316CH,048E4H,044CBH,03D43H,01D6EH
     314 00007640     4104          .word 04104H,048C1H,03946H,01D6DH,05042H,02D4BH,019A0H,0352BH,03CE6H,040C4H
     315 000076e0     3905          .word 03905H,034EAH,01580H,038C6H,034C9H,0212BH,03106H,02909H,030C9H,034C3H
     316 00007780     30c7          .word 030C7H,034A5H,03C61H,0340AH,01D08H,01922H,02CE1H,028E5H,024E7H,01521H
     317 00007820     3406          .word 03406H,03008H,01CE7H,024C6H,03403H,028A2H,02C07H,02C06H,018C6H,02807H
     318 000078c0     2c04          .word 02C04H,03001H,02408H,02804H,02082H,02406H,02006H,01C07H,01485H,01806H
     319 00007960     1804          .word 01804H,0C64H,01422H,01001H,0842H,0401H
     320 000079c0           MIDWAY_P:       ;PAL #5
     321 000079c0     0013          .word   19      ;pal size
     322 000079d0     2108          .word 02108H,06404H,05003H,03C02H,0284AH,0284AH,0284AH,0284AH,0284AH,0284AH
     323 00007a70     284a          .word 0284AH,0284AH,0284AH,0284AH,0284AH,0284AH,0284AH,0284AH,0284AH
     324                    
     325 00007b00           WFPALS:
     326 00007b00 00000000!         .long   CSELBK_P
     327 00007b20 00000000!         .long   LAVA1_P
     328 00007b40 00000000!         .long   SMWWF_P
     329 00007b60 000059a0"         .long   STONE_P
     330 00007b80 000069b0"         .long   WWFA_P
TMS340 COFF Macro Assembler Version 6.10     Wed Nov 01 06:20:04 2023
 Copyright (c) 1985-1991  Texas Instruments Incorporated 

                                                                     PAGE    7

     331 00007ba0 000079c0"         .long   MIDWAY_P
     332 00007bc0           SPORTBK:        ;PAL #0
     333 00007bc0     001d          .word   29      ;pal size
     334 00007bd0     1108          .word 01108H,0401H,0C04H,0803H,01006H,01408H,0C05H,01007H,01409H,0402H
     335 00007c70     0804          .word 0804H,0C06H,01008H,0C07H,0805H,0403H,0404H,01H,02H,028CDH
     336 00007d10     24ac          .word 024ACH,020ABH,01C8AH,01869H,01468H,01047H,0C46H,0C25H,0824H
     337 00007da0           SPORTBK_P:      ;PAL #1
     338 00007da0     0013          .word   19      ;pal size
     339 00007db0     0000          .word 00H,0401H,0C04H,0803H,01006H,01408H,0C05H,01007H,01409H,0402H
     340 00007e50     0804          .word 0804H,0C06H,01008H,0C07H,0805H,0403H,0404H,01H,02H
     341                    
     342 00007ee0           BKPALS:
     343 00007ee0 00007bc0"         .long   SPORTBK
     344 00007f00 00007da0"         .long   SPORTBK_P
     345                    

 No Errors,  No Warnings
