TMS340 COFF Macro Assembler Version 6.10     Tue Oct 24 16:39:04 2023
 Copyright (c) 1985-1991  Texas Instruments Incorporated 

                                                                     PAGE    1

       1                            .OPTION B,D,L,T
       2                            .include        "BGNDTBL.GLO"
       3 00000000                   .DATA
       4                    
       5 00000000           ingbHDRS:
       6 00000000     000c          .word   12,9    ;x size, y size
       7 00000020 04618b33          .long   04618B33H       ;address
       8 00000040     6000          .word   06000H  ;dma ctrl
       9 00000050     0048          .word   72,31
      10 00000070 04618dbb          .long   04618DBBH
      11 00000090     5000          .word   05000H
      12 000000a0     0044          .word   68,121
      13 000000c0 0461b953          .long   0461B953H
      14 000000e0     7000          .word   07000H
      15 000000f0     0044          .word   68,63
      16 00000110 04629a4f          .long   04629A4FH
      17 00000130     6000          .word   06000H
      18 00000140     00e0          .word   224,72
      19 00000160 0462feb7          .long   0462FEB7H
      20 00000180     0000          .word   00H
      21 00000190     0068          .word   104,91
      22 000001b0 0464f6b7          .long   0464F6B7H
      23 000001d0     0000          .word   00H
      24 000001e0     0038          .word   56,75
      25 00000200 04661e77          .long   04661E77H
      26 00000220     6000          .word   06000H
      27 00000230     004c          .word   76,55
      28 00000250 046680e7          .long   046680E7H
      29 00000270     6000          .word   06000H
      30 00000280     003c          .word   60,67
      31 000002a0 0466e2df          .long   0466E2DFH
      32 000002c0     6000          .word   06000H
      33 000002d0     001c          .word   28,86
      34 000002f0 04674117          .long   04674117H
      35 00000310     6000          .word   06000H
      36 00000320     0048          .word   72,47
      37 00000340 04677987          .long   04677987H
      38 00000360     6000          .word   06000H
      39 00000370     0060          .word   96,51
      40 00000390 0467c8d7          .long   0467C8D7H
      41 000003b0     6000          .word   06000H
      42 000003c0     006c          .word   108,129
      43 000003e0 04683b97          .long   04683B97H
      44 00000400     6000          .word   06000H
      45 00000410     004c          .word   76,32
      46 00000430 0469821f          .long   0469821FH
      47 00000450     5000          .word   05000H
      48 00000460     0030          .word   48,47
      49 00000480 0469b19f          .long   0469B19FH
      50 000004a0     6000          .word   06000H
      51 000004b0     0048          .word   72,96
      52 000004d0 0469e67f          .long   0469E67FH
      53 000004f0     6000          .word   06000H
      54 00000500     0014          .word   20,28
      55 00000520 046a887f          .long   046A887FH
TMS340 COFF Macro Assembler Version 6.10     Tue Oct 24 16:39:04 2023
 Copyright (c) 1985-1991  Texas Instruments Incorporated 

                                                                     PAGE    2

      56 00000540     6000          .word   06000H
      57 00000550     005c          .word   92,173
      58 00000570 046a959f          .long   046A959FH
      59 00000590     0000          .word   00H
      60 000005a0     0044          .word   68,31
      61 000005c0 046c86ff          .long   046C86FFH
      62 000005e0     5000          .word   05000H
      63 000005f0     004c          .word   76,64
      64 00000610 046cb02b          .long   046CB02BH
      65 00000630     0000          .word   00H
      66 00000640     003c          .word   60,177
      67 00000660 04165d62          .long   04165D62H
      68 00000680     6000          .word   06000H
      69 00000690     0064          .word   100,71
      70 000006b0 046d482b          .long   046D482BH
      71 000006d0     6000          .word   06000H
      72 000006e0     0090          .word   144,92
      73 00000700 046dee93          .long   046DEE93H
      74 00000720     6000          .word   06000H
      75 00000730     003c          .word   60,76
      76 00000750 046f2513          .long   046F2513H
      77 00000770     6000          .word   06000H
      78 00000780     0064          .word   100,132
      79 000007a0 046f8ff3          .long   046F8FF3H
      80 000007c0     6000          .word   06000H
      81 000007d0     0068          .word   104,176
      82 000007f0 0470c553          .long   0470C553H
      83 00000810     0000          .word   00H
      84 00000820     007c          .word   124,113
      85 00000840 04730153          .long   04730153H
      86 00000860     0000          .word   00H
      87 00000870     0030          .word   48,71
      88 00000890 04079ef6          .long   04079EF6H
      89 000008b0     6000          .word   06000H
      90 000008c0     005c          .word   92,66
      91 000008e0 0474b733          .long   0474B733H
      92 00000900     6000          .word   06000H
      93 00000910     0028          .word   40,59
      94 00000930 040fd0fe          .long   040FD0FEH
      95 00000950     6000          .word   06000H
      96 00000960     0028          .word   40,61
      97 00000980 04754583          .long   04754583H
      98 000009a0     6000          .word   06000H
      99 000009b0     007c          .word   124,176
     100 000009d0 04757eb3          .long   04757EB3H
     101 000009f0     0000          .word   00H
     102 00000a00     0014          .word   20,17
     103 00000a20 047828b3          .long   047828B3H
     104 00000a40     6000          .word   06000H
     105 00000a50     0048          .word   72,172
     106 00000a70 047830ab          .long   047830ABH
     107 00000a90     0000          .word   00H
     108 00000aa0     006c          .word   108,71
     109 00000ac0 0479b3ab          .long   0479B3ABH
     110 00000ae0     6000          .word   06000H
TMS340 COFF Macro Assembler Version 6.10     Tue Oct 24 16:39:04 2023
 Copyright (c) 1985-1991  Texas Instruments Incorporated 

                                                                     PAGE    3

     111 00000af0     0024          .word   36,32
     112 00000b10 047a6763          .long   047A6763H
     113 00000b30     6000          .word   06000H
     114 00000b40     0038          .word   56,33
     115 00000b60 047a8263          .long   047A8263H
     116 00000b80     6000          .word   06000H
     117 00000b90     0070          .word   112,97
     118 00000bb0 047aadb3          .long   047AADB3H
     119 00000bd0     0000          .word   00H
     120 00000be0     0098          .word   152,75
     121 00000c00 047c0133          .long   047C0133H
     122 00000c20     0000          .word   00H
     123 00000c30     0040          .word   64,68
     124 00000c50 047d6573          .long   047D6573H
     125 00000c70     0000          .word   00H
     126 00000c80     009c          .word   156,99
     127 00000ca0 047ded73          .long   047DED73H
     128 00000cc0     0000          .word   00H
     129 00000cd0     00e0          .word   224,109
     130 00000cf0 047fd013          .long   047FD013H
     131 00000d10     7000          .word   07000H
     132 00000d20     0044          .word   68,69
     133 00000d40 04826bb3          .long   04826BB3H
     134 00000d60     6000          .word   06000H
     135 00000d70     0034          .word   52,36
     136 00000d90 0482d9ab          .long   0482D9ABH
     137 00000db0     6000          .word   06000H
     138 00000dc0     000c          .word   12,98
     139 00000de0 0483058b          .long   0483058BH
     140 00000e00     5000          .word   05000H
     141 00000e10     0050          .word   80,19
     142 00000e30 04831c83          .long   04831C83H
     143 00000e50     6000          .word   06000H
     144 00000e60     003c          .word   60,48
     145 00000e80 04834023          .long   04834023H
     146 00000ea0     6000          .word   06000H
     147 00000eb0     0024          .word   36,63
     148 00000ed0 048383a3          .long   048383A3H
     149 00000ef0     6000          .word   06000H
     150 00000f00     006c          .word   108,67
     151 00000f20 0483b8cb          .long   0483B8CBH
     152 00000f40     5000          .word   05000H
     153 00000f50     0030          .word   48,36
     154 00000f70 0484461f          .long   0484461FH
     155 00000f90     6000          .word   06000H
     156 00000fa0     0074          .word   116,75
     157 00000fc0 04846e9f          .long   04846E9FH
     158 00000fe0     6000          .word   06000H
     159 00000ff0     00e8          .word   232,9
     160 00001010 04853a87          .long   04853A87H
     161 00001030     6000          .word   06000H
     162 00001040     000c          .word   12,12
     163 00001060 04856b77          .long   04856B77H
     164 00001080     5000          .word   05000H
     165 00001090     002c          .word   44,13
TMS340 COFF Macro Assembler Version 6.10     Tue Oct 24 16:39:04 2023
 Copyright (c) 1985-1991  Texas Instruments Incorporated 

                                                                     PAGE    4

     166 000010b0 04856e47          .long   04856E47H
     167 000010d0     6000          .word   06000H
     168 000010e0     0008          .word   8,93
     169 00001100 04857baf          .long   04857BAFH
     170 00001120     5000          .word   05000H
     171 00001130     0024          .word   36,31
     172 00001150 04858a37          .long   04858A37H
     173 00001170     6000          .word   06000H
     174 00001180     001c          .word   28,61
     175 000011a0 0485a45f          .long   0485A45FH
     176 000011c0     5000          .word   05000H
     177 000011d0     0024          .word   36,75
     178 000011f0 0485c5bb          .long   0485C5BBH
     179 00001210     0000          .word   00H
     180 00001220     0098          .word   152,99
     181 00001240 04861a1b          .long   04861A1BH
     182 00001260     0000          .word   00H
     183 00001270     00ac          .word   172,6
     184 00001290 0487f05b          .long   0487F05BH
     185 000012b0     6000          .word   06000H
     186 000012c0     0088          .word   136,66
     187 000012e0 0488088b          .long   0488088BH
     188 00001300     5000          .word   05000H
     189 00001310     002c          .word   44,36
     190 00001330 0488b7db          .long   0488B7DBH
     191 00001350     6000          .word   06000H
     192 00001360     00c0          .word   192,75
     193 00001380 0488dcfb          .long   0488DCFBH
     194 000013a0     0000          .word   00H
     195 000013b0     0030          .word   48,35
     196 000013d0 048a9efb          .long   048A9EFBH
     197 000013f0     6000          .word   06000H
     198 00001400     0078          .word   120,109
     199 00001420 048ac65b          .long   048AC65BH
     200 00001440     7000          .word   07000H
     201 00001450     0024          .word   36,34
     202 00001470 0423cb20          .long   0423CB20H
     203 00001490     6000          .word   06000H
     204 000014a0     00e4          .word   228,39
     205 000014c0 048c2c03          .long   048C2C03H
     206 000014e0     6000          .word   06000H
     207 000014f0     0034          .word   52,99
     208 00001510 048cfc6b          .long   048CFC6BH
     209 00001530     0000          .word   00H
     210 00001540     0038          .word   56,66
     211 00001560 048d9d4b          .long   048D9D4BH
     212 00001580     5000          .word   05000H
     213 00001590     0060          .word   96,111
     214 000015b0 048de57b          .long   048DE57BH
     215 000015d0     6000          .word   06000H
     216 000015e0     0034          .word   52,38
     217 00001600 0427426c          .long   0427426CH
     218 00001620     6000          .word   06000H
     219 00001630     0064          .word   100,9
     220 00001650 048edf3b          .long   048EDF3BH
TMS340 COFF Macro Assembler Version 6.10     Tue Oct 24 16:39:04 2023
 Copyright (c) 1985-1991  Texas Instruments Incorporated 

                                                                     PAGE    5

     221 00001670     6000          .word   06000H
     222 00001680     0064          .word   100,6
     223 000016a0 048ef453          .long   048EF453H
     224 000016c0     6000          .word   06000H
     225 000016d0     0048          .word   72,109
     226 000016f0 048f0263          .long   048F0263H
     227 00001710     6000          .word   06000H
     228 00001720     0064          .word   100,99
     229 00001740 048fba53          .long   048FBA53H
     230 00001760     0000          .word   00H
     231 00001770     007c          .word   124,66
     232 00001790 0490efb3          .long   0490EFB3H
     233 000017b0     5000          .word   05000H
     234 000017c0     0024          .word   36,35
     235 000017e0 04918f8b          .long   04918F8BH
     236 00001800     6000          .word   06000H
     237 00001810     002c          .word   44,37
     238 00001830 0491ad13          .long   0491AD13H
     239 00001850     6000          .word   06000H
     240 00001860     0030          .word   48,35
     241 00001880 0491d33b          .long   0491D33BH
     242 000018a0     6000          .word   06000H
     243 000018b0     002c          .word   44,36
     244 000018d0 0491fa9b          .long   0491FA9BH
     245 000018f0     6000          .word   06000H
     246 00001900     0068          .word   104,66
     247 00001920 04921fbb          .long   04921FBBH
     248 00001940     5000          .word   05000H
     249 00001950     0024          .word   36,33
     250 00001970 0492a5cb          .long   0492A5CBH
     251 00001990     6000          .word   06000H
     252 000019a0     003c          .word   60,49
     253 000019c0 0492c1a3          .long   0492C1A3H
     254 000019e0     6000          .word   06000H
     255 000019f0     00dc          .word   220,75
     256 00001a10 0493068b          .long   0493068BH
     257 00001a30     0000          .word   00H
     258 00001a40     004c          .word   76,68
     259 00001a60 04950a2b          .long   04950A2BH
     260 00001a80     0000          .word   00H
     261 00001a90     002c          .word   44,33
     262 00001ab0 0495abab          .long   0495ABABH
     263 00001ad0     6000          .word   06000H
     264 00001ae0     002c          .word   44,36
     265 00001b00 0413910a          .long   0413910AH
     266 00001b20     6000          .word   06000H
     267 00001b30     0048          .word   72,97
     268 00001b50 0495cdb3          .long   0495CDB3H
     269 00001b70     0000          .word   00H
     270 00001b80     00f8          .word   248,36
     271 00001ba0 0496a7f3          .long   0496A7F3H
     272 00001bc0     0000          .word   00H
     273 00001bd0     00c4          .word   196,73
     274 00001bf0 0497bef3          .long   0497BEF3H
     275 00001c10     0000          .word   00H
TMS340 COFF Macro Assembler Version 6.10     Tue Oct 24 16:39:04 2023
 Copyright (c) 1985-1991  Texas Instruments Incorporated 

                                                                     PAGE    6

     276 00001c20     002c          .word   44,34
     277 00001c40 04997e13          .long   04997E13H
     278 00001c60     6000          .word   06000H
     279 00001c70     0068          .word   104,92
     280 00001c90 0499a123          .long   0499A123H
     281 00001cb0     0000          .word   00H
     282 00001cc0     0030          .word   48,61
     283 00001ce0 049acc23          .long   049ACC23H
     284 00001d00     6000          .word   06000H
     285 00001d10     0024          .word   36,122
     286 00001d30 049b10c3          .long   049B10C3H
     287 00001d50     6000          .word   06000H
     288 00001d60     0034          .word   52,119
     289 00001d80 049b77b3          .long   049B77B3H
     290 00001da0     6000          .word   06000H
     291 00001db0           ringBLKS:
     292 00001db0     4046          .word   04046H  ;flags
     293 00001dc0     0000          .word   0,0 ;x,y
     294 00001de0     0000          .word   00H     ;pal5,pal4,hdr13-0
     295 00001df0     4044          .word   04044H,155,587,01H
     296 00001e30     4050          .word   04050H,176,744,02H
     297 00001e70     3f49          .word   03F49H,183,626,03H
     298 00001eb0     6a40          .word   06A40H,183,796,04H
     299 00001ef0     3f40          .word   03F40H,186,764,05H
     300 00001f30     4044          .word   04044H,198,618,06H
     301 00001f70     4444          .word   04444H,201,524,07H
     302 00001fb0     4040          .word   04040H,201,691,01008H
     303 00001ff0     414a          .word   0414AH,203,687,09H
     304 00002030     3f44          .word   03F44H,203,579,0AH
     305 00002070     3f44          .word   03F44H,203,693,0BH
     306 000020b0     264b          .word   0264BH,209,461,0CH
     307 000020f0     4044          .word   04044H,219,614,0DH
     308 00002130     4444          .word   04444H,227,519,01H
     309 00002170     4050          .word   04050H,241,686,02H
     310 000021b0     3f49          .word   03F49H,248,626,03H
     311 000021f0     4044          .word   04044H,254,646,0EH
     312 00002230     2144          .word   02144H,265,368,0FH
     313 00002270     4040          .word   04040H,272,687,01010H
     314 000022b0     4444          .word   04444H,274,551,06H
     315 000022f0     4040          .word   04040H,287,682,011H
     316 00002330     2144          .word   02144H,293,377,012H
     317 00002370     4444          .word   04444H,295,547,0DH
     318 000023b0     3e40          .word   03E40H,297,689,013H
     319 000023f0     4049          .word   04049H,313,626,03H
     320 00002430     284b          .word   0284BH,316,430,014H
     321 00002470     4444          .word   04444H,330,579,0EH
     322 000024b0     2144          .word   02144H,334,409,07H
     323 000024f0     2144          .word   02144H,335,463,0AH
     324 00002530     004d          .word   04DH,336,305,015H
     325 00002570     044f          .word   044FH,338,376,016H
     326 000025b0     2144          .word   02144H,359,404,01H
     327 000025f0     2e4b          .word   02E4BH,363,542,017H
     328 00002630     2a4b          .word   02A4BH,374,446,018H
     329 00002670     4150          .word   04150H,376,567,02H
     330 000026b0     4040          .word   04040H,378,679,019H
TMS340 COFF Macro Assembler Version 6.10     Tue Oct 24 16:39:04 2023
 Copyright (c) 1985-1991  Texas Instruments Incorporated 

                                                                     PAGE    7

     331 000026f0     4040          .word   04040H,383,566,01AH
     332 00002730     2c4c          .word   02C4CH,395,523,01BH
     333 00002770     6a40          .word   06A40H,403,796,04H
     334 000027b0     2144          .word   02144H,406,436,06H
     335 000027f0     2144          .word   02144H,427,432,0DH
     336 00002830     024e          .word   024EH,434,310,01CH
     337 00002870     4150          .word   04150H,442,508,02H
     338 000028b0     244c          .word   0244CH,450,477,01DH
     339 000028f0     0640          .word   0640H,461,429,0101EH
     340 00002930     2144          .word   02144H,462,464,0EH
     341 00002970     4040          .word   04040H,480,679,01FH
     342 000029b0     044f          .word   044FH,480,376,016H
     343 000029f0     2144          .word   02144H,484,511,020H
     344 00002a30     4040          .word   04040H,506,507,021H
     345 00002a70     0841          .word   0841H,507,435,01022H
     346 00002ab0     1a4a          .word   01A4AH,517,475,023H
     347 00002af0     004d          .word   04DH,529,305,015H
     348 00002b30     0e4a          .word   0E4AH,553,475,024H
     349 00002b70     4040          .word   04040H,578,582,025H
     350 00002bb0     4040          .word   04040H,578,507,026H
     351 00002bf0     6940          .word   06940H,586,689,027H
     352 00002c30     4040          .word   04040H,589,756,028H
     353 00002c70     6446          .word   06446H,594,580,01029H
     354 00002cb0     0640          .word   0640H,609,418,0101EH
     355 00002cf0     0a42          .word   0A42H,611,440,0102AH
     356 00002d30     144a          .word   0144AH,614,471,02BH
     357 00002d70     044f          .word   044FH,622,376,016H
     358 00002db0     6a40          .word   06A40H,623,796,04H
     359 00002df0     024e          .word   024EH,630,310,01CH
     360 00002e30     6842          .word   06842H,640,585,02CH
     361 00002e70     6455          .word   06455H,641,665,02DH
     362 00002eb0     6944          .word   06944H,648,700,0102EH
     363 00002ef0     6747          .word   06747H,649,585,02FH
     364 00002f30     6940          .word   06940H,649,689,030H
     365 00002f70     104c          .word   0104CH,669,471,031H
     366 00002fb0     0c43          .word   0C43H,675,434,01032H
     367 00002ff0     6445          .word   06445H,691,669,033H
     368 00003030     6558          .word   06558H,716,577,034H
     369 00003070     6445          .word   06445H,719,587,035H
     370 000030b0     6448          .word   06448H,719,497,036H
     371 000030f0     004d          .word   04DH,721,305,015H
     372 00003130     304a          .word   0304AH,721,476,037H
     373 00003170     6545          .word   06545H,724,502,01038H
     374 000031b0     4040          .word   04040H,727,507,039H
     375 000031f0     4040          .word   04040H,744,756,03AH
     376 00003230     4040          .word   04040H,746,507,039H
     377 00003270     6445          .word   06445H,752,589,03BH
     378 000032b0     6940          .word   06940H,757,689,03CH
     379 000032f0     324a          .word   0324AH,762,471,03DH
     380 00003330     044f          .word   044FH,764,376,016H
     381 00003370     4040          .word   04040H,774,507,039H
     382 000033b0     4040          .word   04040H,774,507,039H
     383 000033f0     0841          .word   0841H,789,436,01022H
     384 00003430     4040          .word   04040H,799,507,03EH
     385 00003470     344a          .word   0344AH,812,472,03FH
TMS340 COFF Macro Assembler Version 6.10     Tue Oct 24 16:39:04 2023
 Copyright (c) 1985-1991  Texas Instruments Incorporated 

                                                                     PAGE    8

     386 000034b0     6446          .word   06446H,816,580,01040H
     387 000034f0     024e          .word   024EH,818,311,01CH
     388 00003530     6a40          .word   06A40H,842,796,04H
     389 00003570     124a          .word   0124AH,863,473,041H
     390 000035b0     6944          .word   06944H,877,707,01042H
     391 000035f0     4040          .word   04040H,893,756,043H
     392 00003630     6940          .word   06940H,893,689,044H
     393 00003670     0541          .word   0541H,894,382,045H
     394 000036b0     1c4a          .word   01C4AH,906,469,046H
     395 000036f0     6445          .word   06445H,921,669,047H
     396 00003730     6445          .word   06445H,922,589,048H
     397 00003770     6446          .word   06446H,933,580,01049H
     398 000037b0     4040          .word   04040H,943,756,04AH
     399 000037f0     6840          .word   06840H,947,689,04BH
     400 00003830     184a          .word   0184AH,966,472,04CH
     401 00003870     004d          .word   04DH,974,305,015H
     402 000038b0     0841          .word   0841H,976,436,01022H
     403 000038f0     044f          .word   044FH,977,376,016H
     404 00003930     4046          .word   04046H,980,0,00H
     405 00003970     4050          .word   04050H,987,507,03EH
     406 000039b0     6456          .word   06456H,1000,580,01040H
     407 000039f0     164a          .word   0164AH,1008,470,04DH
     408 00003a30     6455          .word   06455H,1019,669,033H
     409 00003a70     6455          .word   06455H,1019,589,03BH
     410 00003ab0     4050          .word   04050H,1040,756,03AH
     411 00003af0     6940          .word   06940H,1047,689,04BH
     412 00003b30     1a4a          .word   01A4AH,1055,475,023H
     413 00003b70     6a40          .word   06A40H,1061,796,04H
     414 00003bb0     024e          .word   024EH,1073,310,01CH
     415 00003bf0     0c43          .word   0C43H,1080,432,01032H
     416 00003c30     364a          .word   0364AH,1096,472,04EH
     417 00003c70     0640          .word   0640H,1104,423,0101EH
     418 00003cb0     6456          .word   06456H,1118,580,01029H
     419 00003cf0     044f          .word   044FH,1119,376,016H
     420 00003d30     1e4a          .word   01E4AH,1145,471,04FH
     421 00003d70     004d          .word   04DH,1163,305,015H
     422 00003db0     6940          .word   06940H,1170,689,050H
     423 00003df0     6455          .word   06455H,1179,587,035H
     424 00003e30     4040          .word   04040H,1179,507,039H
     425 00003e70     6555          .word   06555H,1188,501,01038H
     426 00003eb0     4050          .word   04050H,1191,756,028H
     427 00003ef0     384a          .word   0384AH,1195,474,051H
     428 00003f30     0a42          .word   0A42H,1198,439,0102AH
     429 00003f70     4040          .word   04040H,1207,507,039H
     430 00003fb0     6548          .word   06548H,1214,577,034H
     431 00003ff0     6458          .word   06458H,1215,497,036H
     432 00004030     6445          .word   06445H,1217,665,02DH
     433 00004070     6944          .word   06944H,1221,704,01052H
     434 000040b0     0e4a          .word   0E4AH,1236,474,024H
     435 000040f0     4040          .word   04040H,1241,507,053H
     436 00004130     4050          .word   04050H,1245,582,025H
     437 00004170     6757          .word   06757H,1252,585,02FH
     438 000041b0     024e          .word   024EH,1260,310,01CH
     439 000041f0     044f          .word   044FH,1261,376,016H
     440 00004230     0841          .word   0841H,1268,437,01022H
TMS340 COFF Macro Assembler Version 6.10     Tue Oct 24 16:39:04 2023
 Copyright (c) 1985-1991  Texas Instruments Incorporated 

                                                                     PAGE    9

     441 00004270     6940          .word   06940H,1274,689,054H
     442 000042b0     6a40          .word   06A40H,1281,796,04H
     443 000042f0     6852          .word   06852H,1285,585,02CH
     444 00004330     3a4a          .word   03A4AH,1297,474,055H
     445 00004370     4050          .word   04050H,1332,679,01FH
     446 000043b0     224a          .word   0224AH,1345,471,056H
     447 000043f0     004d          .word   04DH,1350,305,015H
     448 00004430     4040          .word   04040H,1357,582,057H
     449 00004470     0c43          .word   0C43H,1376,432,01032H
     450 000044b0     324a          .word   0324AH,1395,471,03DH
     451 000044f0     044f          .word   044FH,1403,376,016H
     452 00004530     3f50          .word   03F50H,1428,566,01AH
     453 00004570     4040          .word   04040H,1443,580,058H
     454 000045b0     304a          .word   0304AH,1444,476,037H
     455 000045f0     024e          .word   024EH,1450,310,01CH
     456 00004630     4050          .word   04050H,1454,679,019H
     457 00004670     4040          .word   04040H,1459,507,059H
     458 000046b0     404a          .word   0404AH,1483,473,05AH
     459 000046f0     4040          .word   04040H,1484,616,058H
     460 00004730     0a42          .word   0A42H,1489,438,0102AH
     461 00004770     6a40          .word   06A40H,1499,795,04H
     462 000047b0     4040          .word   04040H,1524,652,058H
     463 000047f0     2154          .word   02154H,1531,462,0EH
     464 00004830     2154          .word   02154H,1538,430,0DH
     465 00004870     004d          .word   04DH,1541,305,015H
     466 000048b0     044f          .word   044FH,1545,376,016H
     467 000048f0     4050          .word   04050H,1557,683,011H
     468 00004930     4040          .word   04040H,1563,687,058H
     469 00004970     2154          .word   02154H,1579,434,06H
     470 000049b0     4040          .word   04040H,1603,723,058H
     471 000049f0     2154          .word   02154H,1611,401,01H
     472 00004a30     4140          .word   04140H,1629,507,02H
     473 00004a70     2154          .word   02154H,1632,406,07H
     474 00004ab0     2154          .word   02154H,1634,461,0AH
     475 00004af0     2144          .word   02144H,1635,508,020H
     476 00004b30     4040          .word   04040H,1644,759,058H
     477 00004b70     245c          .word   0245CH,1647,473,01DH
     478 00004bb0     4040          .word   04040H,1649,764,05BH
     479 00004bf0     2a5b          .word   02A5BH,1664,444,018H
     480 00004c30     2154          .word   02154H,1681,374,012H
     481 00004c70     4040          .word   04040H,1686,795,058H
     482 00004cb0     4140          .word   04140H,1694,565,02H
     483 00004cf0     2c5c          .word   02C5CH,1698,518,01BH
     484 00004d30     2154          .word   02154H,1705,365,0FH
     485 00004d70     2144          .word   02144H,1706,461,020H
     486 00004db0     2e5b          .word   02E5BH,1716,541,017H
     487 00004df0     6a40          .word   06A40H,1720,795,04H
     488 00004e30     4040          .word   04040H,1724,831,058H
     489 00004e70     4140          .word   04140H,1759,623,02H
     490 00004eb0     4154          .word   04154H,1761,580,0EH
     491 00004ef0     285b          .word   0285BH,1764,429,014H
     492 00004f30     4454          .word   04454H,1768,547,0DH
     493 00004f70     4643          .word   04643H,1768,611,05CH
     494 00004fb0     4454          .word   04454H,1809,552,06H
     495 00004ff0     4643          .word   04643H,1813,585,05DH
TMS340 COFF Macro Assembler Version 6.10     Tue Oct 24 16:39:04 2023
 Copyright (c) 1985-1991  Texas Instruments Incorporated 

                                                                     PAGE   10

     496 00005030     4140          .word   04140H,1822,681,02H
     497 00005070     265b          .word   0265BH,1823,460,0CH
     498 000050b0     4454          .word   04454H,1841,519,01H
     499 000050f0     4643          .word   04643H,1849,603,05EH
     500 00005130     4454          .word   04454H,1862,524,07H
     501 00005170     4454          .word   04454H,1864,579,0AH
     502 000051b0     3c54          .word   03C54H,1870,721,0AH
     503 000051f0     4140          .word   04140H,1885,736,02H
     504 00005230     2144          .word   02144H,1887,626,020H
     505 00005270     ffff          .word   0FFFFH  ;End Marker
     506 00005280           ringBMOD:
     507 00005280     07b4          .word   1972,868,211    ;x size, y size, #blocks
     508 000052b0 00001db0"         .long   ringBLKS, ingbHDRS, ingbPALS
     509                    
     510 00005310           KPGHDRS:
     511 00005310     00f4          .word   244,21  ;x size, y size
     512 00005330 049c08bb          .long   049C08BBH       ;address
     513 00005350     5f80          .word   05F80H  ;dma ctrl
     514 00005360     00a8          .word   168,21
     515 00005380 049c60f7          .long   049C60F7H
     516 000053a0     4480          .word   04480H
     517 000053b0     00cc          .word   204,133
     518 000053d0 043b952a          .long   043B952AH
     519 000053f0     5000          .word   05000H
     520 00005400     00cc          .word   204,5
     521 00005420 044345ea          .long   044345EAH
     522 00005440     4000          .word   04000H
     523 00005450     00cc          .word   204,119
     524 00005470 043fa43a          .long   043FA43AH
     525 00005490     5000          .word   05000H
     526 000054a0     0024          .word   36,12
     527 000054c0 049c94a7          .long   049C94A7H
     528 000054e0     5280          .word   05280H
     529 000054f0     000c          .word   12,16
     530 00005510 049c9b10          .long   049C9B10H
     531 00005530     4080          .word   04080H
     532 00005540     000c          .word   12,16
     533 00005560 049c9e10          .long   049C9E10H
     534 00005580     4000          .word   04000H
     535 00005590     0014          .word   20,16
     536 000055b0 049ca110          .long   049CA110H
     537 000055d0     4080          .word   04080H
     538 000055e0     000c          .word   12,16
     539 00005600 049c9b10          .long   049C9B10H
     540 00005620     4080          .word   04080H
     541 00005630     000c          .word   12,16
     542 00005650 049ca530          .long   049CA530H
     543 00005670     4000          .word   04000H
     544 00005680     000c          .word   12,16
     545 000056a0 049ca830          .long   049CA830H
     546 000056c0     4000          .word   04000H
     547 000056d0     000c          .word   12,16
     548 000056f0 049cab30          .long   049CAB30H
     549 00005710     4080          .word   04080H
     550 00005720     000c          .word   12,16
TMS340 COFF Macro Assembler Version 6.10     Tue Oct 24 16:39:04 2023
 Copyright (c) 1985-1991  Texas Instruments Incorporated 

                                                                     PAGE   11

     551 00005740 049cab30          .long   049CAB30H
     552 00005760     4080          .word   04080H
     553 00005770     000c          .word   12,16
     554 00005790 049cae30          .long   049CAE30H
     555 000057b0     4000          .word   04000H
     556 000057c0     0008          .word   8,16
     557 000057e0 049cb130          .long   049CB130H
     558 00005800     4000          .word   04000H
     559 00005810     0010          .word   16,16
     560 00005830 049cb330          .long   049CB330H
     561 00005850     4000          .word   04000H
     562 00005860     000c          .word   12,16
     563 00005880 049cb730          .long   049CB730H
     564 000058a0     4000          .word   04000H
     565 000058b0     0008          .word   8,16
     566 000058d0 049cb130          .long   049CB130H
     567 000058f0     4000          .word   04000H
     568 00005900     0010          .word   16,16
     569 00005920 049cb330          .long   049CB330H
     570 00005940     4000          .word   04000H
     571 00005950     000c          .word   12,16
     572 00005970 049cb730          .long   049CB730H
     573 00005990     4000          .word   04000H
     574 000059a0     000c          .word   12,16
     575 000059c0 049c9e10          .long   049C9E10H
     576 000059e0     4000          .word   04000H
     577 000059f0     000c          .word   12,16
     578 00005a10 049cae30          .long   049CAE30H
     579 00005a30     4000          .word   04000H
     580 00005a40     000c          .word   12,16
     581 00005a60 049c9e10          .long   049C9E10H
     582 00005a80     4000          .word   04000H
     583 00005a90     000c          .word   12,16
     584 00005ab0 049cba30          .long   049CBA30H
     585 00005ad0     4080          .word   04080H
     586 00005ae0     000c          .word   12,16
     587 00005b00 049cbd30          .long   049CBD30H
     588 00005b20     4000          .word   04000H
     589 00005b30     0008          .word   8,10
     590 00005b50 049cc030          .long   049CC030H
     591 00005b70     4000          .word   04000H
     592 00005b80     000c          .word   12,16
     593 00005ba0 049cba30          .long   049CBA30H
     594 00005bc0     4080          .word   04080H
     595 00005bd0     000c          .word   12,16
     596 00005bf0 049cc170          .long   049CC170H
     597 00005c10     4000          .word   04000H
     598 00005c20     000c          .word   12,17
     599 00005c40 049cc470          .long   049CC470H
     600 00005c60     4000          .word   04000H
     601 00005c70     000c          .word   12,16
     602 00005c90 049cbd30          .long   049CBD30H
     603 00005cb0     4000          .word   04000H
     604 00005cc0     000c          .word   12,16
     605 00005ce0 049cae30          .long   049CAE30H
TMS340 COFF Macro Assembler Version 6.10     Tue Oct 24 16:39:04 2023
 Copyright (c) 1985-1991  Texas Instruments Incorporated 

                                                                     PAGE   12

     606 00005d00     4000          .word   04000H
     607 00005d10     000c          .word   12,16
     608 00005d30 049cba30          .long   049CBA30H
     609 00005d50     4080          .word   04080H
     610 00005d60     000c          .word   12,16
     611 00005d80 049cab30          .long   049CAB30H
     612 00005da0     4080          .word   04080H
     613 00005db0     00c4          .word   196,133
     614 00005dd0 043da716          .long   043DA716H
     615 00005df0     5000          .word   05000H
     616 00005e00     00c4          .word   196,119
     617 00005e20 04417e5e          .long   04417E5EH
     618 00005e40     5000          .word   05000H
     619 00005e50     00c4          .word   196,5
     620 00005e70 044355da          .long   044355DAH
     621 00005e90     4000          .word   04000H
     622 00005ea0     007c          .word   124,47
     623 00005ec0 049cc7a0          .long   049CC7A0H
     624 00005ee0     5000          .word   05000H
     625 00005ef0     0080          .word   128,9
     626 00005f10 049d3974          .long   049D3974H
     627 00005f30     4080          .word   04080H
     628 00005f40     0008          .word   8,135
     629 00005f60 049d4b6c          .long   049D4B6CH
     630 00005f80     4000          .word   04000H
     631 00005f90     004c          .word   76,62
     632 00005fb0 049d5c4c          .long   049D5C4CH
     633 00005fd0     4680          .word   04680H
     634 00005fe0     004c          .word   76,62
     635 00006000 049d5c4c          .long   049D5C4CH
     636 00006020     4680          .word   04680H
     637 00006030           biopageBLKS:
     638 00006030     4040          .word   04040H  ;flags
     639 00006040     0000          .word   0,251 ;x,y
     640 00006060     0003          .word   03H     ;pal5,pal4,hdr13-0
     641 00006070     0140          .word   0140H,0,0,02H
     642 000060b0     3746          .word   03746H,0,108,05H
     643 000060f0     3746          .word   03746H,0,158,05H
     644 00006130     3746          .word   03746H,0,183,05H
     645 00006170     0140          .word   0140H,0,133,04H
     646 000061b0     0f45          .word   0F45H,0,44,01H
     647 000061f0     3243          .word   03243H,0,40,00H
     648 00006230     3746          .word   03746H,0,133,05H
     649 00006270     4047          .word   04047H,38,106,06H
     650 000062b0     4047          .word   04047H,38,131,07H
     651 000062f0     4047          .word   04047H,38,156,08H
     652 00006330     4047          .word   04047H,38,181,09H
     653 00006370     4047          .word   04047H,46,181,0AH
     654 000063b0     4047          .word   04047H,47,106,0BH
     655 000063f0     4047          .word   04047H,49,131,0CH
     656 00006430     4047          .word   04047H,56,156,0DH
     657 00006470     4047          .word   04047H,58,106,0EH
     658 000064b0     4047          .word   04047H,58,131,0FH
     659 000064f0     4047          .word   04047H,58,181,010H
     660 00006530     4047          .word   04047H,63,131,011H
TMS340 COFF Macro Assembler Version 6.10     Tue Oct 24 16:39:04 2023
 Copyright (c) 1985-1991  Texas Instruments Incorporated 

                                                                     PAGE   13

     661 00006570     4047          .word   04047H,65,156,012H
     662 000065b0     4047          .word   04047H,69,106,013H
     663 000065f0     4047          .word   04047H,70,156,014H
     664 00006630     1045          .word   01045H,73,44,01H
     665 00006670     4047          .word   04047H,74,131,015H
     666 000066b0     4047          .word   04047H,74,181,016H
     667 000066f0     4047          .word   04047H,81,156,017H
     668 00006730     4047          .word   04047H,85,131,018H
     669 00006770     4047          .word   04047H,85,181,019H
     670 000067b0     4047          .word   04047H,87,109,01AH
     671 000067f0     4047          .word   04047H,92,156,01BH
     672 00006830     4047          .word   04047H,95,134,01AH
     673 00006870     4047          .word   04047H,96,181,01CH
     674 000068b0     4047          .word   04047H,102,159,01AH
     675 000068f0     4047          .word   04047H,115,181,01DH
     676 00006930     4047          .word   04047H,126,181,01EH
     677 00006970     4047          .word   04047H,137,181,01FH
     678 000069b0     4047          .word   04047H,148,181,020H
     679 000069f0     4047          .word   04047H,157,181,021H
     680 00006a30     4047          .word   04047H,169,184,01AH
     681 00006a70     4040          .word   04040H,204,251,024H
     682 00006ab0     0140          .word   0140H,204,133,023H
     683 00006af0     0140          .word   0140H,204,0,022H
     684 00006b30     4053          .word   04053H,255,175,025H
     685 00006b70     0a44          .word   0A44H,258,222,026H
     686 00006bb0     0a44          .word   0A44H,379,87,027H
     687 00006bf0     0a44          .word   0A44H,379,36,027H
     688 00006c30     ffff          .word   0FFFFH  ;End Marker
     689 00006c40           wwfblankBLKS:
     690 00006c40     0140          .word   0140H   ;flags
     691 00006c50     0000          .word   0,0 ;x,y
     692 00006c70     0002          .word   02H     ;pal5,pal4,hdr13-0
     693 00006c80     0140          .word   0140H,0,133,04H
     694 00006cc0     4040          .word   04040H,0,251,03H
     695 00006d00     0140          .word   0140H,204,0,022H
     696 00006d40     0140          .word   0140H,204,133,023H
     697 00006d80     4040          .word   04040H,204,251,024H
     698 00006dc0     ffff          .word   0FFFFH  ;End Marker
     699 00006dd0           slateBLKS:
     700 00006dd0     0140          .word   0140H   ;flags
     701 00006de0     0000          .word   0,133 ;x,y
     702 00006e00     0004          .word   04H     ;pal5,pal4,hdr13-0
     703 00006e10     0140          .word   0140H,0,0,02H
     704 00006e50     4040          .word   04040H,0,251,03H
     705 00006e90     4041          .word   04041H,17,12,028H
     706 00006ed0     4042          .word   04042H,17,178,029H
     707 00006f10     4041          .word   04041H,157,12,028H
     708 00006f50     4042          .word   04042H,157,178,029H
     709 00006f90     0140          .word   0140H,204,133,023H
     710 00006fd0     0140          .word   0140H,204,0,022H
     711 00007010     4040          .word   04040H,204,251,024H
     712 00007050     4041          .word   04041H,298,12,028H
     713 00007090     4042          .word   04042H,298,178,029H
     714 000070d0     ffff          .word   0FFFFH  ;End Marker
     715 000070e0           choiceBLKS:
TMS340 COFF Macro Assembler Version 6.10     Tue Oct 24 16:39:04 2023
 Copyright (c) 1985-1991  Texas Instruments Incorporated 

                                                                     PAGE   14

     716 000070e0     4040          .word   04040H  ;flags
     717 000070f0     0000          .word   0,251 ;x,y
     718 00007110     0003          .word   03H     ;pal5,pal4,hdr13-0
     719 00007120     0140          .word   0140H,0,133,04H
     720 00007160     0140          .word   0140H,0,0,02H
     721 000071a0     4041          .word   04041H,13,61,028H
     722 000071e0     4042          .word   04042H,13,153,029H
     723 00007220     4040          .word   04040H,204,251,024H
     724 00007260     0140          .word   0140H,204,133,023H
     725 000072a0     0140          .word   0140H,204,0,022H
     726 000072e0     4042          .word   04042H,309,153,029H
     727 00007320     4041          .word   04041H,309,61,028H
     728 00007360     ffff          .word   0FFFFH  ;End Marker
     729 00007370           endstoryBLKS:
     730 00007370     3243          .word   03243H  ;flags
     731 00007380     0000          .word   0,40 ;x,y
     732 000073a0     0000          .word   00H     ;pal5,pal4,hdr13-0
     733 000073b0     0f45          .word   0F45H,0,44,01H
     734 000073f0     0140          .word   0140H,0,0,02H
     735 00007430     4040          .word   04040H,0,251,03H
     736 00007470     0140          .word   0140H,0,133,04H
     737 000074b0     1045          .word   01045H,73,44,01H
     738 000074f0     0140          .word   0140H,204,0,022H
     739 00007530     0140          .word   0140H,204,133,023H
     740 00007570     4040          .word   04040H,204,251,024H
     741 000075b0     4053          .word   04053H,255,175,025H
     742 000075f0     0a44          .word   0A44H,258,222,026H
     743 00007630     0a44          .word   0A44H,379,36,027H
     744 00007670     0a44          .word   0A44H,379,87,027H
     745 000076b0     ffff          .word   0FFFFH  ;End Marker
     746 000076c0           biopageBMOD:
     747 000076c0     0190          .word   400,256,48      ;x size, y size, #blocks
     748 000076f0 00006030"         .long   biopageBLKS, KPGHDRS, KPGPALS
     749 00007750           wwfblankBMOD:
     750 00007750     0190          .word   400,256,6       ;x size, y size, #blocks
     751 00007780 00006c40"         .long   wwfblankBLKS, KPGHDRS, KPGPALS
     752 000077e0           slateBMOD:
     753 000077e0     0190          .word   400,256,12      ;x size, y size, #blocks
     754 00007810 00006dd0"         .long   slateBLKS, KPGHDRS, KPGPALS
     755 00007870           choiceBMOD:
     756 00007870     0190          .word   400,256,10      ;x size, y size, #blocks
     757 000078a0 000070e0"         .long   choiceBLKS, KPGHDRS, KPGPALS
     758 00007900           endstoryBMOD:
     759 00007900     0190          .word   400,256,13      ;x size, y size, #blocks
     760 00007930 00007370"         .long   endstoryBLKS, KPGHDRS, KPGPALS
     761                    
     762 00007990           ELBKHDRS:
     763 00007990     004c          .word   76,62   ;x size, y size
     764 000079b0 049d5c4c          .long   049D5C4CH       ;address
     765 000079d0     4680          .word   04680H  ;dma ctrl
     766 000079e0     004c          .word   76,62
     767 00007a00 049d5c4c          .long   049D5C4CH
     768 00007a20     4680          .word   04680H
     769 00007a30     00cc          .word   204,133
     770 00007a50 043b952a          .long   043B952AH
TMS340 COFF Macro Assembler Version 6.10     Tue Oct 24 16:39:04 2023
 Copyright (c) 1985-1991  Texas Instruments Incorporated 

                                                                     PAGE   15

     771 00007a70     5000          .word   05000H
     772 00007a80     00cc          .word   204,119
     773 00007aa0 043fa43a          .long   043FA43AH
     774 00007ac0     5000          .word   05000H
     775 00007ad0     00cc          .word   204,5
     776 00007af0 044345ea          .long   044345EAH
     777 00007b10     4000          .word   04000H
     778 00007b20     0080          .word   128,9
     779 00007b40 049d8ac4          .long   049D8AC4H
     780 00007b60     4080          .word   04080H
     781 00007b70     0008          .word   8,135
     782 00007b90 049d9cbc          .long   049D9CBCH
     783 00007bb0     4000          .word   04000H
     784 00007bc0     007c          .word   124,61
     785 00007be0 049dad9c          .long   049DAD9CH
     786 00007c00     5000          .word   05000H
     787 00007c10     007c          .word   124,145
     788 00007c30 049e4158          .long   049E4158H
     789 00007c50     5000          .word   05000H
     790 00007c60     0028          .word   40,44
     791 00007c80 049fa084          .long   049FA084H
     792 00007ca0     5080          .word   05080H
     793 00007cb0     00c4          .word   196,133
     794 00007cd0 043da716          .long   043DA716H
     795 00007cf0     5000          .word   05000H
     796 00007d00     00c4          .word   196,119
     797 00007d20 04417e5e          .long   04417E5EH
     798 00007d40     5000          .word   05000H
     799 00007d50     00c4          .word   196,5
     800 00007d70 044355da          .long   044355DAH
     801 00007d90     4000          .word   04000H
     802 00007da0     007c          .word   124,145
     803 00007dc0 049e4158          .long   049E4158H
     804 00007de0     5000          .word   05000H
     805 00007df0     007c          .word   124,61
     806 00007e10 049dad9c          .long   049DAD9CH
     807 00007e30     5000          .word   05000H
     808 00007e40           wwfselbkBLKS:
     809 00007e40     0545          .word   0545H   ;flags
     810 00007e50     0000          .word   0,13 ;x,y
     811 00007e70     0000          .word   00H     ;pal5,pal4,hdr13-0
     812 00007e80     0546          .word   0546H,0,177,01H
     813 00007ec0     0143          .word   0143H,44,0,02H
     814 00007f00     0143          .word   0143H,44,133,03H
     815 00007f40     4043          .word   04043H,44,251,04H
     816 00007f80     0240          .word   0240H,54,236,05H
     817 00007fc0     0243          .word   0243H,54,101,06H
     818 00008000     0343          .word   0343H,54,36,06H
     819 00008040     0a51          .word   0A51H,59,175,07H
     820 00008080     0a51          .word   0A51H,59,30,08H
     821 000080c0     0545          .word   0545H,200,7,00H
     822 00008100     0546          .word   0546H,200,186,01H
     823 00008140     4044          .word   04044H,204,180,09H
     824 00008180     4044          .word   04044H,204,90,09H
     825 000081c0     4044          .word   04044H,204,45,09H
TMS340 COFF Macro Assembler Version 6.10     Tue Oct 24 16:39:04 2023
 Copyright (c) 1985-1991  Texas Instruments Incorporated 

                                                                     PAGE   16

     826 00008200     4044          .word   04044H,204,135,09H
     827 00008240     4044          .word   04044H,244,180,09H
     828 00008280     4044          .word   04044H,244,135,09H
     829 000082c0     4044          .word   04044H,244,90,09H
     830 00008300     4044          .word   04044H,244,45,09H
     831 00008340     0143          .word   0143H,248,0,0AH
     832 00008380     0143          .word   0143H,248,133,0BH
     833 000083c0     4043          .word   04043H,248,251,0CH
     834 00008400     0a42          .word   0A42H,300,30,0DH
     835 00008440     0a42          .word   0A42H,300,175,0EH
     836 00008480     0240          .word   0240H,304,236,05H
     837 000084c0     0545          .word   0545H,400,13,00H
     838 00008500     0546          .word   0546H,400,177,01H
     839 00008540     0253          .word   0253H,421,101,06H
     840 00008580     0353          .word   0353H,421,36,06H
     841 000085c0     ffff          .word   0FFFFH  ;End Marker
     842 000085d0           wwfselbkBMOD:
     843 000085d0     01dc          .word   476,256,30      ;x size, y size, #blocks
     844 00008600 00007e40"         .long   wwfselbkBLKS, ELBKHDRS, ELBKPALS
     845                    
     846 00008660           ERHDRS:
     847 00008660     005c          .word   92,66   ;x size, y size
     848 00008680 049fc2c8          .long   049FC2C8H       ;address
     849 000086a0     6980          .word   06980H  ;dma ctrl
     850 000086b0     0064          .word   100,40
     851 000086d0 04a03198          .long   04A03198H
     852 000086f0     7000          .word   07000H
     853 00008700     0048          .word   72,61
     854 00008720 04a09ef8          .long   04A09EF8H
     855 00008740     6580          .word   06580H
     856 00008750     0090          .word   144,92
     857 00008770 04a0e610          .long   04A0E610H
     858 00008790     6080          .word   06080H
     859 000087a0     00c0          .word   192,2
     860 000087c0 04a21b20          .long   04A21B20H
     861 000087e0     4000          .word   04000H
     862 000087f0     00c0          .word   192,2
     863 00008810 04a21b20          .long   04A21B20H
     864 00008830     4000          .word   04000H
     865 00008840     00c0          .word   192,2
     866 00008860 04a21b20          .long   04A21B20H
     867 00008880     4000          .word   04000H
     868 00008890     0064          .word   100,71
     869 000088b0 04a22120          .long   04A22120H
     870 000088d0     6980          .word   06980H
     871 000088e0     000c          .word   12,84
     872 00008900 04a2a9c8          .long   04A2A9C8H
     873 00008920     5080          .word   05080H
     874 00008930           LADDERBLKS:
     875 00008930     5841          .word   05841H  ;flags
     876 00008940     0000          .word   0,118 ;x,y
     877 00008960     0000          .word   00H     ;pal5,pal4,hdr13-0
     878 00008970     6440          .word   06440H,8,260,01H
     879 000089b0     5647          .word   05647H,9,71,02H
     880 000089f0     5948          .word   05948H,10,183,03H
TMS340 COFF Macro Assembler Version 6.10     Tue Oct 24 16:39:04 2023
 Copyright (c) 1985-1991  Texas Instruments Incorporated 

                                                                     PAGE   17

     881 00008a30     5a54          .word   05A54H,68,190,04H
     882 00008a70     5a55          .word   05A55H,68,214,05H
     883 00008ab0     5a56          .word   05A56H,68,236,06H
     884 00008af0     5742          .word   05742H,84,112,07H
     885 00008b30     5647          .word   05647H,93,10,02H
     886 00008b70     6440          .word   06440H,107,260,01H
     887 00008bb0     5647          .word   05647H,138,96,02H
     888 00008bf0     5948          .word   05948H,151,183,03H
     889 00008c30     5841          .word   05841H,177,117,00H
     890 00008c70     5647          .word   05647H,201,30,02H
     891 00008cb0     6440          .word   06440H,206,260,01H
     892 00008cf0     5a43          .word   05A43H,260,176,08H
     893 00008d30     5742          .word   05742H,264,112,07H
     894 00008d70     5a46          .word   05A46H,269,236,06H
     895 00008db0     5a44          .word   05A44H,270,190,04H
     896 00008df0     5a45          .word   05A45H,270,214,05H
     897 00008e30     5647          .word   05647H,280,70,02H
     898 00008e70     5948          .word   05948H,292,183,03H
     899 00008eb0     6440          .word   06440H,305,260,01H
     900 00008ef0     5647          .word   05647H,342,5,02H
     901 00008f30     5841          .word   05841H,364,117,00H
     902 00008f70     6440          .word   06440H,404,260,01H
     903 00008fb0     5647          .word   05647H,408,80,02H
     904 00008ff0     5948          .word   05948H,433,183,03H
     905 00009030     5742          .word   05742H,454,112,07H
     906 00009070     5a56          .word   05A56H,461,236,06H
     907 000090b0     5a54          .word   05A54H,462,190,04H
     908 000090f0     5a55          .word   05A55H,462,214,05H
     909 00009130     5647          .word   05647H,502,52,02H
     910 00009170     6440          .word   06440H,503,260,01H
     911 000091b0     5841          .word   05841H,552,117,00H
     912 000091f0     5647          .word   05647H,570,100,02H
     913 00009230     5948          .word   05948H,574,183,03H
     914 00009270     5647          .word   05647H,597,16,02H
     915 000092b0     6440          .word   06440H,602,260,01H
     916 000092f0     5742          .word   05742H,637,112,07H
     917 00009330     5647          .word   05647H,643,82,02H
     918 00009370     5a43          .word   05A43H,653,176,08H
     919 000093b0     5a45          .word   05A45H,662,214,05H
     920 000093f0     5a46          .word   05A46H,662,236,06H
     921 00009430     5a44          .word   05A44H,662,190,04H
     922 00009470     6440          .word   06440H,701,260,01H
     923 000094b0     5647          .word   05647H,711,28,02H
     924 000094f0     5948          .word   05948H,716,182,03H
     925 00009530     5841          .word   05841H,726,116,00H
     926 00009570     5647          .word   05647H,774,67,02H
     927 000095b0     5647          .word   05647H,790,0,02H
     928 000095f0     6440          .word   06440H,800,260,01H
     929 00009630     5742          .word   05742H,809,111,07H
     930 00009670     4040          .word   04040H,899,260,01H
     931 000096b0     ffff          .word   0FFFFH  ;End Marker
     932                    
     933                    ;file LADDER blocks not in any module
     934                    ;       .word   04056H  ;flags
     935                    ;       .word   1388,337 ;x,y
TMS340 COFF Macro Assembler Version 6.10     Tue Oct 24 16:39:04 2023
 Copyright (c) 1985-1991  Texas Instruments Incorporated 

                                                                     PAGE   18

     936                    ;       .word   06H     ;pal5,pal4,hdr13-0
     937                    ;       .word   04054H,1389,291,04H
     938                    ;       .word   04055H,1389,315,05H
     939                    ;       .word   04040H,1438,361,01H
     940                    ;       .word   04040H,1537,361,01H
     941                    ;       .word   04043H,1580,277,08H
     942                    ;       .word   04044H,1590,291,04H
     943                    ;       .word   04045H,1590,315,05H
     944                    ;       .word   04046H,1590,337,06H
     945                    ;       .word   04040H,1636,361,01H
     946                    ;       .word   04040H,1735,361,01H
     947                    ;       .word   0FFFFH  ;End Marker
     948 000096c0           LADDERBMOD:
     949 000096c0     03e7          .word   999,300,54      ;x size, y size, #blocks
     950 000096f0 00008930"         .long   LADDERBLKS, ERHDRS, ERPALS
     951                    
     952 00009750           WFHDRS:
     953 00009750     00cc          .word   204,119 ;x size, y size
     954 00009770 043fa43a          .long   043FA43AH       ;address
     955 00009790     5000          .word   05000H  ;dma ctrl
     956 000097a0     00cc          .word   204,133
     957 000097c0 043b952a          .long   043B952AH
     958 000097e0     5000          .word   05000H
     959 000097f0     00cc          .word   204,5
     960 00009810 044345ea          .long   044345EAH
     961 00009830     4000          .word   04000H
     962 00009840     006c          .word   108,42
     963 00009860 04a2bcd0          .long   04A2BCD0H
     964 00009880     0d80          .word   0D80H
     965 00009890     002c          .word   44,90
     966 000098b0 04a30db0          .long   04A30DB0H
     967 000098d0     0580          .word   0580H
     968 000098e0     004c          .word   76,48
     969 00009900 04a35d40          .long   04A35D40H
     970 00009920     0a80          .word   0A80H
     971 00009930     00c8          .word   200,77
     972 00009950 04a37dc0          .long   04A37DC0H
     973 00009970     0f80          .word   0F80H
     974 00009980     0058          .word   88,81
     975 000099a0 04a52668          .long   04A52668H
     976 000099c0     4e80          .word   04E80H
     977 000099d0     0024          .word   36,24
     978 000099f0 04a54b70          .long   04A54B70H
     979 00009a10     4580          .word   04580H
     980 00009a20     0040          .word   64,37
     981 00009a40 04a54ff0          .long   04A54FF0H
     982 00009a60     0980          .word   0980H
     983 00009a70     0030          .word   48,79
     984 00009a90 04a56df8          .long   04A56DF8H
     985 00009ab0     0580          .word   0580H
     986 00009ac0     0060          .word   96,50
     987 00009ae0 04a5cb30          .long   04A5CB30H
     988 00009b00     0e80          .word   0E80H
     989 00009b10     0078          .word   120,102
     990 00009b30 04a611a0          .long   04A611A0H
TMS340 COFF Macro Assembler Version 6.10     Tue Oct 24 16:39:04 2023
 Copyright (c) 1985-1991  Texas Instruments Incorporated 

                                                                     PAGE   19

     991 00009b50     4b80          .word   04B80H
     992 00009b60     0034          .word   52,63
     993 00009b80 04a64cc0          .long   04A64CC0H
     994 00009ba0     0180          .word   0180H
     995 00009bb0     0038          .word   56,47
     996 00009bd0 04a6ab50          .long   04A6AB50H
     997 00009bf0     0a80          .word   0A80H
     998 00009c00     0068          .word   104,55
     999 00009c20 04a6c048          .long   04A6C048H
    1000 00009c40     0d80          .word   0D80H
    1001 00009c50     0060          .word   96,92
    1002 00009c70 04a71a40          .long   04A71A40H
    1003 00009c90     0b80          .word   0B80H
    1004 00009ca0     0060          .word   96,35
    1005 00009cc0 04a7a540          .long   04A7A540H
    1006 00009ce0     0380          .word   0380H
    1007 00009cf0     0064          .word   100,71
    1008 00009d10 04a7e818          .long   04A7E818H
    1009 00009d30     4d80          .word   04D80H
    1010 00009d40     007c          .word   124,16
    1011 00009d60 04a81288          .long   04A81288H
    1012 00009d80     2080          .word   02080H
    1013 00009d90     003c          .word   60,63
    1014 00009db0 04a821be          .long   04A821BEH
    1015 00009dd0     0080          .word   080H
    1016 00009de0     005c          .word   92,52
    1017 00009e00 04a894c6          .long   04A894C6H
    1018 00009e20     7480          .word   07480H
    1019 00009e30     0068          .word   104,102
    1020 00009e50 04a8fc87          .long   04A8FC87H
    1021 00009e70     4b80          .word   04B80H
    1022 00009e80     005c          .word   92,55
    1023 00009ea0 04a938a7          .long   04A938A7H
    1024 00009ec0     0680          .word   0680H
    1025 00009ed0     0038          .word   56,60
    1026 00009ef0 04a99f1f          .long   04A99F1FH
    1027 00009f10     0080          .word   080H
    1028 00009f20     0034          .word   52,55
    1029 00009f40 04aa055f          .long   04AA055FH
    1030 00009f60     0080          .word   080H
    1031 00009f70     0060          .word   96,47
    1032 00009f90 04aa5637          .long   04AA5637H
    1033 00009fb0     0680          .word   0680H
    1034 00009fc0     00c0          .word   192,67
    1035 00009fe0 04aad1df          .long   04AAD1DFH
    1036 0000a000     0080          .word   080H
    1037 0000a010     00c4          .word   196,119
    1038 0000a030 04417e5e          .long   04417E5EH
    1039 0000a050     5000          .word   05000H
    1040 0000a060     00c4          .word   196,133
    1041 0000a080 043da716          .long   043DA716H
    1042 0000a0a0     5000          .word   05000H
    1043 0000a0b0     00c4          .word   196,5
    1044 0000a0d0 044355da          .long   044355DAH
    1045 0000a0f0     4000          .word   04000H
TMS340 COFF Macro Assembler Version 6.10     Tue Oct 24 16:39:04 2023
 Copyright (c) 1985-1991  Texas Instruments Incorporated 

                                                                     PAGE   20

    1046 0000a100     0090          .word   144,92
    1047 0000a120 04ac5e7f          .long   04AC5E7FH
    1048 0000a140     4f80          .word   04F80H
    1049 0000a150     0050          .word   80,79
    1050 0000a170 04acd91f          .long   04ACD91FH
    1051 0000a190     0a80          .word   0A80H
    1052 0000a1a0     0030          .word   48,66
    1053 0000a1c0 04ad2817          .long   04AD2817H
    1054 0000a1e0     0580          .word   0580H
    1055 0000a1f0     0040          .word   64,70
    1056 0000a210 04ad7a47          .long   04AD7A47H
    1057 0000a230     0280          .word   0280H
    1058 0000a240     002c          .word   44,61
    1059 0000a260 04adcc17          .long   04ADCC17H
    1060 0000a280     0180          .word   0180H
    1061 0000a290     0058          .word   88,55
    1062 0000a2b0 04ae1c67          .long   04AE1C67H
    1063 0000a2d0     4a80          .word   04A80H
    1064 0000a2e0     0050          .word   80,57
    1065 0000a300 04ae3c9f          .long   04AE3C9FH
    1066 0000a320     0a80          .word   0A80H
    1067 0000a330     0038          .word   56,61
    1068 0000a350 04ae7607          .long   04AE7607H
    1069 0000a370     0480          .word   0480H
    1070 0000a380     0030          .word   48,77
    1071 0000a3a0 04aed74f          .long   04AED74FH
    1072 0000a3c0     0480          .word   0480H
    1073 0000a3d0           NTITLESCBLKS:
    1074 0000a3d0     0140          .word   0140H   ;flags
    1075 0000a3e0     0000          .word   0,133 ;x,y
    1076 0000a400     0000          .word   00H     ;pal5,pal4,hdr13-0
    1077 0000a410     0140          .word   0140H,0,0,01H
    1078 0000a450     4040          .word   04040H,0,251,02H
    1079 0000a490     4043          .word   04043H,0,84,03H
    1080 0000a4d0     4043          .word   04043H,0,126,04H
    1081 0000a510     4043          .word   04043H,2,26,05H
    1082 0000a550     4b44          .word   04B44H,4,101,06H
    1083 0000a590     4041          .word   04041H,7,154,07H
    1084 0000a5d0     4041          .word   04041H,8,90,08H
    1085 0000a610     4043          .word   04043H,28,205,09H
    1086 0000a650     4043          .word   04043H,44,126,0AH
    1087 0000a690     4043          .word   04043H,74,59,0BH
    1088 0000a6d0     4041          .word   04041H,77,32,0CH
    1089 0000a710     4043          .word   04043H,90,126,0DH
    1090 0000a750     4043          .word   04043H,96,17,0EH
    1091 0000a790     4043          .word   04043H,97,189,0FH
    1092 0000a7d0     4043          .word   04043H,106,4,010H
    1093 0000a810     4043          .word   04043H,107,92,011H
    1094 0000a850     4041          .word   04041H,124,155,012H
    1095 0000a890     4045          .word   04045H,139,201,013H
    1096 0000a8d0     4043          .word   04043H,140,126,014H
    1097 0000a910     4b42          .word   04B42H,158,25,015H
    1098 0000a950     4041          .word   04041H,196,35,016H
    1099 0000a990     4043          .word   04043H,199,182,017H
    1100 0000a9d0     4043          .word   04043H,200,126,018H
TMS340 COFF Macro Assembler Version 6.10     Tue Oct 24 16:39:04 2023
 Copyright (c) 1985-1991  Texas Instruments Incorporated 

                                                                     PAGE   21

    1101 0000aa10     4043          .word   04043H,200,29,019H
    1102 0000aa50     4043          .word   04043H,200,82,01AH
    1103 0000aa90     4b44          .word   04B44H,201,102,01BH
    1104 0000aad0     0140          .word   0140H,204,133,01CH
    1105 0000ab10     0140          .word   0140H,204,0,01DH
    1106 0000ab50     4040          .word   04040H,204,251,01EH
    1107 0000ab90     4041          .word   04041H,229,134,01FH
    1108 0000abd0     4043          .word   04043H,251,4,020H
    1109 0000ac10     4043          .word   04043H,255,126,021H
    1110 0000ac50     4043          .word   04043H,294,60,022H
    1111 0000ac90     4043          .word   04043H,300,125,023H
    1112 0000acd0     4041          .word   04041H,315,71,024H
    1113 0000ad10     4043          .word   04043H,320,187,025H
    1114 0000ad50     4043          .word   04043H,344,126,026H
    1115 0000ad90     4043          .word   04043H,355,53,027H
    1116 0000add0     ffff          .word   0FFFFH  ;End Marker
    1117 0000ade0           NTITLESCBMOD:
    1118 0000ade0     0193          .word   403,256,40      ;x size, y size, #blocks
    1119 0000ae10 0000a3d0"         .long   NTITLESCBLKS, WFHDRS, WFPALS
    1120                    
    1121 0000ae70           BKHDRS:
    1122 0000ae70     0064          .word   100,100 ;x size, y size
    1123 0000ae90 04af2be7          .long   04AF2BE7H       ;address
    1124 0000aeb0     5000          .word   05000H  ;dma ctrl
    1125 0000aec0     0064          .word   100,109
    1126 0000aee0 04afef37          .long   04AFEF37H
    1127 0000af00     5f80          .word   05F80H
    1128 0000af10           SPORTBKBLKS:
    1129 0000af10     3e51          .word   03E51H  ;flags
    1130 0000af20     0000          .word   0,0 ;x,y
    1131 0000af40     0000          .word   00H     ;pal5,pal4,hdr13-0
    1132 0000af50     3e51          .word   03E51H,0,100,00H
    1133 0000af90     3e51          .word   03E51H,0,200,00H
    1134 0000afd0     3e51          .word   03E51H,0,300,00H
    1135 0000b010     3f40          .word   03F40H,25,9,01H
    1136 0000b050     3f40          .word   03F40H,25,142,01H
    1137 0000b090     3f40          .word   03F40H,25,276,01H
    1138 0000b0d0     3e51          .word   03E51H,100,300,00H
    1139 0000b110     3e51          .word   03E51H,100,200,00H
    1140 0000b150     3e51          .word   03E51H,100,100,00H
    1141 0000b190     3e51          .word   03E51H,100,0,00H
    1142 0000b1d0     3f40          .word   03F40H,126,277,01H
    1143 0000b210     3f40          .word   03F40H,144,142,01H
    1144 0000b250     3f40          .word   03F40H,146,8,01H
    1145 0000b290     3e51          .word   03E51H,200,0,00H
    1146 0000b2d0     3e51          .word   03E51H,200,100,00H
    1147 0000b310     3e51          .word   03E51H,200,200,00H
    1148 0000b350     3e51          .word   03E51H,200,300,00H
    1149 0000b390     3f40          .word   03F40H,230,277,01H
    1150 0000b3d0     3f40          .word   03F40H,265,140,01H
    1151 0000b410     3f40          .word   03F40H,266,8,01H
    1152 0000b450     3e51          .word   03E51H,300,300,00H
    1153 0000b490     3e51          .word   03E51H,300,200,00H
    1154 0000b4d0     3e51          .word   03E51H,300,100,00H
    1155 0000b510     3e51          .word   03E51H,300,0,00H
TMS340 COFF Macro Assembler Version 6.10     Tue Oct 24 16:39:04 2023
 Copyright (c) 1985-1991  Texas Instruments Incorporated 

                                                                     PAGE   22

    1156 0000b550     3f40          .word   03F40H,350,277,01H
    1157 0000b590     3f40          .word   03F40H,370,139,01H
    1158 0000b5d0     3f40          .word   03F40H,386,8,01H
    1159 0000b610     3e51          .word   03E51H,400,0,00H
    1160 0000b650     3e51          .word   03E51H,400,100,00H
    1161 0000b690     3e51          .word   03E51H,400,200,00H
    1162 0000b6d0     3e51          .word   03E51H,400,300,00H
    1163 0000b710     3f40          .word   03F40H,472,277,01H
    1164 0000b750     3f40          .word   03F40H,488,8,01H
    1165 0000b790     3f40          .word   03F40H,493,140,01H
    1166 0000b7d0     3e51          .word   03E51H,500,300,00H
    1167 0000b810     3e51          .word   03E51H,500,200,00H
    1168 0000b850     3e51          .word   03E51H,500,100,00H
    1169 0000b890     3e51          .word   03E51H,500,0,00H
    1170 0000b8d0     3f40          .word   03F40H,596,277,01H
    1171 0000b910     3e51          .word   03E51H,600,0,00H
    1172 0000b950     3e51          .word   03E51H,600,100,00H
    1173 0000b990     3e51          .word   03E51H,600,200,00H
    1174 0000b9d0     3e51          .word   03E51H,600,300,00H
    1175 0000ba10     3f40          .word   03F40H,611,141,01H
    1176 0000ba50     3f40          .word   03F40H,611,8,01H
    1177 0000ba90     3e51          .word   03E51H,700,300,00H
    1178 0000bad0     3e51          .word   03E51H,700,200,00H
    1179 0000bb10     3e51          .word   03E51H,700,100,00H
    1180 0000bb50     3e51          .word   03E51H,700,0,00H
    1181 0000bb90     3f40          .word   03F40H,720,277,01H
    1182 0000bbd0     3f40          .word   03F40H,733,141,01H
    1183 0000bc10     3f40          .word   03F40H,734,8,01H
    1184 0000bc50     3e51          .word   03E51H,800,0,00H
    1185 0000bc90     3e51          .word   03E51H,800,100,00H
    1186 0000bcd0     3e51          .word   03E51H,800,200,00H
    1187 0000bd10     3e51          .word   03E51H,800,300,00H
    1188 0000bd50     3f40          .word   03F40H,852,277,01H
    1189 0000bd90     3f40          .word   03F40H,856,144,01H
    1190 0000bdd0     3f40          .word   03F40H,857,8,01H
    1191 0000be10     3e51          .word   03E51H,900,300,00H
    1192 0000be50     3e51          .word   03E51H,900,200,00H
    1193 0000be90     3e51          .word   03E51H,900,100,00H
    1194 0000bed0     3e51          .word   03E51H,900,0,00H
    1195 0000bf10     3f40          .word   03F40H,973,277,01H
    1196 0000bf50     3f40          .word   03F40H,979,8,01H
    1197 0000bf90     3f40          .word   03F40H,990,144,01H
    1198 0000bfd0     3e51          .word   03E51H,1000,0,00H
    1199 0000c010     3e51          .word   03E51H,1000,100,00H
    1200 0000c050     3e51          .word   03E51H,1000,200,00H
    1201 0000c090     3e51          .word   03E51H,1000,300,00H
    1202 0000c0d0     ffff          .word   0FFFFH  ;End Marker
    1203 0000c0e0           SPORTBKBMOD:
    1204 0000c0e0     044c          .word   1100,400,71     ;x size, y size, #blocks
    1205 0000c110 0000af10"         .long   SPORTBKBLKS, BKHDRS, BKPALS
    1206                    

 No Errors,  No Warnings
