TMS340 COFF Macro Assembler Version 6.10     Mon Oct 30 16:54:11 2023
 Copyright (c) 1985-1991  Texas Instruments Incorporated 

                                                                     PAGE    1

       1                            .FILE "bretimg.asm"
       2                            .OPTION B,D,L,T
       3                    
       4                            .include imgtbl.glo
       5 00000000                   .DATA
       6 00000000                   .even
       7                    
       8                            .include bretimg.tbl
       9                            .include bretimg.h
      10                    
      11                            .def    H4ST4A02
      12                    
      13                    
      14 00000000                   .even
      15                            .include "bret.seq"
      16                    
      17                    
      18                            .end

 No Errors,  No Warnings
