TMS340 COFF Macro Assembler Version 6.10     Mon Oct 30 16:55:50 2023
 Copyright (c) 1985-1991  Texas Instruments Incorporated 

                                                                     PAGE    1

       1                    
       2                            .file   "dnkseq1.asm"
       4                            .width  132
       5                            .option b,d,l,t
       6                            .mnolist
       7                    
       8                    
       9                            .include        "macros.h"
      10                            .include        "mproc.equ"             ;Mproc equates
      11                            .include        "sys.equ"
      12                            .include        "game.equ"
      13                            .include        "plyr.equ"
      14                            .include        "anim.equ"
      15                            .include        "sound.h"
      16                            .include        "doinkimg.h"
      17                    
      18                            .include        "display.equ"           ;Display proc equates
      19                            .include        "ring.equ"
      20                    
      21                    
      22                    
      23                            .REF    SMALL_RUN
      24                            .REF    MAYBE_BOUNCE_ROPE
      25                    
      26                    
      27                    
      28              0035  TSEC    equ     53
      29                    
      30                    
      31 00000000            SUBR   dnk_zip_anim
      32 00000000                   WL      TSEC*60,D2ST2B+FR3
      33 00000030     8049          .word   ANI_END
      34                    
      35 00000040            SUBR   dnk_stand2_anim
      36 00000040            SUBR   dnk_stand8_anim
      37 00000040     8002          .word   ANI_SETMODE,MODE_NORMAL
      38 00000060     8026          .word   ANI_SETSPEED,100h
      39 00000080                   WL      6,D2ST2B+FR3
      40 000000b0                   WL      6,D2ST2B+FR4
      41 000000e0                   WL      6,D2ST2B+FR5
      42 00000110                   WL      6,D2ST2B+FR6
      43 00000140                   WL      6,D2ST2B+FR5
      44 00000170                   WL      6,D2ST2B+FR4
      45 000001a0     8001          .word   ANI_REPEAT
      46                    
      47 000001b0            SUBR   dnk_stand4_anim
      48 000001b0            SUBR   dnk_stand6_anim
      49 000001b0     8002          .word   ANI_SETMODE,MODE_NORMAL
      50 000001d0     8026          .word   ANI_SETSPEED,100h
      51 000001f0                   WL      6,D4ST4E+FR3
      52 00000220                   WL      6,D4ST4E+FR4
      53 00000250                   WL      6,D4ST4E+FR5
      54 00000280                   WL      6,D4ST4E+FR6
      55 000002b0                   WL      6,D4ST4E+FR5
      56 000002e0                   WL      6,D4ST4E+FR4
TMS340 COFF Macro Assembler Version 6.10     Mon Oct 30 16:55:50 2023
 Copyright (c) 1985-1991  Texas Instruments Incorporated 

Krusty the Clown animation sequences                                 PAGE    2

      57 00000310     8001          .word   ANI_REPEAT
      58                    
      59                    
      60                    
      61 00000320            SUBR   dnk_torso2_anim
      62 00000320            SUBR   dnk_torso8_anim
      63 00000320                   WL      4,D2TW2B+FR1
      64 00000350                   WL      4,D2TW2B+FR2
      65 00000380                   WL      4,D2TW2B+FR3
      66 000003b0                   WL      4,D2TW2B+FR4
      67 000003e0                   WL      4,D2TW2B+FR3
      68 00000410                   WL      4,D2TW2B+FR2
      69 00000440     8001          .word   ANI_REPEAT
      70                    
      71                    
      72                    
      73 00000450            SUBR   dnk_torso4_anim
      74 00000450            SUBR   dnk_torso6_anim
      75 00000450                   WL      4,D4TW4B+FR1
      76 00000480                   WL      4,D4TW4B+FR2
      77 000004b0                   WL      4,D4TW4B+FR3
      78 000004e0                   WL      4,D4TW4B+FR4
      79 00000510                   WL      4,D4TW4B+FR3
      80 00000540                   WL      4,D4TW4B+FR2
      81 00000570     8001          .word   ANI_REPEAT
      82                    
      83 00000580            SUBR   dnk_holdoh_anim
      84 00000580                   WL      999,D4TH4A+FR1
      85 000005b0     8001          .word   ANI_REPEAT
      86                    
      87                    
      88                    
      89 000005c0            SUBR   dnk_walk1_f2_anim
      90 000005c0                   WL      2,D2WL1A+FR1
      91 000005f0                   WL      2,D2WL1A+FR2
      92 00000620                   WL      2,D2WL1A+FR3
      93 00000650                   WL      2,D2WL1A+FR4
      94 00000680                   WL      2,D2WL1A+FR5
      95 000006b0                   WL      2,D2WL1A+FR6
      96 000006e0                   WL      2,D2WL1A+FR7
      97 00000710                   WL      2,D2WL1A+FR8
      98 00000740                   WL      2,D2WL1A+FR9
      99 00000770                   WL      2,D2WL1A+FR10
     100 000007a0                   WL      2,D2WL1A+FR11
     101 000007d0                   WL      2,D2WL1A+FR12
     102 00000800                   WL      2,D2WL1A+FR13
     103 00000830                   WL      2,D2WL1A+FR14
     104 00000860                   WL      2,D2WL1A+FR15
     105 00000890                   WL      2,D2WL1A+FR16
     106 000008c0                   WL      2,D2WL1A+FR17
     107 000008f0                   WL      2,D2WL1A+FR18
     108 00000920     8001          .word   ANI_REPEAT
     109                    
     110 00000930            SUBR   dnk_walk2_f2_anim
     111 00000930                   WL      2,D2WL2A+FR1
TMS340 COFF Macro Assembler Version 6.10     Mon Oct 30 16:55:50 2023
 Copyright (c) 1985-1991  Texas Instruments Incorporated 

Krusty the Clown animation sequences                                 PAGE    3

     112 00000960                   WL      2,D2WL2A+FR2
     113 00000990                   WL      2,D2WL2A+FR3
     114 000009c0                   WL      2,D2WL2A+FR4
     115 000009f0                   WL      2,D2WL2A+FR5
     116 00000a20                   WL      2,D2WL2A+FR6
     117 00000a50                   WL      2,D2WL2A+FR7
     118 00000a80                   WL      2,D2WL2A+FR8
     119 00000ab0                   WL      2,D2WL2A+FR9
     120 00000ae0                   WL      2,D2WL2A+FR10
     121 00000b10                   WL      2,D2WL2A+FR11
     122 00000b40                   WL      2,D2WL2A+FR12
     123 00000b70                   WL      2,D2WL2A+FR13
     124 00000ba0                   WL      2,D2WL2A+FR14
     125 00000bd0                   WL      2,D2WL2A+FR15
     126 00000c00                   WL      2,D2WL2A+FR16
     127 00000c30                   WL      2,D2WL2A+FR17
     128 00000c60     8001          .word   ANI_REPEAT
     129                    
     130 00000c70            SUBR   dnk_walk4_f2_anim
     131 00000c70                   WL      2,D2WL4B+FR1
     132 00000ca0                   WL      2,D2WL4B+FR2
     133 00000cd0                   WL      2,D2WL4B+FR3
     134 00000d00                   WL      2,D2WL4B+FR4
     135 00000d30                   WL      2,D2WL4B+FR5
     136 00000d60                   WL      2,D2WL4B+FR6
     137 00000d90                   WL      2,D2WL4B+FR7
     138 00000dc0                   WL      2,D2WL4B+FR8
     139 00000df0                   WL      2,D2WL4B+FR9
     140 00000e20                   WL      2,D2WL4B+FR10
     141 00000e50                   WL      2,D2WL4B+FR11
     142 00000e80                   WL      2,D2WL4B+FR12
     143 00000eb0                   WL      2,D2WL4B+FR13
     144 00000ee0                   WL      2,D2WL4B+FR14
     145 00000f10                   WL      2,D2WL4B+FR15
     146 00000f40                   WL      2,D2WL4B+FR16
     147 00000f70                   WL      2,D2WL4B+FR17
     148 00000fa0                   WL      2,D2WL4B+FR18
     149 00000fd0     8001          .word   ANI_REPEAT
     150                    
     151 00000fe0            SUBR   dnk_walk5_f2_anim
     152 00000fe0                   WL      2,D2WL1A+FR18
     153 00001010                   WL      2,D2WL1A+FR17
     154 00001040                   WL      2,D2WL1A+FR16
     155 00001070                   WL      2,D2WL1A+FR15
     156 000010a0                   WL      2,D2WL1A+FR14
     157 000010d0                   WL      2,D2WL1A+FR13
     158 00001100                   WL      2,D2WL1A+FR12
     159 00001130                   WL      2,D2WL1A+FR11
     160 00001160                   WL      2,D2WL1A+FR10
     161 00001190                   WL      2,D2WL1A+FR9
     162 000011c0                   WL      2,D2WL1A+FR8
     163 000011f0                   WL      2,D2WL1A+FR7
     164 00001220                   WL      2,D2WL1A+FR6
     165 00001250                   WL      2,D2WL1A+FR5
     166 00001280                   WL      2,D2WL1A+FR4
TMS340 COFF Macro Assembler Version 6.10     Mon Oct 30 16:55:50 2023
 Copyright (c) 1985-1991  Texas Instruments Incorporated 

Krusty the Clown animation sequences                                 PAGE    4

     167 000012b0                   WL      2,D2WL1A+FR3
     168 000012e0                   WL      2,D2WL1A+FR2
     169 00001310                   WL      2,D2WL1A+FR1
     170 00001340     8001          .word   ANI_REPEAT
     171                    
     172 00001350            SUBR   dnk_walk6_f2_anim
     173 00001350                   WL      2,D2WL2A+FR17
     174 00001380                   WL      2,D2WL2A+FR16
     175 000013b0                   WL      2,D2WL2A+FR15
     176 000013e0                   WL      2,D2WL2A+FR14
     177 00001410                   WL      2,D2WL2A+FR13
     178 00001440                   WL      2,D2WL2A+FR12
     179 00001470                   WL      2,D2WL2A+FR11
     180 000014a0                   WL      2,D2WL2A+FR10
     181 000014d0                   WL      2,D2WL2A+FR9
     182 00001500                   WL      2,D2WL2A+FR8
     183 00001530                   WL      2,D2WL2A+FR7
     184 00001560                   WL      2,D2WL2A+FR6
     185 00001590                   WL      2,D2WL2A+FR5
     186 000015c0                   WL      2,D2WL2A+FR4
     187 000015f0                   WL      2,D2WL2A+FR3
     188 00001620                   WL      2,D2WL2A+FR2
     189 00001650                   WL      2,D2WL2A+FR1
     190 00001680     8001          .word   ANI_REPEAT
     191                    
     192                    
     193 00001690            SUBR   dnk_walk8_f2_anim
     194 00001690                   WL      2,D2WL4B+FR18
     195 000016c0                   WL      2,D2WL4B+FR17
     196 000016f0                   WL      2,D2WL4B+FR16
     197 00001720                   WL      2,D2WL4B+FR15
     198 00001750                   WL      2,D2WL4B+FR14
     199 00001780                   WL      2,D2WL4B+FR13
     200 000017b0                   WL      2,D2WL4B+FR12
     201 000017e0                   WL      2,D2WL4B+FR11
     202 00001810                   WL      2,D2WL4B+FR10
     203 00001840                   WL      2,D2WL4B+FR9
     204 00001870                   WL      2,D2WL4B+FR8
     205 000018a0                   WL      2,D2WL4B+FR7
     206 000018d0                   WL      2,D2WL4B+FR6
     207 00001900                   WL      2,D2WL4B+FR5
     208 00001930                   WL      2,D2WL4B+FR4
     209 00001960                   WL      2,D2WL4B+FR3
     210 00001990                   WL      2,D2WL4B+FR2
     211 000019c0                   WL      2,D2WL4B+FR1
     212 000019f0     8001          .word   ANI_REPEAT
     213                    
     214                    
     215                    
     216                    
     217 00001a00            SUBR   dnk_walk1_f4_anim
     218 00001a00                   WL      2,D4WL5A+FR18
     219 00001a30                   WL      2,D4WL5A+FR17
     220 00001a60                   WL      2,D4WL5A+FR16
     221 00001a90                   WL      2,D4WL5A+FR15
TMS340 COFF Macro Assembler Version 6.10     Mon Oct 30 16:55:50 2023
 Copyright (c) 1985-1991  Texas Instruments Incorporated 

Krusty the Clown animation sequences                                 PAGE    5

     222 00001ac0                   WL      2,D4WL5A+FR14
     223 00001af0                   WL      2,D4WL5A+FR13
     224 00001b20                   WL      2,D4WL5A+FR12
     225 00001b50                   WL      2,D4WL5A+FR11
     226 00001b80                   WL      2,D4WL5A+FR10
     227 00001bb0                   WL      2,D4WL5A+FR9
     228 00001be0                   WL      2,D4WL5A+FR8
     229 00001c10                   WL      2,D4WL5A+FR7
     230 00001c40                   WL      2,D4WL5A+FR6
     231 00001c70                   WL      2,D4WL5A+FR5
     232 00001ca0                   WL      2,D4WL5A+FR4
     233 00001cd0                   WL      2,D4WL5A+FR3
     234 00001d00                   WL      2,D4WL5A+FR2
     235 00001d30                   WL      2,D4WL5A+FR1
     236 00001d60     8001          .word   ANI_REPEAT
     237                    
     238 00001d70            SUBR   dnk_walk2_f4_anim
     239 00001d70                   WL      2,D4WL2A+FR1
     240 00001da0                   WL      2,D4WL2A+FR2
     241 00001dd0                   WL      2,D4WL2A+FR3
     242 00001e00                   WL      2,D4WL2A+FR4
     243 00001e30                   WL      2,D4WL2A+FR5
     244 00001e60                   WL      2,D4WL2A+FR6
     245 00001e90                   WL      2,D4WL2A+FR7
     246 00001ec0                   WL      2,D4WL2A+FR8
     247 00001ef0                   WL      2,D4WL2A+FR9
     248 00001f20                   WL      2,D4WL2A+FR10
     249 00001f50                   WL      2,D4WL2A+FR11
     250 00001f80                   WL      2,D4WL2A+FR12
     251 00001fb0                   WL      2,D4WL2A+FR13
     252 00001fe0                   WL      2,D4WL2A+FR14
     253 00002010                   WL      2,D4WL2A+FR15
     254 00002040                   WL      2,D4WL2A+FR16
     255 00002070                   WL      2,D4WL2A+FR17
     256 000020a0                   WL      2,D4WL2A+FR18
     257 000020d0     8001          .word   ANI_REPEAT
     258                    
     259 000020e0            SUBR   dnk_walk4_f4_anim
     260 000020e0                   WL      2,D4WL4A+FR1
     261 00002110                   WL      2,D4WL4A+FR2
     262 00002140                   WL      2,D4WL4A+FR3
     263 00002170                   WL      2,D4WL4A+FR4
     264 000021a0                   WL      2,D4WL4A+FR5
     265 000021d0                   WL      2,D4WL4A+FR6
     266 00002200                   WL      2,D4WL4A+FR7
     267 00002230                   WL      2,D4WL4A+FR8
     268 00002260                   WL      2,D4WL4A+FR9
     269 00002290                   WL      2,D4WL4A+FR10
     270 000022c0                   WL      2,D4WL4A+FR11
     271 000022f0                   WL      2,D4WL4A+FR12
     272 00002320                   WL      2,D4WL4A+FR13
     273 00002350                   WL      2,D4WL4A+FR14
     274 00002380                   WL      2,D4WL4A+FR15
     275 000023b0                   WL      2,D4WL4A+FR16
     276 000023e0                   WL      2,D4WL4A+FR17
TMS340 COFF Macro Assembler Version 6.10     Mon Oct 30 16:55:50 2023
 Copyright (c) 1985-1991  Texas Instruments Incorporated 

Krusty the Clown animation sequences                                 PAGE    6

     277 00002410                   WL      2,D4WL4A+FR18
     278 00002440     8001          .word   ANI_REPEAT
     279                    
     280 00002450            SUBR   dnk_walk5_f4_anim
     281 00002450                   WL      2,D4WL5A+FR1
     282 00002480                   WL      2,D4WL5A+FR2
     283 000024b0                   WL      2,D4WL5A+FR3
     284 000024e0                   WL      2,D4WL5A+FR4
     285 00002510                   WL      2,D4WL5A+FR5
     286 00002540                   WL      2,D4WL5A+FR6
     287 00002570                   WL      2,D4WL5A+FR7
     288 000025a0                   WL      2,D4WL5A+FR8
     289 000025d0                   WL      2,D4WL5A+FR9
     290 00002600                   WL      2,D4WL5A+FR10
     291 00002630                   WL      2,D4WL5A+FR11
     292 00002660                   WL      2,D4WL5A+FR12
     293 00002690                   WL      2,D4WL5A+FR13
     294 000026c0                   WL      2,D4WL5A+FR14
     295 000026f0                   WL      2,D4WL5A+FR15
     296 00002720                   WL      2,D4WL5A+FR16
     297 00002750                   WL      2,D4WL5A+FR17
     298 00002780                   WL      2,D4WL5A+FR18
     299 000027b0     8001          .word   ANI_REPEAT
     300                    
     301 000027c0            SUBR   dnk_walk6_f4_anim
     302 000027c0                   WL      2,D4WL2A+FR18
     303 000027f0                   WL      2,D4WL2A+FR17
     304 00002820                   WL      2,D4WL2A+FR16
     305 00002850                   WL      2,D4WL2A+FR15
     306 00002880                   WL      2,D4WL2A+FR14
     307 000028b0                   WL      2,D4WL2A+FR13
     308 000028e0                   WL      2,D4WL2A+FR12
     309 00002910                   WL      2,D4WL2A+FR11
     310 00002940                   WL      2,D4WL2A+FR10
     311 00002970                   WL      2,D4WL2A+FR9
     312 000029a0                   WL      2,D4WL2A+FR8
     313 000029d0                   WL      2,D4WL2A+FR7
     314 00002a00                   WL      2,D4WL2A+FR6
     315 00002a30                   WL      2,D4WL2A+FR5
     316 00002a60                   WL      2,D4WL2A+FR4
     317 00002a90                   WL      2,D4WL2A+FR3
     318 00002ac0                   WL      2,D4WL2A+FR2
     319 00002af0                   WL      2,D4WL2A+FR1
     320 00002b20     8001          .word   ANI_REPEAT
     321                    
     322 00002b30            SUBR   dnk_walk8_f4_anim
     323 00002b30                   WL      2,D4WL4A+FR18
     324 00002b60                   WL      2,D4WL4A+FR17
     325 00002b90                   WL      2,D4WL4A+FR16
     326 00002bc0                   WL      2,D4WL4A+FR15
     327 00002bf0                   WL      2,D4WL4A+FR14
     328 00002c20                   WL      2,D4WL4A+FR13
     329 00002c50                   WL      2,D4WL4A+FR12
     330 00002c80                   WL      2,D4WL4A+FR11
     331 00002cb0                   WL      2,D4WL4A+FR10
TMS340 COFF Macro Assembler Version 6.10     Mon Oct 30 16:55:50 2023
 Copyright (c) 1985-1991  Texas Instruments Incorporated 

Krusty the Clown animation sequences                                 PAGE    7

     332 00002ce0                   WL      2,D4WL4A+FR9
     333 00002d10                   WL      2,D4WL4A+FR8
     334 00002d40                   WL      2,D4WL4A+FR7
     335 00002d70                   WL      2,D4WL4A+FR6
     336 00002da0                   WL      2,D4WL4A+FR5
     337 00002dd0                   WL      2,D4WL4A+FR4
     338 00002e00                   WL      2,D4WL4A+FR3
     339 00002e30                   WL      2,D4WL4A+FR2
     340 00002e60                   WL      2,D4WL4A+FR1
     341 00002e90     8001          .word   ANI_REPEAT
     342                    
     343                    
     344                    
     345 00002ea0            SUBR   dnk_2_to_4_turn_anim
     346 00002ea0            SUBR   dnk_8_to_6_turn_anim
     347 00002ea0     8002          .word   ANI_SETMODE,MODE_INTURN|MODE_NOAUTOFLIP ;uninterruptable
     348 00002ec0     8026          .word   ANI_SETSPEED,100h
     349 00002ee0                   WL      3,D1TT5Z+FR2    ;2.5
     350 00002f10                   WL      3,D1TT5Z+FR3    ;3.5
     351 00002f40     8002          .word   ANI_SETMODE,MODE_NORMAL
     352 00002f60     8049          .word   ANI_END
     353                    
     354 00002f70            SUBR   dnk_4_to_2_turn_anim
     355 00002f70            SUBR   dnk_6_to_8_turn_anim
     356 00002f70     8002          .word   ANI_SETMODE,MODE_INTURN|MODE_NOAUTOFLIP ;uninterruptable
     357 00002f90     8026          .word   ANI_SETSPEED,100h
     358 00002fb0                   WL      3,D1TT5Z+FR3    ;3.5
     359 00002fe0                   WL      3,D1TT5Z+FR2    ;2.5
     360 00003010     8002          .word   ANI_SETMODE,MODE_NORMAL
     361 00003030     8049          .word   ANI_END
     362                    
     363 00003040            SUBR   dnk_4_to_6_turn_anim
     364 00003040            SUBR   dnk_6_to_4_turn_anim
     365 00003040     8002          .word   ANI_SETMODE,MODE_INTURN|MODE_NOAUTOFLIP ;uninterruptable
     366 00003060     8026          .word   ANI_SETSPEED,100h
     367 00003080                   WL      3,D1TT5Z+FR4    ;4.5
     368 000030b0     800c          .word   ANI_XFLIP
     369 000030c0                   WL      3,D1TT5Z+FR4    ;4.5
     370 000030f0     8002          .word   ANI_SETMODE,MODE_NORMAL
     371 00003110     8049          .word   ANI_END
     372                    
     373 00003120            SUBR   dnk_2_to_8_turn_anim
     374 00003120            SUBR   dnk_8_to_2_turn_anim
     375 00003120     8002          .word   ANI_SETMODE,MODE_INTURN|MODE_NOAUTOFLIP ;uninterruptable
     376 00003140     8026          .word   ANI_SETSPEED,100h
     377 00003160                   WL      3,D1TT5Z+FR1    ;1.5
     378 00003190     800c          .word   ANI_XFLIP
     379 000031a0                   WL      3,D1TT5Z+FR1    ;1.5
     380 000031d0     8002          .word   ANI_SETMODE,MODE_NORMAL
     381 000031f0     8049          .word   ANI_END
     382                    
     383 00003200            SUBR   dnk_4_to_8_turn_anim
     384 00003200            SUBR   dnk_6_to_2_turn_anim
     385 00003200     8002          .word   ANI_SETMODE,MODE_INTURN|MODE_NOAUTOFLIP ;uninterruptable
     386 00003220     8026          .word   ANI_SETSPEED,100h
TMS340 COFF Macro Assembler Version 6.10     Mon Oct 30 16:55:50 2023
 Copyright (c) 1985-1991  Texas Instruments Incorporated 

Krusty the Clown animation sequences                                 PAGE    8

     387 00003240                   WL      3,D1TT5Z+FR3    ;3.5
     388 00003270                   WL      3,D1TT5Z+FR2    ;2.5
     389 000032a0                   WL      3,D1TT5Z+FR1    ;1.5
     390 000032d0     800c          .word   ANI_XFLIP
     391 000032e0                   WL      3,D1TT5Z+FR1    ;1.5
     392 00003310     8002          .word   ANI_SETMODE,MODE_NORMAL
     393 00003330     8049          .word   ANI_END
     394                    
     395 00003340            SUBR   dnk_2_to_6_turn_anim
     396 00003340            SUBR   dnk_8_to_4_turn_anim
     397 00003340     8002          .word   ANI_SETMODE,MODE_INTURN|MODE_NOAUTOFLIP ;uninterruptable
     398 00003360     8026          .word   ANI_SETSPEED,100h
     399 00003380                   WL      3,D1TT5Z+FR2    ;2.5
     400 000033b0                   WL      3,D1TT5Z+FR3    ;3.5
     401 000033e0                   WL      3,D1TT5Z+FR4    ;4.5
     402 00003410     800c          .word   ANI_XFLIP
     403 00003420                   WL      3,D1TT5Z+FR4    ;4.5
     404 00003450     8002          .word   ANI_SETMODE,MODE_NORMAL
     405 00003470     8049          .word   ANI_END
     406                    
     407                    
     408 00003480            SUBR   dnk_2_to_4_turn2_anim
     409 00003480            SUBR   dnk_8_to_6_turn2_anim
     410 00003480     8002          .word   ANI_SETMODE,MODE_INTURN|MODE_NOAUTOFLIP ;uninterruptable
     411 000034a0     8026          .word   ANI_SETSPEED,100h
     412 000034c0                   WL      3,D1TR5Z+FR2    ;2.5
     413 000034f0     801b          .word   ANI_SETFACING           ;ANI_XFLIP <- not primary anim
     414 00003500                   WL      3,D1TR5Z+FR3    ;3.5
     415 00003530     8002          .word   ANI_SETMODE,MODE_NORMAL
     416 00003550     8049          .word   ANI_END
     417                    
     418 00003560            SUBR   dnk_4_to_2_turn2_anim
     419 00003560            SUBR   dnk_6_to_8_turn2_anim
     420 00003560     8002          .word   ANI_SETMODE,MODE_INTURN|MODE_NOAUTOFLIP ;uninterruptable
     421 00003580     8026          .word   ANI_SETSPEED,100h
     422 000035a0                   WL      3,D1TR5Z+FR3    ;3.5
     423 000035d0     801b          .word   ANI_SETFACING           ;ANI_XFLIP <- not primary anim
     424 000035e0                   WL      3,D1TR5Z+FR2    ;2.5
     425 00003610     8002          .word   ANI_SETMODE,MODE_NORMAL
     426 00003630     8049          .word   ANI_END
     427                    
     428 00003640            SUBR   dnk_4_to_6_turn2_anim
     429 00003640            SUBR   dnk_6_to_4_turn2_anim
     430 00003640     8002          .word   ANI_SETMODE,MODE_INTURN|MODE_NOAUTOFLIP ;uninterruptable
     431 00003660     8026          .word   ANI_SETSPEED,100h
     432 00003680                   WL      3,D1TR5Z+FR4    ;4.5
     433 000036b0     801b          .word   ANI_SETFACING           ;ANI_XFLIP <- not primary anim
     434 000036c0                   WL      3,D1TR5Z+FR4    ;4.5
     435 000036f0     8002          .word   ANI_SETMODE,MODE_NORMAL
     436 00003710     8049          .word   ANI_END
     437                    
     438 00003720            SUBR   dnk_2_to_8_turn2_anim
     439 00003720            SUBR   dnk_8_to_2_turn2_anim
     440 00003720     8002          .word   ANI_SETMODE,MODE_INTURN|MODE_NOAUTOFLIP ;uninterruptable
     441 00003740     8026          .word   ANI_SETSPEED,100h
TMS340 COFF Macro Assembler Version 6.10     Mon Oct 30 16:55:50 2023
 Copyright (c) 1985-1991  Texas Instruments Incorporated 

Krusty the Clown animation sequences                                 PAGE    9

     442 00003760                   WL      3,D1TR5Z+FR1    ;1.5
     443 00003790     801b          .word   ANI_SETFACING           ;ANI_XFLIP <- not primary anim
     444 000037a0                   WL      3,D1TR5Z+FR1    ;1.5
     445 000037d0     8002          .word   ANI_SETMODE,MODE_NORMAL
     446 000037f0     8049          .word   ANI_END
     447                    
     448 00003800            SUBR   dnk_4_to_8_turn2_anim
     449 00003800            SUBR   dnk_6_to_2_turn2_anim
     450 00003800     8002          .word   ANI_SETMODE,MODE_INTURN|MODE_NOAUTOFLIP ;uninterruptable
     451 00003820     8026          .word   ANI_SETSPEED,100h
     452 00003840                   WL      3,D1TR5Z+FR4    ;4.5
     453 00003870     801b          .word   ANI_SETFACING           ;ANI_XFLIP <- not primary anim
     454 00003880                   WL      3,D1TR5Z+FR4    ;4.5
     455 000038b0                   WL      3,D1TR5Z+FR3    ;3.5
     456 000038e0     801b          .word   ANI_SETFACING
     457 000038f0                   WL      3,D1TR5Z+FR2    ;2.5
     458 00003920     8002          .word   ANI_SETMODE,MODE_NORMAL
     459 00003940     8049          .word   ANI_END
     460                    
     461 00003950            SUBR   dnk_2_to_6_turn2_anim
     462 00003950            SUBR   dnk_8_to_4_turn2_anim
     463 00003950     8002          .word   ANI_SETMODE,MODE_INTURN|MODE_NOAUTOFLIP ;uninterruptable
     464 00003970     8026          .word   ANI_SETSPEED,100h
     465 00003990                   WL      3,D1TR5Z+FR2    ;2.5
     466 000039c0     801b          .word   ANI_SETFACING
     467 000039d0                   WL      3,D1TR5Z+FR3    ;3.5
     468 00003a00                   WL      3,D1TR5Z+FR4    ;4.5
     469 00003a30     801b          .word   ANI_SETFACING           ;ANI_XFLIP <- not primary anim
     470 00003a40                   WL      3,D1TR5Z+FR4    ;4.5
     471 00003a70     8002          .word   ANI_SETMODE,MODE_NORMAL
     472 00003a90     8049          .word   ANI_END
     473                    
     474                    
     475 00003aa0            SUBR   dnk_run2_anim
     476                    
     477 00003aa0     8002          .word   ANI_SETMODE,MODE_NORMAL
     478 00003ac0     8026          .word   ANI_SETSPEED,100h
     479                    
     480                    
     481 00003ae0     8006          .word   ANI_ATTACK_ON,AMODE_RUN,-3,29,16,71     ;mode,x,y,w,h
     482 00003b40                   WL      ANI_GOTO,xfaarun2
     483                    
     484 00003b70            SUBR   dnk_run_anim
     485                    
     486 00003b70     8002          .word   ANI_SETMODE,MODE_UNINT                  ;uninterruptable
     487 00003b90     8026          .word   ANI_SETSPEED,100h
     488 00003bb0     8006          .word   ANI_ATTACK_ON,AMODE_RUN,-3,29,16,71     ;mode,x,y,w,h
     489                    
     490 00003c10           xfaalp1
     491 00003c10                   WL      1,D3RN3B+FR1
     492 00003c40                   WL      ANI_CODE,SMALL_RUN
     493 00003c70                   WL      1,D3RN3B+FR1
     494 00003ca0                   WL      3,D3RN3B+FR2
     495 00003cd0                   WL      2,D3RN3B+FR3
     496 00003d00                   WL      3,D3RN3B+FR4
TMS340 COFF Macro Assembler Version 6.10     Mon Oct 30 16:55:50 2023
 Copyright (c) 1985-1991  Texas Instruments Incorporated 

Krusty the Clown animation sequences                                 PAGE   10

     497 00003d30                   WL      2,D3RN3B+FR5
     498 00003d60           xfaarun2
     499 00003d60     8002          .word   ANI_SETMODE,MODE_NORMAL         ;clear UNINT bit
     500 00003d80     8006          .word   ANI_ATTACK_ON,AMODE_RUN,-3,29,16,71     ;mode,x,y,w,h
     501 00003de0                   WL      2,D3RN3B+FR6
     502 00003e10                   WL      ANI_CODE,SMALL_RUN
     503 00003e40                   WL      1,D3RN3B+FR6
     504 00003e70                   WL      2,D3RN3B+FR7
     505 00003ea0                   WL      3,D3RN3B+FR8
     506 00003ed0                   WL      2,D3RN3B+FR9
     507 00003f00                   WL      3,D3RN3B+FR10
     508 00003f30                   WL      2,D3RN3B+FR11
     509                    
     510 00003f60                   WL      ANI_GOTO,xfaalp1
     511                    
     512                    
     513 00003f90            SUBR   dnk_bounce_anim
     514                    
     515 00003f90     8002          .word   ANI_SETMODE,MODE_UNINT|MODE_OVERLAP|MODE_NOAUTOFLIP| MODE_NOCONFINE     ;uninterruptable
     516                    
     517 00003fb0                   WL      ANI_CODE,fix_bnc_flip
     518                    
     519 00003fe0                   WL      ANI_CODE,MAYBE_BOUNCE_ROPE
     520                    
     521 00004010     8003          .word   ANI_ZEROVELS
     522 00004020     8026          .word   ANI_SETSPEED,100h
     523 00004040                   WL      2,D3BO3B+FR2
     524 00004070     8023          .word   ANI_BOUNCEROPE,0
     525 00004090                   WL      1,D3BO3B+FR2
     526                    
     527 000040c0                   WL      2,D3BO3B+FR3
     528 000040f0     8023          .word   ANI_BOUNCEROPE,1
     529 00004110                   WL      ANI_CODE,SMALL_RUN
     530                    
     531 00004140                   WL      1,D3BO3B+FR3
     532                    
     533 00004170                   WL      2,D3BO3B+FR4
     534 000041a0     8023          .word   ANI_BOUNCEROPE,2
     535 000041c0                   WL      1,D3BO3B+FR4
     536                    
     537 000041f0                   WL      2,D3BO3B+FR5
     538 00004220     8023          .word   ANI_BOUNCEROPE,3
     539 00004240                   WL      1,D3BO3B+FR5
     540                    
     541 00004270     8003          .word   ANI_ZEROVELS
     542                    
     543 00004280                   WL      2,D3BO3B+FR6
     544 000042b0     8023          .word   ANI_BOUNCEROPE,4
     545 000042d0                   WL      1,D3BO3B+FR6
     546 00004300                   WL      3,D3BO3B+FR7
     547 00004330                   WL      2,D3BO3B+FR8
     548 00004360     8023          .word   ANI_BOUNCEROPE,0
     549 00004380                   WL      1,D3BO3B+FR8
     550 000043b0                   WL      2,D3BO3B+FR9
     551 000043e0     8023          .word   ANI_BOUNCEROPE,-1
TMS340 COFF Macro Assembler Version 6.10     Mon Oct 30 16:55:50 2023
 Copyright (c) 1985-1991  Texas Instruments Incorporated 

Krusty the Clown animation sequences                                 PAGE   11

     552 00004400                   WL      ANI_CODE,SMALL_RUN
     553 00004430                   WL      1,D3BO3B+FR9
     554 00004460                   WL      3,D3BO3B+FR10
     555                    
     556 00004490     8002          .word   ANI_SETMODE,MODE_NORMAL
     557 000044b0     8049          .word   ANI_END
     558                    
     559                    
     560 000044c0            SUBR   fix_bnc_flip
     561                    
     562 000044c0     b5ae          move    *a13(OBJ_XPOSINT),a14
         000044d0     0110  
     563 000044e0     0b4e          cmpi    RING_X_CENTER,a14
         000044f0     fbcd  
     564 00004500     c408          jrlt    hcdoonlft
     565 00004510     b5ae          move    *a13(OBJ_CONTROL),a14
         00004520     0780  
     566 00004530     0b8e          andni   M_FLIPH,a14
         00004540 00000010  
     567 00004560     b1cd          move    a14,*a13(OBJ_CONTROL)
         00004570     0780  
     568 00004580     0960          rets
     569 00004590           hcdoonlft
     570 00004590     b5ae          move    *a13(OBJ_CONTROL),a14
         000045a0     0780  
     571 000045b0     0bae          ori     M_FLIPH,a14
         000045c0 00000010  
     572 000045e0     b1cd          move    a14,*a13(OBJ_CONTROL)
         000045f0     0780  
     573 00004600     0960          rets
     574                    
     575                    
     576                            .end

 No Errors,  No Warnings
