TMS340 COFF Macro Assembler Version 6.10     Mon Oct 30 16:55:58 2023
 Copyright (c) 1985-1991  Texas Instruments Incorporated 

                                                                     PAGE    1

       1                    
       2                            .file   "dnkseq4.asm"
       4                            .width  132
       5                            .option b,d,l,t
       6                            .mnolist
       7                    
       8                    
       9                            .include        "macros.h"
      10                            .include        "mproc.equ"
      11                            .include        "sys.equ"
      12                            .include        "game.equ"
      13                            .include        "plyr.equ"
      14                            .include        "anim.equ"
      15                            .include        "sound.h"
      16                            .include        "doinkimg.h"
      17                            .include        "damage.equ"
      18                            .INCLUDE        "SWEAT.EQU"
      19                    
      20                    
      21                    
      22                            .REF    DO_SCREAM
      23                            .REF    HIT_THE_MAT,SMALL_BOUNCE
      24                            .REF    CALL_MISSES
      25                            .ref    am_I_dizzy
      26                            .ref    am_I_dead
      27                            .ref    ckzpos
      28                            .ref    start_run_anim
      29                            .ref    dnk_faceup_getup_anim
      30                            .ref    dnk_2_faceup_getup_anim
      31                    
      32                    
      33                    
      34                    
      35 00000000            SUBR   dnk_slamnobounce_anim
      36                    
      37 00000000     8002          .word   ANI_SETMODE,MODE_UNINT | MODE_NOAUTOFLIP
      38 00000020     8003          .word   ANI_ZEROVELS
      39 00000030     8026          .word   ANI_SETSPEED,100h
      40                    
      41 00000050     8004          .word   ANI_SETPLYRMODE,MODE_ONGROUND
      42                    
      43 00000070                   WL      1,D3SA3A+FR2
      44 000000a0                   WL      3,D3SA3A+FR2
      45 000000d0                   WL      4,D3SA3A+FR3
      46 00000100                   WL      4,D3SA3A+FR4
      47 00000130                   WL      4,D3SA3A+FR5
      48                    
      49 00000160     800b          .word   ANI_WAITHITGND
      50 00000170     8028          .word   ANI_ZERO_XZVELS
      51                    
      52 00000180                   WL      2,D3SA3A+FR8
      53                    
      54 000001b0                   WL      10,D3SA3A+FR9
      55                    
      56 000001e0     8054          .word   ANI_WAITROLL
TMS340 COFF Macro Assembler Version 6.10     Mon Oct 30 16:55:58 2023
 Copyright (c) 1985-1991  Texas Instruments Incorporated 

Dink animation sequences                                             PAGE    2

      57 000001f0                   WL      ANI_CHANGEANIM,dnk_2_faceup_getup_anim
      58                    
      59 00000220            SUBR   dnk_slambounce_anim
      60                    
      61 00000220     8002          .word   ANI_SETMODE,MODE_UNINT | MODE_NOAUTOFLIP
      62 00000240     8003          .word   ANI_ZEROVELS
      63 00000250     8026          .word   ANI_SETSPEED,100h
      64                    
      65 00000270     8004          .word   ANI_SETPLYRMODE,MODE_ONGROUND
      66 00000290     805e          .word   ANI_DEBRIS,200,1,0,8,0          ;%chance, tbl index, x,y,z off
      67                    
      68                    
      69 000002f0                   WL      1,D3SA3A+FR2
      70                            .ref    ckzpos
      71 00000320                   WL      ANI_CODE,ckzpos
      72 00000350                   WL      ANI_SET_YVEL,040000h
      73 00000380                   WL      3,D3SA3A+FR2
      74 000003b0                   WL      4,D3SA3A+FR3
      75 000003e0                   WL      4,D3SA3A+FR4
      76 00000410                   WL      4,D3SA3A+FR5
      77                    
      78 00000440     800b          .word   ANI_WAITHITGND
      79 00000450     8028          .word   ANI_ZERO_XZVELS
      80                    
      81 00000460                   WL      2,D3SA3A+FR8
      82                    
      83 00000490                   WL      10,D3SA3A+FR9
      84                    
      85 000004c0     8054          .word   ANI_WAITROLL
      86 000004d0                   WL      ANI_CHANGEANIM,dnk_faceup_getup_anim
      87                    
      88 00000500            SUBR   dnk_slambounce2_anim
      89                    
      90 00000500     8002          .word   ANI_SETMODE,MODE_UNINT | MODE_NOAUTOFLIP
      91 00000520     8003          .word   ANI_ZEROVELS
      92 00000530     8026          .word   ANI_SETSPEED,100h
      93                    
      94                    
      95 00000550     8004          .word   ANI_SETPLYRMODE,MODE_ONGROUND
      96 00000570     805e          .word   ANI_DEBRIS,200,1,0,8,0          ;%chance, tbl index, x,y,z off
      97                    
      98 000005d0                   WL      1,D3SA3X+FR2
      99 00000600                   WL      ANI_CODE,ckzpos
     100                    
     101 00000630                   WL      3,D3SA3X+FR2
     102 00000660     800b          .word   ANI_WAITHITGND
     103 00000670     8003          .word   ANI_ZEROVELS
     104 00000680                   WL      ANI_CODE,HIT_THE_MAT
     105 000006b0     800c          .word   ANI_XFLIP
     106                    
     107 000006c0                   WL      ANI_SET_YVEL,030000h
     108 000006f0                   WL      3,D3SA3A+FR2
     109 00000720                   WL      4,D3SA3A+FR3
     110 00000750                   WL      4,D3SA3A+FR4
     111 00000780                   WL      4,D3SA3A+FR5
TMS340 COFF Macro Assembler Version 6.10     Mon Oct 30 16:55:58 2023
 Copyright (c) 1985-1991  Texas Instruments Incorporated 

Dink animation sequences                                             PAGE    3

     112                    
     113 000007b0     800b          .word   ANI_WAITHITGND
     114 000007c0     8028          .word   ANI_ZERO_XZVELS
     115                    
     116 000007d0                   WL      2,D3SA3A+FR8
     117                    
     118 00000800                   WL      10,D3SA3A+FR9
     119                    
     120 00000830     8054          .word   ANI_WAITROLL
     121 00000840                   WL      ANI_CHANGEANIM,dnk_faceup_getup_anim
     122                    
     123                    
     124 00000870            SUBR   dnk_breakneck2_anim
     125                    
     126 00000870     8002          .word   ANI_SETMODE,MODE_UNINT | MODE_NOAUTOFLIP
     127 00000890     8003          .word   ANI_ZEROVELS
     128 000008a0     8026          .word   ANI_SETSPEED,100h
     129                    
     130 000008c0     8015          .word   ANI_OFFSET,20,47,0                      ;x,y,z
     131                    
     132 00000900                   WLWWWW  ANI_CREATEPROC,CREATE_SWEAT,0,SPRAYD_SWEAT,SWEAT_PER,0
     133 00000970                   WL      6,D3UC3A+FR4
     134 000009a0                   WL      6,D3UC3A+FR5
     135 000009d0                   WL      6,D3UC3A+FR6
     136 00000a00                   WL      1,D3UC3A+FR7
     137                    
     138 00000a30     800b          .word   ANI_WAITHITGND
     139                    
     140 00000a40                   WL      ANI_CODE,HIT_THE_MAT
     141 00000a70     8037          .word   ANI_SHAKEALL,2
     142 00000a90     801f          .word   ANI_SHAKER,25
     143                    
     144 00000ab0                   WL      3,D3FD3E+FR2
     145 00000ae0                   WL      3,D3FD3E+FR3
     146 00000b10                   WL      3,D3FD3E+FR4
     147 00000b40                   WL      3,D3FD3E+FR5
     148 00000b70                   WL      3,D3FD3E+FR6
     149 00000ba0                   WL      3,D3FD3E+FR7
     150 00000bd0                   WL      3,D3FD3E+FR8
     151 00000c00                   WL      3,D3FD3E+FR9
     152                    
     153 00000c30     8028          .word   ANI_ZERO_XZVELS
     154                    
     155 00000c40                   WL      ANI_CODE,HIT_THE_MAT
     156 00000c70                   WL      8,D3RL1B+FR6
     157                    
     158 00000ca0     8054          .word   ANI_WAITROLL
     159 00000cb0                   WL      ANI_CHANGEANIM,dnk_faceup_getup_anim
     160                    
     161                    
     162 00000ce0            SUBR   dnk_arm_broken_anim
     163                    
     164 00000ce0     8002          .word   ANI_SETMODE,MODE_UNINT|MODE_NOAUTOFLIP
     165 00000d00     8004          .word   ANI_SETPLYRMODE,MODE_NORMAL
     166 00000d20     8026          .word   ANI_SETSPEED,100h
TMS340 COFF Macro Assembler Version 6.10     Mon Oct 30 16:55:58 2023
 Copyright (c) 1985-1991  Texas Instruments Incorporated 

Dink animation sequences                                             PAGE    4

     167                    
     168 00000d40                   WL      ANI_SET_YVEL,40000h
     169 00000d70                   WLW     ANI_SET_XVEL,-38000h,AM_HIT_REL
     170 00000db0                   WLW     ANI_SET_ZVEL,10000h,AM_HIT_REL
     171                    
     172 00000df0                   WL      ANI_CODE,DO_SCREAM
     173 00000e20     800b          .word   ANI_WAITHITGND
     174 00000e30     8003          .word   ANI_ZEROVELS
     175                    
     176 00000e40                   WL      4,D3AH3B+FR2
     177 00000e70                   WL      4,D3AH3B+FR3
     178 00000ea0                   WL      4,D3AH3B+FR5
     179 00000ed0                   WL      1,D4ST4E+FR3
     180                    
     181 00000f00                   WL      ANI_CODE,am_I_dead
     182 00000f30                   WL      ANI_IFNOTSTATUS2,zsgbnodead
     183                    
     184                            .ref    dnk_fall_back_anim
     185                    
     186 00000f60                   WL      ANI_CHANGEANIM,dnk_fall_back_anim
     187                    
     188 00000f90           zsgbnodead
     189                    
     190 00000f90     8022          .word   ANI_FACEDOWN
     191 00000fa0     8002          .word   ANI_SETMODE,MODE_NORMAL
     192 00000fc0     8049          .word   ANI_END
     193                    
     194                    
     195                            .end

 No Errors,  No Warnings
