TMS340 COFF Macro Assembler Version 6.10     Mon Oct 30 16:54:12 2023
 Copyright (c) 1985-1991  Texas Instruments Incorporated 

                                                                     PAGE    1

       1                            .FILE "doinkimg.asm"
       2                            .OPTION B,D,L,T
       3                    
       4                            .include imgtbl.glo
       5 00000000                   .DATA
       6 00000000                   .even
       7                    
       8                            .include doinkimg.tbl
       9                            .include doinkimg.h
      10                    
      11                    
      12 00000000                   .even
      13                            .include "doink.seq"
      14                    
      15                            .global D2ST2B03
      16                    
      17                    
      18                            .end

 No Errors,  No Warnings
