TMS340 COFF Macro Assembler Version 6.10     Wed Nov 01 06:20:16 2023
 Copyright (c) 1985-1991  Texas Instruments Incorporated 

                                                                     PAGE    1

       1                    **************************************************************
       2                    *
       3                    * Software:             Jamie Rivett
       4                    * Initiated:            5/1/94
       5                    *
       6                    * COPYRIGHT (C) 1992 WILLIAMS ELECTRONICS GAMES, INC.
       7                    *
       8                    **************************************************************
       9                    
      10                            .file   "getup.asm"
      12                            .width  132
      13                            .option b,d,l,t
      14                            .mnolist
      15                    
      16                    
      17                            .include        "macros.h"
      18                            .include        "mproc.equ"
      19                            .include        "sys.equ"
      20                            .include        "plyr.equ"
      21                            .include        "game.equ"
      22                    
      23                            .REF    MAYBE_GIDDUP
      24                    
      25                    
      26                    *****************************************************************************
      27                    * WRESTLER HAS JUST BEEN HIT
      28                    *
      29                    * a10 = * offensive process (attacker)
      30                    * a13 = * defensive process (victim)
      31                    
      32 00000000            SUBR   set_getup_time
      33                    
      34 00000000                   PUSH    a0,a1,A8
      35 00000020     b5ae          move    *a13(GETUP_TIME),a14
         00000030     0460  
      36 00000040     cb16          jrnz    euyuout
      37 00000050     b540          move    *a10(ATTACK_MODE),a0    ;type of attack that hit
         00000060     05d0  
      38 00000070                   X64     a0
      39 00000080     0b20          addi    euyuhit_table,a0
         00000090 000001e0' 
      40 000000b0     4c08          MOVE    A0,A8
      41 000000c0     8600          move    *a0,a0,L
      42 000000d0     b5a1          move    *a13(WRESTLERNUM),a1
         000000e0     0590  
      43 000000f0                   X16     a1
      44 00000100     4020          add     a1,a0
      45 00000110     8400          move    *a0,a0
      46 00000120     b00d          move    a0,*a13(GETUP_TIME)
         00000130     0460  
      47 00000140     b5a0          move    *a13(DELAY_METER),A0
         00000150     0ad0  
      48 00000160     cb04          JRNZ    euyuout
      49 00000170     b700          MOVE    *A8(020H),A0,L
         00000180     0020  
TMS340 COFF Macro Assembler Version 6.10     Wed Nov 01 06:20:16 2023
 Copyright (c) 1985-1991  Texas Instruments Incorporated 

getup time tables                                                    PAGE    2

      50 00000190     ca01          JRZ     euyuout
      51 000001a0     0920          CALL    A0
      52 000001b0           euyuout PULL    a0,a1,A8
      53 000001d0     0960          rets
      54                    
      55 000001e0           euyuhit_table
      56 000001e0 00000e80'         .long   _punch,0                ;0
      57 00000220 00000e80'         .long   _hdbutt,0               ;1
      58 00000260 00000e80'         .long   _kick,MAYBE_GIDDUP              ;2
      59 000002a0 00000f20'         .long   _flykick,MAYBE_GIDDUP   ;3
      60 000002e0 00000e80'         .long   _grabthrow,0    ;4
      61                    
      62 00000320 00000e80'         .long   _uprcut,MAYBE_GIDDUP            ;5
      63 00000360 00000e80'         .long   _lbowdrop,0     ;6
      64 000003a0 00000e80'         .long   _grabhold,0     ;7
      65 000003e0 00000e80'         .long   _grabfling,0    ;8
      66 00000420 00000e80'         .long   _push,0         ;9
      67                    
      68 00000460 00000f20'         .long   _hiptoss,MAYBE_GIDDUP   ;10
      69 000004a0 00000f20'         .long   _bigboot,MAYBE_GIDDUP   ;11
      70 000004e0 00000e80'         .long   _knee,0         ;12
      71 00000520 00000e80'         .long   _grapple,0      ;13
      72 00000560 00000e80'         .long   _superpunch,0   ;14
      73                    
      74 000005a0 00000e80'         .long   _stomp,0                ;15
      75 000005e0 00000e80'         .long   _spinkick,0     ;16
      76 00000620 00000e80'         .long   _cline,MAYBE_GIDDUP             ;17
      77 00000660 00000e80'         .long   _headhold,0     ;18
      78 000006a0 00000e80'         .long   _jumpkick,0     ;19
      79                    
      80 000006e0 00000e80'         .long   _run,0          ;20
      81 00000720 00000e80'         .long   _puppet,0               ;21
      82 00000760 00000e80'         .long   _backhand,0     ;22
      83 000007a0 00000e80'         .long   _buzz,0         ;23
      84 000007e0 00000e80'         .long   _haymaker,0     ;24
      85                    
      86 00000820 00000e80'         .long   _blbowdrop,MAYBE_GIDDUP ;25
      87 00000860 00000e80'         .long   _bstomp,MAYBE_GIDDUP            ;26
      88 000008a0 00000e80'         .long   _headknees,0    ;27
      89                    
      90 000008e0 00000e80'         .long   _earslap,0      ;28
      91 00000920 00000e80'         .long   _hammer,MAYBE_GIDDUP            ;29
      92                    
      93 00000960 00000e80'         .long   _buttstomp,0    ;30
      94 000009a0 00000de0'         .long   _null,0         ;31
      95 000009e0 00000de0'         .long   _null,0         ;32
      96 00000a20 00000e80'         .long   _tomb,0         ;33
      97 00000a60 00000f20'         .long   _bigknee,MAYBE_GIDDUP   ;34
      98                    
      99 00000aa0 00000e80'         .long   _shnbfkik,0     ;35
     100 00000ae0 00000e80'         .long   _shnspdkik,0    ;36
     101 00000b20 00000e80'         .long   _shnspdkik2,MAYBE_GIDDUP        ;37
     102 00000b60 00000de0'         .long   _null,0         ;38
     103 00000ba0 00000e80'         .long   _armbreak,MAYBE_GIDDUP  ;39
     104                    
TMS340 COFF Macro Assembler Version 6.10     Wed Nov 01 06:20:16 2023
 Copyright (c) 1985-1991  Texas Instruments Incorporated 

getup time tables                                                    PAGE    3

     105 00000be0 00000e80'         .long   _buttdrop,0     ;40
     106 00000c20 00000de0'         .long   _null,0         ;41
     107 00000c60 00000de0'         .long   _null,0         ;42
     108 00000ca0 00000de0'         .long   _null,0         ;43
     109 00000ce0 00000de0'         .long   _null,0         ;44
     110 00000d20 00000de0'         .long   _null,0         ;45
     111 00000d60 00000de0'         .long   _null,0         ;46
     112 00000da0 00000de0'         .long   _null,0         ;47
     113                    
     114                    ************************
     115                    ;DEFAULT
     116 00000de0           _null
     117                    ;       .word   1,1,1,1,1,1,1,1,1,1     ;get right back up
     118 00000de0     0000          .word   0,0,0,0,0,0,0,0,0,0     ;get right back up
     119                    
     120                    ************************
     121 00000e80           _punch
     122 00000e80           _hdbutt
     123 00000e80           _kick
     124 00000e80           _grabthrow
     125 00000e80           _uprcut
     126 00000e80           _lbowdrop
     127 00000e80           _grabhold
     128 00000e80           _grabfling
     129 00000e80           _push
     130 00000e80           _knee
     131 00000e80           _grapple   
     132 00000e80           _superpunch
     133 00000e80           _stomp     
     134 00000e80           _buttstomp
     135 00000e80           _spinkick  
     136 00000e80           _cline     
     137 00000e80           _headhold  
     138 00000e80           _jumpkick  
     139 00000e80           _run       
     140 00000e80           _puppet    
     141 00000e80           _backhand  
     142 00000e80           _buzz      
     143 00000e80           _haymaker  
     144 00000e80           _blbowdrop 
     145 00000e80           _bstomp    
     146 00000e80           _headknees 
     147 00000e80           _earslap   
     148 00000e80           _hammer    
     149 00000e80           _tomb      
     150 00000e80           _shnbfkik  
     151 00000e80           _shnspdkik 
     152 00000e80           _shnspdkik2
     153 00000e80           _armbreak  
     154 00000e80           _buttdrop  
     155 00000e80     0000          .word   000     ;0      (Bret)
     156 00000e90     0000          .word   000     ;1      (Razor)
     157 00000ea0     0000          .word   000     ;2      (Taker)
     158 00000eb0     0000          .word   000     ;3      (Yoko)
     159 00000ec0     0000          .word   000     ;4      (Shawn)
TMS340 COFF Macro Assembler Version 6.10     Wed Nov 01 06:20:16 2023
 Copyright (c) 1985-1991  Texas Instruments Incorporated 

getup time tables                                                    PAGE    4

     160 00000ed0     0000          .word   000     ;5      (Bam Bam)
     161 00000ee0     0000          .word   000     ;6      (Doink)
     162 00000ef0     0000          .word   000     ;7      (Adam)
     163 00000f00     0000          .word   000     ;8      (Lex)
     164 00000f10     0000          .word   000     ;9      (Referee)
     165                    
     166                    
     167                    ************************
     168                    ;AMODE_FLYKICK  3
     169                    ;AMODE_HIPTOSS  10
     170                    ;AMODE_BIGBOOT  11
     171 00000f20           _hiptoss
     172 00000f20           _bigboot
     173 00000f20           _flykick
     174 00000f20           _bigknee
     175 00000f20     010e          .word   STAY_TIME       ;0      (Bret)
     176 00000f30     010e          .word   STAY_TIME       ;1      (Razor)
     177 00000f40     010e          .word   STAY_TIME       ;2      (Taker)
     178 00000f50     010e          .word   STAY_TIME       ;3      (Yoko)
     179 00000f60     010e          .word   STAY_TIME       ;4      (Shawn)
     180 00000f70     010e          .word   STAY_TIME       ;5      (Bam Bam)
     181 00000f80     010e          .word   STAY_TIME       ;6      (Doink)
     182 00000f90     010e          .word   STAY_TIME       ;7      (Adam)
     183 00000fa0     010e          .word   STAY_TIME       ;8      (Lex)
     184 00000fb0     010e          .word   STAY_TIME       ;9      (Referee)
     185                    
     186                    
     187                    ******************************************************************************
     188                    
     189                            .end

 No Errors,  No Warnings
