TMS340 COFF Macro Assembler Version 6.10     Wed Nov 01 06:20:12 2023
 Copyright (c) 1985-1991  Texas Instruments Incorporated 

                                                                     PAGE    1

       1                            .FILE "leximg.asm"
       2                            .OPTION B,D,L,T
       3                    
       4                            .include imgtbl.glo
       5 00000000                   .DATA
       6 00000000                   .even
       7                    
       8                            .include leximg.tbl
       9                            .include leximg.h
      10                    
      11                    ******************************************************************************
      12                    
      13 00000000                   .even
      14                            .include "lex.seq"
      15                    
      16                    ******************************************************************************
      17                    
      18                            .end

 No Errors,  No Warnings
