TMS340 COFF Macro Assembler Version 6.10     Mon Oct 30 16:55:59 2023
 Copyright (c) 1985-1991  Texas Instruments Incorporated 

                                                                     PAGE    1

       1                    
       2                            .file   "lexseq1.asm"
       4                            .width  132
       5                            .option b,d,l,t
       6                            .mnolist
       7                    
       8                    
       9                            .include        "macros.h"
      10                            .include        "mproc.equ"             ;Mproc equates
      11                            .include        "sys.equ"
      12                            .include        "game.equ"
      13                            .include        "plyr.equ"
      14                            .include        "anim.equ"
      15                            .include        "sound.h"
      16                    
      17                            .include        "leximg.h"
      18                            .include        "takerimg.h"            ;<-- temp!
      19                    
      20                    
      21                    
      22                            .ref    SMALL_RUN,fix_bnc_flip
      23                            .REF    MAYBE_BOUNCE_ROPE
      24                    
      25                    
      26 00000000            SUBR   lex_zip_anim
      27 00000000                   WL      60*60,L2ST2C+FR1
      28 00000030     8049          .word   ANI_END
      29                    
      30                    
      31 00000040            SUBR   lex_stand2_anim
      32 00000040            SUBR   lex_stand8_anim
      33 00000040     8002          .word   ANI_SETMODE,MODE_NORMAL
      34 00000060     8026          .word   ANI_SETSPEED,100h
      35                    
      36 00000080                   WL      5,L2ST2C+FR6
      37 000000b0                   WL      5,L2ST2C+FR5
      38 000000e0                   WL      5,L2ST2C+FR4
      39 00000110                   WL      5,L2ST2C+FR3
      40 00000140                   WL      5,L2ST2C+FR2
      41 00000170                   WL      5,L2ST2C+FR1
      42 000001a0                   WL      5,L2ST2C+FR2
      43 000001d0                   WL      5,L2ST2C+FR3
      44 00000200                   WL      5,L2ST2C+FR4
      45 00000230                   WL      5,L2ST2C+FR5
      46 00000260                   WL      5,L2ST2C+FR6
      47 00000290                   WL      5,L2ST2C+FR7
      48                    
      49 000002c0     8001          .word   ANI_REPEAT
      50                    
      51                    
      52 000002d0            SUBR   lex_stand4_anim
      53 000002d0            SUBR   lex_stand6_anim
      54 000002d0     8002          .word   ANI_SETMODE,MODE_NORMAL
      55 000002f0     8026          .word   ANI_SETSPEED,100h
      56                    
TMS340 COFF Macro Assembler Version 6.10     Mon Oct 30 16:55:59 2023
 Copyright (c) 1985-1991  Texas Instruments Incorporated 

walks, runs, stances, and turns                                      PAGE    2

      57 00000310                   WL      5,L4ST4C+FR4
      58 00000340                   WL      5,L4ST4C+FR5
      59 00000370                   WL      5,L4ST4C+FR6
      60 000003a0                   WL      5,L4ST4C+FR7
      61 000003d0                   WL      5,L4ST4C+FR6
      62 00000400                   WL      5,L4ST4C+FR5
      63 00000430                   WL      5,L4ST4C+FR4
      64 00000460                   WL      5,L4ST4C+FR3
      65 00000490                   WL      5,L4ST4C+FR2
      66 000004c0                   WL      5,L4ST4C+FR1
      67 000004f0                   WL      5,L4ST4C+FR2
      68 00000520                   WL      5,L4ST4C+FR3
      69                    
      70 00000550     8001          .word   ANI_REPEAT
      71                    
      72                    
      73 00000560            SUBR   lex_holdoh_anim
      74 00000560                   WL      999,L4PO4A+FR10
      75 00000590     8001          .word   ANI_REPEAT
      76                    
      77 000005a0            SUBR   lex_stndholdoh_anim
      78                    
      79 000005a0     8002          .word   ANI_SETMODE,MODE_NOAUTOFLIP
      80 000005c0     8003          .word   ANI_ZEROVELS
      81 000005d0     8026          .word   ANI_SETSPEED,100h
      82                    
      83 000005f0                   WL      999,L4PO4A+FR8
      84 00000620     8001          .word   ANI_REPEAT
      85                    
      86                    
      87                    
      88 00000630            SUBR   lex_torso2_anim
      89 00000630            SUBR   lex_torso8_anim
      90                    
      91 00000630                   WL      4,L2TW2Z+FR1
      92 00000660                   WL      4,L2TW2Z+FR2
      93 00000690                   WL      4,L2TW2Z+FR3
      94 000006c0                   WL      4,L2TW2Z+FR4
      95 000006f0                   WL      4,L2TW2Z+FR5
      96 00000720                   WL      4,L2TW2Z+FR4
      97 00000750                   WL      4,L2TW2Z+FR3
      98 00000780                   WL      4,L2TW2Z+FR2
      99 000007b0     8001          .word   ANI_REPEAT
     100                    
     101                    
     102 000007c0            SUBR   lex_torso4_anim
     103 000007c0            SUBR   lex_torso6_anim
     104                    
     105 000007c0                   WL      4,L4TW4Z+FR1
     106 000007f0                   WL      4,L4TW4Z+FR2
     107 00000820                   WL      4,L4TW4Z+FR3
     108 00000850                   WL      4,L4TW4Z+FR4
     109 00000880                   WL      4,L4TW4Z+FR5
     110 000008b0                   WL      4,L4TW4Z+FR4
     111 000008e0                   WL      4,L4TW4Z+FR3
TMS340 COFF Macro Assembler Version 6.10     Mon Oct 30 16:55:59 2023
 Copyright (c) 1985-1991  Texas Instruments Incorporated 

walks, runs, stances, and turns                                      PAGE    3

     112 00000910                   WL      4,L4TW4Z+FR2
     113 00000940     8001          .word   ANI_REPEAT
     114                    
     115                    
     116                    
     117 00000950            SUBR   lex_walk1_f2_anim
     118                    
     119 00000950                   WL      3,L2WL1B+FR1
     120 00000980                   WL      2,L2WL1B+FR2
     121 000009b0                   WL      3,L2WL1B+FR3
     122 000009e0                   WL      2,L2WL1B+FR4
     123 00000a10                   WL      3,L2WL1B+FR5
     124 00000a40                   WL      2,L2WL1B+FR6
     125 00000a70                   WL      3,L2WL1B+FR7
     126 00000aa0                   WL      2,L2WL1B+FR8
     127 00000ad0                   WL      3,L2WL1B+FR9
     128 00000b00                   WL      2,L2WL1B+FR10
     129 00000b30                   WL      3,L2WL1B+FR11
     130 00000b60                   WL      2,L2WL1B+FR12
     131 00000b90                   WL      3,L2WL1B+FR13
     132 00000bc0                   WL      2,L2WL1B+FR14
     133 00000bf0                   WL      3,L2WL1B+FR15
     134 00000c20                   WL      2,L2WL1B+FR16
     135                    
     136 00000c50     8001          .word   ANI_REPEAT
     137                    
     138 00000c60            SUBR   lex_walk2_f2_anim
     139                    
     140 00000c60                   WL      3,L2WL2A+FR1
     141 00000c90                   WL      2,L2WL2A+FR2
     142 00000cc0                   WL      3,L2WL2A+FR3
     143 00000cf0                   WL      2,L2WL2A+FR4
     144 00000d20                   WL      3,L2WL2A+FR5
     145 00000d50                   WL      2,L2WL2A+FR6
     146 00000d80                   WL      3,L2WL2A+FR7
     147 00000db0                   WL      2,L2WL2A+FR8
     148 00000de0                   WL      3,L2WL2A+FR9
     149 00000e10                   WL      2,L2WL2A+FR10
     150 00000e40                   WL      3,L2WL2A+FR11
     151 00000e70                   WL      2,L2WL2A+FR12
     152 00000ea0                   WL      3,L2WL2A+FR13
     153 00000ed0                   WL      2,L2WL2A+FR14
     154 00000f00                   WL      3,L2WL2A+FR15
     155 00000f30                   WL      2,L2WL2A+FR16
     156 00000f60                   WL      3,L2WL2A+FR17
     157 00000f90                   WL      2,L2WL2A+FR18
     158                    
     159 00000fc0     8001          .word   ANI_REPEAT
     160                    
     161 00000fd0            SUBR   lex_walk4_f2_anim
     162                    
     163 00000fd0                   WL      3,L2WL8A+FR1
     164 00001000                   WL      2,L2WL8A+FR2
     165 00001030                   WL      3,L2WL8A+FR3
     166 00001060                   WL      2,L2WL8A+FR4
TMS340 COFF Macro Assembler Version 6.10     Mon Oct 30 16:55:59 2023
 Copyright (c) 1985-1991  Texas Instruments Incorporated 

walks, runs, stances, and turns                                      PAGE    4

     167 00001090                   WL      3,L2WL8A+FR5
     168 000010c0                   WL      2,L2WL8A+FR6
     169 000010f0                   WL      3,L2WL8A+FR7
     170 00001120                   WL      2,L2WL8A+FR8
     171 00001150                   WL      3,L2WL8A+FR9
     172 00001180                   WL      2,L2WL8A+FR10
     173 000011b0                   WL      3,L2WL8A+FR11
     174 000011e0                   WL      2,L2WL8A+FR12
     175 00001210                   WL      3,L2WL8A+FR13
     176 00001240                   WL      2,L2WL8A+FR14
     177 00001270                   WL      3,L2WL8A+FR15
     178 000012a0                   WL      2,L2WL8A+FR16
     179 000012d0                   WL      3,L2WL8A+FR17
     180                    
     181 00001300     8001          .word   ANI_REPEAT
     182                    
     183 00001310            SUBR   lex_walk5_f2_anim
     184                    
     185 00001310                   WL      3,L2WL1B+FR16
     186 00001340                   WL      2,L2WL1B+FR15
     187 00001370                   WL      3,L2WL1B+FR14
     188 000013a0                   WL      2,L2WL1B+FR13
     189 000013d0                   WL      3,L2WL1B+FR12
     190 00001400                   WL      2,L2WL1B+FR11
     191 00001430                   WL      3,L2WL1B+FR10
     192 00001460                   WL      2,L2WL1B+FR9
     193 00001490                   WL      3,L2WL1B+FR8
     194 000014c0                   WL      2,L2WL1B+FR7
     195 000014f0                   WL      3,L2WL1B+FR6
     196 00001520                   WL      2,L2WL1B+FR5
     197 00001550                   WL      3,L2WL1B+FR4
     198 00001580                   WL      2,L2WL1B+FR3
     199 000015b0                   WL      3,L2WL1B+FR2
     200 000015e0                   WL      2,L2WL1B+FR1
     201                    
     202 00001610     8001          .word   ANI_REPEAT
     203                    
     204 00001620            SUBR   lex_walk6_f2_anim
     205                    
     206 00001620                   WL      3,L2WL2A+FR18
     207 00001650                   WL      2,L2WL2A+FR17
     208 00001680                   WL      3,L2WL2A+FR16
     209 000016b0                   WL      2,L2WL2A+FR15
     210 000016e0                   WL      3,L2WL2A+FR14
     211 00001710                   WL      2,L2WL2A+FR13
     212 00001740                   WL      3,L2WL2A+FR12
     213 00001770                   WL      2,L2WL2A+FR11
     214 000017a0                   WL      3,L2WL2A+FR10
     215 000017d0                   WL      2,L2WL2A+FR9
     216 00001800                   WL      3,L2WL2A+FR8
     217 00001830                   WL      2,L2WL2A+FR7
     218 00001860                   WL      3,L2WL2A+FR6
     219 00001890                   WL      2,L2WL2A+FR5
     220 000018c0                   WL      3,L2WL2A+FR4
     221 000018f0                   WL      2,L2WL2A+FR3
TMS340 COFF Macro Assembler Version 6.10     Mon Oct 30 16:55:59 2023
 Copyright (c) 1985-1991  Texas Instruments Incorporated 

walks, runs, stances, and turns                                      PAGE    5

     222 00001920                   WL      3,L2WL2A+FR2
     223 00001950                   WL      2,L2WL2A+FR1
     224                    
     225 00001980     8001          .word   ANI_REPEAT
     226                    
     227                    
     228 00001990            SUBR   lex_walk8_f2_anim
     229                    
     230 00001990                   WL      3,L2WL8A+FR17
     231 000019c0                   WL      2,L2WL8A+FR16
     232 000019f0                   WL      3,L2WL8A+FR15
     233 00001a20                   WL      2,L2WL8A+FR14
     234 00001a50                   WL      3,L2WL8A+FR13
     235 00001a80                   WL      2,L2WL8A+FR12
     236 00001ab0                   WL      3,L2WL8A+FR11
     237 00001ae0                   WL      2,L2WL8A+FR10
     238 00001b10                   WL      3,L2WL8A+FR9
     239 00001b40                   WL      2,L2WL8A+FR8
     240 00001b70                   WL      3,L2WL8A+FR7
     241 00001ba0                   WL      2,L2WL8A+FR6
     242 00001bd0                   WL      3,L2WL8A+FR5
     243 00001c00                   WL      2,L2WL8A+FR4
     244 00001c30                   WL      3,L2WL8A+FR3
     245 00001c60                   WL      2,L2WL8A+FR2
     246 00001c90                   WL      3,L2WL8A+FR1
     247 00001cc0     8001          .word   ANI_REPEAT
     248                    
     249                    
     250                    
     251                    
     252 00001cd0            SUBR   lex_walk1_f4_anim
     253                    
     254 00001cd0                   WL      3,L4WL5A+FR17
     255 00001d00                   WL      2,L4WL5A+FR16
     256 00001d30                   WL      3,L4WL5A+FR15
     257 00001d60                   WL      2,L4WL5A+FR14
     258 00001d90                   WL      3,L4WL5A+FR13
     259 00001dc0                   WL      2,L4WL5A+FR12
     260 00001df0                   WL      3,L4WL5A+FR11
     261 00001e20                   WL      2,L4WL5A+FR10
     262 00001e50                   WL      3,L4WL5A+FR9
     263 00001e80                   WL      2,L4WL5A+FR8
     264 00001eb0                   WL      3,L4WL5A+FR7
     265 00001ee0                   WL      2,L4WL5A+FR6
     266 00001f10                   WL      3,L4WL5A+FR5
     267 00001f40                   WL      2,L4WL5A+FR4
     268 00001f70                   WL      3,L4WL5A+FR3
     269 00001fa0                   WL      2,L4WL5A+FR2
     270 00001fd0                   WL      3,L4WL5A+FR1
     271 00002000     8001          .word   ANI_REPEAT
     272                    
     273 00002010            SUBR   lex_walk2_f4_anim
     274                    
     275 00002010                   WL      3,L4WL2B+FR1
     276 00002040                   WL      2,L4WL2B+FR2
TMS340 COFF Macro Assembler Version 6.10     Mon Oct 30 16:55:59 2023
 Copyright (c) 1985-1991  Texas Instruments Incorporated 

walks, runs, stances, and turns                                      PAGE    6

     277 00002070                   WL      3,L4WL2B+FR3
     278 000020a0                   WL      2,L4WL2B+FR4
     279 000020d0                   WL      3,L4WL2B+FR5
     280 00002100                   WL      2,L4WL2B+FR6
     281 00002130                   WL      3,L4WL2B+FR7
     282 00002160                   WL      2,L4WL2B+FR8
     283 00002190                   WL      3,L4WL2B+FR9
     284 000021c0                   WL      2,L4WL2B+FR10
     285 000021f0                   WL      3,L4WL2B+FR11
     286 00002220                   WL      2,L4WL2B+FR12
     287 00002250                   WL      3,L4WL2B+FR13
     288 00002280                   WL      2,L4WL2B+FR14
     289 000022b0                   WL      3,L4WL2B+FR15
     290 000022e0                   WL      2,L4WL2B+FR16
     291                    
     292 00002310     8001          .word   ANI_REPEAT
     293                    
     294 00002320            SUBR   lex_walk4_f4_anim
     295                    
     296 00002320                   WL      3,L4WL4A+FR1
     297 00002350                   WL      2,L4WL4A+FR2
     298 00002380                   WL      3,L4WL4A+FR3
     299 000023b0                   WL      2,L4WL4A+FR4
     300 000023e0                   WL      3,L4WL4A+FR5
     301 00002410                   WL      2,L4WL4A+FR6
     302 00002440                   WL      3,L4WL4A+FR7
     303 00002470                   WL      2,L4WL4A+FR8
     304 000024a0                   WL      3,L4WL4A+FR9
     305 000024d0                   WL      2,L4WL4A+FR10
     306 00002500                   WL      3,L4WL4A+FR11
     307 00002530                   WL      2,L4WL4A+FR12
     308 00002560                   WL      3,L4WL4A+FR13
     309 00002590                   WL      2,L4WL4A+FR14
     310 000025c0                   WL      3,L4WL4A+FR15
     311 000025f0                   WL      2,L4WL4A+FR16
     312 00002620                   WL      3,L4WL4A+FR17
     313 00002650                   WL      2,L4WL4A+FR18
     314                    
     315 00002680     8001          .word   ANI_REPEAT
     316                    
     317 00002690            SUBR   lex_walk5_f4_anim
     318                    
     319 00002690                   WL      3,L4WL5A+FR1
     320 000026c0                   WL      2,L4WL5A+FR2
     321 000026f0                   WL      3,L4WL5A+FR3
     322 00002720                   WL      2,L4WL5A+FR4
     323 00002750                   WL      3,L4WL5A+FR5
     324 00002780                   WL      2,L4WL5A+FR6
     325 000027b0                   WL      3,L4WL5A+FR7
     326 000027e0                   WL      2,L4WL5A+FR8
     327 00002810                   WL      3,L4WL5A+FR9
     328 00002840                   WL      2,L4WL5A+FR10
     329 00002870                   WL      3,L4WL5A+FR11
     330 000028a0                   WL      2,L4WL5A+FR12
     331 000028d0                   WL      3,L4WL5A+FR13
TMS340 COFF Macro Assembler Version 6.10     Mon Oct 30 16:55:59 2023
 Copyright (c) 1985-1991  Texas Instruments Incorporated 

walks, runs, stances, and turns                                      PAGE    7

     332 00002900                   WL      2,L4WL5A+FR14
     333 00002930                   WL      3,L4WL5A+FR15
     334 00002960                   WL      2,L4WL5A+FR16
     335 00002990                   WL      3,L4WL5A+FR17
     336                    
     337 000029c0     8001          .word   ANI_REPEAT
     338                    
     339 000029d0            SUBR   lex_walk6_f4_anim
     340                    
     341 000029d0                   WL      3,L4WL2B+FR16
     342 00002a00                   WL      2,L4WL2B+FR15
     343 00002a30                   WL      3,L4WL2B+FR14
     344 00002a60                   WL      2,L4WL2B+FR13
     345 00002a90                   WL      3,L4WL2B+FR12
     346 00002ac0                   WL      2,L4WL2B+FR11
     347 00002af0                   WL      3,L4WL2B+FR10
     348 00002b20                   WL      2,L4WL2B+FR9
     349 00002b50                   WL      3,L4WL2B+FR8
     350 00002b80                   WL      2,L4WL2B+FR7
     351 00002bb0                   WL      3,L4WL2B+FR6
     352 00002be0                   WL      2,L4WL2B+FR5
     353 00002c10                   WL      3,L4WL2B+FR4
     354 00002c40                   WL      2,L4WL2B+FR3
     355 00002c70                   WL      3,L4WL2B+FR2
     356 00002ca0                   WL      2,L4WL2B+FR1
     357                    
     358 00002cd0     8001          .word   ANI_REPEAT
     359                    
     360 00002ce0            SUBR   lex_walk8_f4_anim
     361                    
     362 00002ce0                   WL      3,L4WL4A+FR18
     363 00002d10                   WL      2,L4WL4A+FR17
     364 00002d40                   WL      3,L4WL4A+FR16
     365 00002d70                   WL      2,L4WL4A+FR15
     366 00002da0                   WL      3,L4WL4A+FR14
     367 00002dd0                   WL      2,L4WL4A+FR13
     368 00002e00                   WL      3,L4WL4A+FR12
     369 00002e30                   WL      2,L4WL4A+FR11
     370 00002e60                   WL      3,L4WL4A+FR10
     371 00002e90                   WL      2,L4WL4A+FR9
     372 00002ec0                   WL      3,L4WL4A+FR8
     373 00002ef0                   WL      2,L4WL4A+FR7
     374 00002f20                   WL      3,L4WL4A+FR6
     375 00002f50                   WL      2,L4WL4A+FR5
     376 00002f80                   WL      3,L4WL4A+FR4
     377 00002fb0                   WL      2,L4WL4A+FR3
     378 00002fe0                   WL      3,L4WL4A+FR2
     379 00003010                   WL      2,L4WL4A+FR1
     380                    
     381 00003040     8001          .word   ANI_REPEAT
     382                    
     383                    
     384                    
     385                    
     386 00003050            SUBR   lex_2_to_4_turn_anim
TMS340 COFF Macro Assembler Version 6.10     Mon Oct 30 16:55:59 2023
 Copyright (c) 1985-1991  Texas Instruments Incorporated 

walks, runs, stances, and turns                                      PAGE    8

     387 00003050            SUBR   lex_8_to_6_turn_anim
     388 00003050     8002          .word   ANI_SETMODE,MODE_INTURN|MODE_NOAUTOFLIP ;uninterruptable
     389 00003070     8026          .word   ANI_SETSPEED,100h
     390 00003090                   WL      2,L1TT5A+FR4
     391 000030c0                   WL      2,L1TT5A+FR5
     392 000030f0                   WL      2,L1TT5A+FR6
     393 00003120     8002          .word   ANI_SETMODE,MODE_NORMAL
     394 00003140     8049          .word   ANI_END
     395                    
     396 00003150            SUBR   lex_4_to_2_turn_anim
     397 00003150            SUBR   lex_6_to_8_turn_anim
     398 00003150     8002          .word   ANI_SETMODE,MODE_INTURN|MODE_NOAUTOFLIP ;uninterruptable
     399 00003170     8026          .word   ANI_SETSPEED,100h
     400 00003190                   WL      2,L1TT5A+FR6
     401 000031c0                   WL      2,L1TT5A+FR5
     402 000031f0                   WL      2,L1TT5A+FR4
     403 00003220     8002          .word   ANI_SETMODE,MODE_NORMAL
     404 00003240     8049          .word   ANI_END
     405                    
     406 00003250            SUBR   lex_4_to_6_turn_anim
     407 00003250            SUBR   lex_6_to_4_turn_anim
     408 00003250     8002          .word   ANI_SETMODE,MODE_INTURN|MODE_NOAUTOFLIP ;uninterruptable
     409 00003270     8026          .word   ANI_SETSPEED,100h
     410 00003290                   WL      2,L1TT5A+FR8
     411 000032c0     800c          .word   ANI_XFLIP
     412 000032d0                   WL      2,L1TT5A+FR9
     413 00003300                   WL      2,L1TT5A+FR8
     414 00003330     8002          .word   ANI_SETMODE,MODE_NORMAL
     415 00003350     8049          .word   ANI_END
     416                    
     417 00003360            SUBR   lex_2_to_8_turn_anim
     418 00003360            SUBR   lex_8_to_2_turn_anim
     419 00003360     8002          .word   ANI_SETMODE,MODE_INTURN|MODE_NOAUTOFLIP ;uninterruptable
     420 00003380     8026          .word   ANI_SETSPEED,100h
     421 000033a0                   WL      2,L1TT5A+FR2
     422 000033d0     800c          .word   ANI_XFLIP
     423 000033e0                   WL      2,L1TT5A+FR1
     424 00003410                   WL      2,L1TT5A+FR2
     425 00003440     8002          .word   ANI_SETMODE,MODE_NORMAL
     426 00003460     8049          .word   ANI_END
     427                    
     428 00003470            SUBR   lex_4_to_8_turn_anim
     429 00003470            SUBR   lex_6_to_2_turn_anim
     430 00003470     8002          .word   ANI_SETMODE,MODE_INTURN|MODE_NOAUTOFLIP ;uninterruptable
     431 00003490     8026          .word   ANI_SETSPEED,100h
     432 000034b0                   WL      2,L1TT5A+FR8
     433 000034e0     800c          .word   ANI_XFLIP
     434 000034f0                   WL      2,L1TT5A+FR9
     435 00003520                   WL      2,L1TT5A+FR8
     436 00003550                   WL      2,L4ST4C+FR4    ;paxp4 stand
     437 00003580                   WL      2,L1TT5A+FR6
     438 000035b0                   WL      2,L1TT5A+FR5
     439 000035e0                   WL      2,L1TT5A+FR4
     440 00003610     8002          .word   ANI_SETMODE,MODE_NORMAL
     441 00003630     8049          .word   ANI_END
TMS340 COFF Macro Assembler Version 6.10     Mon Oct 30 16:55:59 2023
 Copyright (c) 1985-1991  Texas Instruments Incorporated 

walks, runs, stances, and turns                                      PAGE    9

     442                    
     443 00003640            SUBR   lex_2_to_6_turn_anim
     444 00003640            SUBR   lex_8_to_4_turn_anim
     445 00003640     8002          .word   ANI_SETMODE,MODE_INTURN|MODE_NOAUTOFLIP ;uninterruptable
     446 00003660     8026          .word   ANI_SETSPEED,100h
     447 00003680                   WL      2,L1TT5A+FR4
     448 000036b0                   WL      2,L1TT5A+FR5
     449 000036e0                   WL      2,L1TT5A+FR6
     450 00003710                   WL      2,L4ST4C+FR4    ;paxp4 stand
     451 00003740                   WL      2,L1TT5A+FR8
     452 00003770     800c          .word   ANI_XFLIP
     453 00003780                   WL      2,L1TT5A+FR9
     454 000037b0                   WL      2,L1TT5A+FR8
     455 000037e0     8002          .word   ANI_SETMODE,MODE_NORMAL
     456 00003800     8049          .word   ANI_END
     457                    
     458                    
     459 00003810            SUBR   lex_2_to_4_turn2_anim
     460 00003810            SUBR   lex_8_to_6_turn2_anim
     461 00003810     8002          .word   ANI_SETMODE,MODE_INTURN|MODE_NOAUTOFLIP ;uninterruptable
     462 00003830     8026          .word   ANI_SETSPEED,100h
     463 00003850                   WL      2,L1TR5A+FR4
     464 00003880                   WL      2,L1TR5A+FR5
     465 000038b0     801b          .word   ANI_SETFACING
     466 000038c0                   WL      2,L1TR5A+FR5
     467 000038f0                   WL      2,L1TR5A+FR6
     468 00003920     8002          .word   ANI_SETMODE,MODE_NORMAL
     469 00003940     8049          .word   ANI_END
     470                    
     471 00003950            SUBR   lex_4_to_2_turn2_anim
     472 00003950            SUBR   lex_6_to_8_turn2_anim
     473 00003950     8002          .word   ANI_SETMODE,MODE_INTURN|MODE_NOAUTOFLIP ;uninterruptable
     474 00003970     8026          .word   ANI_SETSPEED,100h
     475 00003990                   WL      2,L1TR5A+FR6
     476 000039c0                   WL      2,L1TR5A+FR5
     477 000039f0     801b          .word   ANI_SETFACING
     478 00003a00                   WL      2,L1TR5A+FR5
     479 00003a30                   WL      2,L1TR5A+FR4
     480 00003a60     8002          .word   ANI_SETMODE,MODE_NORMAL
     481 00003a80     8049          .word   ANI_END
     482                    
     483 00003a90            SUBR   lex_4_to_6_turn2_anim
     484 00003a90            SUBR   lex_6_to_4_turn2_anim
     485 00003a90     8002          .word   ANI_SETMODE,MODE_INTURN|MODE_NOAUTOFLIP ;uninterruptable
     486 00003ab0     8026          .word   ANI_SETSPEED,100h
     487 00003ad0                   WL      2,L1TR5A+FR8
     488 00003b00     801b          .word   ANI_SETFACING           ;ANI_XFLIP <- not primary anim
     489 00003b10                   WL      2,L1TR5A+FR9
     490 00003b40                   WL      2,L1TR5A+FR8
     491 00003b70     8002          .word   ANI_SETMODE,MODE_NORMAL
     492 00003b90     8049          .word   ANI_END
     493                    
     494 00003ba0            SUBR   lex_2_to_8_turn2_anim
     495 00003ba0            SUBR   lex_8_to_2_turn2_anim
     496 00003ba0     8002          .word   ANI_SETMODE,MODE_INTURN|MODE_NOAUTOFLIP ;uninterruptable
TMS340 COFF Macro Assembler Version 6.10     Mon Oct 30 16:55:59 2023
 Copyright (c) 1985-1991  Texas Instruments Incorporated 

walks, runs, stances, and turns                                      PAGE   10

     497 00003bc0     8026          .word   ANI_SETSPEED,100h
     498 00003be0                   WL      2,L1TR5A+FR2
     499 00003c10     801b          .word   ANI_SETFACING           ;ANI_XFLIP <- not primary anim
     500 00003c20                   WL      2,L1TR5A+FR1
     501 00003c50                   WL      2,L1TR5A+FR2
     502 00003c80     8002          .word   ANI_SETMODE,MODE_NORMAL
     503 00003ca0     8049          .word   ANI_END
     504                    
     505 00003cb0            SUBR   lex_4_to_8_turn2_anim
     506 00003cb0            SUBR   lex_6_to_2_turn2_anim
     507 00003cb0     8002          .word   ANI_SETMODE,MODE_INTURN|MODE_NOAUTOFLIP ;uninterruptable
     508 00003cd0     8026          .word   ANI_SETSPEED,100h
     509 00003cf0                   WL      2,L1TR5A+FR8
     510 00003d20     801b          .word   ANI_SETFACING           ;ANI_XFLIP <- not primary anim
     511 00003d30                   WL      2,L1TR5A+FR9
     512 00003d60                   WL      2,L1TR5A+FR8
     513 00003d90                   WL      2,L4TW4Z+FR1    ;gtiz4 stand (torso)
     514 00003dc0                   WL      2,L1TR5A+FR6
     515 00003df0                   WL      2,L1TR5A+FR5
     516 00003e20                   WL      2,L1TR5A+FR4
     517 00003e50     8002          .word   ANI_SETMODE,MODE_NORMAL
     518 00003e70     8049          .word   ANI_END
     519                    
     520 00003e80            SUBR   lex_2_to_6_turn2_anim
     521 00003e80            SUBR   lex_8_to_4_turn2_anim
     522 00003e80     8002          .word   ANI_SETMODE,MODE_INTURN|MODE_NOAUTOFLIP ;uninterruptable
     523 00003ea0     8026          .word   ANI_SETSPEED,100h
     524 00003ec0                   WL      2,L1TR5A+FR4
     525 00003ef0                   WL      2,L1TR5A+FR5
     526 00003f20                   WL      2,L1TR5A+FR6
     527 00003f50                   WL      2,L4TW4Z+FR1    ;gtiz4 stand (torso)
     528 00003f80                   WL      2,L1TR5A+FR8
     529 00003fb0     801b          .word   ANI_SETFACING           ;ANI_XFLIP <- not primary anim
     530 00003fc0                   WL      2,L1TR5A+FR9
     531 00003ff0                   WL      2,L1TR5A+FR8
     532 00004020     8002          .word   ANI_SETMODE,MODE_NORMAL
     533 00004040     8049          .word   ANI_END
     534                    
     535                    
     536 00004050            SUBR   lex_run2_anim
     537                    
     538 00004050     8002          .word   ANI_SETMODE,MODE_NORMAL
     539 00004070     8026          .word   ANI_SETSPEED,100h
     540                    
     541                    
     542 00004090     8006          .word   ANI_ATTACK_ON,AMODE_RUN,-3,29,16,71     ;mode,x,y,w,h
     543 000040f0                   WL      ANI_GOTO,nurjrun2
     544                    
     545 00004120            SUBR   lex_run_anim
     546                    
     547 00004120     8002          .word   ANI_SETMODE,MODE_UNINT                  ;uninterruptable
     548 00004140     8026          .word   ANI_SETSPEED,100h
     549 00004160     8006          .word   ANI_ATTACK_ON,AMODE_RUN,-3,29,16,71     ;mode,x,y,w,h
     550                    
     551 000041c0           nurjlp1
TMS340 COFF Macro Assembler Version 6.10     Mon Oct 30 16:55:59 2023
 Copyright (c) 1985-1991  Texas Instruments Incorporated 

walks, runs, stances, and turns                                      PAGE   11

     552 000041c0                   WL      3,L3RN3B+FR5
     553 000041f0                   WL      2,L3RN3B+FR6
     554 00004220                   WL      3,L3RN3B+FR7
     555 00004250                   WL      2,L3RN3B+FR8
     556 00004280                   WL      ANI_CODE,SMALL_RUN
     557 000042b0           nurjrun2
     558 000042b0     8002          .word   ANI_SETMODE,MODE_NORMAL
     559 000042d0     8006          .word   ANI_ATTACK_ON,AMODE_RUN,-3,29,16,71     ;mode,x,y,w,h
     560 00004330                   WL      3,L3RN3B+FR9
     561 00004360                   WL      2,L3RN3B+FR10
     562 00004390                   WL      3,L3RN3B+FR11
     563 000043c0                   WL      2,L3RN3B+FR12
     564 000043f0                   WL      3,L3RN3B+FR1
     565 00004420                   WL      2,L3RN3B+FR2
     566 00004450                   WL      3,L3RN3B+FR3
     567 00004480                   WL      ANI_CODE,SMALL_RUN
     568 000044b0                   WL      2,L3RN3B+FR4
     569                     
     570 000044e0                   WL      ANI_GOTO,nurjlp1
     571                    
     572                    
     573                    
     574 00004510            SUBR   lex_bounce_anim
     575                    
     576 00004510     8002          .word   ANI_SETMODE,MODE_UNINT|MODE_OVERLAP|MODE_NOAUTOFLIP| MODE_NOCONFINE     ;uninterruptable
     577                    
     578 00004530                   WL      ANI_CODE,fix_bnc_flip
     579 00004560                   WL      ANI_CODE,MAYBE_BOUNCE_ROPE
     580                      
     581 00004590     8003          .word   ANI_ZEROVELS
     582 000045a0     8026          .word   ANI_SETSPEED,100h
     583 000045c0                   WL      2,L4BO3Z+FR1
     584 000045f0     8023          .word   ANI_BOUNCEROPE,0
     585 00004610                   WL      1,L4BO3Z+FR1
     586                    
     587 00004640                   WL      2,L4BO3Z+FR2
     588 00004670     8023          .word   ANI_BOUNCEROPE,1
     589 00004690                   WL      ANI_CODE,SMALL_RUN
     590                    
     591 000046c0                   WL      1,L4BO3Z+FR2
     592                    
     593 000046f0                   WL      2,L4BO3Z+FR3
     594 00004720     8023          .word   ANI_BOUNCEROPE,2
     595 00004740                   WL      1,L4BO3Z+FR3
     596                    
     597 00004770                   WL      2,L4BO3Z+FR4
     598 000047a0     8023          .word   ANI_BOUNCEROPE,3
     599 000047c0                   WL      1,L4BO3Z+FR4
     600                    
     601 000047f0     8003          .word   ANI_ZEROVELS
     602                    
     603 00004800                   WL      2,L4BO3Z+FR5
     604 00004830     8023          .word   ANI_BOUNCEROPE,4
     605 00004850                   WL      1,L4BO3Z+FR5
     606 00004880                   WL      3,L4BO3Z+FR6
TMS340 COFF Macro Assembler Version 6.10     Mon Oct 30 16:55:59 2023
 Copyright (c) 1985-1991  Texas Instruments Incorporated 

walks, runs, stances, and turns                                      PAGE   12

     607 000048b0                   WL      2,L4BO3Z+FR7
     608 000048e0     8023          .word   ANI_BOUNCEROPE,0
     609 00004900                   WL      1,L4BO3Z+FR7
     610 00004930                   WL      2,L4BO3Z+FR8
     611 00004960     8023          .word   ANI_BOUNCEROPE,-1
     612 00004980                   WL      ANI_CODE,SMALL_RUN
     613 000049b0                   WL      1,L4BO3Z+FR8
     614 000049e0                   WL      3,L4BO3Z+FR9
     615 00004a10                   WL      3,L4BO3Z+FR10
     616                    
     617 00004a40     8015          .word   ANI_OFFSET,-15,0,0
     618                    
     619 00004a80     8002          .word   ANI_SETMODE,MODE_NORMAL
     620 00004aa0     8049          .word   ANI_END
     621                    
     622                    
     623                    
     624                            .end

 No Errors,  No Warnings
