TMS340 COFF Macro Assembler Version 6.10     Mon Oct 30 16:56:04 2023
 Copyright (c) 1985-1991  Texas Instruments Incorporated 

                                                                     PAGE    1

       1                    
       2                            .file   "lexseq4.asm"
       4                            .width  132
       5                            .option b,d,l,t
       6                            .mnolist
       7                    
       8                    
       9                            .include        "macros.h"
      10                            .include        "mproc.equ"
      11                            .include        "sys.equ"
      12                            .include        "game.equ"
      13                            .include        "plyr.equ"
      14                            .include        "anim.equ"
      15                            .include        "sound.h"
      16                    
      17                            .include        "leximg.h"
      18                            .include        "damage.equ"
      19                            .INCLUDE        "SWEAT.EQU"
      20                    
      21                    
      22                    
      23                            .ref    ckzpos,CALL_ANI_AVERAGE_MOVE,DO_WAIL,DO_BLOCKED
      24                            .ref    DO_SCREAM,free_toss_check,setup_freetoss,lex_hiptoss_anim
      25                    
      26                    
      27                    
      28                    
      29 00000000            SUBR   lex_4_block_anim
      30                    
      31 00000000     8002          .word   ANI_SETMODE,MODE_UNINT
      32 00000020     8003          .word   ANI_ZEROVELS
      33 00000030     8026          .word   ANI_SETSPEED,100h
      34 00000050     801b          .word   ANI_SETFACING           ;ANI_XFLIP <- not primary anim
      35 00000060     805f          .word   ANI_SET_WRESTLER_XFLIP
      36                    
      37 00000070     8004          .word   ANI_SETPLYRMODE,MODE_BLOCK
      38 00000090                   WL      3,L4BK3B+FR3
      39 000000c0           gpnfblk4        WL      2,L4BK3B+FR5
      40 000000f0     8002          .word   ANI_SETMODE,MODE_NOAUTOFLIP|MODE_UNINT|MODE_FRICTION
      41 00000110     8014          .word   ANI_WAITRELEASE,PLAYER_BLOCK_BIT
      42 00000130     8002          .word   ANI_SETMODE,MODE_NOAUTOFLIP
      43 00000150     801b          .word   ANI_SETFACING
      44 00000160                   WL      3,L4BK3B+FR3
      45 00000190     8004          .word   ANI_SETPLYRMODE,MODE_NORMAL
      46 000001b0     8049          .word   ANI_END
      47                    
      48 000001c0            SUBR   lex_4_hitblock_anim
      49                    
      50 000001c0     8002          .word   ANI_SETMODE,MODE_UNINT
      51 000001e0     8016          .word   ANI_FRICTION,5000h
      52 00000200     8026          .word   ANI_SETSPEED,100h
      53 00000220                   WL      ANI_CODE,DO_BLOCKED
      54 00000250                   WL      2,L4BK3C+FR2
      55 00000280                   WL      2,L4BK3C+FR1
      56 000002b0                   WL      ANI_GOTO,gpnfblk4
TMS340 COFF Macro Assembler Version 6.10     Mon Oct 30 16:56:04 2023
 Copyright (c) 1985-1991  Texas Instruments Incorporated 

blocks, reactions to routine and special attacks                     PAGE    2

      57                    
      58 000002e0            SUBR   lex_4_hitblock2_anim
      59                    
      60 000002e0     8002          .word   ANI_SETMODE,MODE_UNINT
      61 00000300     8016          .word   ANI_FRICTION,4000h
      62 00000320     8026          .word   ANI_SETSPEED,100h
      63 00000340                   WL      ANI_CODE,DO_BLOCKED
      64 00000370                   WL      ANI_SET_YVEL,38000h
      65 000003a0                   WL      3,L4BK3C+FR1
      66 000003d0                   WL      3,L4BK3C+FR2
      67 00000400                   WL      3,L4BK3C+FR1
      68 00000430                   WL      3,L4BK3C+FR2
      69 00000460                   WL      3,L4BK3C+FR1
      70 00000490                   WL      3,L4BK3C+FR2
      71 000004c0                   WL      ANI_GOTO,gpnfblk4
      72                    
      73                    
      74 000004f0            SUBR   lex_slamnobounce_anim
      75                    
      76 000004f0     8002          .word   ANI_SETMODE,MODE_UNINT | MODE_NOAUTOFLIP
      77 00000510     8003          .word   ANI_ZEROVELS
      78 00000520     8026          .word   ANI_SETSPEED,100h
      79                    
      80 00000540     8004          .word   ANI_SETPLYRMODE,MODE_ONGROUND
      81                    
      82 00000560                   WL      4,L3CP3X+FR3
      83 00000590                   WL      4,L3CP3X+FR4
      84 000005c0                   WL      4,L3CP3X+FR5
      85                    
      86 000005f0     800b          .word   ANI_WAITHITGND
      87 00000600     8028          .word   ANI_ZERO_XZVELS
      88                    
      89 00000610                   WL      2,L3CP3X+FR7
      90 00000640                   WL      10,L3CP3X+FR1
      91                    
      92 00000670     8054          .word   ANI_WAITROLL
      93 00000680                   WL      ANI_CHANGEANIM,lex_faceup_getup_anim
      94                    
      95 000006b0            SUBR   lex_slambounce_anim
      96                    
      97 000006b0     8002          .word   ANI_SETMODE,MODE_UNINT | MODE_NOAUTOFLIP
      98 000006d0     8003          .word   ANI_ZEROVELS
      99 000006e0     8026          .word   ANI_SETSPEED,100h
     100                    
     101 00000700                   WL      ANI_SET_YVEL,040000h
     102                    
     103 00000730     8004          .word   ANI_SETPLYRMODE,MODE_ONGROUND
     104                    
     105 00000750     805e          .word   ANI_DEBRIS,300,1,0,8,0          ;%chance, tbl index, x,y,z off
     106                    
     107 000007b0                   WL      1,L3CP3X+FR3
     108 000007e0                   WL      ANI_CODE,ckzpos
     109 00000810                   WL      3,L3CP3X+FR3
     110 00000840                   WL      4,L3CP3X+FR4
     111 00000870                   WL      4,L3CP3X+FR5
TMS340 COFF Macro Assembler Version 6.10     Mon Oct 30 16:56:04 2023
 Copyright (c) 1985-1991  Texas Instruments Incorporated 

blocks, reactions to routine and special attacks                     PAGE    3

     112                    
     113 000008a0     800b          .word   ANI_WAITHITGND
     114 000008b0     8028          .word   ANI_ZERO_XZVELS
     115                    
     116 000008c0                   WL      2,L3CP3X+FR7
     117                    
     118 000008f0                   WL      10,L3CP3X+FR1
     119                    
     120 00000920     8054          .word   ANI_WAITROLL
     121 00000930                   WL      ANI_CHANGEANIM,lex_faceup_getup_anim
     122                    
     123 00000960            SUBR   lex_slambounce2_anim
     124                    
     125 00000960     8002          .word   ANI_SETMODE,MODE_UNINT | MODE_NOAUTOFLIP
     126 00000980     8003          .word   ANI_ZEROVELS
     127 00000990     8026          .word   ANI_SETSPEED,100h
     128                    
     129 000009b0     8004          .word   ANI_SETPLYRMODE,MODE_ONGROUND
     130 000009d0     805e          .word   ANI_DEBRIS,300,1,0,8,0          ;%chance, tbl index, x,y,z off
     131                    
     132 00000a30                   WL      1,L3UC3Z+FR10
     133 00000a60                   WL      ANI_CODE,ckzpos
     134 00000a90     800b          .word   ANI_WAITHITGND
     135 00000aa0     8003          .word   ANI_ZEROVELS
     136 00000ab0                   WL      ANI_CODE,HIT_THE_MAT
     137 00000ae0     800c          .word   ANI_XFLIP
     138 00000af0                   WL      ANI_SET_YVEL,030000h
     139 00000b20                   WL      4,L3CP3X+FR3
     140 00000b50                   WL      4,L3CP3X+FR4
     141 00000b80                   WL      4,L3CP3X+FR5
     142                    
     143 00000bb0     800b          .word   ANI_WAITHITGND
     144 00000bc0     8028          .word   ANI_ZERO_XZVELS
     145                    
     146 00000bd0                   WL      2,L3CP3X+FR7
     147 00000c00                   WL      10,L3CP3X+FR1
     148                    
     149 00000c30     8054          .word   ANI_WAITROLL
     150 00000c40                   WL      ANI_CHANGEANIM,lex_faceup_getup_anim
     151                    
     152                    
     153 00000c70            SUBR   lex_breakneck2_anim
     154                    
     155 00000c70     8002          .word   ANI_SETMODE,MODE_UNINT | MODE_NOAUTOFLIP
     156 00000c90     8003          .word   ANI_ZEROVELS
     157 00000ca0     8026          .word   ANI_SETSPEED,100h
     158                    
     159 00000cc0     8015          .word   ANI_OFFSET,30,59,0                      ;x,y,z
     160                    
     161 00000d00                   WLWWWW  ANI_CREATEPROC,CREATE_SWEAT,0,SPRAYD_SWEAT,SWEAT_PER,0
     162 00000d70                   WL      4,L3UC3X+FR3
     163 00000da0                   WL      4,L3UC3X+FR4
     164 00000dd0                   WL      1,L3UC3X+FR5
     165                    
     166 00000e00     800b          .word   ANI_WAITHITGND
TMS340 COFF Macro Assembler Version 6.10     Mon Oct 30 16:56:04 2023
 Copyright (c) 1985-1991  Texas Instruments Incorporated 

blocks, reactions to routine and special attacks                     PAGE    4

     167                    
     168 00000e10                   WL      ANI_CODE,HIT_THE_MAT
     169 00000e40     8037          .word   ANI_SHAKEALL,2
     170 00000e60     801f          .word   ANI_SHAKER,30
     171                    
     172 00000e80                   WL      3,L3UC3X+FR6
     173 00000eb0                   WL      3,L3FD3B+FR1
     174 00000ee0                   WL      3,L3FD3B+FR2
     175 00000f10                   WL      3,L3FD3B+FR3
     176 00000f40                   WL      3,L3FD3B+FR4
     177 00000f70                   WL      3,L3FD3B+FR5
     178                    
     179 00000fa0     8028          .word   ANI_ZERO_XZVELS
     180                    
     181 00000fb0                   WL      3,L3FD3B+FR6
     182 00000fe0                   WL      2,L3CP3X+FR7
     183 00001010                   WL      ANI_CODE,HIT_THE_MAT
     184 00001040                   WL      6,L3CP3X+FR1
     185                    
     186 00001070     8054          .word   ANI_WAITROLL
     187 00001080                   WL      ANI_CHANGEANIM,lex_faceup_getup_anim
     188                    
     189                    
     190 000010b0            SUBR   lex_arm_broken_anim
     191                    
     192 000010b0     8002          .word   ANI_SETMODE,MODE_UNINT|MODE_NOAUTOFLIP
     193 000010d0     8004          .word   ANI_SETPLYRMODE,MODE_NORMAL
     194 000010f0     8026          .word   ANI_SETSPEED,100h
     195                    
     196 00001110                   WL      ANI_SET_YVEL,40000h
     197 00001140                   WLW     ANI_SET_XVEL,-38000h,AM_HIT_REL
     198 00001180                   WLW     ANI_SET_ZVEL,10000h,AM_HIT_REL
     199                    
     200 000011c0                   WL      ANI_CODE,DO_SCREAM
     201 000011f0     800b          .word   ANI_WAITHITGND
     202 00001200     8003          .word   ANI_ZEROVELS
     203                    
     204 00001210                   WL      5,L4AH4A+FR3
     205 00001240                   WL      5,L4AH4A+FR4
     206 00001270                   WL      5,L4AH4A+FR5
     207                    
     208 000012a0                   WL      1,L4ST4C+FR4
     209                            .ref    am_I_dead
     210 000012d0                   WL      ANI_CODE,am_I_dead
     211 00001300                   WL      ANI_IFNOTSTATUS2,gbtznodead
     212                    
     213 00001330                   WL      ANI_CHANGEANIM,lex_fall_back_anim
     214                    
     215 00001360           gbtznodead
     216 00001360     8022          .word   ANI_FACEDOWN
     217 00001370     8002          .word   ANI_SETMODE,MODE_NORMAL
     218 00001390     8049          .word   ANI_END
     219                    
     220                    
     221 000013a0            SUBR   lex_2_head_hit_anim
TMS340 COFF Macro Assembler Version 6.10     Mon Oct 30 16:56:04 2023
 Copyright (c) 1985-1991  Texas Instruments Incorporated 

blocks, reactions to routine and special attacks                     PAGE    5

     222                    
     223 000013a0     8002          .word   ANI_SETMODE,MODE_UNINT|MODE_NOAUTOFLIP  ;uninterruptable
     224 000013c0     8003          .word   ANI_ZEROVELS
     225 000013d0     8026          .word   ANI_SETSPEED,100h
     226                    
     227 000013f0     801b          .word   ANI_SETFACING           ;ANI_XFLIP <- not primary anim
     228 00001400     805f          .word   ANI_SET_WRESTLER_XFLIP
     229                    
     230 00001410     805e          .word   ANI_DEBRIS,150,3,-21,100,0      ;%chance, tbl index, x,y,z off
     231                    
     232 00001470                   WLWWWW  ANI_CREATEPROC,CREATE_SWEAT,0,SPRAYA_SWEAT,SWEAT_PER,0
     233 000014e0                   WL      3,L2AH2A+FR3
     234 00001510                   WL      2,L2AH2A+FR4
     235 00001540                   WL      3,L2AH2A+FR5
     236 00001570                   WL      2,L2AH2A+FR6
     237 000015a0                   WL      3,L2AH2A+FR7
     238                    
     239 000015d0     8002          .word   ANI_SETMODE,MODE_NORMAL
     240 000015f0     8049          .word   ANI_END
     241                    
     242 00001600            SUBR   lex_2_head_hit3_anim
     243 00001600     8002          .word   ANI_SETMODE,MODE_UNINT|MODE_NOAUTOFLIP  ;uninterruptable
     244 00001620     8003          .word   ANI_ZEROVELS
     245 00001630     8026          .word   ANI_SETSPEED,100h
     246                    
     247 00001650     801b          .word   ANI_SETFACING           ;ANI_XFLIP <- not primary anim
     248 00001660     805f          .word   ANI_SET_WRESTLER_XFLIP
     249                    
     250 00001670                   WLW     ANI_SET_XVEL,-28000h,AM_HIT_REL
     251 000016b0                   WLW     ANI_SET_ZVEL,20000h,AM_HIT_REL
     252 000016f0                   WL      ANI_SET_YVEL,40000h
     253                    
     254 00001720                   WLWWWW  ANI_CREATEPROC,CREATE_SWEAT,0,SPRAYA_SWEAT,SWEAT_PER,0
     255 00001790                   WL      3,L2AH2A+FR3
     256 000017c0     805e          .word   ANI_DEBRIS,300,2,-23,102,0      ;%chance, tbl index, x,y,z off
     257 00001820                   WL      4,L2AH2A+FR4
     258 00001850                   WL      4,L2AH2A+FR5
     259 00001880     800b          .word   ANI_WAITHITGND
     260 00001890     8003          .word   ANI_ZEROVELS
     261 000018a0                   WL      3,L2AH2A+FR6
     262 000018d0                   WL      3,L2AH2A+FR7
     263                    
     264 00001900     8002          .word   ANI_SETMODE,MODE_NORMAL
     265 00001920     8049          .word   ANI_END
     266                    
     267                    
     268 00001930            SUBR   lex_4_head_hit_anim
     269 00001930     8002          .word   ANI_SETMODE,MODE_UNINT|MODE_NOAUTOFLIP  ;uninterruptable
     270 00001950     8003          .word   ANI_ZEROVELS
     271 00001960     8026          .word   ANI_SETSPEED,100h
     272                    
     273 00001980     801b          .word   ANI_SETFACING           ;ANI_XFLIP <- not primary anim
     274 00001990     805f          .word   ANI_SET_WRESTLER_XFLIP
     275                    
     276 000019a0                   WL      3,L4AH4A+FR1
TMS340 COFF Macro Assembler Version 6.10     Mon Oct 30 16:56:04 2023
 Copyright (c) 1985-1991  Texas Instruments Incorporated 

blocks, reactions to routine and special attacks                     PAGE    6

     277 000019d0     805e          .word   ANI_DEBRIS,150,3,-21,100,0      ;%chance, tbl index, x,y,z off
     278 00001a30                   WLWWWW  ANI_CREATEPROC,CREATE_SWEAT,0,SPRAYA_SWEAT,SWEAT_PER,0
     279 00001aa0                   WL      3,L4AH4A+FR2
     280 00001ad0                   WL      2,L4AH4A+FR3
     281 00001b00                   WL      3,L4AH4A+FR4
     282 00001b30                   WL      2,L4AH4A+FR5
     283 00001b60                   WL      3,L4AH4A+FR6
     284 00001b90                   WL      2,L4AH4A+FR7
     285                    
     286 00001bc0     8002          .word   ANI_SETMODE,MODE_NORMAL
     287 00001be0     8049          .word   ANI_END
     288                    
     289 00001bf0            SUBR   lex_4_head_hit3_anim
     290 00001bf0     8002          .word   ANI_SETMODE,MODE_UNINT|MODE_NOAUTOFLIP  ;uninterruptable
     291 00001c10     8003          .word   ANI_ZEROVELS
     292 00001c20     8026          .word   ANI_SETSPEED,100h
     293                    
     294 00001c40     801b          .word   ANI_SETFACING           ;ANI_XFLIP <- not primary anim
     295 00001c50     805f          .word   ANI_SET_WRESTLER_XFLIP
     296                    
     297 00001c60                   WLW     ANI_SET_XVEL,-28000h,AM_HIT_REL
     298 00001ca0                   WLW     ANI_SET_ZVEL,-20000h,AM_ABS
     299 00001ce0                   WL      ANI_SET_YVEL,40000h
     300                    
     301 00001d10                   WL      3,L4AH4A+FR1
     302 00001d40                   WLWWWW  ANI_CREATEPROC,CREATE_SWEAT,0,SPRAYA_SWEAT,SWEAT_PER,0
     303 00001db0                   WL      3,L4AH4A+FR2
     304 00001de0                   WL      3,L4AH4A+FR3
     305 00001e10     800b          .word   ANI_WAITHITGND
     306 00001e20     8003          .word   ANI_ZEROVELS
     307 00001e30                   WL      3,L4AH4A+FR4
     308 00001e60                   WL      2,L4AH4A+FR5
     309 00001e90                   WL      3,L4AH4A+FR6
     310 00001ec0                   WL      2,L4AH4A+FR7
     311                    
     312 00001ef0     8022          .word   ANI_FACEDOWN
     313 00001f00     8004          .word   ANI_SETPLYRMODE,MODE_NORMAL
     314 00001f20     8002          .word   ANI_SETMODE,MODE_NORMAL
     315 00001f40     8049          .word   ANI_END
     316                    
     317 00001f50            SUBR   lex_4_head_hit4_anim
     318                    
     319 00001f50     8002          .word   ANI_SETMODE,MODE_UNINT|MODE_NOAUTOFLIP  ;uninterruptable
     320 00001f70     8003          .word   ANI_ZEROVELS
     321 00001f80     8026          .word   ANI_SETSPEED,100h
     322                    
     323 00001fa0     801b          .word   ANI_SETFACING           ;ANI_XFLIP <- not primary anim
     324 00001fb0     805f          .word   ANI_SET_WRESTLER_XFLIP
     325                    
     326 00001fc0                   WL      ANI_SET_YVEL,40000h
     327                    
     328 00001ff0                   WLWWWW  ANI_CREATEPROC,CREATE_SWEAT,0,SPRAYA_SWEAT,SWEAT_PER,0
     329 00002060                   WL      4,L4AH4A+FR3
     330 00002090                   WL      3,L4AH4A+FR4
     331 000020c0                   WL      4,L4AH4A+FR5
TMS340 COFF Macro Assembler Version 6.10     Mon Oct 30 16:56:04 2023
 Copyright (c) 1985-1991  Texas Instruments Incorporated 

blocks, reactions to routine and special attacks                     PAGE    7

     332 000020f0                   WL      3,L4AH4A+FR6
     333 00002120                   WL      4,L4AH4A+FR7
     334                    
     335 00002150     8022          .word   ANI_FACEDOWN
     336 00002160     8004          .word   ANI_SETPLYRMODE,MODE_NORMAL
     337 00002180     8002          .word   ANI_SETMODE,MODE_NORMAL
     338 000021a0     8049          .word   ANI_END
     339                    
     340                    
     341 000021b0            SUBR   lex_2_head_hit2_anim
     342 000021b0     8002          .word   ANI_SETMODE,MODE_UNINT|MODE_NOAUTOFLIP  ;uninterruptable
     343 000021d0     8003          .word   ANI_ZEROVELS
     344 000021e0     8026          .word   ANI_SETSPEED,100h
     345                    
     346 00002200     801b          .word   ANI_SETFACING           ;ANI_XFLIP <- not primary anim
     347 00002210     805f          .word   ANI_SET_WRESTLER_XFLIP
     348                    
     349 00002220                   WLW     ANI_SET_XVEL,-40000h,AM_HIT_REL
     350 00002260                   WL      ANI_SET_YVEL,30000h
     351 00002290     8016          .word   ANI_FRICTION,3000h
     352                    
     353 000022b0     805e          .word   ANI_DEBRIS,150,3,-21,100,0      ;%chance, tbl index, x,y,z off
     354                    
     355 00002310                   WLWWWW  ANI_CREATEPROC,CREATE_SWEAT,0,SPRAYA_SWEAT,SWEAT_PER,0
     356 00002380                   WL      3,L2AE2A+FR1
     357 000023b0                   WL      2,L2AE2A+FR2
     358 000023e0                   WL      3,L2AE2A+FR3
     359 00002410                   WL      2,L2AE2A+FR4
     360 00002440                   WL      3,L2AE2A+FR5
     361 00002470                   WL      2,L2AE2A+FR6
     362 000024a0                   WL      3,L2AE2A+FR7
     363 000024d0                   WL      2,L2AE2A+FR8
     364                    
     365 00002500     8021          .word   ANI_FACEUP
     366 00002510     8002          .word   ANI_SETMODE,MODE_NORMAL
     367 00002530     8049          .word   ANI_END
     368                    
     369                    
     370                    
     371 00002540            SUBR   lex_4_head_hit2_anim
     372                    
     373 00002540     8002          .word   ANI_SETMODE,MODE_UNINT|MODE_NOAUTOFLIP  ;uninterruptable
     374 00002560     8003          .word   ANI_ZEROVELS
     375 00002570     8026          .word   ANI_SETSPEED,100h
     376                    
     377 00002590     801b          .word   ANI_SETFACING           ;ANI_XFLIP <- not primary anim
     378 000025a0     805f          .word   ANI_SET_WRESTLER_XFLIP
     379                    
     380 000025b0                   WLW     ANI_SET_XVEL,-40000h,AM_HIT_REL
     381 000025f0                   WL      ANI_SET_YVEL,30000h
     382 00002620     8016          .word   ANI_FRICTION,3000h
     383                    
     384 00002640     805e          .word   ANI_DEBRIS,150,3,-21,100,0      ;%chance, tbl index, x,y,z off
     385                    
     386 000026a0                   WLWWWW  ANI_CREATEPROC,CREATE_SWEAT,0,SPRAYA_SWEAT,SWEAT_PER,0
TMS340 COFF Macro Assembler Version 6.10     Mon Oct 30 16:56:04 2023
 Copyright (c) 1985-1991  Texas Instruments Incorporated 

blocks, reactions to routine and special attacks                     PAGE    8

     387 00002710                   WL      3,L4AE4A+FR1
     388 00002740                   WL      3,L4AE4A+FR2
     389 00002770                   WL      3,L4AE4A+FR3
     390 000027a0                   WL      3,L4AE4A+FR4
     391 000027d0                   WL      3,L4AE4A+FR5
     392                    
     393 00002800                   WL      ANI_CODE,am_I_dead
     394 00002830                   WL      ANI_IFNOTSTATUS2,sjkgnodead
     395                    
     396 00002860                   WL      ANI_CHANGEANIM,lex_fall_back_anim
     397                    
     398 00002890           sjkgnodead
     399 00002890     8022          .word   ANI_FACEDOWN
     400 000028a0     8002          .word   ANI_SETMODE,MODE_NORMAL
     401 000028c0     8049          .word   ANI_END
     402                    
     403 000028d0            SUBR   lex_4_head_hit2s_anim
     404                    
     405 000028d0     8002          .word   ANI_SETMODE,MODE_UNINT|MODE_NOAUTOFLIP  ;uninterruptable
     406 000028f0     8003          .word   ANI_ZEROVELS
     407 00002900     8026          .word   ANI_SETSPEED,100h
     408 00002920     801b          .word   ANI_SETFACING           ;ANI_XFLIP <- not primary anim
     409 00002930     805f          .word   ANI_SET_WRESTLER_XFLIP
     410                    
     411                    
     412                            .ref    create_impact_salt
     413 00002940                   WL      ANI_CODE,create_impact_salt
     414                    
     415 00002970                   WL      4,L4AE4A+FR1
     416 000029a0                   WL      4,L4AE4A+FR2
     417 000029d0                   WL      4,L4AE4A+FR3
     418 00002a00     800b          .word   ANI_WAITHITGND
     419 00002a10     8016          .word   ANI_FRICTION,4000h
     420 00002a30                   WL      50,L4AE4A+FR3
     421 00002a60     8003          .word   ANI_ZEROVELS
     422 00002a70                   WL      3,L4AE4A+FR4
     423 00002aa0                   WL      3,L4AE4A+FR5
     424                    
     425 00002ad0     8022          .word   ANI_FACEDOWN
     426 00002ae0     8002          .word   ANI_SETMODE,MODE_NORMAL
     427 00002b00     8049          .word   ANI_END
     428                    
     429                    
     430                    
     431 00002b10            SUBR   lex_head_hit_dizzy_anim
     432                    
     433                    
     434 00002b10     8002          .word   ANI_SETMODE,MODE_UNINT|MODE_NOAUTOFLIP  ;uninterruptable
     435 00002b30     8003          .word   ANI_ZEROVELS
     436 00002b40     8026          .word   ANI_SETSPEED,100h
     437                    
     438 00002b60     801b          .word   ANI_SETFACING           ;ANI_XFLIP <- not primary anim
     439 00002b70     805f          .word   ANI_SET_WRESTLER_XFLIP
     440                    
     441 00002b80                   WLW     ANI_SET_XVEL,-40000h,AM_HIT_REL
TMS340 COFF Macro Assembler Version 6.10     Mon Oct 30 16:56:04 2023
 Copyright (c) 1985-1991  Texas Instruments Incorporated 

blocks, reactions to routine and special attacks                     PAGE    9

     442 00002bc0                   WL      ANI_SET_YVEL,20000h
     443 00002bf0     8016          .word   ANI_FRICTION,3000h
     444 00002c10     8004          .word   ANI_SETPLYRMODE,MODE_DIZZY
     445                    
     446 00002c30                   WL      4,L4AE4A+FR1
     447 00002c60                   WL      4,L4AE4A+FR2
     448 00002c90                   WL      4,L4AE4A+FR3
     449 00002cc0                   WL      4,L4AE4A+FR4
     450 00002cf0                   WL      4,L4AE4A+FR5
     451                    
     452 00002d20     8022          .word   ANI_FACEDOWN
     453                    
     454 00002d30                   WL      ANI_CHANGEANIM,lex_dizzy_anim
     455                    
     456                    
     457                    
     458                    
     459 00002d60            SUBR   lex_2_body_hit_anim
     460                    
     461 00002d60     8002          .word   ANI_SETMODE,MODE_UNINT|MODE_NOAUTOFLIP  ;uninterruptable
     462 00002d80     8003          .word   ANI_ZEROVELS
     463 00002d90     8026          .word   ANI_SETSPEED,100h
     464 00002db0                   WL      ANI_SET_YVEL,48000h
     465 00002de0                   WLW     ANI_SET_XVEL,-30000h,AM_HIT_REL
     466                    
     467 00002e20                   WL      3,L2AM2B+FR2
     468 00002e50                   WLWWWW  ANI_CREATEPROC,CREATE_SWEAT,0,COUGH_SWEAT,SWEAT_PER,0
     469 00002ec0     805e          .word   ANI_DEBRIS,100,0,6,72,0 ;%chance, tbl index, x,y,z off
     470 00002f20                   WL      3,L2AM2B+FR3
     471 00002f50                   WL      3,L2AM2B+FR4
     472 00002f80                   WL      3,L2AM2B+FR5
     473 00002fb0                   WL      3,L2AM2B+FR6
     474 00002fe0                   WL      2,L2AM2B+FR7
     475 00003010     800b          .word   ANI_WAITHITGND
     476 00003020     8003          .word   ANI_ZEROVELS
     477 00003030                   WL      2,L2AM2B+FR8
     478                    
     479 00003060     8021          .word   ANI_FACEUP
     480 00003070     8002          .word   ANI_SETMODE,MODE_NORMAL
     481 00003090     8049          .word   ANI_END
     482                    
     483 000030a0            SUBR   lex_2_knee_hit_anim
     484                    
     485 000030a0     8002          .word   ANI_SETMODE,MODE_UNINT|MODE_NOAUTOFLIP  ;uninterruptable
     486 000030c0     8003          .word   ANI_ZEROVELS
     487 000030d0     8026          .word   ANI_SETSPEED,100h
     488 000030f0                   WL      ANI_SET_YVEL,78000h
     489                    
     490 00003120                   WLW     ANI_SET_XVEL,-30000h,AM_HIT_REL
     491 00003160                   WLW     ANI_SET_ZVEL,4000h,AM_ABS
     492                    
     493 000031a0                   WL      3,L2AM2B+FR2
     494 000031d0                   WLWWWW  ANI_CREATEPROC,CREATE_SWEAT,0,COUGH_SWEAT,SWEAT_PER,0
     495 00003240     805e          .word   ANI_DEBRIS,100,0,6,72,0 ;%chance, tbl index, x,y,z off
     496 000032a0                   WL      3,L2AM2B+FR3
TMS340 COFF Macro Assembler Version 6.10     Mon Oct 30 16:56:04 2023
 Copyright (c) 1985-1991  Texas Instruments Incorporated 

blocks, reactions to routine and special attacks                     PAGE   10

     497 000032d0                   WL      3,L2AM2B+FR4
     498 00003300                   WL      3,L2AM2B+FR5
     499 00003330                   WL      3,L2AM2B+FR6
     500 00003360                   WL      2,L2AM2B+FR7
     501 00003390     800b          .word   ANI_WAITHITGND
     502 000033a0     8003          .word   ANI_ZEROVELS
     503 000033b0                   WL      2,L2AM2B+FR8
     504                    
     505 000033e0     8021          .word   ANI_FACEUP
     506                    
     507 000033f0     8002          .word   ANI_SETMODE,MODE_NORMAL
     508 00003410     8049          .word   ANI_END
     509                    
     510                    
     511                    
     512 00003420            SUBR   lex_4_body_hit_anim
     513                    
     514 00003420     8002          .word   ANI_SETMODE,MODE_UNINT|MODE_NOAUTOFLIP  ;uninterruptable
     515 00003440     8003          .word   ANI_ZEROVELS
     516 00003450     8026          .word   ANI_SETSPEED,100h
     517 00003470                   WL      ANI_SET_YVEL,48000h
     518 000034a0                   WLW     ANI_SET_XVEL,-30000h,AM_HIT_REL
     519                    
     520 000034e0                   WL      3,L4AM4B+FR2
     521 00003510                   WLWWWW  ANI_CREATEPROC,CREATE_SWEAT,0,COUGH_SWEAT,SWEAT_PER,0
     522 00003580     805e          .word   ANI_DEBRIS,100,0,6,72,0 ;%chance, tbl index, x,y,z off
     523 000035e0                   WL      3,L4AM4B+FR3
     524 00003610                   WL      3,L4AM4B+FR4
     525 00003640                   WL      3,L4AM4B+FR5
     526 00003670                   WL      3,L4AM4B+FR6
     527 000036a0                   WL      3,L4AM4B+FR7
     528 000036d0     800b          .word   ANI_WAITHITGND
     529 000036e0     8003          .word   ANI_ZEROVELS
     530 000036f0                   WL      2,L4AM4B+FR8
     531                    
     532 00003720     8031          .word   ANI_CHECKWORD,USR_VAR1
     533 00003740                   WL      ANI_IFNOTSTATUS2,ajvyreg
     534                    
     535 00003770                   WL      8,L4TI4B+FR5
     536 000037a0                   WL      8,L4TI4B+FR6
     537 000037d0                   WL      8,L4TI4B+FR7
     538 00003800                   WL      8,L4TI4B+FR8
     539 00003830                   WL      8,L4TI4B+FR9
     540 00003860                   WL      8,L4TI4B+FR8
     541 00003890                   WL      8,L4TI4B+FR7
     542 000038c0                   WL      8,L4TI4B+FR6
     543                    
     544 000038f0           ajvyreg 
     545 000038f0     8022          .word   ANI_FACEDOWN
     546 00003900     8002          .word   ANI_SETMODE,MODE_NORMAL
     547 00003920     8049          .word   ANI_END
     548                    
     549 00003930            SUBR   lex_4_body_hit_dizzy_anim
     550                    
     551 00003930     8002          .word   ANI_SETMODE,MODE_UNINT|MODE_NOAUTOFLIP  ;uninterruptable
TMS340 COFF Macro Assembler Version 6.10     Mon Oct 30 16:56:04 2023
 Copyright (c) 1985-1991  Texas Instruments Incorporated 

blocks, reactions to routine and special attacks                     PAGE   11

     552 00003950     8003          .word   ANI_ZEROVELS
     553 00003960     8026          .word   ANI_SETSPEED,100h
     554 00003980                   WL      ANI_SET_YVEL,48000h
     555 000039b0                   WLW     ANI_SET_XVEL,-30000h,AM_HIT_REL
     556 000039f0     8004          .word   ANI_SETPLYRMODE,MODE_DIZZY
     557                    
     558 00003a10                   WL      3,L4AM4B+FR2
     559 00003a40                   WLWWWW  ANI_CREATEPROC,CREATE_SWEAT,0,COUGH_SWEAT,SWEAT_PER,0
     560 00003ab0     805e          .word   ANI_DEBRIS,100,0,6,72,0 ;%chance, tbl index, x,y,z off
     561 00003b10                   WL      3,L4AM4B+FR3
     562 00003b40                   WL      3,L4AM4B+FR4
     563 00003b70                   WL      3,L4AM4B+FR5
     564 00003ba0                   WL      3,L4AM4B+FR6
     565 00003bd0                   WL      3,L4AM4B+FR7
     566 00003c00     800b          .word   ANI_WAITHITGND
     567 00003c10     8003          .word   ANI_ZEROVELS
     568 00003c20                   WL      3,L4AM4B+FR8
     569                    
     570 00003c50     8022          .word   ANI_FACEDOWN
     571                    
     572 00003c60                   WL      ANI_CHANGEANIM,lex_dizzy_anim
     573                    
     574 00003c90            SUBR   lex_4_knee_hit_anim
     575                    
     576 00003c90     8002          .word   ANI_SETMODE,MODE_UNINT|MODE_NOAUTOFLIP  ;uninterruptable
     577 00003cb0     8003          .word   ANI_ZEROVELS
     578 00003cc0     8026          .word   ANI_SETSPEED,100h
     579 00003ce0                   WL      ANI_SET_YVEL,78000h
     580                    
     581 00003d10                   WLW     ANI_SET_XVEL,-30000h,AM_HIT_REL
     582 00003d50                   WLW     ANI_SET_ZVEL,-4000h,AM_ABS
     583                    
     584 00003d90                   WL      3,L4AM4B+FR2
     585 00003dc0                   WLWWWW  ANI_CREATEPROC,CREATE_SWEAT,0,COUGH_SWEAT,SWEAT_PER,0
     586 00003e30     805e          .word   ANI_DEBRIS,100,0,6,72,0 ;%chance, tbl index, x,y,z off
     587 00003e90                   WL      3,L4AM4B+FR3
     588 00003ec0                   WL      3,L4AM4B+FR4
     589 00003ef0                   WL      3,L4AM4B+FR5
     590 00003f20                   WL      3,L4AM4B+FR6
     591 00003f50                   WL      3,L4AM4B+FR7
     592 00003f80     800b          .word   ANI_WAITHITGND
     593 00003f90     8003          .word   ANI_ZEROVELS
     594 00003fa0                   WL      2,L4AM4B+FR8
     595                    
     596 00003fd0     8022          .word   ANI_FACEDOWN
     597                    
     598 00003fe0     8002          .word   ANI_SETMODE,MODE_NORMAL
     599 00004000     8049          .word   ANI_END
     600                    
     601 00004010            SUBR   lex_quick_knee_hit_anim
     602                    
     603 00004010     8002          .word   ANI_SETMODE,MODE_UNINT|MODE_NOAUTOFLIP  ;uninterruptable
     604 00004030     8026          .word   ANI_SETSPEED,100h
     605                    
     606 00004050                   WL      3,L4AM4B+FR2
TMS340 COFF Macro Assembler Version 6.10     Mon Oct 30 16:56:04 2023
 Copyright (c) 1985-1991  Texas Instruments Incorporated 

blocks, reactions to routine and special attacks                     PAGE   12

     607 00004080                   WLWWWW  ANI_CREATEPROC,CREATE_SWEAT,0,COUGH_SWEAT,SWEAT_PER,0
     608 000040f0                   WL      3,L4AM4B+FR3
     609 00004120                   WL      3,L4AM4B+FR4
     610 00004150                   WL      3,L4AM4B+FR5
     611 00004180                   WL      3,L4AM4B+FR6
     612 000041b0                   WL      3,L4AM4B+FR7
     613 000041e0                   WL      3,L4AM4B+FR8
     614 00004210     800b          .word   ANI_WAITHITGND
     615                    
     616                            .ref    am_I_dead
     617 00004220                   WL      ANI_CODE,am_I_dead
     618 00004250                   WL      ANI_IFNOTSTATUS2,ajvynodead
     619                    
     620 00004280                   WL      ANI_CHANGEANIM,lex_fall_back_anim
     621                    
     622 000042b0           ajvynodead
     623                    
     624                            .ref    lex_3_head_held_anim
     625 000042b0                   WL      ANI_CHANGEANIM,lex_3_head_held_anim
     626                    
     627 000042e0            SUBR   lex_4_knee_hit_dizzy_anim
     628                    
     629 000042e0     8002          .word   ANI_SETMODE,MODE_UNINT|MODE_NOAUTOFLIP  ;uninterruptable
     630 00004300     8003          .word   ANI_ZEROVELS
     631 00004310     8026          .word   ANI_SETSPEED,100h
     632 00004330                   WL      ANI_SET_YVEL,78000h
     633                    
     634 00004360                   WLW     ANI_SET_XVEL,-30000h,AM_HIT_REL
     635 000043a0                   WLW     ANI_SET_ZVEL,-4000h,AM_ABS
     636                    
     637 000043e0     8004          .word   ANI_SETPLYRMODE,MODE_DIZZY
     638                    
     639 00004400                   WL      4,L4AM4B+FR2
     640 00004430                   WLWWWW  ANI_CREATEPROC,CREATE_SWEAT,0,COUGH_SWEAT,SWEAT_PER,0
     641 000044a0                   WL      4,L4AM4B+FR3
     642 000044d0                   WL      4,L4AM4B+FR4
     643 00004500                   WL      4,L4AM4B+FR5
     644 00004530                   WL      4,L4AM4B+FR6
     645 00004560                   WL      4,L4AM4B+FR7
     646 00004590     800b          .word   ANI_WAITHITGND
     647 000045a0     8003          .word   ANI_ZEROVELS
     648 000045b0                   WL      4,L4AM4B+FR8
     649                    
     650 000045e0     8022          .word   ANI_FACEDOWN
     651                    
     652 000045f0                   WL      ANI_CHANGEANIM,lex_dizzy_anim
     653                    
     654                    
     655 00004620            SUBR   lex_hitonground_anim
     656                    
     657 00004620     8002          .word   ANI_SETMODE,MODE_UNINT|MODE_NOAUTOFLIP
     658 00004640     8003          .word   ANI_ZEROVELS
     659 00004650     8004          .word   ANI_SETPLYRMODE,MODE_ONGROUND
     660 00004670     8026          .word   ANI_SETSPEED,100h
     661                    
TMS340 COFF Macro Assembler Version 6.10     Mon Oct 30 16:56:04 2023
 Copyright (c) 1985-1991  Texas Instruments Incorporated 

blocks, reactions to routine and special attacks                     PAGE   13

     662 00004690                   WL      1,L3CP3X+FR2
     663 000046c0                   WL      ANI_SET_YVEL,39000h
     664 000046f0     805e          .word   ANI_DEBRIS,50,1,0,8,0           ;%chance, tbl index, x,y,z off
     665                    
     666 00004750                   WLWWWW  ANI_CREATEPROC,CREATE_SWEAT,0,SPITUP_SWEAT,SWEAT_PER,0
     667 000047c0                   WL      2,L3CP3X+FR2
     668 000047f0                   WL      3,L3CP3X+FR3
     669 00004820                   WL      2,L3CP3X+FR4
     670 00004850                   WL      3,L3CP3X+FR5
     671 00004880                   WL      2,L3CP3X+FR6
     672 000048b0     800b          .word   ANI_WAITHITGND
     673 000048c0                   WL      ANI_CODE,HIT_THE_MAT
     674                    
     675 000048f0     8003          .word   ANI_ZEROVELS
     676 00004900                   WL      3,L3CP3X+FR7
     677 00004930            SUBR   lex_liedown_anim
     678 00004930                   WL      1,L3CP3X+FR1
     679                    
     680 00004960     8054          .word   ANI_WAITROLL
     681 00004970                   WL      ANI_CHANGEANIM,lex_faceup_getup_anim
     682                    
     683 000049a0            SUBR   lex_up_anim
     684                    
     685 000049a0     8002          .word   ANI_SETMODE,MODE_UNINT|MODE_NOAUTOFLIP|MODE_OVERLAP
     686 000049c0     800c          .WORD   ANI_XFLIP
     687 000049d0     8003          .word   ANI_ZEROVELS
     688 000049e0     8004          .word   ANI_SETPLYRMODE,MODE_ONGROUND
     689 00004a00     8026          .word   ANI_SETSPEED,100h
     690                    
     691 00004a20                   WL      10,L3FH3A+FR2
     692 00004a50     800b          .word   ANI_WAITHITGND
     693 00004a60                   WL      ANI_CODE,HIT_THE_MAT
     694                    
     695 00004a90     8003          .word   ANI_ZEROVELS
     696 00004aa0                   WL      3,L3CP3X+FR7
     697 00004ad0                   WL      3,L3CP3X+FR1
     698                    
     699 00004b00     8054          .word   ANI_WAITROLL
     700 00004b10                   WL      ANI_CHANGEANIM,lex_faceup_getup_anim
     701                    
     702                    
     703 00004b40            SUBR   lex_fall_back_anim
     704                    
     705 00004b40     8002          .word   ANI_SETMODE,MODE_UNINT|MODE_NOAUTOFLIP|MODE_OVERLAP|MODE_NOCOLLIS
     706 00004b60     8026          .word   ANI_SETSPEED,100h
     707 00004b80     8028          .word   ANI_ZERO_XZVELS
     708 00004b90                   WL      ANI_MIN_YVEL,70000h
     709 00004bc0                   WLW     ANI_SET_ZVEL,10000h,AM_FACE_REL
     710                    
     711 00004c00     807f          .word   ANI_SCROLL_CTRL,LEX_TBUKLY
     712                    
     713 00004c20                   WL      ANI_CODE,ckzpos
     714                    
     715 00004c50                   WWL     ANI_SETLONG,DEBRIS_X,[102,13]   ;Y,X of head
     716 00004c90                   WL      4,L3UC3A+FR1
TMS340 COFF Macro Assembler Version 6.10     Mon Oct 30 16:56:04 2023
 Copyright (c) 1985-1991  Texas Instruments Incorporated 

blocks, reactions to routine and special attacks                     PAGE   14

     717 00004cc0                   WLWWWW  ANI_CREATEPROC,CREATE_SWEAT,0,SPRAYC_SWEAT,SWEAT_PER,0
     718 00004d30                   WWL     ANI_SETLONG,DEBRIS_X,[107,-2]   ;Y,X of head
     719 00004d70                   WL      4,L3UC3A+FR2
     720                    
     721                    
     722 00004da0     8015          .word   ANI_OFFSET,0,47,0                       ;x,y,z
     723                    
     724 00004de0                   WWL     ANI_SETLONG,DEBRIS_X,[39,-50]   ;Y,X of head
     725 00004e20                   WL      4,L3UC3A+FR3
     726 00004e50                   WWL     ANI_SETLONG,DEBRIS_X,[28,-54]   ;Y,X of head
     727 00004e90                   WL      4,L3UC3A+FR4
     728 00004ec0                   WWL     ANI_SETLONG,DEBRIS_X,[13,-59]   ;Y,X of head
     729 00004f00                   WL      4,L3UC3A+FR5
     730 00004f30     800b          .word   ANI_WAITHITGND
     731 00004f40     8004          .word   ANI_SETPLYRMODE,MODE_ONGROUND
     732 00004f60     8002          .word   ANI_SETMODE,MODE_UNINT|MODE_NOAUTOFLIP
     733                    
     734 00004f80     805e          .word   ANI_DEBRIS,100,1,0,8,0          ;%chance, tbl index, x,y,z off
     735                    
     736 00004fe0                   WL      ANI_CODE,HIT_THE_MAT
     737 00005010     8037          .word   ANI_SHAKEALL,1
     738 00005030     801f          .word   ANI_SHAKER,35
     739                    
     740 00005050     8016          .word   ANI_FRICTION,3000h
     741                    
     742 00005070                   WWL     ANI_SETLONG,DEBRIS_X,0          ;Y,X of head
     743 000050b0     800c          .word   ANI_XFLIP
     744 000050c0                   WL      2,L3CP3X+FR2
     745 000050f0     800d          .word   ANI_BOUNCE,5
     746                    
     747 00005110                   WL      ANI_CHANGEANIM,lex_hitonground_anim
     748                    
     749                    
     750 00005140            SUBR   lex_fall_back2_anim
     751                    
     752 00005140     8002          .word   ANI_SETMODE,MODE_UNINT|MODE_NOAUTOFLIP
     753 00005160     8003          .word   ANI_ZEROVELS
     754 00005170     8026          .word   ANI_SETSPEED,100h
     755 00005190                   WL      ANI_SET_YVEL,10000h
     756 000051c0                   WLW     ANI_SET_ZVEL,18000h,AM_ABS
     757                    
     758 00005200                   WL      ANI_CODE,ckzpos
     759                    
     760 00005230                   WLWWWW  ANI_CREATEPROC,CREATE_SWEAT,0,SPRAYC_SWEAT,SWEAT_PER,0
     761 000052a0                   WL      4,L3UC3A+FR2
     762                    
     763                    
     764 000052d0     8015          .word   ANI_OFFSET,0,47,0                       ;x,y,z
     765                    
     766 00005310                   WL      4,L3UC3A+FR3
     767 00005340                   WL      4,L3UC3A+FR4
     768 00005370                   WL      4,L3UC3A+FR5
     769 000053a0     800b          .word   ANI_WAITHITGND
     770                    
     771 000053b0     805e          .word   ANI_DEBRIS,300,1,0,8,0          ;%chance, tbl index, x,y,z off
TMS340 COFF Macro Assembler Version 6.10     Mon Oct 30 16:56:04 2023
 Copyright (c) 1985-1991  Texas Instruments Incorporated 

blocks, reactions to routine and special attacks                     PAGE   15

     772                    
     773 00005410                   WL      ANI_CODE,HIT_THE_MAT
     774 00005440     8037          .word   ANI_SHAKEALL,1
     775 00005460     801f          .word   ANI_SHAKER,35
     776                    
     777 00005480     8016          .word   ANI_FRICTION,3000h
     778                    
     779 000054a0     800c          .word   ANI_XFLIP
     780 000054b0                   WL      2,L3CP3X+FR2
     781 000054e0     800d          .word   ANI_BOUNCE,5
     782                    
     783 00005500                   WL      ANI_CHANGEANIM,lex_hitonground_anim
     784                    
     785                    
     786                    
     787 00005530            SUBR   lex_fall_back_tbukl_anim
     788                    
     789 00005530     8002          .word   ANI_SETMODE,MODE_UNINT|MODE_NOAUTOFLIP|MODE_NOCONFINE
     790 00005550     8026          .word   ANI_SETSPEED,100h
     791                    
     792 00005570                   WL      4,L3UC3A+FR1
     793 000055a0                   WL      4,L3UC3A+FR2
     794                    
     795 000055d0     8015          .word   ANI_OFFSET,0,47,0                       ;x,y,z
     796                    
     797 00005610                   WL      4,L3UC3A+FR3
     798 00005640                   WL      4,L3UC3A+FR4
     799 00005670                   WL      4,L3UC3A+FR5
     800 000056a0     800b          .word   ANI_WAITHITGND
     801 000056b0     8003          .word   ANI_ZEROVELS
     802 000056c0     8038          .word   ANI_DAMAGE,D_HITCONCRETE
     803                    
     804 000056e0     805e          .word   ANI_DEBRIS,300,1,0,8,0          ;%chance, tbl index, x,y,z off
     805                    
     806 00005740                   WL      ANI_CODE,HIT_THE_MAT
     807 00005770     8037          .word   ANI_SHAKEALL,1
     808 00005790     801f          .word   ANI_SHAKER,35
     809                    
     810                    
     811 000057b0     800c          .word   ANI_XFLIP
     812 000057c0                   WL      2,L3CP3X+FR2
     813                    
     814 000057f0                   WL      ANI_CHANGEANIM,lex_hitonground_anim
     815                    
     816                    
     817 00005820            SUBR   lex_flyout_anim
     818                    
     819 00005820     8002          .word   ANI_SETMODE,MODE_UNINT|MODE_NOAUTOFLIP|MODE_NOCONFINE|MODE_OVERLAP
     820 00005840     8004          .word   ANI_SETPLYRMODE,MODE_INAIR
     821 00005860     8026          .word   ANI_SETSPEED,100h
     822                    
     823 00005880                   WWL     ANI_SETLONG,OBJ_GRAVITY,0f000h
     824                    
     825 000058c0     807b          .word   ANI_SET_IDIOT
     826 000058d0                   WL      ANI_CODE,DO_WAIL
TMS340 COFF Macro Assembler Version 6.10     Mon Oct 30 16:56:04 2023
 Copyright (c) 1985-1991  Texas Instruments Incorporated 

blocks, reactions to routine and special attacks                     PAGE   16

     827 00005900                   WL      8,L3FH3A+FR4
     828 00005930           epchcont        WL      8,L3FH3A+FR5
     829 00005960                   WL      1,L3FH3A+FR6
     830 00005990     800b          .word   ANI_WAITHITGND
     831 000059a0     8004          .word   ANI_SETPLYRMODE,MODE_ONGROUND
     832 000059c0     8003          .word   ANI_ZEROVELS
     833 000059d0     8037          .word   ANI_SHAKEALL,2
     834 000059f0     801f          .word   ANI_SHAKER,60
     835 00005a10                   WWL     ANI_SETLONG,OBJ_GRAVITY,GRAVITY
     836                    
     837 00005a50     8038          .word   ANI_DAMAGE,D_HIPTOSS
     838                    
     839 00005a70                   WL      3,L3UC3X+FR6
     840 00005aa0                   WL      3,L3UC3X+FR7
     841 00005ad0                   WL      3,L3UC3X+FR8
     842 00005b00                   WL      3,L3UC3X+FR9
     843 00005b30                   WL      3,L3UC3X+FR10
     844 00005b60     800c          .word   ANI_XFLIP
     845 00005b70                   WL      1,L3CP3X+FR1
     846 00005ba0     8054          .word   ANI_WAITROLL
     847 00005bb0                   WL      ANI_CHANGEANIM,lex_faceup_getup_anim
     848                    
     849                    
     850 00005be0            SUBR   lex_flyout2_anim
     851                    
     852 00005be0     8002          .word   ANI_SETMODE,MODE_UNINT|MODE_NOAUTOFLIP|MODE_NOCONFINE|MODE_OVERLAP
     853 00005c00     8004          .word   ANI_SETPLYRMODE,MODE_INAIR
     854 00005c20     8026          .word   ANI_SETSPEED,100h
     855 00005c40                   WWL     ANI_SETLONG,OBJ_GRAVITY,0E000h
     856                    
     857 00005c80     807b          .word   ANI_SET_IDIOT
     858 00005c90                   WL      ANI_CODE,DO_WAIL
     859 00005cc0                   WL      ANI_GOTO,epchcont
     860                    
     861                    
     862 00005cf0            SUBR   lex_faceup_getup_anim
     863                    
     864 00005cf0     8002          .word   ANI_SETMODE,MODE_UNINT|MODE_NOAUTOFLIP|MODE_NOCOLLIS
     865 00005d10     8004          .word   ANI_SETPLYRMODE,MODE_NORMAL
     866 00005d30     8026          .word   ANI_SETSPEED,100h
     867                    
     868                            .ref    choose_2or4
     869 00005d50                   WL      ANI_CODE,choose_2or4
     870 00005d80                   WL      ANI_IFSTATUS2,wvpogetup_in_4
     871                    
     872 00005db0                   WL      2,L3GU2A+FR1
     873 00005de0                   WL      3,L3GU2A+FR2
     874 00005e10                   WL      2,L3GU2A+FR3
     875 00005e40                   WL      3,L3GU2A+FR4
     876 00005e70                   WL      2,L3GU2A+FR5
     877 00005ea0                   WL      3,L3GU2A+FR6
     878 00005ed0                   WL      2,L3GU2A+FR7
     879 00005f00                   WL      3,L3GU2A+FR8
     880 00005f30     801b          .word   ANI_SETFACING           ;ANI_XFLIP <- not primary anim
     881 00005f40     805f          .word   ANI_SET_WRESTLER_XFLIP
TMS340 COFF Macro Assembler Version 6.10     Mon Oct 30 16:56:04 2023
 Copyright (c) 1985-1991  Texas Instruments Incorporated 

blocks, reactions to routine and special attacks                     PAGE   17

     882 00005f50                   WL      2,L3GU2A+FR9
     883 00005f80                   WL      3,L3GU2A+FR10
     884 00005fb0     8068          .word   ANI_SAFE_TIME,50
     885                    
     886 00005fd0                   WL      ANI_CODE,free_toss_check
     887 00006000                   WL      ANI_IFNOTSTATUS2,wvpono_freetoss
     888 00006030     8006          .word   ANI_ATTACK_ON,AMODE_HITCHECK,11,47,91,50
     889 00006090                   WL      1,L3GU2A+FR10
     890 000060c0     8007          .word   ANI_ATTACK_OFF
     891 000060d0                   WL      ANI_IFNOTSTATUS2,wvpono_freetoss
     892                    
     893                            ;Opponent standing too close -- free toss
     894 00006100                   WL      ANI_CODE,setup_freetoss
     895                            .ref    lex_4_push_anim
     896 00006130                   WL      ANI_CHANGEANIM,lex_4_push_anim
     897 00006160           wvpono_freetoss
     898                    
     899 00006160     8021          .word   ANI_FACEUP
     900                    
     901 00006170     8002          .word   ANI_SETMODE,MODE_NORMAL
     902 00006190     8049          .word   ANI_END
     903                    
     904                    
     905 000061a0           wvpogetup_in_4
     906 000061a0                   WL      3,L3GU4A+FR1
     907 000061d0                   WL      2,L3GU4A+FR2
     908 00006200                   WL      3,L3GU4A+FR3
     909 00006230                   WL      2,L3GU4A+FR4
     910 00006260                   WL      3,L3GU4A+FR5
     911 00006290                   WL      2,L3GU4A+FR6
     912 000062c0                   WL      3,L3GU4A+FR7
     913 000062f0                   WL      2,L3GU4A+FR8
     914 00006320     801b          .word   ANI_SETFACING           ;ANI_XFLIP <- not primary anim
     915 00006330     805f          .word   ANI_SET_WRESTLER_XFLIP
     916 00006340                   WL      3,L3GU4A+FR9
     917 00006370                   WL      2,L3GU4A+FR10
     918 000063a0     8068          .word   ANI_SAFE_TIME,50
     919                    
     920 000063c0                   WL      ANI_CODE,free_toss_check
     921 000063f0                   WL      ANI_IFNOTSTATUS2,wvpono_freetoss2
     922 00006420     8006          .word   ANI_ATTACK_ON,AMODE_HITCHECK,11,47,91,50
     923 00006480                   WL      1,L3GU4A+FR10
     924 000064b0     8007          .word   ANI_ATTACK_OFF
     925 000064c0                   WL      ANI_IFNOTSTATUS2,wvpono_freetoss2
     926                    
     927                            ;Opponent standing too close -- free toss
     928 000064f0                   WL      ANI_CODE,setup_freetoss
     929 00006520                   WL      ANI_CHANGEANIM,lex_4_push_anim
     930 00006550           wvpono_freetoss2
     931                    
     932 00006550     8022          .word   ANI_FACEDOWN
     933                    
     934 00006560     8002          .word   ANI_SETMODE,MODE_NORMAL
     935 00006580     8049          .word   ANI_END
     936                    
TMS340 COFF Macro Assembler Version 6.10     Mon Oct 30 16:56:04 2023
 Copyright (c) 1985-1991  Texas Instruments Incorporated 

blocks, reactions to routine and special attacks                     PAGE   18

     937                    
     938 00006590            SUBR   lex_dizzy_anim
     939                    
     940 00006590     8002          .word   ANI_SETMODE,MODE_NOAUTOFLIP
     941 000065b0     8003          .word   ANI_ZEROVELS
     942 000065c0     8026          .word   ANI_SETSPEED,100h
     943 000065e0     8039          .word   ANI_START_DIZZY,0       ;0=Standing dizzy
     944 00006600     8032          .word   ANI_FACE,MOVE_RIGHT|MOVE_DOWN
     945                    
     946 00006620           dfguloop
     947                    
     948 00006620                   WL      8,L4TI4B+FR5
     949 00006650                   WL      8,L4TI4B+FR6
     950 00006680                   WL      8,L4TI4B+FR7
     951 000066b0                   WL      8,L4TI4B+FR8
     952 000066e0                   WL      8,L4TI4B+FR9
     953 00006710                   WL      8,L4TI4B+FR8
     954 00006740                   WL      8,L4TI4B+FR7
     955 00006770                   WL      8,L4TI4B+FR6
     956                    
     957 000067a0                   WL      ANI_GOTO,dfguloop
     958                    
     959                    
     960 000067d0            SUBR   lex_roll_frames
     961                    
     962 000067d0     0007          .word   7               ;speed
     963 000067e0 00050000          .long   50000h          ;z velocity
     964 00006800 00000a0a          .long   10000h*10/255   ;inv multiply (0-255 -> 0-11)
     965                    
     966 00006820 00000160!         .long   L3RL1A+FR11     ;0
     967 00006840 00000140!         .long   L3RL1A+FR10     ;1
     968 00006860 00000120!         .long   L3RL1A+FR9      ;2
     969 00006880 00000100!         .long   L3RL1A+FR8      ;3
     970 000068a0 000000e0!         .long   L3RL1A+FR7      ;4
     971 000068c0 000000c0!         .long   L3RL1A+FR6      ;5
     972 000068e0 000000a0!         .long   L3RL1A+FR5      ;6
     973 00006900 00000080!         .long   L3RL1A+FR4      ;7
     974 00006920 00000060!         .long   L3RL1A+FR3      ;8
     975 00006940 00000040!         .long   L3RL1A+FR2      ;9
     976 00006960 00000020!         .long   L3RL1A+FR1      ;10
     977 00006980 00000000          .long   0,0,0,0,0,0
     978                    
     979                    
     980                            .ref    HIT_THE_MAT,SMALL_BOUNCE
     981                    
     982                    
     983 00006a40            SUBR   lex_tossed_anim
     984                    
     985 00006a40     8002          .word   ANI_SETMODE,MODE_UNINT|MODE_NOAUTOFLIP
     986 00006a60     8026          .word   ANI_SETSPEED,100h
     987                    
     988                    
     989 00006a80                   WL      ANI_CODE,ckzpos
     990                    
     991 00006ab0     8004          .word   ANI_SETPLYRMODE,MODE_ONGROUND
TMS340 COFF Macro Assembler Version 6.10     Mon Oct 30 16:56:04 2023
 Copyright (c) 1985-1991  Texas Instruments Incorporated 

blocks, reactions to routine and special attacks                     PAGE   19

     992                    
     993 00006ad0     8034          .word   ANI_GETUP,STAY_TIME
     994 00006af0                   WL      ANI_CODE,HIT_THE_MAT
     995 00006b20                   WLW     ANI_SET_XVEL,20000h,AM_HIT_REL
     996 00006b60                   WL      ANI_SET_YVEL,50000h
     997 00006b90                   WL      3,L3CP3X+FR2
     998 00006bc0                   WL      3,L3CP3X+FR3
     999 00006bf0                   WL      3,L3CP3X+FR4
    1000 00006c20                   WL      3,L3CP3X+FR5
    1001                    
    1002 00006c50     800b          .word   ANI_WAITHITGND
    1003 00006c60                   WL      ANI_CODE,HIT_THE_MAT
    1004 00006c90     8003          .word   ANI_ZEROVELS
    1005                    
    1006 00006ca0                   WL      3,L3CP3X+FR6
    1007 00006cd0                   WL      3,L3CP3X+FR7
    1008 00006d00                   WL      3,L3CP3X+FR1
    1009                    
    1010 00006d30     8054          .word   ANI_WAITROLL
    1011 00006d40                   WL      ANI_CHANGEANIM,lex_faceup_getup_anim
    1012                    
    1013                    
    1014 00006d70            SUBR   lex_tossed2_anim
    1015                    
    1016 00006d70     8002          .word   ANI_SETMODE,MODE_UNINT|MODE_NOAUTOFLIP
    1017 00006d90     8026          .word   ANI_SETSPEED,100h
    1018                    
    1019 00006db0                   WL      ANI_CODE,ckzpos
    1020                    
    1021 00006de0                   WLW     ANI_SET_XVEL,60000h,AM_HIT_REL
    1022 00006e20                   WL      ANI_SET_YVEL,30000h
    1023 00006e50     8015          .word   ANI_OFFSET,20,20,0                      ;x,y,z
    1024 00006e90                   WL      4,L3FH3A+FR5
    1025 00006ec0     800b          .word   ANI_WAITHITGND
    1026 00006ed0     8003          .word   ANI_ZEROVELS
    1027 00006ee0                   WL      ANI_CODE,HIT_THE_MAT
    1028 00006f10     8037          .word   ANI_SHAKEALL,2
    1029 00006f30     801f          .word   ANI_SHAKER,30
    1030 00006f50     8034          .word   ANI_GETUP,STAY_TIME
    1031 00006f70     8038          .word   ANI_DAMAGE,D_HIPTOSS
    1032                    
    1033 00006f90                   WL      4,L3FH3A+FR6
    1034 00006fc0     800c          .word   ANI_XFLIP
    1035 00006fd0     8015          .word   ANI_OFFSET,20,0,0                       ;x,y,z
    1036 00007010                   WL      3,L3CP3X+FR1
    1037                    
    1038 00007040                   WLW     ANI_SET_XVEL,20000h,AM_HIT_REL
    1039 00007080                   WL      ANI_SET_YVEL,50000h
    1040 000070b0                   WL      3,L3CP3X+FR2
    1041 000070e0                   WL      3,L3CP3X+FR3
    1042 00007110                   WL      3,L3CP3X+FR4
    1043 00007140                   WL      3,L3CP3X+FR5
    1044                    
    1045 00007170     800b          .word   ANI_WAITHITGND
    1046 00007180                   WL      ANI_CODE,SMALL_BOUNCE
TMS340 COFF Macro Assembler Version 6.10     Mon Oct 30 16:56:04 2023
 Copyright (c) 1985-1991  Texas Instruments Incorporated 

blocks, reactions to routine and special attacks                     PAGE   20

    1047 000071b0     8003          .word   ANI_ZEROVELS
    1048 000071c0                   WL      3,L3CP3X+FR6
    1049 000071f0                   WL      3,L3CP3X+FR7
    1050 00007220                   WL      3,L3CP3X+FR1
    1051                    
    1052 00007250     8054          .word   ANI_WAITROLL
    1053 00007260                   WL      ANI_CHANGEANIM,lex_faceup_getup_anim
    1054                    
    1055                    
    1056                            .end

 No Errors,  No Warnings
