TMS340 COFF Macro Assembler Version 6.10     Mon Oct 30 16:54:35 2023
 Copyright (c) 1985-1991  Texas Instruments Incorporated 

                                                                     PAGE    1

       1                            .option b,d,l,t
       2                            .mnolist
       3                    
       4                            .include        "gsp.equ"
       5                            .include        "macros.h"
       6                            
       7                    
       8                            .def    TVPATCH,TVPATCHX
       9                    
      10                    
      11                    
      12                    
      13                    
      14 00000000                   .text
      15 00000000                   .even
      16 00000000     0000  OLDINTEN        .word   0
      17                    
      18                    
      19 00000010            SUBR   TVBP
      20                    
      21 00000010                   PUSH    a0,a1
      22 00000030                   PUSH    b0,b1
      23                    
      24 00000050     05a0          move    @INTENB,a0              ;Disable ROM protect interrupt (ext2)
         00000060 c0000110  
      25 00000080     0580          move    a0,@OLDINTEN
         00000090 00000000' 
      26 000000b0     0b80          andni   X2E,a0
         000000c0 00000004  
      27 000000e0     0ba0          ori     DIE,a0                  ;Enable DIRQ
         000000f0 00000400  
      28 00000110     0580          move    a0,@INTENB
         00000120 c0000110  
      29                    
      30 00000140                   PULL    b0,b1
      31 00000160                   PULL    a0,a1
      32 00000180     0960          rets
      33                    
      34                    
      35 00000190            SUBR   TVBPX
      36                    
      37 00000190                   PUSH    a0
      38                    
      39 000001a0     05a0          move    @OLDINTEN,a0            ;Enable ROM protect interrupt (ext2)
         000001b0 00000000' 
      40 000001d0     0ba0          ori     X2E,a0
         000001e0 00000004  
      41 00000200     0580          move    a0,@INTENB
         00000210 c0000110  
      42                    
      43 00000230     05a0          move    @INTPEND,a0             ;Clear any pending X2E or DIE
         00000240 c0000120  
      44 00000260     0b80          andni   X2E|DIE,a0
         00000270 00000404  
      45 00000290     0580          move    a0,@INTPEND
TMS340 COFF Macro Assembler Version 6.10     Mon Oct 30 16:54:35 2023
 Copyright (c) 1985-1991  Texas Instruments Incorporated 

                                                                     PAGE    2

         000002a0 c0000120  
      46                    
      47 000002c0     0580          move    a0,@01e00000H           ;Clr FPGA rom protect
         000002d0 01e00000  
      48                    
      49 000002f0                   PULL    a0
      50 00000300     0960          rets
      51                    
      52                    
      53 00000310           TVPATCH:
      54 00000310     0000          .word   0
      55 00000320     0000          .word   0
      56 00000330     0000          .word   0
      57 00000340     0000          .word   0
      58 00000350     0000          .word   0
      59 00000360     0000          .word   0
      60 00000370     0000          .word   0
      61 00000380     0000          .word   0
      62 00000390     0000          .word   0
      63 000003a0     0000          .word   0
      64 000003b0     0000          .word   0
      65 000003c0     0000          .word   0
      66 000003d0     0000          .word   0
      67 000003e0     0000          .word   0
      68 000003f0     0000          .word   0
      69 00000400     0000          .word   0
      70 00000410     0000          .word   0
      71 00000420     0000          .word   0
      72 00000430     0000          .word   0
      73 00000440     0000          .word   0
      74 00000450     0000          .word   0
      75 00000460     0000          .word   0
      76 00000470     0000          .word   0
      77 00000480     0000          .word   0
      78 00000490     0000          .word   0
      79 000004a0     0000          .word   0
      80 000004b0     0000          .word   0
      81 000004c0     0000          .word   0
      82 000004d0     0000          .word   0
      83 000004e0     0000          .word   0
      84 000004f0     0000          .word   0
      85 00000500     0000          .word   0
      86 00000510     0000          .word   0
      87 00000520     0000          .word   0
      88 00000530     0000          .word   0
      89 00000540     0000          .word   0
      90 00000550     0000          .word   0
      91 00000560     0000          .word   0
      92 00000570     0000          .word   0
      93 00000580     0000          .word   0
      94 00000590     0000          .word   0
      95 000005a0     0000          .word   0
      96 000005b0     0000          .word   0
      97 000005c0     0000          .word   0
      98 000005d0     0000          .word   0
TMS340 COFF Macro Assembler Version 6.10     Mon Oct 30 16:54:35 2023
 Copyright (c) 1985-1991  Texas Instruments Incorporated 

                                                                     PAGE    3

      99 000005e0     0000          .word   0
     100 000005f0     0000          .word   0
     101 00000600     0000          .word   0
     102 00000610     0000          .word   0
     103 00000620     0000          .word   0
     104 00000630     0000          .word   0
     105 00000640     0000          .word   0
     106 00000650     0000          .word   0
     107 00000660     0000          .word   0
     108 00000670     0000          .word   0
     109 00000680     0000          .word   0
     110 00000690     0000          .word   0
     111 000006a0     0000          .word   0
     112 000006b0     0000          .word   0
     113 000006c0     0000          .word   0
     114 000006d0     0000          .word   0
     115 000006e0     0000          .word   0
     116 000006f0     0000          .word   0
     117 00000700     0000          .word   0
     118 00000710     0000          .word   0
     119 00000720     0000          .word   0
     120 00000730     0000          .word   0
     121 00000740     0000          .word   0
     122 00000750     0000          .word   0
     123 00000760     0000          .word   0
     124 00000770     0000          .word   0
     125 00000780     0000          .word   0
     126 00000790     0000          .word   0
     127 000007a0     0000          .word   0
     128 000007b0     0000          .word   0
     129 000007c0     0000          .word   0
     130 000007d0     0000          .word   0
     131 000007e0     0000          .word   0
     132 000007f0     0000          .word   0
     133 00000800     0000          .word   0
     134 00000810     0000          .word   0
     135 00000820     0000          .word   0
     136 00000830     0000          .word   0
     137 00000840     0000          .word   0
     138 00000850     0000          .word   0
     139 00000860     0000          .word   0
     140 00000870     0000          .word   0
     141 00000880     0000          .word   0
     142 00000890     0000          .word   0
     143 000008a0     0000          .word   0
     144 000008b0     0000          .word   0
     145 000008c0     0000          .word   0
     146 000008d0     0000          .word   0
     147 000008e0     0000          .word   0
     148 000008f0           TVPATCHX:
     149                    

 No Errors,  No Warnings
