TMS340 COFF Macro Assembler Version 6.10     Mon Oct 30 16:54:13 2023
 Copyright (c) 1985-1991  Texas Instruments Incorporated 

                                                                     PAGE    1

       1                            .FILE "razorimg.asm"
       2                            .OPTION B,D,L,T
       3                    
       4                            .include imgtbl.glo
       5 00000000                   .DATA
       6 00000000                   .even
       7                    
       8                            .include razorimg.tbl
       9                            .include razorimg.h
      10                    
      11                    
      12 00000000                   .even
      13                            .include "razor.seq"
      14                    
      15                    
      16                            .end

 No Errors,  No Warnings
