TMS340 COFF Macro Assembler Version 6.10     Mon Oct 30 16:55:27 2023
 Copyright (c) 1985-1991  Texas Instruments Incorporated 

                                                                     PAGE    1

       1                    
       2                            .file   "react6.asm"
       4                            .width  132
       5                            .option b,d,l,t
       6                            .mnolist
       7                    
       8                    
       9                            .include        "macros.h"
      10                            .include        "mproc.equ"             ;Mproc equates
      11                            .include        "display.equ"           ;Display proc equates
      12                            .include        "gsp.equ"               ;Gsp asm equates
      13                            .include        "sys.equ"
      14                            .include        "game.equ"
      15                            .include        "plyr.equ"
      16                            .include        "anim.equ"
      17                            .include        "audit.equ"
      18                            .include        "sound.h"
      19                            .include        "ring.equ"
      20                            .include        "lifebar.h"
      21                    
      22                    
      23                    
      24                            .ref    change_anim1a
      25                            .ref    set_getup_time
      26                            .ref    wres_collis_off
      27                    
      28                    
      29                    
      30                    
      31 00000000            SUBR   hit_att28
      32                    
      33 00000000     0960          rets
      34                    
      35                    
      36 00000010            SUBR   hit_att29
      37                    
      38 00000010     0960          rets
      39                    
      40                    
      41                    
      42                            .end

 No Errors,  No Warnings
