TMS340 COFF Macro Assembler Version 6.10     Mon Oct 30 16:55:24 2023
 Copyright (c) 1985-1991  Texas Instruments Incorporated 

                                                                     PAGE    1

       1                    
       2                            .file   "react4.asm"
       4                            .width  132
       5                            .option b,d,l,t
       6                            .mnolist
       7                    
       8                    
       9                            .include        "macros.h"
      10                            .include        "mproc.equ"             ;Mproc equates
      11                            .include        "display.equ"           ;Display proc equates
      12                            .include        "gsp.equ"               ;Gsp asm equates
      13                            .include        "sys.equ"
      14                            .include        "game.equ"
      15                            .include        "plyr.equ"
      16                            .include        "anim.equ"
      17                            .include        "audit.equ"
      18                            .include        "sound.h"
      19                            .include        "ring.equ"
      20                            .include        "lifebar.h"
      21                    
      22                    
      23                    
      24                            .ref    change_anim1a
      25                            .ref    wres_collis_off
      26                            .ref    block_hit_flail
      27                            .ref    block_hit
      28                            .ref    face_each_other
      29                            .ref    CALL_NASTY_MOVE
      30                            .ref    set_getup_time
      31                            .ref    fall_back_tbl
      32                            .ref    triple_sound
      33                            .ref    ADD_IF_SILENT
      34                            .ref    CALL_DROP_KICK,CALL_AVERAGE_MOVE
      35                            .ref    DO_SCREAM
      36                            .ref    shn_combo_run_stomp_anim
      37                            .ref    shn_run_stomp_anim
      38                    
      39                    
      40                    
      41                            .ref    bam_2_head_hit2_anim,bam_4_head_hit2_anim
      42                            .ref    bam_3_butt_drop_anim
      43                    
      44                            .ref    dnk_2_head_hit2_anim,dnk_4_head_hit2_anim
      45                            .ref    dnk_knockdwn_anim
      46                            .ref    dnk_fall_back_anim
      47                            .ref    dnk_head_hit_dizzy_anim
      48                            .ref    dnk_3_head_held_anim
      49                            .ref    dnk_belly_anim
      50                    
      51                            .ref    hrt_2_head_hit2_anim,hrt_4_head_hit2_anim
      52                            .ref    hrt_4_head_hit_dizzy_anim
      53                            .ref    hrt_running_ground_punch_anim
      54                    
      55                            .ref    lex_4_head_hit2_anim
      56                            .ref    lex_head_hit_dizzy_anim
TMS340 COFF Macro Assembler Version 6.10     Mon Oct 30 16:55:24 2023
 Copyright (c) 1985-1991  Texas Instruments Incorporated 

meters, names, messages, and scores                                  PAGE    2

      57                            .ref    lex_2_head_hit2_anim
      58                            .ref    lex_flying_ground_punch_anim
      59                    
      60                            .ref    rzr_2_head_hit2_anim,rzr_4_head_hit2_anim
      61                            .ref    rzr_2_head_hit3_anim,rzr_4_head_hit3_anim
      62                    
      63                    
      64                            .ref    shn_2_head_hit3_anim,shn_4_head_hit3_anim
      65                            .ref    shn_4_head_hit_dizzy_anim
      66                    
      67                            .ref    und_2_head_hit2_anim,und_4_head_hit2_anim
      68                            .ref    und_fall_back_anim
      69                            .ref    und_flying_butt_drop_anim
      70                    
      71                            .ref    yok_2_head_hit2_anim,yok_4_head_hit2_anim
      72                            .ref    yok_2_head_hit3_anim,yok_4_head_hit3_anim
      73                    
      74                            .ref    hit_damage_pending,hitonground_tbl
      75                    
      76                    
      77                    
      78 00000000            SUBR   hit_stomp
      79 00000000            SUBR   hit_buttstomp
      80                    
      81                            ;if we're standing, ignore this
      82 00000000     b5a0          move    *a13(PLYRMODE),a0
         00000010     05c0  
      83 00000020     0b40          cmpi    MODE_NORMAL,a0
         00000030     ffff  
      84                    
      85 00000040     ca00          jreq    zixamode_normal
         00000050     009b  
      86                    
      87 00000060     0b40          cmpi    MODE_BLOCK,a0
         00000070     fff8  
      88 00000080     ca00          jreq    zixamode_normal
         00000090     0097  
      89                    
      90                    
      91                    
      92                    
      93 000000a0     0d5f          calla   wres_collis_off
         000000b0 00000000! 
      94                    
      95 000000d0     b5a0          move    *a13(PLYRMODE),a0
         000000e0     05c0  
      96 000000f0     0b40          cmpi    MODE_ONGROUND,a0
         00000100     fffb  
      97 00000110     ca04          jrz     zixaon_grnd
      98 00000120     0b40          cmpi    MODE_DEAD,a0
         00000130     fff6  
      99 00000140     cb00          jrnz    zixaisdead
         00000150     0087  
     100                    
     101 00000160           zixaon_grnd
TMS340 COFF Macro Assembler Version 6.10     Mon Oct 30 16:55:24 2023
 Copyright (c) 1985-1991  Texas Instruments Incorporated 

meters, names, messages, and scores                                  PAGE    3

     102 00000160                   FACETBL hitonground_tbl
     103 000001d0     0d5f          calla   change_anim1a
         000001e0 00000000! 
     104                    
     105                    
     106                    
     107 00000200     b740          move    *a10(ANIBASE),a0,L
         00000210     0670  
     108 00000220     0b60          cmpi    shn_combo_run_stomp_anim,a0
         00000230 ffffffff! 
     109 00000250     ca04          jreq    zixado_unnormal_sounds
     110 00000260     0b60          cmpi    shn_run_stomp_anim,a0
         00000270 ffffffff! 
     111 00000290     cb04          jrne    zixanormal_sounds
     112 000002a0           zixado_unnormal_sounds
     113 000002a0     0d5f          calla   DO_SCREAM
         000002b0 00000000! 
     114 000002d0     c039          jruc    zixaunnormal_sounds
     115                    
     116 000002e0           zixanormal_sounds
     117 000002e0                   WRSNDX  LBOWDROP_L1,LBOWDROP_L2
     118 00000620     09c0          movi    43h,a0
         00000630     0043  
     119 00000640     0d5f          calla   triple_sound
         00000650 00000000! 
     120                    
     121 00000670           zixaunnormal_sounds
     122 00000670     b740          move    *a10(ANIBASE),a0,L
         00000680     0670  
     123                    
     124 00000690     0b60          cmpi    dnk_belly_anim,a0
         000006a0 ffffffff! 
     125 000006c0     ca19          jreq    zixabounce
     126                    
     127 000006d0     0b60          cmpi    und_flying_butt_drop_anim,a0
         000006e0 ffffffff! 
     128 00000700     ca15          jreq    zixabounce
     129                    
     130 00000710     0b60          cmpi    lex_flying_ground_punch_anim,a0
         00000720 ffffffff! 
     131 00000740     ca09          jreq    zixabounce3
     132                    
     133                    
     134 00000750     c027          jruc    zixaisdead
     135                    
     136 00000760           zixabounce2
     137                            ;REALLY NASTY HACK!  Watch out if you modify this in any way.
     138 00000760     0d3f          callr   zixabounce
         00000770     000e  
     139 00000780     09e0          movi    -10000h,a0
         00000790 ffff0000  
     140 000007b0     b20a          move    a0,*a10(OBJ_ZVEL),L
         000007c0     0310  
     141 000007d0     0960          rets
     142                    
TMS340 COFF Macro Assembler Version 6.10     Mon Oct 30 16:55:24 2023
 Copyright (c) 1985-1991  Texas Instruments Incorporated 

meters, names, messages, and scores                                  PAGE    4

     143 000007e0           zixabounce3
     144                            ;REALLY NASTY HACK!  Watch out if you modify this in any way.
     145 000007e0     0d3f          callr   zixabounce
         000007f0     0006  
     146 00000800     09e0          movi    40000h,a0
         00000810 00040000  
     147 00000830     b20a          move    a0,*a10(OBJ_YVEL),L
         00000840     02f0  
     148 00000850     0960          rets
     149                    
     150 00000860           zixabounce
     151 00000860     09e0          movi    50000h,a0
         00000870 00050000  
     152 00000890     b20a          move    a0,*a10(OBJ_YVEL),L
         000008a0     02f0  
     153 000008b0     09e0          movi    10000h,a0
         000008c0 00010000  
     154 000008e0     b20a          move    a0,*a10(OBJ_ZVEL),L
         000008f0     0310  
     155 00000900     5600          clr     a0
     156 00000910     b20a          move    a0,*a10(OBJ_XVEL),L
         00000920     02d0  
     157                    
     158                            .ref    shake_all_ropes
     159 00000930     0d5f          calla   shake_all_ropes
         00000940 00000000! 
     160 00000960                   PUSH    a10
     161 00000970     09ca          movi    8,a10
         00000980     0008  
     162                            .ref    SHAKER2
     163 00000990     0d5f          calla   SHAKER2
         000009a0 00000000! 
     164 000009c0                   PULL    a10
     165                    
     166 000009d0           zixaisdead
     167 000009d0     0d5f          calla   wres_collis_off
         000009e0 00000000! 
     168 00000a00     0960          rets
     169                    
     170 00000a10           zixamode_normal
     171                            ;OOPS!  Don't do any damage.
     172 00000a10     57ce          clr     a14
     173 00000a20     058e          move    a14,@hit_damage_pending
         00000a30 00000000! 
     174 00000a50     c0f7          jruc    zixaisdead
     175                    
     176                    
     177 00000a60            SUBR   hit_bstomp
     178                    
     179 00000a60     0d5f          calla   DO_SCREAM
         00000a70 00000000! 
     180 00000a90     0d5f          calla   wres_collis_off
         00000aa0 00000000! 
     181                    
     182 00000ac0     b5a0          move    *a13(PLYRMODE),a0
TMS340 COFF Macro Assembler Version 6.10     Mon Oct 30 16:55:24 2023
 Copyright (c) 1985-1991  Texas Instruments Incorporated 

meters, names, messages, and scores                                  PAGE    5

         00000ad0     05c0  
     183 00000ae0     0b40          cmpi    MODE_ONGROUND,a0
         00000af0     fffb  
     184 00000b00     ca53          jrz     zgbfon_grnd
     185 00000b10     0b40          cmpi    MODE_DEAD,a0
         00000b20     fff6  
     186 00000b30     ca50          jrz     zgbfon_grnd
     187                    
     188                    
     189 00000b40     0d5f          calla   DO_SCREAM
         00000b50 00000000! 
     190 00000b70     09c0          movi    43h,a0
         00000b80     0043  
     191 00000b90     0d5f          calla   triple_sound
         00000ba0 00000000! 
     192                    
     193 00000bc0     0d5f          calla   set_getup_time
         00000bd0 00000000! 
     194                    
     195 00000bf0                   SETMODE NORMAL
     196 00000ca0     b5ae          move    *a13(OBJ_YPOSINT),a14
         00000cb0     0130  
     197 00000cc0     b5a0          move    *a13(GROUND_Y),a0
         00000cd0     0570  
     198 00000ce0     440e          sub     a0,a14
     199 00000cf0     0b4e          cmpi    20,a14
         00000d00     ffeb  
     200 00000d10     c50e          jrge    zgbffall_back
     201                    
     202 00000d20           zgbfkdwn
     203 00000d20                   FACETBL knockdwn
     204 00000d90     0d5f          calla   change_anim1a
         00000da0 00000000! 
     205 00000dc0     0d5f          calla   wres_collis_off
         00000dd0 00000000! 
     206                    
     207 00000df0     0960          rets
     208                    
     209 00000e00           zgbffall_back
     210 00000e00     b540          move    *a10(WRESTLERNUM),a0
         00000e10     0590  
     211 00000e20     0b40          cmpi    5,a0
         00000e30     fffa  
     212 00000e40     caed          jrz     zgbfkdwn
     213 00000e50                   FACETBL fall_back_tbl
     214                    
     215 00000ec0     0d5f          calla   change_anim1a
         00000ed0 00000000! 
     216 00000ef0     0d5f          calla   wres_collis_off
         00000f00 00000000! 
     217                    
     218 00000f20     09e2          movi    [2,0],a2
         00000f30 00020000  
     219 00000f50     b540          move    *a10(OBJ_XPOSINT),a0
         00000f60     0110  
TMS340 COFF Macro Assembler Version 6.10     Mon Oct 30 16:55:24 2023
 Copyright (c) 1985-1991  Texas Instruments Incorporated 

meters, names, messages, and scores                                  PAGE    6

     220 00000f70     b5a1          move    *a13(OBJ_XPOSINT),a1
         00000f80     0110  
     221 00000f90     4801          cmp     a0,a1                   ;offx - defx
     222 00000fa0     c701          jrgt    zgbffall_right          ;attacker on left
     223 00000fb0     03a2          neg     a2
     224 00000fc0           zgbffall_right
     225 00000fc0     b24d          move    a2,*a13(OBJ_XVEL),L
         00000fd0     02d0  
     226                    
     227 00000fe0     09e0          movi    -40000h,a0
         00000ff0 fffc0000  
     228 00001010     b20d          move    a0,*a13(OBJ_YVEL),L
         00001020     02f0  
     229                    
     230 00001030     0960          rets
     231                    
     232 00001040           zgbfon_grnd
     233 00001040                   FACETBL hitonground_tbl
     234 000010b0     0d5f          calla   change_anim1a
         000010c0 00000000! 
     235 000010e0           zgbfisdead
     236 000010e0     0d5f          calla   wres_collis_off
         000010f0 00000000! 
     237 00001110     0960          rets
     238                    
     239 00001120           knockdwn
     240                            .ref    hrt_knockdwn_anim
     241                            .ref    rzr_knockdwn_anim
     242                            .ref    und_knockdwn_anim
     243                            .ref    yok_knockdwn_anim
     244                            .ref    shn_knockdwn_anim
     245                            .ref    bam_knockdwn_anim
     246                            .ref    dnk_knockdwn_anim
     247                            .ref    lex_knockdwn_anim
     248                    
     249 00001120 00000000!         .long   hrt_knockdwn_anim               ;0 Bret Hart
     250 00001140 00000000!         .long   rzr_knockdwn_anim               ;1 Razor Ramon
     251 00001160 00000000!         .long   und_knockdwn_anim               ;2 Undertaker
     252 00001180 00000000!         .long   yok_knockdwn_anim               ;3 Yokozuna
     253 000011a0 00000000!         .long   shn_knockdwn_anim               ;4 Shawn Michaels
     254 000011c0 00000000!         .long   bam_knockdwn_anim               ;5 Bam Bam
     255 000011e0 00000000!         .long   dnk_knockdwn_anim               ;6 Doink
     256 00001200 00000000          .long   0                               ;7 spare
     257 00001220 00000000!         .long   lex_knockdwn_anim               ;8 Lex Luger
     258 00001240 00000000          .long   0                               ;9 Referee
     259                    
     260                    
     261 00001260            SUBR   hit_bstomp2
     262                    
     263 00001260     b5a1          move    *a13(PLYRMODE),a1
         00001270     05c0  
     264 00001280     0b41          cmpi    MODE_BLOCK,a1
         00001290     fff8  
     265 000012a0     cb04          jrnz    zgbfnoblock
     266                    
TMS340 COFF Macro Assembler Version 6.10     Mon Oct 30 16:55:24 2023
 Copyright (c) 1985-1991  Texas Instruments Incorporated 

meters, names, messages, and scores                                  PAGE    7

     267 000012b0     0d5f          calla   block_hit_flail
         000012c0 00000000! 
     268 000012e0     0960          rets
     269                    
     270 000012f0           zgbfnoblock
     271 000012f0                   WRSNDX  FLYKICK_L1,FLYKICK_L2
     272 00001630     0d5f          calla   wres_collis_off
         00001640 00000000! 
     273                    
     274 00001660     b5a0          move    *a13(PLYRMODE),a0
         00001670     05c0  
     275 00001680     b541          MOVE    *A10(COMBO_COUNT),A1
         00001690     0af0  
     276 000016a0     cb07          JRNZ    NOT_NORMAL_CHECK
     277 000016b0     0b40          cmpi    MODE_ONGROUND,a0
         000016c0     fffb  
     278 000016d0     caa0          jrz     zgbfisdead
     279 000016e0     0b40          cmpi    MODE_DEAD,a0
         000016f0     fff6  
     280 00001700     ca9d          jrz     zgbfisdead
     281 00001710     c00d          JRUC    NORMAL_CHECK
     282 00001720           NOT_NORMAL_CHECK
     283 00001720     b5a0          move    *a13(OBJ_CONTROL),a0
         00001730     0780  
     284 00001740     0bc0          xori    M_FLIPH,a0
         00001750 00000010  
     285 00001770     b00d          move    a0,*a13(OBJ_CONTROL)
         00001780     0780  
     286 00001790     5600          CLR     A0
     287 000017a0     b20d          MOVE    A0,*A13(OBJ_YVEL),L
         000017b0     02f0  
     288 000017c0     b9ad          MOVE    *A13(GROUND_Y),*A13(OBJ_YPOSINT)
         000017d0     0570  
         000017e0     0130  
     289 000017f0           NORMAL_CHECK
     290                    
     291 000017f0     0d5f          calla   set_getup_time
         00001800 00000000! 
     292                    
     293 00001820     0d5f          calla   DO_SCREAM
         00001830 00000000! 
     294 00001850     09c0          movi    43h,a0
         00001860     0043  
     295 00001870     0d5f          calla   triple_sound
         00001880 00000000! 
     296 000018a0     0d5f          calla   CALL_NASTY_MOVE
         000018b0 00000000! 
     297 000018d0                   FACETBL knockdwn
     298 00001940     0d5f          calla   change_anim1a
         00001950 00000000! 
     299 00001970     0d5f          calla   wres_collis_off
         00001980 00000000! 
     300 000019a0     0960          rets
     301                    
     302 000019b0            SUBR   hit_hammer
TMS340 COFF Macro Assembler Version 6.10     Mon Oct 30 16:55:24 2023
 Copyright (c) 1985-1991  Texas Instruments Incorporated 

meters, names, messages, and scores                                  PAGE    8

     303                    
     304 000019b0     09c0          movi    45h,a0
         000019c0     0045  
     305 000019d0     0d5f          calla   triple_sound
         000019e0 00000000! 
     306 00001a00     0d5f          calla   CALL_NASTY_MOVE
         00001a10 00000000! 
     307                    
     308 00001a30     b5a1          move    *a13(PLYRMODE),a1
         00001a40     05c0  
     309 00001a50     0b41          cmpi    MODE_BLOCK,a1
         00001a60     fff8  
     310 00001a70     cb04          jrnz    bwalnoblock
     311                    
     312 00001a80     0d5f          calla   block_hit
         00001a90 00000000! 
     313 00001ab0     0960          rets
     314                    
     315 00001ac0           bwalnoblock
     316 00001ac0     c000          jruc    hit_bstomp
         00001ad0     fef8  
     317                    
     318 00001ae0            SUBR   hit_spinkick
     319                    
     320                    
     321 00001ae0     b5a1          move    *a13(PLYRMODE),a1
         00001af0     05c0  
     322 00001b00     0b41          cmpi    MODE_BLOCK,a1
         00001b10     fff8  
     323 00001b20     cb04          jrnz    aelknoblock
     324                    
     325 00001b30     0d5f          calla   block_hit_flail
         00001b40 00000000! 
     326 00001b60     0960          rets
     327                    
     328 00001b70           aelknoblock
     329 00001b70     09c0          movi    43h,a0
         00001b80     0043  
     330 00001b90     0d5f          calla   triple_sound
         00001ba0 00000000! 
     331 00001bc0     0d5f          calla   CALL_AVERAGE_MOVE
         00001bd0 00000000! 
     332                    
     333 00001bf0                   GETLIFE
     334 00001c40     ca57          jrz     aelkisdead
     335                    
     336 00001c50                   WRSNDX  KICK_L1,KICK_L2
     337                    
     338 00001f90                   SETMODE NORMAL
     339 00002040     b5ae          move    *a13(OBJ_YPOSINT),a14
         00002050     0130  
     340 00002060     b5a0          move    *a13(GROUND_Y),a0
         00002070     0570  
     341 00002080     440e          sub     a0,a14
     342 00002090     0b4e          cmpi    20,a14
TMS340 COFF Macro Assembler Version 6.10     Mon Oct 30 16:55:24 2023
 Copyright (c) 1985-1991  Texas Instruments Incorporated 

meters, names, messages, and scores                                  PAGE    9

         000020a0     ffeb  
     343 000020b0     c514          jrge    aelkfall_back
     344                    
     345                    
     346 000020c0                   FACE24TBL aelkhead_hit2
     347 00002190     0d5f          calla   change_anim1a
         000021a0 00000000! 
     348 000021c0           aelkisdead
     349 000021c0     0d5f          calla   wres_collis_off
         000021d0 00000000! 
     350                    
     351 000021f0     0960          rets
     352                    
     353 00002200           aelkfall_back
     354 00002200                   FACETBL fall_back_tbl
     355                    
     356 00002270     0d5f          calla   change_anim1a
         00002280 00000000! 
     357 000022a0     0d5f          calla   wres_collis_off
         000022b0 00000000! 
     358                    
     359 000022d0     09e2          movi    [3,0],a2
         000022e0 00030000  
     360 00002300     b540          move    *a10(OBJ_XPOSINT),a0
         00002310     0110  
     361 00002320     b5a1          move    *a13(OBJ_XPOSINT),a1
         00002330     0110  
     362 00002340     4801          cmp     a0,a1                   ;offx - defx
     363 00002350     c701          jrgt    aelkfall_right          ;attacker on left
     364 00002360     03a2          neg     a2
     365 00002370           aelkfall_right
     366 00002370     b24d          move    a2,*a13(OBJ_XVEL),L
         00002380     02d0  
     367                    
     368 00002390     0960          rets
     369                    
     370 000023a0           aelkhead_hit2
     371 000023a0                   REFLONG hrt_2_head_hit3_anim,hrt_4_head_hit3_anim               ;0 Bret Hart
     372 000023e0 00000000!         .long   rzr_2_head_hit3_anim,rzr_4_head_hit3_anim               ;1 Razor Ramon
     373 00002420 00000000!         .long   und_2_head_hit2_anim,und_4_head_hit2_anim               ;2 Undertaker
     374 00002460 00000000!         .long   yok_2_head_hit3_anim,yok_4_head_hit3_anim               ;3 Yokozuna
     375 000024a0 00000000!         .long   shn_2_head_hit3_anim,shn_4_head_hit3_anim               ;4 Shawn Michaels
     376 000024e0 00000000!         .long   bam_2_head_hit2_anim,bam_4_head_hit2_anim               ;5 Bam Bam
     377 00002520 00000000!         .long   dnk_2_head_hit2_anim,dnk_4_head_hit2_anim               ;6 Doink
     378 00002560 00000000          .long   0,0                                                     ;7 spare
     379 000025a0                   REFLONG lex_2_head_hit3_anim,lex_4_head_hit3_anim               ;8 Lex Luger
     380 000025e0 00000000          .long   0,0                                                     ;9 Referee
     381                    
     382 00002620            SUBR   hit_cline
     383                    
     384                    
     385 00002620     b5a1          move    *a13(PLYRMODE),a1
         00002630     05c0  
     386 00002640     0b41          cmpi    MODE_BLOCK,a1
         00002650     fff8  
TMS340 COFF Macro Assembler Version 6.10     Mon Oct 30 16:55:24 2023
 Copyright (c) 1985-1991  Texas Instruments Incorporated 

meters, names, messages, and scores                                  PAGE   10

     387 00002660     cb04          jrnz    ktkunoblock
     388                    
     389 00002670     0d5f          calla   block_hit_flail
         00002680 00000000! 
     390 000026a0     0960          rets
     391                    
     392 000026b0           ktkunoblock
     393                    
     394 000026b0     0d5f          calla   CALL_DROP_KICK
         000026c0 00000000! 
     395                    
     396                    
     397 000026e0                   WRSNDX  FLYKICK_L1,FLYKICK_L2
     398                    
     399 00002a20                   GETLIFE
     400 00002a70     ca0b          jrz     ktkuskip
     401                    
     402                    
     403                    
     404 00002a80                   SETMODE NORMAL
     405                    
     406 00002b30           ktkuskip
     407                    
     408 00002b30     5600          clr     a0
     409 00002b40     b20a          move    a0,*a10(OBJ_ZVEL),L     ;Zero zvel after collis
         00002b50     0310  
     410                    
     411 00002b60     b740          move    *a10(OBJ_ZPOS),a0,L
         00002b70     0140  
     412 00002b80     0d00          subi    [1,0],a0
         00002b90 fffeffff  
     413 00002bb0     b20d          move    a0,*a13(OBJ_ZPOS),L
         00002bc0     0140  
     414                    
     415 00002bd0     b00d          move    a0,*a13(ROLL_POS)
         00002be0     0450  
     416 00002bf0     0d5f          calla   set_getup_time
         00002c00 00000000! 
     417                    
     418 00002c20                   FACETBL ktkufall_back2
     419 00002c90     0d5f          calla   change_anim1a
         00002ca0 00000000! 
     420                    
     421 00002cc0     09e2          movi    [3,0],a2
         00002cd0 00030000  
     422 00002cf0     b740          move    *a10(OBJ_XVEL),a0,L
         00002d00     02d0  
     423 00002d10     c101          jrp     ktkufall_right
     424 00002d20     03a2          neg     a2
     425                    
     426                    
     427 00002d30           ktkufall_right
     428                    
     429                    
     430 00002d30     b24d          move    a2,*a13(OBJ_XVEL),L
TMS340 COFF Macro Assembler Version 6.10     Mon Oct 30 16:55:24 2023
 Copyright (c) 1985-1991  Texas Instruments Incorporated 

meters, names, messages, and scores                                  PAGE   11

         00002d40     02d0  
     431                    
     432 00002d50           ktkuisdead
     433 00002d50     0d5f          calla   wres_collis_off
         00002d60 00000000! 
     434 00002d80     0960          rets
     435                    
     436 00002d90           ktkufall_back2
     437 00002d90                   REFLONG hrt_fall_back2_anim             ;0 Bret Hart
     438 00002db0                   REFLONG rzr_fall_back2_anim             ;1 Razor Ramon
     439 00002dd0                   REFLONG und_fall_back2_anim             ;2 Undertaker
     440 00002df0                   REFLONG yok_fall_back2_anim             ;3 Yokozuna
     441 00002e10                   REFLONG shn_fall_back2_anim             ;4 Shawn Michaels
     442 00002e30                   REFLONG bam_fall_back2_anim             ;5 Bam Bam
     443 00002e50                   REFLONG dnk_fall_back2_anim             ;6 Doink
     444 00002e70 00000000          .long   0                               ;7 spare
     445 00002e90                   REFLONG lex_fall_back2_anim             ;8 Lex Luger
     446                    
     447                    
     448 00002eb0            SUBR   hit_headhold
     449                    
     450 00002eb0     0960          rets
     451                    
     452 00002ec0            SUBR   hit_jumpkick
     453                    
     454 00002ec0     b5a1          move    *a13(PLYRMODE),a1
         00002ed0     05c0  
     455 00002ee0     0b41          cmpi    MODE_BLOCK,a1
         00002ef0     fff8  
     456 00002f00     cb04          jrnz    wstmnoblock
     457                    
     458 00002f10     0d5f          calla   block_hit_flail
         00002f20 00000000! 
     459 00002f40     0960          rets
     460                    
     461 00002f50           wstmnoblock
     462                    
     463 00002f50                   GETLIFE
     464 00002fa0     ca57          jrz     wstmisdead
     465                    
     466 00002fb0                   WRSNDX  KICK_L1,KICK_L2
     467                    
     468                    
     469 000032f0                   SETMODE NORMAL
     470 000033a0     b5ae          move    *a13(OBJ_YPOSINT),a14
         000033b0     0130  
     471 000033c0     b5a0          move    *a13(GROUND_Y),a0
         000033d0     0570  
     472 000033e0     440e          sub     a0,a14
     473 000033f0     0b4e          cmpi    20,a14
         00003400     ffeb  
     474 00003410     c514          jrge    wstmfall_back
     475                    
     476                    
     477 00003420                   FACE24TBL wstmhead_hit2
TMS340 COFF Macro Assembler Version 6.10     Mon Oct 30 16:55:24 2023
 Copyright (c) 1985-1991  Texas Instruments Incorporated 

meters, names, messages, and scores                                  PAGE   12

     478 000034f0     0d5f          calla   change_anim1a
         00003500 00000000! 
     479 00003520           wstmisdead
     480 00003520     0d5f          calla   wres_collis_off
         00003530 00000000! 
     481                    
     482 00003550     0960          rets
     483                    
     484 00003560           wstmfall_back
     485 00003560                   FACETBL fall_back_tbl
     486                    
     487 000035d0     0d5f          calla   change_anim1a
         000035e0 00000000! 
     488 00003600     0d5f          calla   wres_collis_off
         00003610 00000000! 
     489                    
     490 00003630     09e2          movi    [3,0],a2
         00003640 00030000  
     491 00003660     b540          move    *a10(OBJ_XPOSINT),a0
         00003670     0110  
     492 00003680     b5a1          move    *a13(OBJ_XPOSINT),a1
         00003690     0110  
     493 000036a0     4801          cmp     a0,a1                   ;offx - defx
     494 000036b0     c701          jrgt    wstmfall_right          ;attacker on left
     495 000036c0     03a2          neg     a2
     496 000036d0           wstmfall_right
     497 000036d0     b24d          move    a2,*a13(OBJ_XVEL),L
         000036e0     02d0  
     498                    
     499 000036f0     0960          rets
     500                     
     501                    
     502 00003700           wstmhead_hit2
     503 00003700 00000000!         .long   hrt_2_head_hit2_anim,hrt_4_head_hit2_anim               ;0 Bret Hart
     504 00003740 00000000!         .long   rzr_2_head_hit2_anim,rzr_4_head_hit2_anim               ;1 Razor Ramon
     505 00003780 00000000!         .long   und_2_head_hit2_anim,und_4_head_hit2_anim               ;2 Undertaker
     506 000037c0 00000000!         .long   yok_2_head_hit2_anim,yok_4_head_hit2_anim               ;3 Yokozuna
     507 00003800 00000000!         .long   shn_2_head_hit3_anim,shn_4_head_hit3_anim               ;4 Shawn Michaels
     508 00003840 00000000!         .long   bam_2_head_hit2_anim,bam_4_head_hit2_anim               ;5 Bam Bam
     509 00003880 00000000!         .long   dnk_2_head_hit2_anim,dnk_4_head_hit2_anim               ;6 Doink
     510 000038c0 00000000!         .long   dnk_2_head_hit2_anim,dnk_4_head_hit2_anim               ;7 spare
     511 00003900 00000000!         .long   lex_2_head_hit2_anim,lex_4_head_hit2_anim               ;8 Lex Luger
     512 00003940 00000000!         .long   dnk_2_head_hit2_anim,dnk_4_head_hit2_anim               ;9 Referee
     513                    
     514                    
     515                            .end

 No Errors,  No Warnings
