TMS340 COFF Macro Assembler Version 6.10     Mon Oct 30 16:56:06 2023
 Copyright (c) 1985-1991  Texas Instruments Incorporated 

                                                                     PAGE    1

       1                    
       2                            .file   "rzrseq1.asm"
       4                            .width  132
       5                            .option b,d,l,t
       6                            .mnolist
       7                    
       8                    
       9                            .include        "macros.h"
      10                            .include        "mproc.equ"             ;Mproc equates
      11                            .include        "sys.equ"
      12                            .include        "game.equ"
      13                            .include        "plyr.equ"
      14                            .include        "anim.equ"
      15                            .include        "sound.h"
      16                    
      17                            .include        "razorimg.h"
      18                    
      19                    
      20                    
      21                            .REF    MAYBE_BOUNCE_ROPE
      22                            .ref    SMALL_RUN
      23                    
      24                    
      25                    
      26              0035  TSEC    equ     53
      27                    
      28                    
      29 00000000            SUBR   rzr_zip_anim
      30 00000000                   WL      TSEC*60,R2ST2C+FR3
      31 00000030     0000          .word   0
      32                    
      33 00000040            SUBR   rzr_stand2_anim
      34 00000040            SUBR   rzr_stand8_anim
      35                    
      36 00000040                   WL      7,R2ST2C+FR3
      37 00000070                   WL      6,R2ST2C+FR5
      38 000000a0                   WL      6,R2ST2C+FR7
      39 000000d0                   WL      6,R2ST2C+FR9
      40 00000100                   WL      6,R2ST2C+FR7
      41 00000130                   WL      7,R2ST2C+FR5
      42 00000160     8001          .word   ANI_REPEAT
      43                    
      44                    
      45 00000170            SUBR   rzr_stand4_anim
      46 00000170            SUBR   rzr_stand6_anim
      47                    
      48 00000170                   WL      7,R4ST4G+FR1
      49 000001a0                   WL      6,R4ST4G+FR3
      50 000001d0                   WL      6,R4ST4G+FR5
      51 00000200                   WL      6,R4ST4G+FR7
      52 00000230                   WL      6,R4ST4G+FR5
      53 00000260                   WL      7,R4ST4G+FR3
      54 00000290     8001          .word   ANI_REPEAT
      55                    
      56                    
TMS340 COFF Macro Assembler Version 6.10     Mon Oct 30 16:56:06 2023
 Copyright (c) 1985-1991  Texas Instruments Incorporated 

Razor Ramon animation sequences                                      PAGE    2

      57                    
      58 000002a0            SUBR   rzr_torso2_anim
      59 000002a0            SUBR   rzr_torso8_anim
      60 000002a0                   WL      4,R2TW2Z+FR1
      61 000002d0                   WL      4,R2TW2Z+FR2
      62 00000300                   WL      4,R2TW2Z+FR3
      63 00000330                   WL      4,R2TW2Z+FR4
      64 00000360                   WL      4,R2TW2Z+FR3
      65 00000390                   WL      4,R2TW2Z+FR2
      66 000003c0     8001          .word   ANI_REPEAT
      67                    
      68                    
      69 000003d0            SUBR   rzr_torso4_anim
      70 000003d0            SUBR   rzr_torso6_anim
      71 000003d0                   WL      4,R4TW4Z+FR1
      72 00000400                   WL      4,R4TW4Z+FR2
      73 00000430                   WL      4,R4TW4Z+FR3
      74 00000460                   WL      4,R4TW4Z+FR4
      75 00000490                   WL      4,R4TW4Z+FR3
      76 000004c0                   WL      4,R4TW4Z+FR2
      77 000004f0     8001          .word   ANI_REPEAT
      78                    
      79                    
      80                    
      81 00000500            SUBR   rzr_walk1_f2_anim
      82 00000500                   WL      2,R2WL1A+FR1
      83 00000530                   WL      2,R2WL1A+FR2
      84 00000560                   WL      2,R2WL1A+FR3
      85 00000590                   WL      2,R2WL1A+FR4
      86 000005c0                   WL      2,R2WL1A+FR5
      87 000005f0                   WL      2,R2WL1A+FR6
      88 00000620                   WL      2,R2WL1A+FR7
      89 00000650                   WL      2,R2WL1A+FR8
      90 00000680                   WL      2,R2WL1A+FR9
      91 000006b0                   WL      2,R2WL1A+FR10
      92 000006e0                   WL      2,R2WL1A+FR11
      93 00000710                   WL      2,R2WL1A+FR12
      94 00000740                   WL      2,R2WL1A+FR13
      95 00000770                   WL      2,R2WL1A+FR14
      96 000007a0                   WL      2,R2WL1A+FR15
      97 000007d0                   WL      2,R2WL1A+FR16
      98 00000800                   WL      2,R2WL1A+FR17
      99 00000830                   WL      2,R2WL1A+FR18
     100 00000860                   WL      2,R2WL1A+FR19
     101 00000890                   WL      2,R2WL1A+FR20
     102 000008c0     8001          .word   ANI_REPEAT
     103                    
     104 000008d0            SUBR   rzr_walk2_f2_anim
     105 000008d0                   WL      2,R2WL2A+FR1
     106 00000900                   WL      2,R2WL2A+FR2
     107 00000930                   WL      2,R2WL2A+FR3
     108 00000960                   WL      2,R2WL2A+FR4
     109 00000990                   WL      2,R2WL2A+FR5
     110 000009c0                   WL      2,R2WL2A+FR6
     111 000009f0                   WL      2,R2WL2A+FR7
TMS340 COFF Macro Assembler Version 6.10     Mon Oct 30 16:56:06 2023
 Copyright (c) 1985-1991  Texas Instruments Incorporated 

Razor Ramon animation sequences                                      PAGE    3

     112 00000a20                   WL      2,R2WL2A+FR8
     113 00000a50                   WL      2,R2WL2A+FR9
     114 00000a80                   WL      2,R2WL2A+FR10
     115 00000ab0                   WL      2,R2WL2A+FR11
     116 00000ae0                   WL      2,R2WL2A+FR12
     117 00000b10                   WL      2,R2WL2A+FR13
     118 00000b40                   WL      2,R2WL2A+FR14
     119 00000b70                   WL      2,R2WL2A+FR15
     120 00000ba0                   WL      2,R2WL2A+FR16
     121 00000bd0                   WL      2,R2WL2A+FR17
     122 00000c00                   WL      2,R2WL2A+FR18
     123 00000c30                   WL      2,R2WL2A+FR19
     124 00000c60                   WL      2,R2WL2A+FR20
     125 00000c90     8001          .word   ANI_REPEAT
     126                    
     127 00000ca0            SUBR   rzr_walk4_f2_anim
     128 00000ca0                   WL      2,R2WL4B+FR1
     129 00000cd0                   WL      2,R2WL4B+FR2
     130 00000d00                   WL      2,R2WL4B+FR3
     131 00000d30                   WL      2,R2WL4B+FR4
     132 00000d60                   WL      2,R2WL4B+FR5
     133 00000d90                   WL      2,R2WL4B+FR6
     134 00000dc0                   WL      2,R2WL4B+FR7
     135 00000df0                   WL      2,R2WL4B+FR8
     136 00000e20                   WL      2,R2WL4B+FR9
     137 00000e50                   WL      2,R2WL4B+FR10
     138 00000e80                   WL      2,R2WL4B+FR11
     139 00000eb0                   WL      2,R2WL4B+FR12
     140 00000ee0                   WL      2,R2WL4B+FR13
     141 00000f10                   WL      2,R2WL4B+FR14
     142 00000f40                   WL      2,R2WL4B+FR15
     143 00000f70                   WL      2,R2WL4B+FR16
     144 00000fa0                   WL      2,R2WL4B+FR17
     145 00000fd0                   WL      2,R2WL4B+FR18
     146 00001000                   WL      2,R2WL4B+FR19
     147 00001030                   WL      2,R2WL4B+FR20
     148 00001060                   WL      2,R2WL4B+FR21
     149 00001090     8001          .word   ANI_REPEAT
     150                    
     151 000010a0            SUBR   rzr_walk5_f2_anim
     152 000010a0                   WL      2,R2WL1A+FR20
     153 000010d0                   WL      2,R2WL1A+FR19
     154 00001100                   WL      2,R2WL1A+FR18
     155 00001130                   WL      2,R2WL1A+FR17
     156 00001160                   WL      2,R2WL1A+FR16
     157 00001190                   WL      2,R2WL1A+FR15
     158 000011c0                   WL      2,R2WL1A+FR14
     159 000011f0                   WL      2,R2WL1A+FR13
     160 00001220                   WL      2,R2WL1A+FR12
     161 00001250                   WL      2,R2WL1A+FR11
     162 00001280                   WL      2,R2WL1A+FR10
     163 000012b0                   WL      2,R2WL1A+FR9
     164 000012e0                   WL      2,R2WL1A+FR8
     165 00001310                   WL      2,R2WL1A+FR7
     166 00001340                   WL      2,R2WL1A+FR6
TMS340 COFF Macro Assembler Version 6.10     Mon Oct 30 16:56:06 2023
 Copyright (c) 1985-1991  Texas Instruments Incorporated 

Razor Ramon animation sequences                                      PAGE    4

     167 00001370                   WL      2,R2WL1A+FR5
     168 000013a0                   WL      2,R2WL1A+FR4
     169 000013d0                   WL      2,R2WL1A+FR3
     170 00001400                   WL      2,R2WL1A+FR2
     171 00001430                   WL      2,R2WL1A+FR1
     172 00001460     8001          .word   ANI_REPEAT
     173                    
     174 00001470            SUBR   rzr_walk6_f2_anim
     175 00001470                   WL      2,R2WL2A+FR20
     176 000014a0                   WL      2,R2WL2A+FR19
     177 000014d0                   WL      2,R2WL2A+FR18
     178 00001500                   WL      2,R2WL2A+FR17
     179 00001530                   WL      2,R2WL2A+FR16
     180 00001560                   WL      2,R2WL2A+FR15
     181 00001590                   WL      2,R2WL2A+FR14
     182 000015c0                   WL      2,R2WL2A+FR13
     183 000015f0                   WL      2,R2WL2A+FR12
     184 00001620                   WL      2,R2WL2A+FR11
     185 00001650                   WL      2,R2WL2A+FR10
     186 00001680                   WL      2,R2WL2A+FR9
     187 000016b0                   WL      2,R2WL2A+FR8
     188 000016e0                   WL      2,R2WL2A+FR7
     189 00001710                   WL      2,R2WL2A+FR6
     190 00001740                   WL      2,R2WL2A+FR5
     191 00001770                   WL      2,R2WL2A+FR4
     192 000017a0                   WL      2,R2WL2A+FR3
     193 000017d0                   WL      2,R2WL2A+FR2
     194 00001800                   WL      2,R2WL2A+FR1
     195 00001830     8001          .word   ANI_REPEAT
     196                    
     197                    
     198 00001840            SUBR   rzr_walk8_f2_anim
     199 00001840                   WL      2,R2WL4B+FR21
     200 00001870                   WL      2,R2WL4B+FR20
     201 000018a0                   WL      2,R2WL4B+FR19
     202 000018d0                   WL      2,R2WL4B+FR18
     203 00001900                   WL      2,R2WL4B+FR17
     204 00001930                   WL      2,R2WL4B+FR16
     205 00001960                   WL      2,R2WL4B+FR15
     206 00001990                   WL      2,R2WL4B+FR14
     207 000019c0                   WL      2,R2WL4B+FR13
     208 000019f0                   WL      2,R2WL4B+FR12
     209 00001a20                   WL      2,R2WL4B+FR11
     210 00001a50                   WL      2,R2WL4B+FR10
     211 00001a80                   WL      2,R2WL4B+FR9
     212 00001ab0                   WL      2,R2WL4B+FR8
     213 00001ae0                   WL      2,R2WL4B+FR7
     214 00001b10                   WL      2,R2WL4B+FR6
     215 00001b40                   WL      2,R2WL4B+FR5
     216 00001b70                   WL      2,R2WL4B+FR4
     217 00001ba0                   WL      2,R2WL4B+FR3
     218 00001bd0                   WL      2,R2WL4B+FR2
     219 00001c00                   WL      2,R2WL4B+FR1
     220 00001c30     8001          .word   ANI_REPEAT
     221                    
TMS340 COFF Macro Assembler Version 6.10     Mon Oct 30 16:56:06 2023
 Copyright (c) 1985-1991  Texas Instruments Incorporated 

Razor Ramon animation sequences                                      PAGE    5

     222                    
     223                    
     224                    
     225 00001c40            SUBR   rzr_walk1_f4_anim
     226 00001c40                   WL      2,R4WL5A+FR18
     227 00001c70                   WL      2,R4WL5A+FR17
     228 00001ca0                   WL      2,R4WL5A+FR16
     229 00001cd0                   WL      2,R4WL5A+FR15
     230 00001d00                   WL      2,R4WL5A+FR14
     231 00001d30                   WL      2,R4WL5A+FR13
     232 00001d60                   WL      2,R4WL5A+FR12
     233 00001d90                   WL      2,R4WL5A+FR11
     234 00001dc0                   WL      2,R4WL5A+FR10
     235 00001df0                   WL      2,R4WL5A+FR9
     236 00001e20                   WL      2,R4WL5A+FR8
     237 00001e50                   WL      2,R4WL5A+FR7
     238 00001e80                   WL      2,R4WL5A+FR6
     239 00001eb0                   WL      2,R4WL5A+FR5
     240 00001ee0                   WL      2,R4WL5A+FR4
     241 00001f10                   WL      2,R4WL5A+FR3
     242 00001f40                   WL      2,R4WL5A+FR2
     243 00001f70                   WL      2,R4WL5A+FR1
     244 00001fa0     8001          .word   ANI_REPEAT
     245                    
     246 00001fb0            SUBR   rzr_walk2_f4_anim
     247 00001fb0                   WL      2,R4WL2A+FR1
     248 00001fe0                   WL      2,R4WL2A+FR2
     249 00002010                   WL      2,R4WL2A+FR3
     250 00002040                   WL      2,R4WL2A+FR4
     251 00002070                   WL      2,R4WL2A+FR5
     252 000020a0                   WL      2,R4WL2A+FR6
     253 000020d0                   WL      2,R4WL2A+FR7
     254 00002100                   WL      2,R4WL2A+FR8
     255 00002130                   WL      2,R4WL2A+FR9
     256 00002160                   WL      2,R4WL2A+FR10
     257 00002190                   WL      2,R4WL2A+FR11
     258 000021c0                   WL      2,R4WL2A+FR12
     259 000021f0                   WL      2,R4WL2A+FR13
     260 00002220                   WL      2,R4WL2A+FR14
     261 00002250                   WL      2,R4WL2A+FR15
     262 00002280                   WL      2,R4WL2A+FR16
     263 000022b0                   WL      2,R4WL2A+FR17
     264 000022e0                   WL      2,R4WL2A+FR18
     265 00002310                   WL      2,R4WL2A+FR19
     266 00002340                   WL      2,R4WL2A+FR20
     267 00002370     8001          .word   ANI_REPEAT
     268                    
     269 00002380            SUBR   rzr_walk4_f4_anim
     270 00002380                   WL      2,R4WL4A+FR1
     271 000023b0                   WL      2,R4WL4A+FR2
     272 000023e0                   WL      2,R4WL4A+FR3
     273 00002410                   WL      2,R4WL4A+FR4
     274 00002440                   WL      2,R4WL4A+FR5
     275 00002470                   WL      2,R4WL4A+FR6
     276 000024a0                   WL      2,R4WL4A+FR7
TMS340 COFF Macro Assembler Version 6.10     Mon Oct 30 16:56:06 2023
 Copyright (c) 1985-1991  Texas Instruments Incorporated 

Razor Ramon animation sequences                                      PAGE    6

     277 000024d0                   WL      2,R4WL4A+FR8
     278 00002500                   WL      2,R4WL4A+FR9
     279 00002530                   WL      2,R4WL4A+FR10
     280 00002560                   WL      2,R4WL4A+FR11
     281 00002590                   WL      2,R4WL4A+FR12
     282 000025c0                   WL      2,R4WL4A+FR13
     283 000025f0                   WL      2,R4WL4A+FR14
     284 00002620                   WL      2,R4WL4A+FR15
     285 00002650                   WL      2,R4WL4A+FR16
     286 00002680                   WL      2,R4WL4A+FR17
     287 000026b0                   WL      2,R4WL4A+FR18
     288 000026e0     8001          .word   ANI_REPEAT
     289                    
     290 000026f0            SUBR   rzr_walk5_f4_anim
     291 000026f0                   WL      2,R4WL5A+FR1
     292 00002720                   WL      2,R4WL5A+FR2
     293 00002750                   WL      2,R4WL5A+FR3
     294 00002780                   WL      2,R4WL5A+FR4
     295 000027b0                   WL      2,R4WL5A+FR5
     296 000027e0                   WL      2,R4WL5A+FR6
     297 00002810                   WL      2,R4WL5A+FR7
     298 00002840                   WL      2,R4WL5A+FR8
     299 00002870                   WL      2,R4WL5A+FR9
     300 000028a0                   WL      2,R4WL5A+FR10
     301 000028d0                   WL      2,R4WL5A+FR11
     302 00002900                   WL      2,R4WL5A+FR12
     303 00002930                   WL      2,R4WL5A+FR13
     304 00002960                   WL      2,R4WL5A+FR14
     305 00002990                   WL      2,R4WL5A+FR15
     306 000029c0                   WL      2,R4WL5A+FR16
     307 000029f0                   WL      2,R4WL5A+FR17
     308 00002a20                   WL      2,R4WL5A+FR18
     309 00002a50     8001          .word   ANI_REPEAT
     310                    
     311 00002a60            SUBR   rzr_walk6_f4_anim
     312 00002a60                   WL      2,R4WL2A+FR20
     313 00002a90                   WL      2,R4WL2A+FR19
     314 00002ac0                   WL      2,R4WL2A+FR18
     315 00002af0                   WL      2,R4WL2A+FR17
     316 00002b20                   WL      2,R4WL2A+FR16
     317 00002b50                   WL      2,R4WL2A+FR15
     318 00002b80                   WL      2,R4WL2A+FR14
     319 00002bb0                   WL      2,R4WL2A+FR13
     320 00002be0                   WL      2,R4WL2A+FR12
     321 00002c10                   WL      2,R4WL2A+FR11
     322 00002c40                   WL      2,R4WL2A+FR10
     323 00002c70                   WL      2,R4WL2A+FR9
     324 00002ca0                   WL      2,R4WL2A+FR8
     325 00002cd0                   WL      2,R4WL2A+FR7
     326 00002d00                   WL      2,R4WL2A+FR6
     327 00002d30                   WL      2,R4WL2A+FR5
     328 00002d60                   WL      2,R4WL2A+FR4
     329 00002d90                   WL      2,R4WL2A+FR3
     330 00002dc0                   WL      2,R4WL2A+FR2
     331 00002df0                   WL      2,R4WL2A+FR1
TMS340 COFF Macro Assembler Version 6.10     Mon Oct 30 16:56:06 2023
 Copyright (c) 1985-1991  Texas Instruments Incorporated 

Razor Ramon animation sequences                                      PAGE    7

     332 00002e20     8001          .word   ANI_REPEAT
     333                    
     334 00002e30            SUBR   rzr_walk8_f4_anim
     335 00002e30                   WL      2,R4WL4A+FR18
     336 00002e60                   WL      2,R4WL4A+FR17
     337 00002e90                   WL      2,R4WL4A+FR16
     338 00002ec0                   WL      2,R4WL4A+FR15
     339 00002ef0                   WL      2,R4WL4A+FR14
     340 00002f20                   WL      2,R4WL4A+FR13
     341 00002f50                   WL      2,R4WL4A+FR12
     342 00002f80                   WL      2,R4WL4A+FR11
     343 00002fb0                   WL      2,R4WL4A+FR10
     344 00002fe0                   WL      2,R4WL4A+FR9
     345 00003010                   WL      2,R4WL4A+FR8
     346 00003040                   WL      2,R4WL4A+FR7
     347 00003070                   WL      2,R4WL4A+FR6
     348 000030a0                   WL      2,R4WL4A+FR5
     349 000030d0                   WL      2,R4WL4A+FR4
     350 00003100                   WL      2,R4WL4A+FR3
     351 00003130                   WL      2,R4WL4A+FR2
     352 00003160                   WL      2,R4WL4A+FR1
     353 00003190     8001          .word   ANI_REPEAT
     354                    
     355                    
     356                    
     357                    
     358                    
     359 000031a0            SUBR   rzr_2_to_4_turn_anim
     360 000031a0            SUBR   rzr_8_to_6_turn_anim
     361 000031a0     8002          .word   ANI_SETMODE,MODE_INTURN|MODE_NOAUTOFLIP ;uninterruptable
     362 000031c0     8026          .word   ANI_SETSPEED,100h
     363 000031e0                   WL      3,R1TT5Z+FR2
     364 00003210                   WL      3,R1TT5Z+FR3
     365 00003240     8002          .word   ANI_SETMODE,MODE_NORMAL
     366 00003260     8049          .word   ANI_END
     367                    
     368 00003270            SUBR   rzr_4_to_2_turn_anim
     369 00003270            SUBR   rzr_6_to_8_turn_anim
     370 00003270     8002          .word   ANI_SETMODE,MODE_INTURN|MODE_NOAUTOFLIP ;uninterruptable
     371 00003290     8026          .word   ANI_SETSPEED,100h
     372 000032b0                   WL      3,R1TT5Z+FR3
     373 000032e0                   WL      3,R1TT5Z+FR2
     374 00003310     8002          .word   ANI_SETMODE,MODE_NORMAL
     375 00003330     8049          .word   ANI_END
     376                    
     377 00003340            SUBR   rzr_4_to_6_turn_anim
     378 00003340            SUBR   rzr_6_to_4_turn_anim
     379 00003340     8002          .word   ANI_SETMODE,MODE_INTURN|MODE_NOAUTOFLIP ;uninterruptable
     380 00003360     8026          .word   ANI_SETSPEED,100h
     381 00003380                   WL      3,R1TT5Z+FR4
     382 000033b0     800c          .word   ANI_XFLIP
     383 000033c0                   WL      3,R1TT5Z+FR4
     384 000033f0     8002          .word   ANI_SETMODE,MODE_NORMAL
     385 00003410     8049          .word   ANI_END
     386                    
TMS340 COFF Macro Assembler Version 6.10     Mon Oct 30 16:56:06 2023
 Copyright (c) 1985-1991  Texas Instruments Incorporated 

Razor Ramon animation sequences                                      PAGE    8

     387 00003420            SUBR   rzr_2_to_8_turn_anim
     388 00003420            SUBR   rzr_8_to_2_turn_anim
     389 00003420     8002          .word   ANI_SETMODE,MODE_INTURN|MODE_NOAUTOFLIP ;uninterruptable
     390 00003440     8026          .word   ANI_SETSPEED,100h
     391 00003460                   WL      3,R1TT5Z+FR1
     392 00003490     800c          .word   ANI_XFLIP
     393 000034a0                   WL      3,R1TT5Z+FR1
     394 000034d0     8002          .word   ANI_SETMODE,MODE_NORMAL
     395 000034f0     8049          .word   ANI_END
     396                    
     397 00003500            SUBR   rzr_4_to_8_turn_anim
     398 00003500            SUBR   rzr_6_to_2_turn_anim
     399 00003500     8002          .word   ANI_SETMODE,MODE_INTURN|MODE_NOAUTOFLIP ;uninterruptable
     400 00003520     8026          .word   ANI_SETSPEED,100h
     401 00003540                   WL      3,R1TT5Z+FR3    ;3.5
     402 00003570                   WL      3,R1TT5Z+FR2    ;2.5
     403 000035a0                   WL      3,R1TT5Z+FR1    ;1.5
     404 000035d0     800c          .word   ANI_XFLIP
     405 000035e0                   WL      3,R1TT5Z+FR1    ;1.5
     406 00003610     8002          .word   ANI_SETMODE,MODE_NORMAL
     407 00003630     8049          .word   ANI_END
     408                    
     409 00003640            SUBR   rzr_2_to_6_turn_anim
     410 00003640            SUBR   rzr_8_to_4_turn_anim
     411 00003640     8002          .word   ANI_SETMODE,MODE_INTURN|MODE_NOAUTOFLIP ;uninterruptable
     412 00003660     8026          .word   ANI_SETSPEED,100h
     413 00003680                   WL      3,R1TT5Z+FR2    ;2.5
     414 000036b0                   WL      3,R1TT5Z+FR3    ;3.5
     415 000036e0                   WL      3,R1TT5Z+FR4    ;4.5
     416 00003710     800c          .word   ANI_XFLIP
     417 00003720                   WL      3,R1TT5Z+FR4    ;4.5
     418 00003750     8002          .word   ANI_SETMODE,MODE_NORMAL
     419 00003770     8049          .word   ANI_END
     420                    
     421                    
     422                    
     423 00003780            SUBR   rzr_2_to_4_turn2_anim
     424 00003780            SUBR   rzr_8_to_6_turn2_anim
     425 00003780     8002          .word   ANI_SETMODE,MODE_INTURN|MODE_NOAUTOFLIP ;uninterruptable
     426 000037a0     8026          .word   ANI_SETSPEED,100h
     427 000037c0                   WL      3,R1TR5Z+FR2
     428 000037f0     801b          .word   ANI_SETFACING
     429 00003800                   WL      3,R1TR5Z+FR3
     430 00003830     8002          .word   ANI_SETMODE,MODE_NORMAL
     431 00003850     8049          .word   ANI_END
     432                    
     433 00003860            SUBR   rzr_4_to_2_turn2_anim
     434 00003860            SUBR   rzr_6_to_8_turn2_anim
     435 00003860     8002          .word   ANI_SETMODE,MODE_INTURN|MODE_NOAUTOFLIP ;uninterruptable
     436 00003880     8026          .word   ANI_SETSPEED,100h
     437 000038a0                   WL      3,R1TR5Z+FR3
     438 000038d0     801b          .word   ANI_SETFACING
     439 000038e0                   WL      3,R1TR5Z+FR2
     440 00003910     8002          .word   ANI_SETMODE,MODE_NORMAL
     441 00003930     8049          .word   ANI_END
TMS340 COFF Macro Assembler Version 6.10     Mon Oct 30 16:56:06 2023
 Copyright (c) 1985-1991  Texas Instruments Incorporated 

Razor Ramon animation sequences                                      PAGE    9

     442                    
     443 00003940            SUBR   rzr_4_to_6_turn2_anim
     444 00003940            SUBR   rzr_6_to_4_turn2_anim
     445 00003940     8002          .word   ANI_SETMODE,MODE_INTURN|MODE_NOAUTOFLIP ;uninterruptable
     446 00003960     8026          .word   ANI_SETSPEED,100h
     447 00003980                   WL      3,R1TR5Z+FR4
     448 000039b0     801b          .word   ANI_SETFACING           ;ANI_XFLIP <- not primary anim
     449 000039c0                   WL      3,R1TR5Z+FR4
     450 000039f0     8002          .word   ANI_SETMODE,MODE_NORMAL
     451 00003a10     8049          .word   ANI_END
     452                    
     453 00003a20            SUBR   rzr_2_to_8_turn2_anim
     454 00003a20            SUBR   rzr_8_to_2_turn2_anim
     455 00003a20     8002          .word   ANI_SETMODE,MODE_INTURN|MODE_NOAUTOFLIP ;uninterruptable
     456 00003a40     8026          .word   ANI_SETSPEED,100h
     457 00003a60                   WL      3,R1TR5Z+FR1
     458 00003a90     801b          .word   ANI_SETFACING           ;ANI_XFLIP <- not primary anim
     459 00003aa0                   WL      3,R1TR5Z+FR1
     460 00003ad0     8002          .word   ANI_SETMODE,MODE_NORMAL
     461 00003af0     8049          .word   ANI_END
     462                    
     463 00003b00            SUBR   rzr_4_to_8_turn2_anim
     464 00003b00            SUBR   rzr_6_to_2_turn2_anim
     465 00003b00     8002          .word   ANI_SETMODE,MODE_INTURN|MODE_NOAUTOFLIP ;uninterruptable
     466 00003b20     8026          .word   ANI_SETSPEED,100h
     467 00003b40                   WL      3,R1TR5Z+FR4    ;4.5
     468 00003b70     801b          .word   ANI_SETFACING           ;ANI_XFLIP <- not primary anim
     469 00003b80                   WL      3,R1TR5Z+FR4    ;4.5
     470 00003bb0                   WL      3,R1TR5Z+FR3    ;3.5
     471 00003be0     801b          .word   ANI_SETFACING
     472 00003bf0                   WL      3,R1TR5Z+FR2    ;2.5
     473 00003c20     8002          .word   ANI_SETMODE,MODE_NORMAL
     474 00003c40     8049          .word   ANI_END
     475                    
     476 00003c50            SUBR   rzr_2_to_6_turn2_anim
     477 00003c50            SUBR   rzr_8_to_4_turn2_anim
     478 00003c50     8002          .word   ANI_SETMODE,MODE_INTURN|MODE_NOAUTOFLIP ;uninterruptable
     479 00003c70     8026          .word   ANI_SETSPEED,100h
     480 00003c90                   WL      3,R1TR5Z+FR2    ;2.5
     481 00003cc0     801b          .word   ANI_SETFACING
     482 00003cd0                   WL      3,R1TR5Z+FR3    ;3.5
     483 00003d00                   WL      3,R1TR5Z+FR4    ;4.5
     484 00003d30     801b          .word   ANI_SETFACING           ;ANI_XFLIP <- not primary anim
     485 00003d40                   WL      3,R1TR5Z+FR4    ;4.5
     486 00003d70     8002          .word   ANI_SETMODE,MODE_NORMAL
     487 00003d90     8049          .word   ANI_END
     488                    
     489                    
     490 00003da0            SUBR   rzr_run2_anim
     491                    
     492 00003da0     8002          .word   ANI_SETMODE,MODE_NORMAL
     493 00003dc0     8026          .word   ANI_SETSPEED,100h
     494                    
     495                    
     496 00003de0     8006          .word   ANI_ATTACK_ON,AMODE_RUN,-3,29,16,71     ;mode,x,y,w,h
TMS340 COFF Macro Assembler Version 6.10     Mon Oct 30 16:56:06 2023
 Copyright (c) 1985-1991  Texas Instruments Incorporated 

Razor Ramon animation sequences                                      PAGE   10

     497 00003e40                   WL      ANI_GOTO,lkxlrun2
     498                    
     499 00003e70            SUBR   rzr_run_anim
     500                    
     501 00003e70     8002          .word   ANI_SETMODE,MODE_UNINT                  ;uninterruptable
     502 00003e90     8026          .word   ANI_SETSPEED,100h
     503 00003eb0     8006          .word   ANI_ATTACK_ON,AMODE_RUN,-3,29,16,71     ;mode,x,y,w,h
     504                    
     505 00003f10           lkxllp1
     506 00003f10                   WL      ANI_CODE,SMALL_RUN
     507 00003f40                   WL      2,R3RN3D+FR1
     508 00003f70                   WL      3,R3RN3D+FR2
     509 00003fa0                   WL      2,R3RN3D+FR3
     510 00003fd0                   WL      3,R3RN3D+FR4
     511 00004000                   WL      2,R3RN3D+FR5
     512 00004030           lkxlrun2
     513 00004030     8002          .word   ANI_SETMODE,MODE_NORMAL         ;clear UNINT bit
     514 00004050     8006          .word   ANI_ATTACK_ON,AMODE_RUN,-3,29,16,71     ;mode,x,y,w,h
     515 000040b0                   WL      3,R3RN3D+FR6
     516 000040e0                   WL      2,R3RN3D+FR7
     517 00004110                   WL      ANI_CODE,SMALL_RUN
     518 00004140                   WL      3,R3RN3D+FR8
     519 00004170                   WL      2,R3RN3D+FR9
     520 000041a0                   WL      3,R3RN3D+FR10
     521 000041d0                   WL      2,R3RN3D+FR11
     522 00004200                   WL      3,R3RN3D+FR12
     523 00004230                   WL      2,R3RN3D+FR13
     524 00004260                   WL      3,R3RN3D+FR14
     525                    
     526 00004290                   WL      ANI_GOTO,lkxllp1
     527                    
     528                    
     529                    
     530                    
     531 000042c0            SUBR   rzr_bounce_anim
     532                    
     533 000042c0     8002          .word   ANI_SETMODE,MODE_UNINT|MODE_NOAUTOFLIP| MODE_NOCONFINE  ;uninterruptable
     534 000042e0     8003          .word   ANI_ZEROVELS
     535                    
     536                            .ref    fix_bnc_flip
     537 000042f0                   WL      ANI_CODE,fix_bnc_flip
     538 00004320                   WL      ANI_CODE,MAYBE_BOUNCE_ROPE
     539                      
     540 00004350                   WL      2,R4BO3Z+FR1
     541 00004380     8023          .word   ANI_BOUNCEROPE,0
     542 000043a0                   WL      1,R4BO3Z+FR1
     543                    
     544 000043d0                   WL      3,R4BO3Z+FR2
     545 00004400     8023          .word   ANI_BOUNCEROPE,1
     546                    
     547 00004420                   WL      3,R4BO3Z+FR3
     548                    
     549 00004450                   WL      ANI_CODE,SMALL_RUN
     550                    
     551 00004480                   WL      2,R4BO3Z+FR4
TMS340 COFF Macro Assembler Version 6.10     Mon Oct 30 16:56:06 2023
 Copyright (c) 1985-1991  Texas Instruments Incorporated 

Razor Ramon animation sequences                                      PAGE   11

     552 000044b0     8023          .word   ANI_BOUNCEROPE,2
     553 000044d0                   WL      1,R4BO3Z+FR4
     554                    
     555 00004500     8003          .word   ANI_ZEROVELS
     556                    
     557 00004510                   WL      2,R4BO3Z+FR5
     558 00004540     8023          .word   ANI_BOUNCEROPE,3
     559 00004560                   WL      1,R4BO3Z+FR5
     560                    
     561 00004590                   WL      2,R4BO3Z+FR6
     562 000045c0     8023          .word   ANI_BOUNCEROPE,4
     563 000045e0                   WL      1,R4BO3Z+FR6
     564                    
     565 00004610                   WL      3,R4BO3Z+FR7
     566 00004640     8023          .word   ANI_BOUNCEROPE,0
     567 00004660                   WL      3,R4BO3Z+FR8
     568                    
     569 00004690     8023          .word   ANI_BOUNCEROPE,-1
     570                    
     571 000046b0                   WL      3,R4BO3Z+FR9
     572                    
     573 000046e0                   WL      ANI_CODE,SMALL_RUN
     574                    
     575 00004710                   WL      3,R4BO3Z+FR10
     576                    
     577 00004740     8015          .word   ANI_OFFSET,15,0,0
     578                    
     579 00004780     8002          .word   ANI_SETMODE,MODE_NORMAL
     580 000047a0     8049          .word   ANI_END
     581                    
     582                    
     583                    
     584                            .end

 No Errors,  No Warnings
