TMS340 COFF Macro Assembler Version 6.10     Tue Oct 24 12:27:03 2023
 Copyright (c) 1985-1991  Texas Instruments Incorporated 

                                                                     PAGE    1

       1                            .FILE "shawnimg.asm"
       2                            .OPTION B,D,L,T
       3                    
       4                            .include imgtbl.glo
       5 00000000                   .DATA
       6 00000000                   .even
       7                    
       8                            .include shawnimg.tbl
       9                            .include shawnimg.h
      10                    
      11                    
      12                    ******************************************************************************
      13                    
      14 00000000                   .even
      15                            .include "shawn.seq"
      16                     
      17                    ******************************************************************************
      18                    
      19                            .end

 No Errors,  No Warnings
