TMS340 COFF Macro Assembler Version 6.10     Mon Oct 30 16:54:41 2023
 Copyright (c) 1985-1991  Texas Instruments Incorporated 

                                                                     PAGE    1

       1                    
       2                            .file   "square.asm"
       4                            .width  132
       5                            .option b,d,l,t
       6                            .mnolist
       7                    
       8                            .include        "sys.equ"
       9                            .include        "macros.h"
      10                    
      11                    
      12                    
      13                    
      14                    
      15 00000000            SUBR   square_root
      16                    
      17 00000000     2f60          srl     5,a0
      18 00000010     6a01          lmo     a0,a1
      19 00000020     03a1          neg     a1
      20 00000030     1001          addk    32,a1
      21                    
      22                            ;a1 is the # of bits of data (0-27)
      23 00000040     57ce          clr     a14     ;# to shift lft when we're done
      24 00000050     1541          subk    10,a1
      25 00000060     c606          jrle    bgpxgo
      26                    
      27                            ;even after discarding lower 5, we've more than ten bits left.
      28                            ;divide by 2, rounding up, and that's half the number we shift
      29                            ;right right now, and THE number we shift left later.
      30 00000070     1021          inc     a1
      31 00000080     2fe1          srl     1,a1
      32 00000090     4c2e          move    a1,a14
      33 000000a0     2421          sll     1,a1
      34 000000b0     03a1          neg     a1
      35 000000c0     6620          srl     a1,a0
      36                    
      37 000000d0           bgpxgo  ;index
      38 000000d0                   X8      a0
      39 000000e0     0b20          addi    bgpxsqroot_tab,a0
         000000f0 00000160' 
      40 00000110     8e00          movb    *a0,a0
      41 00000120     2700          sll     32-8,a0
      42 00000130     2d00          srl     32-8,a0
      43 00000140     63c0          sll     a14,a0
      44 00000150     0960          rets
      45                    
      46                    
      47                    
      48 00000160           bgpxsqroot_tab
      49 00000160       00          .byte   0,6,8,10,11,13,14,15,16,17,18,19,20,20,21,22
      50 000001e0       17          .byte   23,23,24,25,25,26,27,27,28,28,29,29,30,30,31,31
      51 00000260       20          .byte   32,32,33,33,34,34,35,35,36,36,37,37,38,38,38,39
      52 000002e0       27          .byte   39,40,40,40,41,41,42,42,42,43,43,43,44,44,45,45
      53 00000360       2d          .byte   45,46,46,46,47,47,47,48,48,48,49,49,49,50,50,50
      54 000003e0       33          .byte   51,51,51,52,52,52,52,53,53,53,54,54,54,55,55,55
      55 00000460       37          .byte   55,56,56,56,57,57,57,57,58,58,58,59,59,59,59,60
TMS340 COFF Macro Assembler Version 6.10     Mon Oct 30 16:54:41 2023
 Copyright (c) 1985-1991  Texas Instruments Incorporated 

fast table lookup square root function                               PAGE    2

      56 000004e0       3c          .byte   60,60,60,61,61,61,61,62,62,62,62,63,63,63,63,64
      57 00000560       40          .byte   64,64,64,65,65,65,65,66,66,66,66,67,67,67,67,68
      58 000005e0       44          .byte   68,68,68,69,69,69,69,70,70,70,70,70,71,71,71,71
      59 00000660       48          .byte   72,72,72,72,72,73,73,73,73,74,74,74,74,74,75,75
      60 000006e0       4b          .byte   75,75,75,76,76,76,76,77,77,77,77,77,78,78,78,78
      61 00000760       4e          .byte   78,79,79,79,79,79,80,80,80,80,80,81,81,81,81,81
      62 000007e0       52          .byte   82,82,82,82,82,83,83,83,83,83,84,84,84,84,84,84
      63 00000860       55          .byte   85,85,85,85,85,86,86,86,86,86,87,87,87,87,87,87
      64 000008e0       58          .byte   88,88,88,88,88,89,89,89,89,89,89,90,90,90,90,90
      65 00000960       5b          .byte   91,91,91,91,91,91,92,92,92,92,92,92,93,93,93,93
      66 000009e0       5d          .byte   93,93,94,94,94,94,94,94,95,95,95,95,95,95,96,96
      67 00000a60       60          .byte   96,96,96,96,97,97,97,97,97,97,98,98,98,98,98,98
      68 00000ae0       63          .byte   99,99,99,99,99,99,100,100,100,100,100,100,101,101,101,101
      69 00000b60       65          .byte   101,101,102,102,102,102,102,102,102,103,103,103,103,103,103,104
      70 00000be0       68          .byte   104,104,104,104,104,104,105,105,105,105,105,105,106,106,106,106
      71 00000c60       6a          .byte   106,106,106,107,107,107,107,107,107,107,108,108,108,108,108,108
      72 00000ce0       6d          .byte   109,109,109,109,109,109,109,110,110,110,110,110,110,110,111,111
      73 00000d60       6f          .byte   111,111,111,111,111,112,112,112,112,112,112,112,113,113,113,113
      74 00000de0       71          .byte   113,113,113,114,114,114,114,114,114,114,115,115,115,115,115,115
      75 00000e60       73          .byte   115,116,116,116,116,116,116,116,116,117,117,117,117,117,117,117
      76 00000ee0       76          .byte   118,118,118,118,118,118,118,119,119,119,119,119,119,119,119,120
      77 00000f60       78          .byte   120,120,120,120,120,120,121,121,121,121,121,121,121,121,122,122
      78 00000fe0       7a          .byte   122,122,122,122,122,123,123,123,123,123,123,123,123,124,124,124
      79 00001060       7c          .byte   124,124,124,124,124,125,125,125,125,125,125,125,125,126,126,126
      80 000010e0       7e          .byte   126,126,126,126,126,127,127,127,127,127,127,127,127,128,128,128
      81 00001160       80          .byte   128,128,128,128,128,129,129,129,129,129,129,129,129,130,130,130
      82 000011e0       82          .byte   130,130,130,130,130,131,131,131,131,131,131,131,131,132,132,132
      83 00001260       84          .byte   132,132,132,132,132,133,133,133,133,133,133,133,133,134,134,134
      84 000012e0       86          .byte   134,134,134,134,134,134,135,135,135,135,135,135,135,135,136,136
      85 00001360       88          .byte   136,136,136,136,136,136,136,137,137,137,137,137,137,137,137,138
      86 000013e0       8a          .byte   138,138,138,138,138,138,138,138,139,139,139,139,139,139,139,139
      87 00001460       8b          .byte   139,140,140,140,140,140,140,140,140,141,141,141,141,141,141,141
      88 000014e0       8d          .byte   141,141,142,142,142,142,142,142,142,142,142,143,143,143,143,143
      89 00001560       8f          .byte   143,143,143,143,144,144,144,144,144,144,144,144,144,145,145,145
      90 000015e0       91          .byte   145,145,145,145,145,145,146,146,146,146,146,146,146,146,146,147
      91 00001660       93          .byte   147,147,147,147,147,147,147,147,148,148,148,148,148,148,148,148
      92 000016e0       94          .byte   148,148,149,149,149,149,149,149,149,149,149,150,150,150,150,150
      93 00001760       96          .byte   150,150,150,150,151,151,151,151,151,151,151,151,151,151,152,152
      94 000017e0       98          .byte   152,152,152,152,152,152,152,153,153,153,153,153,153,153,153,153
      95 00001860       99          .byte   153,154,154,154,154,154,154,154,154,154,155,155,155,155,155,155
      96 000018e0       9b          .byte   155,155,155,155,156,156,156,156,156,156,156,156,156,156,157,157
      97 00001960       9d          .byte   157,157,157,157,157,157,157,157,158,158,158,158,158,158,158,158
      98 000019e0       9e          .byte   158,158,159,159,159,159,159,159,159,159,159,159,160,160,160,160
      99 00001a60       a0          .byte   160,160,160,160,160,160,161,161,161,161,161,161,161,161,161,161
     100 00001ae0       a2          .byte   162,162,162,162,162,162,162,162,162,162,163,163,163,163,163,163
     101 00001b60       a3          .byte   163,163,163,163,164,164,164,164,164,164,164,164,164,164,165,165
     102 00001be0       a5          .byte   165,165,165,165,165,165,165,165,166,166,166,166,166,166,166,166
     103 00001c60       a6          .byte   166,166,166,167,167,167,167,167,167,167,167,167,167,168,168,168
     104 00001ce0       a8          .byte   168,168,168,168,168,168,168,168,169,169,169,169,169,169,169,169
     105 00001d60       a9          .byte   169,169,170,170,170,170,170,170,170,170,170,170,170,171,171,171
     106 00001de0       ab          .byte   171,171,171,171,171,171,171,171,172,172,172,172,172,172,172,172
     107 00001e60       ac          .byte   172,172,173,173,173,173,173,173,173,173,173,173,173,174,174,174
     108 00001ee0       ae          .byte   174,174,174,174,174,174,174,174,175,175,175,175,175,175,175,175
     109 00001f60       af          .byte   175,175,175,176,176,176,176,176,176,176,176,176,176,176,177,177
     110 00001fe0       b1          .byte   177,177,177,177,177,177,177,177,177,178,178,178,178,178,178,178
TMS340 COFF Macro Assembler Version 6.10     Mon Oct 30 16:54:41 2023
 Copyright (c) 1985-1991  Texas Instruments Incorporated 

fast table lookup square root function                               PAGE    3

     111 00002060       b2          .byte   178,178,178,178,179,179,179,179,179,179,179,179,179,179,179,180
     112 000020e0       b4          .byte   180,180,180,180,180,180,180,180,180,180,180,181,181,181,181,181
     113                    
     114                    
     115                    
     116                            .end

 No Errors,  No Warnings
