TMS340 COFF Macro Assembler Version 6.10     Wed Nov 01 05:53:45 2023
 Copyright (c) 1985-1991  Texas Instruments Incorporated 

                                                                     PAGE    1

       1                    **************************************************************
       2                    *
       3                    * Software:             Jamie Rivett
       4                    * Initiated:            5/7/94
       5                    *
       6                    * COPYRIGHT (C) 1992 WILLIAMS ELECTRONICS GAMES, INC.
       7                    *
       8                    **************************************************************
       9                    
      10                            .file   "tables.asm"
      12                            .width  132
      13                            .option b,d,l,t
      14                            .mnolist
      15                    
      16                    
      17                            .include        "macros.h"
      18                            .include        "mproc.equ"             ;Mproc equates
      19                            .include        "sys.equ"
      20                            .include        "game.equ"
      21                            .include        "plyr.equ"
      22                            .include        "anim.equ"
      23                            .include        "sound.h"
      24                    
      25                    
      26                    ******************************************************************************
      27                    * EXTERNAL REFERENCES
      28                    
      29                    ******************************************************************************
      30                    * SYMBOLS DEFINED IN THIS FILE
      31                    
      32                    ******************************************************************************
      33                    * EQUATES FOR THIS FILE
      34                    
      35                    *****************************************************************************
      36                    *
      37                    * ARGUMENTS:    a0  = target area
      38                    *               a11 = * target wrestler process
      39                    *               a13 = * wrestler process
      40                    *
      41                    * TRASHES:      a0,a1,a14
      42                    *
      43 00000000            SUBR   set_target_offsets
      44                    
      45                    
      46 00000000     b56e          move    *a11(WRESTLERNUM),a14
         00000010     0590  
      47 00000020     09c1          movi    5,a1
         00000030     0005  
      48 00000040     5fc1          mpyu    a14,a1
      49                    
      50 00000050     4001          add     a0,a1                   ; + target area
      51 00000060     09c0          movi    3*16,a0
         00000070     0030  
      52 00000080     5e01          mpyu    a0,a1                   ; * 3 WORDS
      53                    
TMS340 COFF Macro Assembler Version 6.10     Wed Nov 01 05:53:45 2023
 Copyright (c) 1985-1991  Texas Instruments Incorporated 

various data tables                                                  PAGE    2

      54 00000090     b560          move    *a11(PLYRMODE),a0
         000000a0     05c0  
      55 000000b0                   X32     a0
      56 000000c0     0b20          addi    dzxkmode_table,a0
         000000d0 000002e0' 
      57 000000f0     8600          move    *a0,a0,L
      58 00000100     4001          add     a0,a1
      59                    
      60 00000110     9420          move    *a1+,a0
      61 00000120     b00d          move    a0,*a13(TGT_XOFF)
         00000130     02a0  
      62 00000140     9420          move    *a1+,a0
      63 00000150     b00d          move    a0,*a13(TGT_YOFF)
         00000160     02b0  
      64 00000170     8420          move    *a1,a0
      65 00000180     b00d          move    a0,*a13(TGT_ZOFF)
         00000190     02c0  
      66                    
      67 000001a0     0960          rets
      68                    
      69                    
      70                    ******************************************************************************
      71                    *
      72                    * 0a0H=wrestler ptr, <a0=height (word)
      73                    
      74 000001b0            SUBR   get_mode_height
      75                    
      76 000001b0                   PUSH    a1
      77                    
      78 000001c0     b401          move    *a0(WRESTLERNUM),a1
         000001d0     0590  
      79                    
      80                            ;mult a1 by 15, then by 10h, then add 10h
      81 000001e0     4c2e          move    a1,a14
      82 000001f0                   X16     a1
      83 00000200     45c1          sub     a14,a1
      84 00000210                   X16     a1
      85                    
      86 00000220     1201          addk    10h,a1          ;head Y
      87                    
      88 00000230     b400          move    *a0(PLYRMODE),a0
         00000240     05c0  
      89 00000250                   X32     a0
      90 00000260     0b20          addi    dzxkmode_table,a0
         00000270 000002e0' 
      91 00000290     8600          move    *a0,a0,L
      92 000002a0     4020          add     a1,a0
      93 000002b0     8400          move    *a0,a0,W
      94                    
      95 000002c0                   PULL    a1
      96                    
      97 000002d0     0960          rets
      98                    
      99 000002e0           dzxkmode_table
     100 000002e0 00000620'         .long   mode_normal             ;0
TMS340 COFF Macro Assembler Version 6.10     Wed Nov 01 05:53:45 2023
 Copyright (c) 1985-1991  Texas Instruments Incorporated 

various data tables                                                  PAGE    3

     101 00000300 00000620'         .long   mode_running            ;1
     102 00000320 00000620'         .long   mode_inair              ;2
     103 00000340 00000620'         .long   mode_attached           ;3
     104 00000360 00000e90'         .long   mode_onground           ;4
     105 00000380 00001700'         .long   mode_bouncing           ;5
     106 000003a0 00001700'         .long   mode_onturnbkl          ;6
     107 000003c0 00000620'         .long   mode_block              ;7
     108 000003e0 00000620'         .long   mode_dizzy              ;8
     109 00000400 00000e90'         .long   mode_dead               ;9
     110 00000420 00001700'         .long   mode_oppoverhead        ;10
     111 00000440 00001700'         .long   mode_climbturnbkl       ;11
     112 00000460 00001700'         .long   mode_waitanim           ;12
     113 00000480 00000620'         .long   mode_grapple            ;13
     114 000004a0 00000620'         .long   mode_master             ;14
     115 000004c0 00000620'         .long   mode_slave              ;15
     116 000004e0 00000620'         .long   mode_headhold           ;16
     117 00000500 00000620'         .long   mode_normal     ;17
     118 00000520 00000620'         .long   mode_normal     ;18
     119 00000540 00001f70'         .long   mode_headheld           ;19
     120 00000560 00000620'         .long   mode_puppet             ;20
     121 00000580 00000620'         .long   mode_inair2             ;21
     122 000005a0 00000620'         .long   mode_normal     ;22
     123 000005c0 00000620'         .long   mode_normal     ;23
     124 000005e0 00000620'         .long   mode_chokehold          ;24
     125 00000600 00000620'         .long   mode_choking            ;25
     126                    
     127                    
     128                    ************************
     129 00000620           mode_normal             ;0
     130 00000620           mode_running            ;1
     131 00000620           mode_inair              ;2
     132 00000620           mode_attached           ;3
     133 00000620           mode_block              ;7
     134 00000620           mode_dizzy              ;8
     135 00000620           mode_grapple            ;13
     136 00000620           mode_master             ;14
     137 00000620           mode_slave              ;15
     138 00000620           mode_headhold           ;16
     139                    ;mode_headheld          ;19
     140 00000620           mode_puppet             ;20
     141 00000620           mode_inair2             ;21
     142 00000620           mode_chokehold          ;24
     143 00000620           mode_choking            ;25
     144                    
     145                    ;               x,y,z
     146                    ;0 Bret Hart
     147 00000620     0007          .word   7,105,0         ;0 HEAD
     148 00000650     0006          .word   6,85,0          ;1 CHEST
     149 00000680     0000          .word   0,57,0          ;2 GROIN
     150 000006b0     0011          .word   17,37,0         ;3 KNEES
     151 000006e0     0015          .word   21,9,0          ;4 FEET
     152                    ;1 Razor Ramon
     153 00000710     000b          .word   11,106,0        ;0 HEAD
     154 00000740     0006          .word   6,86,0          ;1 CHEST
     155 00000770     0001          .word   1,58,0          ;2 GROIN
TMS340 COFF Macro Assembler Version 6.10     Wed Nov 01 05:53:45 2023
 Copyright (c) 1985-1991  Texas Instruments Incorporated 

various data tables                                                  PAGE    4

     156 000007a0     0015          .word   21,34,0         ;3 KNEES
     157 000007d0     0014          .word   20,4,0          ;4 FEET
     158                    ;2 Undertaker
     159 00000800     000b          .word   11,110,0        ;0 HEAD
     160 00000830     0006          .word   6,88,0          ;1 CHEST
     161 00000860     0001          .word   1,61,0          ;2 GROIN
     162 00000890     000d          .word   13,36,0         ;3 KNEES
     163 000008c0     0008          .word   8,5,0           ;4 FEET
     164                    ;3 Yokozuna
     165 000008f0     000a          .word   10,100,0        ;0 HEAD
     166 00000920     0008          .word   8,79,0          ;1 CHEST
     167 00000950     0002          .word   2,46,0          ;2 GROIN
     168 00000980     0011          .word   17,28,0         ;3 KNEES
     169 000009b0     0002          .word   2,5,0           ;4 FEET
     170                    
     171                    ;4 Shawn Michaels
     172 000009e0     0004          .word   4,97,0          ;0 HEAD
     173 00000a10     0002          .word   2,77,0          ;1 CHEST
     174 00000a40     fffd          .word   -3,49,0         ;2 GROIN
     175 00000a70     0001          .word   1,32,0          ;3 KNEES
     176 00000aa0     0002          .word   2,3,0           ;4 FEET
     177                    
     178                    ;5 Bam Bam
     179 00000ad0     0006          .word   6,103,0         ;0 HEAD
     180 00000b00     0005          .word   5,86,0          ;1 CHEST
     181 00000b30     0001          .word   1,54,0          ;2 GROIN
     182 00000b60     0014          .word   20,33,0         ;3 KNEES
     183 00000b90     001a          .word   26,7,0          ;4 FEET
     184                    ;6 Doink
     185 00000bc0     0006          .word   6,100,0         ;0 HEAD
     186 00000bf0     0006          .word   6,75,0          ;1 CHEST
     187 00000c20     0006          .word   6,51,0          ;2 GROIN
     188 00000c50     0013          .word   19,30,0         ;3 KNEES
     189 00000c80     0014          .word   20,7,0          ;4 FEET
     190                    ;7 Adam Bomb
     191 00000cb0     0000          .word   0,0,0           ;0 HEAD
     192 00000ce0     0000          .word   0,0,0           ;1 CHEST
     193 00000d10     0000          .word   0,0,0           ;2 GROIN
     194 00000d40     0000          .word   0,0,0           ;3 KNEES
     195 00000d70     0000          .word   0,0,0           ;4 FEET
     196                    ;8 Lex Luger
     197 00000da0     0004          .word   4,107,0         ;0 HEAD
     198 00000dd0     0004          .word   4,88,0          ;1 CHEST
     199 00000e00     0001          .word   1,59,0          ;2 GROIN
     200 00000e30     0014          .word   20,37,0         ;3 KNEES
     201 00000e60     0014          .word   20,9,0          ;4 FEET
     202                    
     203                    
     204                    
     205                    ************************
     206 00000e90           mode_onground           ;4
     207                    ;This is for dead mode on the ground!?!?!?!
     208 00000e90           mode_dead               ;9
     209                    ;               x,y,z
     210                    ;0 Bret Hart
TMS340 COFF Macro Assembler Version 6.10     Wed Nov 01 05:53:45 2023
 Copyright (c) 1985-1991  Texas Instruments Incorporated 

various data tables                                                  PAGE    5

     211                    
     212 00000e90     0033          .word   51,9,0          ;0 HEAD
     213 00000ec0     0017          .word   23,9,0          ;1 CHEST
     214 00000ef0     fffe          .word   -2,8,0          ;2 GROIN
     215 00000f20     ffdf          .word   -33,7,0         ;3 KNEES
     216 00000f50     ffbb          .word   -69,9,0         ;4 FEET
     217                    
     218                    ;1 Razor Ramon
     219 00000f80     0035          .word   53,11,0         ;0 HEAD
     220 00000fb0     0016          .word   22,15,0         ;1 CHEST
     221 00000fe0     fffc          .word   -4,14,0         ;2 GROIN
     222 00001010     ffdc          .word   -36,13,0        ;3 KNEES
     223 00001040     ffb3          .word   -77,12,0        ;4 FEET
     224                    ;2 Undertaker
     225 00001070     003e          .word   62,18,0         ;0 HEAD
     226 000010a0     0017          .word   23,0,0          ;1 CHEST
     227 000010d0     fffa          .word   -6,19,0         ;2 GROIN
     228 00001100     ffdb          .word   -37,16,0        ;3 KNEES
     229 00001130     ffb7          .word   -73,15,0        ;4 FEET
     230                    ;3 Yokozuna
     231 00001160     002f          .word   47,18,0         ;0 HEAD
     232 00001190     0015          .word   21,20,0         ;1 CHEST
     233 000011c0     fffa          .word   -6,20,0         ;2 GROIN
     234 000011f0     ffe6          .word   -26,28,0        ;3 KNEES
     235 00001220     ffd0          .word   -48,18,0        ;4 FEET
     236                    
     237                    ;4 Shawn Michaels
     238 00001250     002f          .word   47,10,0         ;0 HEAD
     239 00001280     0014          .word   20,12,0         ;1 CHEST
     240 000012b0     fffa          .word   -6,11,0         ;2 GROIN
     241 000012e0     ffe0          .word   -32,15,0        ;3 KNEES
     242 00001310     ffba          .word   -70,6,0         ;4 FEET
     243                    
     244                    ;5 Bam Bam
     245 00001340     0043          .word   67,0,0          ;0 HEAD
     246 00001370     0019          .word   25,0,0          ;1 CHEST
     247 000013a0     fffe          .word   -2,0,0          ;2 GROIN
     248 000013d0     ffda          .word   -38,0,0         ;3 KNEES
     249 00001400     fff4          .word   -12,0,0         ;4 FEET
     250                    ;6 Doink
     251 00001430     0028          .word   40,11,0         ;0 HEAD
     252 00001460     000c          .word   12,13,0         ;1 CHEST
     253 00001490     fff4          .word   -12,15,0        ;2 GROIN
     254 000014c0     ffdd          .word   -35,17,0        ;3 KNEES
     255 000014f0     ffbf          .word   -65,10,0        ;4 FEET
     256                    ;7 Adam Bomb
     257 00001520     0000          .word   0,0,0           ;0 HEAD
     258 00001550     0000          .word   0,0,0           ;1 CHEST
     259 00001580     0000          .word   0,0,0           ;2 GROIN
     260 000015b0     0000          .word   0,0,0           ;3 KNEES
     261 000015e0     0000          .word   0,0,0           ;4 FEET
     262                    ;8 Lex Luger
     263 00001610     0036          .word   54,14,0         ;0 HEAD
     264 00001640     001d          .word   29,16,0         ;1 CHEST
     265 00001670     fffd          .word   -3,16,0         ;2 GROIN
TMS340 COFF Macro Assembler Version 6.10     Wed Nov 01 05:53:45 2023
 Copyright (c) 1985-1991  Texas Instruments Incorporated 

various data tables                                                  PAGE    6

     266 000016a0     ffe0          .word   -32,15,0        ;3 KNEES
     267 000016d0     ffc9          .word   -55,14,0        ;4 FEET
     268                    
     269                    ************************
     270 00001700           mode_bouncing           ;5
     271 00001700           mode_onturnbkl          ;6
     272 00001700           mode_oppoverhead        ;10
     273 00001700           mode_climbturnbkl       ;11
     274 00001700           mode_waitanim           ;12
     275                    ;               x,y,z
     276                    ;0 Bret Hart
     277 00001700     0007          .word   7,105,0         ;0 HEAD
     278 00001730     0006          .word   6,85,0          ;1 CHEST
     279 00001760     0000          .word   0,57,0          ;2 GROIN
     280 00001790     0011          .word   17,37,0         ;3 KNEES
     281 000017c0     0015          .word   21,9,0          ;4 FEET
     282                    ;1 Razor Ramon
     283 000017f0     0002          .word   2,110,0         ;0 HEAD
     284 00001820     0004          .word   4,87,0          ;1 CHEST
     285 00001850     0005          .word   5,60,0          ;2 GROIN
     286 00001880     0011          .word   17,33,0         ;3 KNEES
     287 000018b0     0016          .word   22,3,0          ;4 FEET
     288                    ;2 Undertaker
     289 000018e0     000b          .word   11,110,0        ;0 HEAD
     290 00001910     0006          .word   6,88,0          ;1 CHEST
     291 00001940     0001          .word   1,61,0          ;2 GROIN
     292 00001970     000d          .word   13,36,0         ;3 KNEES
     293 000019a0     0008          .word   8,5,0           ;4 FEET
     294                    ;3 Yokozuna
     295 000019d0     0005          .word   5,109,0         ;0 HEAD
     296 00001a00     0000          .word   0,91,0          ;1 CHEST
     297 00001a30     fffe          .word   -2,53,0         ;2 GROIN
     298 00001a60     0008          .word   8,33,0          ;3 KNEES
     299 00001a90     000e          .word   14,10,0         ;4 FEET
     300                    
     301                    ;4 Shawn Michaels
     302 00001ac0     000f          .word   15,94,0         ;0 HEAD
     303 00001af0     0009          .word   9,75,0          ;1 CHEST
     304 00001b20     0001          .word   1,52,0          ;2 GROIN
     305 00001b50     0004          .word   4,31,0          ;3 KNEES
     306 00001b80     ffff          .word   -1,0,0          ;4 FEET
     307                    ;5 Bam Bam
     308 00001bb0     0006          .word   6,103,0         ;0 HEAD
     309 00001be0     0005          .word   5,86,0          ;1 CHEST
     310 00001c10     0001          .word   1,54,0          ;2 GROIN
     311 00001c40     0014          .word   20,33,0         ;3 KNEES
     312 00001c70     001a          .word   26,7,0          ;4 FEET
     313                    ;6 Doink
     314 00001ca0     0006          .word   6,100,0         ;0 HEAD
     315 00001cd0     0006          .word   6,75,0          ;1 CHEST
     316 00001d00     0006          .word   6,51,0          ;2 GROIN
     317 00001d30     0013          .word   19,30,0         ;3 KNEES
     318 00001d60     0014          .word   20,7,0          ;4 FEET
     319                    ;7 Adam Bomb
     320 00001d90     0000          .word   0,0,0           ;0 HEAD
TMS340 COFF Macro Assembler Version 6.10     Wed Nov 01 05:53:45 2023
 Copyright (c) 1985-1991  Texas Instruments Incorporated 

various data tables                                                  PAGE    7

     321 00001dc0     0000          .word   0,0,0           ;1 CHEST
     322 00001df0     0000          .word   0,0,0           ;2 GROIN
     323 00001e20     0000          .word   0,0,0           ;3 KNEES
     324 00001e50     0000          .word   0,0,0           ;4 FEET
     325                    ;8 Lex Luger
     326 00001e80     0004          .word   4,107,0         ;0 HEAD
     327 00001eb0     0004          .word   4,88,0          ;1 CHEST
     328 00001ee0     0001          .word   1,59,0          ;2 GROIN
     329 00001f10     0014          .word   20,37,0         ;3 KNEES
     330 00001f40     0014          .word   20,9,0          ;4 FEET
     331                     
     332                    ************************
     333 00001f70           mode_headheld           ;19
     334                    ;0 Bret Hart
     335 00001f70     0027          .word   39,58,0         ;0 HEAD
     336 00001fa0     0009          .word   9,62,0          ;1 CHEST
     337 00001fd0     fff8          .word   -8,55,0         ;2 GROIN
     338 00002000     fffe          .word   -2,36,0         ;3 KNEES
     339 00002030     0003          .word   3,2,0           ;4 FEET
     340                    ;1 Razor Ramon
     341 00002060     001e          .word   30,49,0         ;0 HEAD
     342 00002090     0005          .word   5,57,0          ;1 CHEST
     343 000020c0     fff3          .word   -13,54,0        ;2 GROIN
     344 000020f0     0000          .word   0,34,0          ;3 KNEES
     345 00002120     fffc          .word   -4,2,0          ;4 FEET
     346                    ;2 Undertaker
     347 00002150     0026          .word   38,67,0         ;0 HEAD
     348 00002180     000d          .word   13,67,0         ;1 CHEST
     349 000021b0     fff6          .word   -10,58,0        ;2 GROIN
     350 000021e0     000d          .word   13,38,0         ;3 KNEES
     351 00002210     0006          .word   6,6,0           ;4 FEET
     352                    ;3 Yokozuna
     353 00002240     0022          .word   34,61,0         ;0 HEAD
     354 00002270     0009          .word   9,56,0          ;1 CHEST
     355 000022a0     fff4          .word   -12,50,0        ;2 GROIN
     356 000022d0     fff9          .word   -7,29,0         ;3 KNEES
     357 00002300     ffff          .word   -1,4,0          ;4 FEET
     358                    ;4 Shawn Michaels
     359 00002330     0023          .word   35,56,0         ;0 HEAD
     360 00002360     000c          .word   12,57,0         ;1 CHEST
     361 00002390     fff6          .word   -10,53,0        ;2 GROIN
     362 000023c0     0001          .word   1,34,0          ;3 KNEES
     363 000023f0     0000          .word   0,8,0           ;4 FEET
     364                    ;5 Bam Bam
     365 00002420     002e          .word   46,60,0         ;0 HEAD
     366 00002450     0014          .word   20,56,0         ;1 CHEST
     367 00002480     ffff          .word   -1,49,0         ;2 GROIN
     368 000024b0     0006          .word   6,32,0          ;3 KNEES
     369 000024e0     000f          .word   15,7,0          ;4 FEET
     370                    ;6 Doink
     371 00002510     0021          .word   33,61,0         ;0 HEAD
     372 00002540     0006          .word   6,63,0          ;1 CHEST
     373 00002570     fff3          .word   -13,53,0        ;2 GROIN
     374 000025a0     fffe          .word   -2,33,0         ;3 KNEES
     375 000025d0     0005          .word   5,4,0           ;4 FEET
TMS340 COFF Macro Assembler Version 6.10     Wed Nov 01 05:53:45 2023
 Copyright (c) 1985-1991  Texas Instruments Incorporated 

various data tables                                                  PAGE    8

     376                    ;7 Adam Bomb
     377 00002600     0000          .word   0,0,0           ;0 HEAD
     378 00002630     0000          .word   0,0,0           ;1 CHEST
     379 00002660     0000          .word   0,0,0           ;2 GROIN
     380 00002690     0000          .word   0,0,0           ;3 KNEES
     381 000026c0     0000          .word   0,0,0           ;4 FEET
     382                    ;8 Lex Luger
     383 000026f0     0030          .word   48,62,0         ;0 HEAD
     384 00002720     0014          .word   20,54,0         ;1 CHEST
     385 00002750     0001          .word   1,46,0          ;2 GROIN
     386 00002780     001b          .word   27,31,0         ;3 KNEES
     387 000027b0     0013          .word   19,6,0          ;4 FEET
     388                    
     389                    ******************************************************************************
     390                    
     391                            .end

 No Errors,  No Warnings
