TMS340 COFF Macro Assembler Version 6.10     Mon Oct 30 16:54:35 2023
 Copyright (c) 1985-1991  Texas Instruments Incorporated 

                                                                     PAGE    1

       1                            .file   "text.asm"
       3                            .width  132
       4                            .option b,d,l,t
       5                            .mnolist
       6                    
       7                    
       8                            .include        "text.tbl"
       9                            .include        "macros.h"
      10                    
      11                            .include        "fontsimg.glo"
      12                            .include        "miscimg.glo"
      13                            .include        "imgtbl.glo"
      14                            .include        "dummy.tbl"
      15                    
      16                    
      17                    
      18                    
      19                    
      20                            .def    RD7FONT,RD15FONT,FONT7A,FON15A
      21                     
      22                            .def    FON150,FON151,FON152,FON153,FON154,FON155,FON156,FON157
      23                            .def    FON158,FON159
      24                            .def    FON15X,FON15W,FON15V,FON15M,FONT7colon
      25                    
      26                    
      27                    
      28 00000000                   .text
      29                    
      30                    
      31                    
      32 00000000           RD7FONT
      33 00000000 00004310"         .long  FONT7excla,FONT7quote,FONT7pound,FONT7doll,FONT7percen,FONT7and
      34 000000c0 00004b60"         .long  FONT7apost,FONT7parenl,FONT7parenr,FONT7ast,FONT7plus
      35 00000160 00004cb0"         .long  FONT7comma,FONT7dash,FONT7period,FONT7forsp,FONT70,FONT71
      36 00000220 00003f20"         .long  FONT72,FONT73,FONT74,FONT75,FONT76,FONT77,FONT78,FONT79
      37 00000320 00004bd0"         .long  FONT7colon,FONT7semicol,FONT7less,FONT7equal,FONT7more
      38 000003c0 00004ee0"         .long  FONT7quest,FONT7dash
      39 00000400 000029b0"         .long  FONT7A,FONT7B,FONT7C,FONT7D,FONT7E,FONT7F,FONT7G,FONT7H
      40 00000500 00002d30"         .long  FONT7I,FONT7J,FONT7K,FONT7L,FONT7M,FONT7N,FONT7O,FONT7P
      41 00000600 000030b0"         .long  FONT7Q,FONT7R,FONT7S,FONT7T,FONT7U,FONT7V,FONT7W,FONT7X
      42 00000700 00003430"         .long  FONT7Y,FONT7Z
      43 00000740 00004850"         .long  FONT7bracl,FONT7backsp,FONT7bracr,FONT7excla,FONT7line
      44 000007e0 00004b60"         .long  FONT7apost       
      45 00000800 00003510"         .long  FONT7a,FONT7b,FONT7c,FONT7d,FONT7e,FONT7f,FONT7g,FONT7h
      46 00000900 00003890"         .long  FONT7i,FONT7j,FONT7k,FONT7l,FONT7m,FONT7n,FONT7o,FONT7p
      47 00000a00 00003c10"         .long  FONT7q,FONT7r,FONT7s,FONT7t,FONT7u,FONT7v,FONT7W,FONT7X
      48 00000b00 00003430"         .long  FONT7Y,FONT7Z
      49 00000b40 000049a0"         .long  FONT7paren2l,FONT7break,FONT7paren2r
      50                    
      51 00000ba0           RD15FONT
      52 00000ba0 000016e0"         .long  FON15excla,FON15quote,FON15poun,FON15doll,FON15perc,FON15and
      53 00000c60 000010c0"         .long  FON15apos,FON15parenl,FON15parenr,FON15ast,FON15plus
      54 00000d00 000014b0"         .long  FON15comma,FON15dash,FON15period,FON15forsp,FON150,FON151
      55 00000dc0 00000100"         .long  FON152,FON153,FON154,FON155,FON156,FON157,FON158,FON159
      56 00000ec0 00001440"         .long  FON15colon,FON15semicol,FON15less,FON15equal,FON15more
TMS340 COFF Macro Assembler Version 6.10     Mon Oct 30 16:54:35 2023
 Copyright (c) 1985-1991  Texas Instruments Incorporated 

font tables                                                          PAGE    2

      57 00000f60 000027f0"         .long  FON15quest,FON15dash
      58 00000fa0 00000480"         .long  FON15A,FON15B,FON15C,FON15D,FON15E,FON15F,FON15G,FON15H
      59 000010a0 00000870"         .long  FON15I,FON15J,FON15K,FON15L,FON15M,FON15N,FON15O,FON15P
      60 000011a0 00000bf0"         .long  FON15Q,FON15R,FON15S,FON15T,FON15U,FON15V,FON15W,FON15X
      61 000012a0 00000f70"         .long  FON15Y,FON15Z
      62 000012e0 00001280"         .long  FON15brackl,FON15backsp,FON15brackr,FON15carr,FON15line
      63 00001380 00001130"         .long  FON15apos1       
      64 000013a0 000017c0"         .long  FON15la,FON15lb,FON15lc,FON15ld,FON15le,FON15lf,FON15lg,FON15lh
      65 000014a0 00001bb0"         .long  FON15li,FON15lj,FON15lk,FON15ll,FON15lm,FON15ln,FON15lo,FON15lp
      66 000015a0 00001fa0"         .long  FON15lq,FON15lr,FON15ls,FON15lt,FON15lu,FON15lv,FON15lw,FON15lx
      67 000016a0 00002320"         .long  FON15ly,FON15lz
      68 000016e0 00002470"         .long  FON15paren2l,FON15break,FON15paren2r
      69                    
      70                    
      71                            .end

 No Errors,  No Warnings
