TMS340 COFF Macro Assembler Version 6.10     Wed Nov 01 05:54:26 2023
 Copyright (c) 1985-1991  Texas Instruments Incorporated 

                                                                     PAGE    1

       1                    **************************************************************
       2                    *
       3                    * Software:             Jamie Rivett
       4                    * Initiated:            5/18/94
       5                    *
       6                    * COPYRIGHT (C) 1992 WILLIAMS ELECTRONICS GAMES, INC.
       7                    *
       8                    **************************************************************
       9                    
      10                            .file   "undseq1.asm"
      12                            .width  132
      13                            .option b,d,l,t
      14                            .mnolist
      15                    
      16                    
      17                            .include        "macros.h"
      18                            .include        "mproc.equ"             ;Mproc equates
      19                            .include        "sys.equ"
      20                            .include        "game.equ"
      21                            .include        "plyr.equ"
      22                            .include        "anim.equ"
      23                            .include        "sound.h"
      24                    
      25                            .include        "takerimg.h"
      26                    
      27                    
      28                    ******************************************************************************
      29                    * EXTERNAL REFERENCES
      30                            .ref    SMALL_RUN
      31                            .REF    MAYBE_BOUNCE_ROPE
      32                    
      33                    ******************************************************************************
      34                    * SYMBOLS DEFINED IN THIS FILE
      35                    
      36                    ******************************************************************************
      37                    * EQUATES FOR THIS FILE
      38                    
      39                    *****************************************************************************
      40                    *
      41                    * STANDS
      42                    
      43 00000000            SUBR   und_zip_anim
      44 00000000                   WL      60*60,U2ST2C+FR5
      45 00000030     8049          .word   ANI_END                 ;<--- change on everyone else
      46                    
      47                    
      48 00000040            SUBR   und_stand2_anim
      49 00000040            SUBR   und_stand8_anim
      50 00000040     8002          .word   ANI_SETMODE,MODE_NORMAL
      51 00000060     8026          .word   ANI_SETSPEED,100h
      52 00000080                   WL      8,U2ST2C+FR1
      53 000000b0                   WL      8,U2ST2C+FR3
      54 000000e0                   WL      8,U2ST2C+FR5
      55 00000110                   WL      8,U2ST2C+FR7
      56 00000140                   WL      8,U2ST2C+FR9
TMS340 COFF Macro Assembler Version 6.10     Wed Nov 01 05:54:26 2023
 Copyright (c) 1985-1991  Texas Instruments Incorporated 

Undertaker animation sequences                                       PAGE    2

      57 00000170                   WL      8,U2ST2C+FR7
      58 000001a0                   WL      8,U2ST2C+FR5
      59 000001d0                   WL      8,U2ST2C+FR3
      60 00000200     8001          .word   ANI_REPEAT
      61                    
      62                    
      63 00000210            SUBR   und_stand4_anim
      64 00000210            SUBR   und_stand6_anim
      65 00000210     8002          .word   ANI_SETMODE,MODE_NORMAL
      66 00000230     8026          .word   ANI_SETSPEED,100h
      67 00000250                   WL      9,U4ST4D+FR1
      68 00000280                   WL      9,U4ST4D+FR3
      69 000002b0                   WL      9,U4ST4D+FR5
      70 000002e0                   WL      9,U4ST4D+FR7
      71 00000310                   WL      9,U4ST4D+FR9
      72 00000340                   WL      9,U4ST4D+FR7
      73 00000370                   WL      9,U4ST4D+FR5
      74 000003a0                   WL      9,U4ST4D+FR3
      75 000003d0     8001          .word   ANI_REPEAT
      76                    
      77                    
      78                    *****************************************************************************
      79                    *
      80                    * WALKING TORSOS
      81                    
      82 000003e0            SUBR   und_torso2_anim
      83 000003e0            SUBR   und_torso8_anim
      84                    
      85 000003e0                   WL      4,U2TW2A+FR1
      86 00000410                   WL      4,U2TW2A+FR2
      87 00000440                   WL      4,U2TW2A+FR3
      88 00000470                   WL      4,U2TW2A+FR4
      89 000004a0                   WL      4,U2TW2A+FR5
      90 000004d0                   WL      4,U2TW2A+FR4
      91 00000500                   WL      4,U2TW2A+FR3
      92 00000530                   WL      4,U2TW2A+FR2
      93 00000560     8001          .word   ANI_REPEAT
      94                    
      95                    
      96 00000570            SUBR   und_torso4_anim
      97 00000570            SUBR   und_torso6_anim
      98                    
      99 00000570                   WL      4,U4TW4A+FR1
     100 000005a0                   WL      4,U4TW4A+FR2
     101 000005d0                   WL      4,U4TW4A+FR3
     102 00000600                   WL      4,U4TW4A+FR4
     103 00000630                   WL      4,U4TW4A+FR5
     104 00000660                   WL      4,U4TW4A+FR4
     105 00000690                   WL      4,U4TW4A+FR3
     106 000006c0                   WL      4,U4TW4A+FR2
     107 000006f0     8001          .word   ANI_REPEAT
     108                    
     109                    ; SUBR  und_holdoh_anim
     110                    ;       WL      999,D4TH4A01
     111                    ;       .word   ANI_REPEAT
TMS340 COFF Macro Assembler Version 6.10     Wed Nov 01 05:54:26 2023
 Copyright (c) 1985-1991  Texas Instruments Incorporated 

Undertaker animation sequences                                       PAGE    3

     112                    
     113                    
     114                    *****************************************************************************
     115                    *
     116                    * WALKS FACING nixu2
     117                    
     118 00000700            SUBR   und_walk1_f2_anim
     119 00000700                   WL      3,U2WL1A+FR1
     120                    ;       WL      2,U2WL1A+FR2
     121 00000730                   WL      3,U2WL1A+FR3
     122                    ;       WL      2,U2WL1A+FR4
     123 00000760                   WL      3,U2WL1A+FR5
     124                    ;       WL      2,U2WL1A+FR6
     125 00000790                   WL      3,U2WL1A+FR7
     126                    ;       WL      2,U2WL1A+FR8
     127 000007c0                   WL      3,U2WL1A+FR9
     128                    ;       WL      2,U2WL1A+FR10
     129 000007f0                   WL      3,U2WL1A+FR11
     130                    ;       WL      2,U2WL1A+FR12
     131 00000820                   WL      3,U2WL1A+FR13
     132                    ;       WL      2,U2WL1A+FR14
     133 00000850                   WL      3,U2WL1A+FR15
     134                    ;       WL      2,U2WL1A+FR16
     135 00000880                   WL      3,U2WL1A+FR17
     136                    ;       WL      2,U2WL1A+FR18
     137 000008b0     8001          .word   ANI_REPEAT
     138                    
     139 000008c0            SUBR   und_walk2_f2_anim
     140 000008c0                   WL      3,U2WL2A+FR1
     141                    ;       WL      2,U2WL2A+FR2
     142 000008f0                   WL      3,U2WL2A+FR3
     143                    ;       WL      2,U2WL2A+FR4
     144 00000920                   WL      3,U2WL2A+FR5
     145                    ;       WL      2,U2WL2A+FR6
     146 00000950                   WL      3,U2WL2A+FR7
     147                    ;       WL      2,U2WL2A+FR8
     148 00000980                   WL      3,U2WL2A+FR9
     149                    ;       WL      2,U2WL2A+FR10
     150 000009b0                   WL      3,U2WL2A+FR11
     151                    ;       WL      2,U2WL2A+FR12
     152 000009e0                   WL      3,U2WL2A+FR13
     153                    ;       WL      2,U2WL2A+FR14
     154 00000a10                   WL      3,U2WL2A+FR15
     155                    ;       WL      2,U2WL2A+FR16
     156 00000a40                   WL      3,U2WL2A+FR17
     157                    ;       WL      2,U2WL2A+FR18
     158 00000a70                   WL      3,U2WL2A+FR19
     159                    ;       WL      2,U2WL2A+FR20
     160 00000aa0                   WL      3,U2WL2A+FR21
     161                    ;       WL      2,U2WL2A+FR22
     162 00000ad0                   WL      3,U2WL2A+FR23
     163                    ;       WL      2,U2WL2A+FR24
     164 00000b00     8001          .word   ANI_REPEAT
     165                    
     166 00000b10            SUBR   und_walk4_f2_anim
TMS340 COFF Macro Assembler Version 6.10     Wed Nov 01 05:54:26 2023
 Copyright (c) 1985-1991  Texas Instruments Incorporated 

Undertaker animation sequences                                       PAGE    4

     167 00000b10                   WL      3,U2WL8A+FR1
     168                    ;       WL      2,U2WL8A+FR2
     169 00000b40                   WL      3,U2WL8A+FR3
     170                    ;       WL      2,U2WL8A+FR4
     171 00000b70                   WL      3,U2WL8A+FR5
     172                    ;       WL      2,U2WL8A+FR6
     173 00000ba0                   WL      3,U2WL8A+FR7
     174                    ;       WL      2,U2WL8A+FR8
     175 00000bd0                   WL      3,U2WL8A+FR9
     176                    ;       WL      2,U2WL8A+FR10
     177 00000c00                   WL      3,U2WL8A+FR11
     178                    ;       WL      2,U2WL8A+FR12
     179 00000c30                   WL      3,U2WL8A+FR13
     180                    ;       WL      2,U2WL8A+FR14
     181 00000c60                   WL      3,U2WL8A+FR15
     182                    ;       WL      2,U2WL8A+FR16
     183 00000c90                   WL      3,U2WL8A+FR17
     184                    ;       WL      2,U2WL8A+FR18
     185 00000cc0                   WL      3,U2WL8A+FR19
     186 00000cf0     8001          .word   ANI_REPEAT
     187                    
     188 00000d00            SUBR   und_walk5_f2_anim
     189                    ;       WL      2,U2WL1A+FR18
     190 00000d00                   WL      3,U2WL1A+FR17
     191                    ;       WL      2,U2WL1A+FR16
     192 00000d30                   WL      3,U2WL1A+FR15
     193                    ;       WL      2,U2WL1A+FR14
     194 00000d60                   WL      3,U2WL1A+FR13
     195                    ;       WL      2,U2WL1A+FR12
     196 00000d90                   WL      3,U2WL1A+FR11
     197                    ;       WL      2,U2WL1A+FR10
     198 00000dc0                   WL      3,U2WL1A+FR9
     199                    ;       WL      2,U2WL1A+FR8
     200 00000df0                   WL      3,U2WL1A+FR7
     201                    ;       WL      2,U2WL1A+FR6
     202 00000e20                   WL      3,U2WL1A+FR5
     203                    ;       WL      2,U2WL1A+FR4
     204 00000e50                   WL      3,U2WL1A+FR3
     205                    ;       WL      2,U2WL1A+FR2
     206 00000e80                   WL      3,U2WL1A+FR1
     207 00000eb0     8001          .word   ANI_REPEAT
     208                    
     209 00000ec0            SUBR   und_walk6_f2_anim
     210                    ;       WL      2,U2WL2A+FR24
     211 00000ec0                   WL      3,U2WL2A+FR23
     212                    ;       WL      2,U2WL2A+FR22
     213 00000ef0                   WL      3,U2WL2A+FR21
     214                    ;       WL      2,U2WL2A+FR20
     215 00000f20                   WL      3,U2WL2A+FR19
     216                    ;       WL      2,U2WL2A+FR18
     217 00000f50                   WL      3,U2WL2A+FR17
     218                    ;       WL      2,U2WL2A+FR16
     219 00000f80                   WL      3,U2WL2A+FR15
     220                    ;       WL      2,U2WL2A+FR14
     221 00000fb0                   WL      3,U2WL2A+FR13
TMS340 COFF Macro Assembler Version 6.10     Wed Nov 01 05:54:26 2023
 Copyright (c) 1985-1991  Texas Instruments Incorporated 

Undertaker animation sequences                                       PAGE    5

     222                    ;       WL      2,U2WL2A+FR12
     223 00000fe0                   WL      3,U2WL2A+FR11
     224                    ;       WL      2,U2WL2A+FR10
     225 00001010                   WL      3,U2WL2A+FR9
     226                    ;       WL      2,U2WL2A+FR8
     227 00001040                   WL      3,U2WL2A+FR7
     228                    ;       WL      2,U2WL2A+FR6
     229 00001070                   WL      3,U2WL2A+FR5
     230                    ;       WL      2,U2WL2A+FR4
     231 000010a0                   WL      3,U2WL2A+FR3
     232                    ;       WL      2,U2WL2A+FR2
     233 000010d0                   WL      3,U2WL2A+FR1
     234 00001100     8001          .word   ANI_REPEAT
     235                    
     236                    
     237 00001110            SUBR   und_walk8_f2_anim
     238 00001110                   WL      3,U2WL8A+FR19
     239                    ;       WL      2,U2WL8A+FR18
     240 00001140                   WL      3,U2WL8A+FR17
     241                    ;       WL      2,U2WL8A+FR16
     242 00001170                   WL      3,U2WL8A+FR15
     243                    ;       WL      2,U2WL8A+FR14
     244 000011a0                   WL      3,U2WL8A+FR13
     245                    ;       WL      2,U2WL8A+FR12
     246 000011d0                   WL      3,U2WL8A+FR11
     247                    ;       WL      2,U2WL8A+FR10
     248 00001200                   WL      3,U2WL8A+FR9
     249                    ;       WL      2,U2WL8A+FR8
     250 00001230                   WL      3,U2WL8A+FR7
     251                    ;       WL      2,U2WL8A+FR6
     252 00001260                   WL      3,U2WL8A+FR5
     253                    ;       WL      2,U2WL8A+FR4
     254 00001290                   WL      3,U2WL8A+FR3
     255                    ;       WL      2,U2WL8A+FR2
     256 000012c0                   WL      3,U2WL8A+FR1
     257 000012f0     8001          .word   ANI_REPEAT
     258                    
     259                    
     260                    
     261                    *****************************************************************************
     262                    *
     263                    * WALKS FACING urki4
     264                    
     265 00001300            SUBR   und_walk1_f4_anim
     266                    
     267                    ;       WL      2,U4WL5A+FR20
     268 00001300                   WL      3,U4WL5A+FR19
     269                    ;       WL      2,U4WL5A+FR18
     270 00001330                   WL      3,U4WL5A+FR17
     271                    ;       WL      2,U4WL5A+FR16
     272 00001360                   WL      3,U4WL5A+FR15
     273                    ;       WL      2,U4WL5A+FR14
     274 00001390                   WL      3,U4WL5A+FR13
     275                    ;       WL      2,U4WL5A+FR12
     276 000013c0                   WL      3,U4WL5A+FR11
TMS340 COFF Macro Assembler Version 6.10     Wed Nov 01 05:54:26 2023
 Copyright (c) 1985-1991  Texas Instruments Incorporated 

Undertaker animation sequences                                       PAGE    6

     277                    ;       WL      2,U4WL5A+FR10
     278 000013f0                   WL      3,U4WL5A+FR9
     279                    ;       WL      2,U4WL5A+FR8
     280 00001420                   WL      3,U4WL5A+FR7
     281                    ;       WL      2,U4WL5A+FR6
     282 00001450                   WL      3,U4WL5A+FR5
     283                    ;       WL      2,U4WL5A+FR4
     284 00001480                   WL      3,U4WL5A+FR3
     285                    ;       WL      2,U4WL5A+FR2
     286 000014b0                   WL      3,U4WL5A+FR1
     287 000014e0     8001          .word   ANI_REPEAT
     288                    
     289 000014f0            SUBR   und_walk2_f4_anim
     290 000014f0                   WL      3,U4WL2C+FR1
     291                    ;       WL      2,U4WL2C+FR2
     292 00001520                   WL      3,U4WL2C+FR3
     293                    ;       WL      2,U4WL2C+FR4
     294 00001550                   WL      3,U4WL2C+FR5
     295                    ;       WL      2,U4WL2C+FR6
     296 00001580                   WL      3,U4WL2C+FR7
     297                    ;       WL      2,U4WL2C+FR8
     298 000015b0                   WL      3,U4WL2C+FR9
     299                    ;       WL      2,U4WL2C+FR10
     300 000015e0                   WL      3,U4WL2C+FR11
     301                    ;       WL      2,U4WL2C+FR12
     302 00001610                   WL      3,U4WL2C+FR13
     303                    ;       WL      2,U4WL2C+FR14
     304 00001640                   WL      3,U4WL2C+FR15
     305                    ;       WL      2,U4WL2C+FR16
     306 00001670                   WL      3,U4WL2C+FR17
     307                    ;       WL      2,U4WL2C+FR18
     308 000016a0                   WL      3,U4WL2C+FR19
     309 000016d0     8001          .word   ANI_REPEAT
     310                    
     311 000016e0            SUBR   und_walk4_f4_anim
     312 000016e0                   WL      3,U4WL4A+FR1
     313                    ;       WL      2,U4WL4A+FR2
     314 00001710                   WL      3,U4WL4A+FR3
     315                    ;       WL      2,U4WL4A+FR4
     316 00001740                   WL      3,U4WL4A+FR5
     317                    ;       WL      2,U4WL4A+FR6
     318 00001770                   WL      3,U4WL4A+FR7
     319                    ;       WL      2,U4WL4A+FR8
     320 000017a0                   WL      3,U4WL4A+FR9
     321                    ;       WL      2,U4WL4A+FR10
     322 000017d0                   WL      3,U4WL4A+FR11
     323                    ;       WL      2,U4WL4A+FR12
     324 00001800                   WL      3,U4WL4A+FR13
     325                    ;       WL      2,U4WL4A+FR14
     326 00001830                   WL      3,U4WL4A+FR15
     327                    ;       WL      2,U4WL4A+FR16
     328 00001860                   WL      3,U4WL4A+FR17
     329                    ;       WL      2,U4WL4A+FR18
     330 00001890                   WL      3,U4WL4A+FR19
     331                    ;       WL      2,U4WL4A+FR20
TMS340 COFF Macro Assembler Version 6.10     Wed Nov 01 05:54:26 2023
 Copyright (c) 1985-1991  Texas Instruments Incorporated 

Undertaker animation sequences                                       PAGE    7

     332 000018c0                   WL      3,U4WL4A+FR21
     333                    ;       WL      2,U4WL4A+FR22
     334 000018f0                   WL      3,U4WL4A+FR23
     335                    ;       WL      2,U4WL4A+FR24
     336 00001920                   WL      3,U4WL4A+FR25
     337                    ;       WL      2,U4WL4A+FR26
     338 00001950     8001          .word   ANI_REPEAT
     339                    
     340 00001960            SUBR   und_walk5_f4_anim
     341 00001960                   WL      3,U4WL5A+FR1
     342                    ;       WL      2,U4WL5A+FR2
     343 00001990                   WL      3,U4WL5A+FR3
     344                    ;       WL      2,U4WL5A+FR4
     345 000019c0                   WL      3,U4WL5A+FR5
     346                    ;       WL      2,U4WL5A+FR6
     347 000019f0                   WL      3,U4WL5A+FR7
     348                    ;       WL      2,U4WL5A+FR8
     349 00001a20                   WL      3,U4WL5A+FR9
     350                    ;       WL      2,U4WL5A+FR10
     351 00001a50                   WL      3,U4WL5A+FR11
     352                    ;       WL      2,U4WL5A+FR12
     353 00001a80                   WL      3,U4WL5A+FR13
     354                    ;       WL      2,U4WL5A+FR14
     355 00001ab0                   WL      3,U4WL5A+FR15
     356                    ;       WL      2,U4WL5A+FR16
     357 00001ae0                   WL      3,U4WL5A+FR17
     358                    ;       WL      2,U4WL5A+FR18
     359 00001b10                   WL      3,U4WL5A+FR19
     360                    ;       WL      2,U4WL5A+FR20
     361 00001b40     8001          .word   ANI_REPEAT
     362                    
     363 00001b50            SUBR   und_walk6_f4_anim
     364                    
     365 00001b50                   WL      3,U4WL2C+FR19
     366                    ;       WL      2,U4WL2C+FR18
     367 00001b80                   WL      3,U4WL2C+FR17
     368                    ;       WL      2,U4WL2C+FR16
     369 00001bb0                   WL      3,U4WL2C+FR15
     370                    ;       WL      2,U4WL2C+FR14
     371 00001be0                   WL      3,U4WL2C+FR13
     372                    ;       WL      2,U4WL2C+FR12
     373 00001c10                   WL      3,U4WL2C+FR11
     374                    ;       WL      2,U4WL2C+FR10
     375 00001c40                   WL      3,U4WL2C+FR9
     376                    ;       WL      2,U4WL2C+FR8
     377 00001c70                   WL      3,U4WL2C+FR7
     378                    ;       WL      2,U4WL2C+FR6
     379 00001ca0                   WL      3,U4WL2C+FR5
     380                    ;       WL      2,U4WL2C+FR4
     381 00001cd0                   WL      3,U4WL2C+FR3
     382                    ;       WL      2,U4WL2C+FR2
     383 00001d00                   WL      3,U4WL2C+FR1
     384 00001d30     8001          .word   ANI_REPEAT
     385                    
     386 00001d40            SUBR   und_walk8_f4_anim
TMS340 COFF Macro Assembler Version 6.10     Wed Nov 01 05:54:26 2023
 Copyright (c) 1985-1991  Texas Instruments Incorporated 

Undertaker animation sequences                                       PAGE    8

     387                    
     388                    ;       WL      2,U4WL4A+FR26
     389 00001d40                   WL      3,U4WL4A+FR25
     390                    ;       WL      2,U4WL4A+FR24
     391 00001d70                   WL      3,U4WL4A+FR23
     392                    ;       WL      2,U4WL4A+FR22
     393 00001da0                   WL      3,U4WL4A+FR21
     394                    ;       WL      2,U4WL4A+FR20
     395 00001dd0                   WL      3,U4WL4A+FR19
     396                    ;       WL      2,U4WL4A+FR18
     397 00001e00                   WL      3,U4WL4A+FR17
     398                    ;       WL      2,U4WL4A+FR16
     399 00001e30                   WL      3,U4WL4A+FR15
     400                    ;       WL      2,U4WL4A+FR14
     401 00001e60                   WL      3,U4WL4A+FR13
     402                    ;       WL      2,U4WL4A+FR12
     403 00001e90                   WL      3,U4WL4A+FR11
     404                    ;       WL      2,U4WL4A+FR10
     405 00001ec0                   WL      3,U4WL4A+FR9
     406                    ;       WL      2,U4WL4A+FR8
     407 00001ef0                   WL      3,U4WL4A+FR7
     408                    ;       WL      2,U4WL4A+FR6
     409 00001f20                   WL      3,U4WL4A+FR5
     410                    ;       WL      2,U4WL4A+FR4
     411 00001f50                   WL      3,U4WL4A+FR3
     412                    ;       WL      2,U4WL4A+FR2
     413 00001f80                   WL      3,U4WL4A+FR1
     414 00001fb0     8001          .word   ANI_REPEAT
     415                    
     416                    
     417                    *****************************************************************************
     418                    *
     419                    * TURNS (STANDS)
     420                    
     421 00001fc0            SUBR   und_2_to_4_turn_anim
     422 00001fc0            SUBR   und_8_to_6_turn_anim
     423                    
     424 00001fc0     8002          .word   ANI_SETMODE,MODE_INTURN|MODE_NOAUTOFLIP ;uninterruptable
     425 00001fe0     8026          .word   ANI_SETSPEED,100h
     426 00002000                   WL      2,U1TT5A+FR2
     427 00002030                   WL      2,U1TT5A+FR3
     428 00002060                   WL      2,U1TT5A+FR4
     429 00002090     8002          .word   ANI_SETMODE,MODE_NORMAL
     430 000020b0     8049          .word   ANI_END
     431                    
     432 000020c0            SUBR   und_4_to_2_turn_anim
     433 000020c0            SUBR   und_6_to_8_turn_anim
     434                    
     435 000020c0     8002          .word   ANI_SETMODE,MODE_INTURN|MODE_NOAUTOFLIP ;uninterruptable
     436 000020e0     8026          .word   ANI_SETSPEED,100h
     437 00002100                   WL      2,U1TT5A+FR4
     438 00002130                   WL      2,U1TT5A+FR3
     439 00002160                   WL      2,U1TT5A+FR2
     440 00002190     8002          .word   ANI_SETMODE,MODE_NORMAL
     441 000021b0     8049          .word   ANI_END
TMS340 COFF Macro Assembler Version 6.10     Wed Nov 01 05:54:26 2023
 Copyright (c) 1985-1991  Texas Instruments Incorporated 

Undertaker animation sequences                                       PAGE    9

     442                    
     443 000021c0            SUBR   und_4_to_6_turn_anim
     444 000021c0            SUBR   und_6_to_4_turn_anim
     445                    
     446 000021c0     8002          .word   ANI_SETMODE,MODE_INTURN|MODE_NOAUTOFLIP ;uninterruptable
     447 000021e0     8026          .word   ANI_SETSPEED,100h
     448 00002200                   WL      2,U1TT5A+FR5
     449 00002230     800c          .word   ANI_XFLIP
     450 00002240                   WL      2,U1TT5A+FR5
     451 00002270     8002          .word   ANI_SETMODE,MODE_NORMAL
     452 00002290     8049          .word   ANI_END
     453                    
     454 000022a0            SUBR   und_2_to_8_turn_anim
     455 000022a0            SUBR   und_8_to_2_turn_anim
     456                    
     457 000022a0     8002          .word   ANI_SETMODE,MODE_INTURN|MODE_NOAUTOFLIP ;uninterruptable
     458 000022c0     8026          .word   ANI_SETSPEED,100h
     459 000022e0                   WL      2,U1TT5A+FR1
     460 00002310     800c          .word   ANI_XFLIP
     461 00002320                   WL      2,U1TT5A+FR1
     462 00002350     8002          .word   ANI_SETMODE,MODE_NORMAL
     463 00002370     8049          .word   ANI_END
     464                    
     465 00002380            SUBR   und_4_to_8_turn_anim
     466 00002380            SUBR   und_6_to_2_turn_anim
     467 00002380     8002          .word   ANI_SETMODE,MODE_INTURN|MODE_NOAUTOFLIP ;uninterruptable
     468 000023a0     8026          .word   ANI_SETSPEED,100h
     469 000023c0                   WL      2,U1TT5A+FR5
     470 000023f0     800c          .word   ANI_XFLIP
     471 00002400                   WL      2,U1TT5A+FR5
     472 00002430                   WL      2,U1TT5A+FR4
     473 00002460                   WL      2,U1TT5A+FR3
     474 00002490                   WL      2,U1TT5A+FR2
     475 000024c0     8002          .word   ANI_SETMODE,MODE_NORMAL
     476 000024e0     8049          .word   ANI_END
     477                    
     478 000024f0            SUBR   und_2_to_6_turn_anim
     479 000024f0            SUBR   und_8_to_4_turn_anim
     480 000024f0     8002          .word   ANI_SETMODE,MODE_INTURN|MODE_NOAUTOFLIP ;uninterruptable
     481 00002510     8026          .word   ANI_SETSPEED,100h
     482 00002530                   WL      2,U1TT5A+FR2
     483 00002560                   WL      2,U1TT5A+FR3
     484 00002590                   WL      2,U1TT5A+FR4
     485 000025c0                   WL      2,U1TT5A+FR5
     486 000025f0     800c          .word   ANI_XFLIP
     487 00002600                   WL      2,U1TT5A+FR5
     488 00002630     8002          .word   ANI_SETMODE,MODE_NORMAL
     489 00002650     8049          .word   ANI_END
     490                    
     491                    *****************************************************************************
     492                    *
     493                    * TURNS (TORSOS)
     494                    
     495 00002660            SUBR   und_2_to_4_turn2_anim
     496 00002660            SUBR   und_8_to_6_turn2_anim
TMS340 COFF Macro Assembler Version 6.10     Wed Nov 01 05:54:26 2023
 Copyright (c) 1985-1991  Texas Instruments Incorporated 

Undertaker animation sequences                                       PAGE   10

     497 00002660     8002          .word   ANI_SETMODE,MODE_INTURN|MODE_NOAUTOFLIP ;uninterruptable
     498 00002680     8026          .word   ANI_SETSPEED,100h
     499 000026a0                   WL      2,U1TR5A+FR2
     500 000026d0                   WL      2,U1TR5A+FR3
     501 00002700     801b          .word   ANI_SETFACING
     502 00002710                   WL      2,U1TR5A+FR3
     503 00002740                   WL      2,U1TR5A+FR4
     504 00002770     8002          .word   ANI_SETMODE,MODE_NORMAL
     505 00002790     8049          .word   ANI_END
     506                    
     507 000027a0            SUBR   und_4_to_2_turn2_anim
     508 000027a0            SUBR   und_6_to_8_turn2_anim
     509 000027a0     8002          .word   ANI_SETMODE,MODE_INTURN|MODE_NOAUTOFLIP ;uninterruptable
     510 000027c0     8026          .word   ANI_SETSPEED,100h
     511 000027e0                   WL      2,U1TR5A+FR4
     512 00002810                   WL      2,U1TR5A+FR3
     513 00002840     801b          .word   ANI_SETFACING
     514 00002850                   WL      2,U1TR5A+FR3
     515 00002880                   WL      2,U1TR5A+FR2
     516 000028b0     8002          .word   ANI_SETMODE,MODE_NORMAL
     517 000028d0     8049          .word   ANI_END
     518                    
     519 000028e0            SUBR   und_4_to_6_turn2_anim
     520 000028e0            SUBR   und_6_to_4_turn2_anim
     521 000028e0     8002          .word   ANI_SETMODE,MODE_INTURN|MODE_NOAUTOFLIP ;uninterruptable
     522 00002900     8026          .word   ANI_SETSPEED,100h
     523 00002920                   WL      2,U1TR5A+FR5
     524 00002950     801b          .word   ANI_SETFACING           ;ANI_XFLIP <- not primary anim
     525 00002960                   WL      2,U1TR5A+FR5
     526 00002990     8002          .word   ANI_SETMODE,MODE_NORMAL
     527 000029b0     8049          .word   ANI_END
     528                    
     529 000029c0            SUBR   und_2_to_8_turn2_anim
     530 000029c0            SUBR   und_8_to_2_turn2_anim
     531 000029c0     8002          .word   ANI_SETMODE,MODE_INTURN|MODE_NOAUTOFLIP ;uninterruptable
     532 000029e0     8026          .word   ANI_SETSPEED,100h
     533 00002a00                   WL      2,U1TR5A+FR1
     534 00002a30     801b          .word   ANI_SETFACING           ;ANI_XFLIP <- not primary anim
     535 00002a40                   WL      2,U1TR5A+FR1
     536 00002a70     8002          .word   ANI_SETMODE,MODE_NORMAL
     537 00002a90     8049          .word   ANI_END
     538                    
     539 00002aa0            SUBR   und_4_to_8_turn2_anim
     540 00002aa0            SUBR   und_6_to_2_turn2_anim
     541 00002aa0     8002          .word   ANI_SETMODE,MODE_INTURN|MODE_NOAUTOFLIP ;uninterruptable
     542 00002ac0     8026          .word   ANI_SETSPEED,100h
     543 00002ae0                   WL      2,U1TR5A+FR5
     544 00002b10     801b          .word   ANI_SETFACING           ;ANI_XFLIP <- not primary anim
     545 00002b20                   WL      2,U1TR5A+FR5
     546 00002b50                   WL      2,U1TR5A+FR4
     547 00002b80                   WL      2,U1TR5A+FR3
     548 00002bb0                   WL      2,U1TR5A+FR2
     549 00002be0     8002          .word   ANI_SETMODE,MODE_NORMAL
     550 00002c00     8049          .word   ANI_END
     551                    
TMS340 COFF Macro Assembler Version 6.10     Wed Nov 01 05:54:26 2023
 Copyright (c) 1985-1991  Texas Instruments Incorporated 

Undertaker animation sequences                                       PAGE   11

     552 00002c10            SUBR   und_2_to_6_turn2_anim
     553 00002c10            SUBR   und_8_to_4_turn2_anim
     554 00002c10     8002          .word   ANI_SETMODE,MODE_INTURN|MODE_NOAUTOFLIP ;uninterruptable
     555 00002c30     8026          .word   ANI_SETSPEED,100h
     556 00002c50                   WL      2,U1TR5A+FR2
     557 00002c80                   WL      2,U1TR5A+FR3
     558 00002cb0                   WL      2,U1TR5A+FR4
     559 00002ce0                   WL      2,U1TR5A+FR5
     560 00002d10     801b          .word   ANI_SETFACING           ;ANI_XFLIP <- not primary anim
     561 00002d20                   WL      2,U1TR5A+FR5
     562 00002d50     8002          .word   ANI_SETMODE,MODE_NORMAL
     563 00002d70     8049          .word   ANI_END
     564                    
     565                    *****************************************************************************
     566                    *
     567                    * RUNNING IN evco3
     568                    
     569 00002d80            SUBR   und_run2_anim
     570                    
     571 00002d80     8002          .word   ANI_SETMODE,MODE_NORMAL
     572 00002da0     8026          .word   ANI_SETSPEED,100h
     573 00002dc0                   WL      ANI_GOTO,evcorun2
     574                    
     575 00002df0            SUBR   und_run_anim
     576                    
     577 00002df0     8002          .word   ANI_SETMODE,MODE_UNINT                  ;uninterruptable
     578 00002e10     8026          .word   ANI_SETSPEED,100h
     579 00002e30     8006          .word   ANI_ATTACK_ON,AMODE_RUN,-3,29,16,71     ;mode,x,y,w,h
     580 00002e90           evcolp1
     581 00002e90                   WL      4,U3RN3A+FR1
     582 00002ec0           evcoocrun_start
     583 00002ec0                   WL      4,U3RN3A+FR2
     584 00002ef0                   WL      4,U3RN3A+FR3
     585 00002f20                   WL      ANI_CODE,SMALL_RUN
     586 00002f50                   WL      4,U3RN3A+FR4
     587 00002f80           evcorun2
     588 00002f80     8002          .word   ANI_SETMODE,MODE_NORMAL         ;clear UNINT bit
     589 00002fa0     8006          .word   ANI_ATTACK_ON,AMODE_RUN,5,29,16,71      ;mode,x,y,w,h
     590 00003000                   WL      4,U3RN3A+FR5
     591 00003030                   WL      4,U3RN3A+FR6
     592 00003060                   WL      4,U3RN3A+FR7
     593 00003090                   WL      ANI_CODE,SMALL_RUN
     594 000030c0                   WL      4,U3RN3A+FR8
     595 000030f0                   WL      ANI_GOTO,evcolp1
     596                    
     597                    
     598                    *****************************************************************************
     599                    *
     600                    * BOUNCE OFF ROPES
     601                    
     602 00003120            SUBR   und_bounce_anim
     603                    
     604 00003120     8002          .word   ANI_SETMODE,MODE_UNINT|MODE_OVERLAP|MODE_NOAUTOFLIP| MODE_NOCONFINE     ;uninterruptable
     605                    
     606                            .ref    fix_bnc_flip
TMS340 COFF Macro Assembler Version 6.10     Wed Nov 01 05:54:26 2023
 Copyright (c) 1985-1991  Texas Instruments Incorporated 

Undertaker animation sequences                                       PAGE   12

     607 00003140                   WL      ANI_CODE,fix_bnc_flip
     608 00003170                   WL      ANI_CODE,MAYBE_BOUNCE_ROPE
     609                      
     610 000031a0     8003          .word   ANI_ZEROVELS
     611 000031b0     8026          .word   ANI_SETSPEED,100h
     612 000031d0                   WL      2,U4BO3Z+FR1
     613 00003200     8023          .word   ANI_BOUNCEROPE,0
     614 00003220                   WL      1,U4BO3Z+FR1
     615                    
     616 00003250                   WL      2,U4BO3Z+FR2
     617 00003280     8023          .word   ANI_BOUNCEROPE,1
     618 000032a0                   WL      ANI_CODE,SMALL_RUN
     619                    
     620 000032d0                   WL      1,U4BO3Z+FR2
     621                    
     622 00003300                   WL      2,U4BO3Z+FR3
     623 00003330     8023          .word   ANI_BOUNCEROPE,2
     624 00003350                   WL      1,U4BO3Z+FR3
     625                    
     626 00003380                   WL      2,U4BO3Z+FR4
     627 000033b0     8023          .word   ANI_BOUNCEROPE,3
     628 000033d0                   WL      1,U4BO3Z+FR4
     629                    
     630 00003400     8003          .word   ANI_ZEROVELS
     631                    
     632 00003410                   WL      2,U4BO3Z+FR5
     633 00003440     8023          .word   ANI_BOUNCEROPE,4
     634 00003460                   WL      1,U4BO3Z+FR5
     635 00003490                   WL      3,U4BO3Z+FR6
     636 000034c0                   WL      2,U4BO3Z+FR7
     637 000034f0     8023          .word   ANI_BOUNCEROPE,0
     638 00003510                   WL      1,U4BO3Z+FR7
     639 00003540                   WL      2,U4BO3Z+FR8
     640 00003570     8023          .word   ANI_BOUNCEROPE,-1
     641 00003590                   WL      ANI_CODE,SMALL_RUN
     642 000035c0                   WL      1,U4BO3Z+FR8
     643 000035f0                   WL      3,U4BO3Z+FR9
     644 00003620                   WL      3,U4BO3Z+FR10
     645                    
     646 00003650     8002          .word   ANI_SETMODE,MODE_NORMAL
     647 00003670     8049          .word   ANI_END
     648                    
     649                    
     650                    ******************************************************************************
     651                    
     652                            .end

 No Errors,  No Warnings
