TMS340 COFF Macro Assembler Version 6.10     Mon Oct 30 20:05:15 2023
 Copyright (c) 1985-1991  Texas Instruments Incorporated 

                                                                     PAGE    1

       1                            .FILE   "wrespal.asm"
       2                            .OPTION B,D,L,T
       3                    
       4                            .include        "macros.h"
       5                    
       6 00000000                   .DATA
       7 00000000                   .even
       8                    
       9 00000000            SUBR   HRTPNK_P
1                                   .def    HRTPNK_P
1        00000000                   .even
1        00000000           HRTPNK_P
      10                    
      11 00000000     0040     .word   64 
      12 00000010     0000     .word   00000h,07f9ah,07b16h,07ef3h,076b2h,06e90h,06e6fh,06670h
      13 00000090     6a4e     .word   06a4eh,0624eh,0662dh,05e2eh,0660bh,05e0ch,05debh,055edh
      14 00000110     51ca     .word   051cah,05586h,04daah,04988h,04967h,04126h,03d25h,03904h
      15 00000190     34e4     .word   034e4h,030a2h,02ca3h,02482h,02441h,01863h,01021h,00800h
      16 00000210     7fff     .word   07fffh,077bdh,06f7bh,06739h,05ef7h,056b5h,04e73h,04631h
      17 00000290     3def     .word   03defh,035adh,02d6bh,02529h,01ce7h,014a5h,00c63h,00421h
      18 00000310     7f5f     .word   07f5fh,07edeh,07e5dh,079dah,07977h,07135h,06d13h,068f2h
      19 00000390     60b1     .word   060b1h,05c90h,0586fh,0502dh,0480bh,0400ah,03406h,02c03h
      20                    
      21 00000410            SUBR   HRTBLU_P
1                                   .def    HRTBLU_P
1        00000410                   .even
1        00000410           HRTBLU_P
      22 00000410     0040     .word   64 
      23 00000420     0000     .word   00000h,07f9ah,07b16h,07ef3h,076b2h,06e90h,06e6fh,06670h
      24 000004a0     6a4e     .word   06a4eh,0624eh,0662dh,05e2eh,0660bh,05e0ch,05debh,055edh
      25 00000520     51ca     .word   051cah,05586h,04daah,04988h,04967h,04126h,03d25h,03904h
      26 000005a0     34e4     .word   034e4h,030a2h,02ca3h,02482h,02441h,01863h,01021h,00800h
      27 00000620     7fff     .word   07fffh,077bdh,06f7bh,06739h,05ef7h,056b5h,04e73h,04631h
      28 000006a0     3def     .word   03defh,035adh,02d6bh,02529h,01ce7h,014a5h,00c63h,00421h
      29 00000720     2fbf     .word   02fbfh,02b3fh,02abeh,0263bh,025d8h,01d96h,01974h,01553h
      30 000007a0     0d12     .word   00d12h,008f1h,004d0h,0008eh,0006ch,0004bh,00027h,00024h
      31                    
      32 00000820            SUBR   HRTGRN_P
1                                   .def    HRTGRN_P
1        00000820                   .even
1        00000820           HRTGRN_P
      33 00000820     0040          .word    64
      34 00000830     0000          .word   00H,07F9AH,07B16H,07EF3H,076B2H,06E90H,06E6FH,06670H
      35 000008b0     6a4e          .word   06A4EH,0624EH,0662DH,05E2EH,0660BH,05E0CH,05DEBH,055EDH
      36 00000930     51ca          .word   051CAH,05586H,04DAAH,04988H,04967H,04126H,03D25H,03904H
      37 000009b0     34e4          .word   034E4H,030A2H,02CA3H,02482H,02441H,01863H,01021H,0800H
      38 00000a30     7fff          .word   07FFFH,077BDH,06F7BH,06739H,05EF7H,056B5H,04E73H,04631H
      39 00000ab0     3def          .word   03DEFH,035ADH,02D6BH,02529H,01CE7H,014A5H,0C63H,0421H
      40 00000b30     6b7a          .word   06B7AH,05755H,04330H,02F2BH,01F07H,0EE3H,02C0H,0280H
      41 00000bb0     0260          .word   0260H,0220H,01E0H,01A0H,0180H,0140H,0100H,0E0H
      42                    
      43 00000c30            SUBR   HRTPRP_P
1                                   .def    HRTPRP_P
1        00000c30                   .even
1        00000c30           HRTPRP_P
TMS340 COFF Macro Assembler Version 6.10     Mon Oct 30 20:05:15 2023
 Copyright (c) 1985-1991  Texas Instruments Incorporated 

                                                                     PAGE    2

      44 00000c30     0040          .word    64
      45 00000c40     0000          .word   00H,07F9AH,07B16H,07EF3H,076B2H,06E90H,06E6FH,06670H
      46 00000cc0     6a4e          .word   06A4EH,0624EH,0662DH,05E2EH,0660BH,05E0CH,05DEBH,055EDH
      47 00000d40     51ca          .word   051CAH,05586H,04DAAH,04988H,04967H,04126H,03D25H,03904H
      48 00000dc0     34e4          .word   034E4H,030A2H,02CA3H,02482H,02441H,01863H,01021H,0800H
      49 00000e40     7fff          .word   07FFFH,077BDH,06F7BH,06739H,05EF7H,056B5H,04E73H,04631H
      50 00000ec0     3def          .word   03DEFH,035ADH,02D6BH,02529H,01CE7H,014A5H,0C63H,0421H
      51 00000f40     6f7b          .word   06F7BH,06ADBH,06A5BH,065BBH,0613BH,0609BH,05C3BH,05018H
      52 00000fc0     4816          .word   04816H,04013H,03410H,02C0EH,0240BH,01C08H,01006H,0803H
      53                    
      54 00001040            SUBR   RZRPRP_P
1                                   .def    RZRPRP_P
1        00001040                   .even
1        00001040           RZRPRP_P
      55 00001040     0040     .word   64 
      56 00001050     0000     .word   00000h,07fdeh,04a50h,041edh,035cdh,02d8ch,01d07h,018e6h
      57 000010d0     14c5     .word   014c5h,010a4h,00c83h,00862h,00821h,00000h,07ffeh,07fdah
      58 00001150     7f98     .word   07f98h,07f55h,07f54h,07f35h,07f12h,07ef3h,07ed0h,07ed1h
      59 000011d0     7ad2     .word   07ad2h,07eafh,07e8eh,07290h,0766eh,0724eh,06a4eh,06e2dh
      60 00001250     620c     .word   0620ch,065eah,05debh,05dcah,059cah,055a8h,05188h,04d67h
      61 000012d0     4125     .word   04125h,04502h,038e3h,03461h,02061h,01c20h,01000h,07fe8h
      62 00001350     7fa0     .word   07fa0h,07ee0h,065e0h,03d80h,0701ch,06419h,05415h,04812h
      63 000013d0     4010     .word   04010h,0380eh,0340dh,0300ch,02c0bh,02409h,01c07h,01405h
      64                    
      65                            .if 0
      66                     SUBR   RZRGRN_P
      67                       .word   64 
      68                       .word   00000h,07fdeh,04a50h,041edh,035cdh,02d8ch,01d07h,018e6h
      69                       .word   014c5h,010a4h,00c83h,00862h,00821h,00000h,07ffeh,07fdah
      70                       .word   07f98h,07f55h,07f54h,07f35h,07f12h,07ef3h,07ed0h,07ed1h
      71                       .word   07ad2h,07eafh,07e8eh,07290h,0766eh,0724eh,06a4eh,06e2dh
      72                       .word   0620ch,065eah,05debh,05dcah,059cah,055a8h,05188h,04d67h
      73                       .word   04125h,04502h,038e3h,03461h,02061h,01c20h,01000h,07fe8h
      74                       .word   07fa0h,07ee0h,065e0h,03d80h,00785h,00323h,002a1h,00240h
      75                       .word   00200h,001c0h,001a0h,00180h,00160h,00120h,000e0h,000a0h
      76                            .endif
      77                    
      78 00001450            SUBR   RZRRED_P
1                                   .def    RZRRED_P
1        00001450                   .even
1        00001450           RZRRED_P
      79 00001450     0040          .word    64
      80 00001460     0000          .word   00H,07FDEH,04A50H,041EDH,035CDH,02D8CH,01D07H,018E6H
      81 000014e0     14c5          .word   014C5H,010A4H,0C83H,0862H,0821H,00H,07FFEH,07FDAH
      82 00001560     7f98          .word   07F98H,07F55H,07F54H,07F35H,07F12H,07EF3H,07ED0H,07ED1H
      83 000015e0     7ad2          .word   07AD2H,07EAFH,07E8EH,07290H,0766EH,0724EH,06A4EH,06E2DH
      84 00001660     620c          .word   0620CH,065EAH,05DEBH,05DCAH,059CAH,055A8H,05188H,04D67H
      85 000016e0     4125          .word   04125H,04502H,038E3H,03461H,02061H,01C20H,01000H,07FE8H
      86 00001760     7fa0          .word   07FA0H,07EE0H,065E0H,03D80H,07610H,0714AH,06CA5H,06C00H
      87 000017e0     6000          .word   06000H,05400H,04800H,04000H,03400H,02800H,02000H,01400H
      88                    
      89 00001860            SUBR   RZRBLU_P
1                                   .def    RZRBLU_P
1        00001860                   .even
1        00001860           RZRBLU_P
TMS340 COFF Macro Assembler Version 6.10     Mon Oct 30 20:05:15 2023
 Copyright (c) 1985-1991  Texas Instruments Incorporated 

                                                                     PAGE    3

      90 00001860     0040          .word    64
      91 00001870     0000          .word   00H,07FDEH,04A50H,041EDH,035CDH,02D8CH,01D07H,018E6H
      92 000018f0     14c5          .word   014C5H,010A4H,0C83H,0862H,0821H,00H,07FFEH,07FDAH
      93 00001970     7f98          .word   07F98H,07F55H,07F54H,07F35H,07F12H,07EF3H,07ED0H,07ED1H
      94 000019f0     7ad2          .word   07AD2H,07EAFH,07E8EH,07290H,0766EH,0724EH,06A4EH,06E2DH
      95 00001a70     620c          .word   0620CH,065EAH,05DEBH,05DCAH,059CAH,055A8H,05188H,04D67H
      96 00001af0     4125          .word   04125H,04502H,038E3H,03461H,02061H,01C20H,01000H,07FE8H
      97 00001b70     7fa0          .word   07FA0H,07EE0H,065E0H,03D80H,02E7EH,01E1DH,011BCH,095AH
      98 00001bf0     0119          .word   0119H,0D6H,093H,070H,04DH,02AH,027H,025H
      99                    
     100 00001c70            SUBR   UNDNEG_P
1                                   .def    UNDNEG_P
1        00001c70                   .even
1        00001c70           UNDNEG_P
     101 00001c70     0040     .word   64 
     102 00001c80     0000     .word   00000h,00000h,00421h,00842h,00c63h,014a5h,018c6h,01ce7h
     103 00001d00     2529     .word   02529h,0294ah,0318ch,035adh,039ceh,04210h,04631h,04a52h
     104 00001d80     5294     .word   05294h,056b5h,05ef7h,06318h,06739h,06f7bh,0739ch,00421h
     105 00001e00     0842     .word   00842h,00c63h,014a5h,018c6h,01ce7h,02108h,0294ah,02d6bh
     106 00001e80     318c     .word   0318ch,039ceh,03defh,04210h,04a52h,04e73h,05294h,05ad6h
     107 00001f00     5ef7     .word   05ef7h,06318h,06b5ah,06f7bh,0739ch,07bdeh,00421h,00842h
     108 00001f80     1084     .word   01084h,014a5h,01ce7h,02529h,0294ah,0318ch,035adh,03defh
     109 00002000     4210     .word   04210h,04a52h,05294h,056b5h,05ef7h,06318h,06b5ah,0739ch
     110                    
     111                            .if 0
     112                     SUBR   UNDPRP_P
     113                       .word   64 
     114                       .word   018d5h,07bbbh,07b77h,076f3h,06eb0h,0666fh,05e2dh,051ebh
     115                       .word   049cbh,045a9h,04167h,03947h,03d25h,03d03h,03105h,030e3h
     116                       .word   028c3h,02c80h,02081h,01861h,01840h,01420h,00c00h,07fffh
     117                       .word   06b39h,06717h,062f6h,05ad5h,05272h,04a51h,0420fh,03deeh
     118                       .word   039cdh,035ach,0318bh,0316ah,02949h,02107h,01ce6h,014c5h
     119                       .word   014a4h,00c83h,00862h,00841h,00441h,00420h,0781eh,0701ch
     120                       .word   0681ah,06419h,05c17h,05415h,05014h,04812h,04010h,0380eh
     121                       .word   0340dh,02c0bh,02409h,02008h,01806h,01004h,00c03h,00401h
     122                            .endif
     123                    
     124 00002080            SUBR   UNDBLK_P
1                                   .def    UNDBLK_P
1        00002080                   .even
1        00002080           UNDBLK_P
     125 00002080     0040     .word   64 
     126 00002090     18d5     .word   018d5h,07bbbh,07b77h,076f3h,06eb0h,0666fh,05e2dh,051ebh
     127 00002110     49cb     .word   049cbh,045a9h,04167h,03947h,03d25h,03d03h,03105h,030e3h
     128 00002190     28c3     .word   028c3h,02c80h,02081h,01861h,01840h,01420h,00c00h,07fffh
     129 00002210     6b39     .word   06b39h,06717h,062f6h,05ad5h,05272h,04a51h,0420fh,03deeh
     130 00002290     39cd     .word   039cdh,035ach,0318bh,0316ah,02949h,02107h,01ce6h,014c5h
     131 00002310     14a4     .word   014a4h,00c83h,00862h,00841h,00441h,00420h,0739ch,06b5ah
     132 00002390     6318     .word   06318h,05ef7h,056b5h,05294h,04a52h,04631h,03defh,039ceh
     133 00002410     318c     .word   0318ch,0294ah,02529h,01ce7h,018c6h,01084h,00c63h,00421h
     134                    
     135 00002490            SUBR   UNDGRN_P
1                                   .def    UNDGRN_P
1        00002490                   .even
1        00002490           UNDGRN_P
TMS340 COFF Macro Assembler Version 6.10     Mon Oct 30 20:05:15 2023
 Copyright (c) 1985-1991  Texas Instruments Incorporated 

                                                                     PAGE    4

     136 00002490            SUBR   UNDBLU_P
1                                   .def    UNDBLU_P
1        00002490                   .even
1        00002490           UNDBLU_P
     137 00002490     0040          .word    64
     138 000024a0     0000          .word   00H,07BBBH,07B77H,076F3H,06EB0H,0666FH,05E2DH,051EBH
     139 00002520     49cb          .word   049CBH,045A9H,04167H,03947H,03D25H,03D03H,03105H,030E3H
     140 000025a0     28c3          .word   028C3H,02C80H,02081H,01861H,01840H,01420H,0C00H,07FFFH
     141 00002620     6b39          .word   06B39H,06717H,062F6H,05AD5H,05272H,04A51H,0420FH,03DEEH
     142 000026a0     39cd          .word   039CDH,035ACH,0318BH,0316AH,02949H,02107H,01CE6H,014C5H
     143 00002720     14a4          .word   014A4H,0C83H,0862H,0841H,0441H,0420H,0125FH,0E1FH
     144 000027a0     09df          .word   09DFH,099FH,095FH,093DH,091BH,08F9H,095H,073H
     145 00002820     0051          .word   051H,02FH,02DH,0BH,09H,07H,06H,04H
     146                    
     147                            .if 0
     148                     SUBR   YOKRED_P
     149                       .word   64 
     150                       .word   00000h,07fffh,0739ch,06b5ah,06318h,05ad6h,05294h,04a52h
     151                       .word   04210h,039ceh,0318ch,0294ah,02108h,014a5h,00c63h,00421h
     152                       .word   00400h,07f9ah,07b14h,07ef1h,07acfh,076b0h,0768eh,06e4bh
     153                       .word   06a4dh,0622ch,0660bh,05a0ch,059eah,051a8h,05187h,04988h
     154                       .word   04966h,04124h,04102h,03904h,038e2h,030a1h,03480h,02881h
     155                       .word   02840h,02400h,01400h,07e91h,07daah,07905h,070c3h,06ce4h
     156                       .word   064a2h,06081h,05ca2h,05860h,05840h,05460h,05040h,04c60h
     157                       .word   04c40h,04420h,04000h,03c20h,03c00h,03400h,02c00h,02000h
     158                            .endif
     159                    
     160 000028a0            SUBR   YOKPRP_P
1                                   .def    YOKPRP_P
1        000028a0                   .even
1        000028a0           YOKPRP_P
     161 000028a0     0040     .word   64 
     162 000028b0     0000     .word   00000h,07fffh,0739ch,06b5ah,06318h,05ad6h,05294h,04a52h
     163 00002930     4210     .word   04210h,039ceh,0318ch,0294ah,02108h,014a5h,00c63h,00421h
     164 000029b0     0400     .word   00400h,07f9ah,07b14h,07ef1h,07acfh,076b0h,0768eh,06e4bh
     165 00002a30     6a4d     .word   06a4dh,0622ch,0660bh,05a0ch,059eah,051a8h,05187h,04988h
     166 00002ab0     4966     .word   04966h,04124h,04102h,03904h,038e2h,030a1h,03480h,02881h
     167 00002b30     2840     .word   02840h,02400h,01400h,06e9bh,06dbbh,0691ah,060d8h,05cf7h
     168 00002bb0     54b5     .word   054b5h,05094h,04cb3h,04872h,04852h,04471h,04050h,03c6fh
     169 00002c30     3c4f     .word   03c4fh,0342dh,0300ch,02c2bh,02c0bh,02409h,01c07h,01004h
     170                    
     171 00002cb0            SUBR   YOKBLU_P
1                                   .def    YOKBLU_P
1        00002cb0                   .even
1        00002cb0           YOKBLU_P
     172 00002cb0     0040          .word    64
     173 00002cc0     0000          .word   00H,07FFFH,0739CH,06B5AH,06318H,05AD6H,05294H,04A52H
     174 00002d40     4210          .word   04210H,039CEH,0318CH,0294AH,02108H,014A5H,0C63H,0421H
     175 00002dc0     0400          .word   0400H,07F9AH,07B14H,07EF1H,07ACFH,076B0H,0768EH,06E4BH
     176 00002e40     6a4d          .word   06A4DH,0622CH,0660BH,05A0CH,059EAH,051A8H,05187H,04988H
     177 00002ec0     4966          .word   04966H,04124H,04102H,03904H,038E2H,030A1H,03480H,02881H
     178 00002f40     2840          .word   02840H,02400H,01400H,0267FH,01E3FH,015DFH,0D9FH,053FH
     179 00002fc0     00df          .word   0DFH,0BEH,0BDH,09BH,079H,077H,056H,054H
     180 00003040     0032          .word   032H,030H,0FH,0DH,0BH,09H,08H,06H
     181                    
TMS340 COFF Macro Assembler Version 6.10     Mon Oct 30 20:05:15 2023
 Copyright (c) 1985-1991  Texas Instruments Incorporated 

                                                                     PAGE    5

     182 000030c0            SUBR   YOKGRN_P
1                                   .def    YOKGRN_P
1        000030c0                   .even
1        000030c0           YOKGRN_P
     183 000030c0     0040          .word    64
     184 000030d0     0000          .word   00H,07FFFH,0739CH,06B5AH,06318H,05AD6H,05294H,04A52H
     185 00003150     4210          .word   04210H,039CEH,0318CH,0294AH,02108H,014A5H,0C63H,0421H
     186 000031d0     0400          .word   0400H,07F9AH,07B14H,07EF1H,07ACFH,076B0H,0768EH,06E4BH
     187 00003250     6a4d          .word   06A4DH,0622CH,0660BH,05A0CH,059EAH,051A8H,05187H,04988H
     188 000032d0     4966          .word   04966H,04124H,04102H,03904H,038E2H,030A1H,03480H,02881H
     189 00003350     2840          .word   02840H,02400H,01400H,043B0H,0338CH,02789H,01B66H,0B62H
     190 000033d0     0340          .word   0340H,0320H,02E0H,02C0H,02A0H,0280H,0240H,0220H
     191 00003450     0200          .word   0200H,01C0H,01C0H,01A0H,0160H,0140H,0120H,0E0H
     192                    
     193                            .if 0
     194                     SUBR   SHNRED_P
     195                       .word   63 
     196                       .word   018d5h,07fddh,07f98h,07f58h,07f34h,07ad1h,07ab0h,0768fh
     197                       .word   06e90h,06e6eh,06e4dh,0622ch,05e0ch,059eah,05dc9h,055cah
     198                       .word   051a8h,04d89h,04d87h,04567h,04925h,04124h,03925h,03d03h
     199                       .word   038e2h,038c1h,030e4h,030c3h,03480h,02460h,02420h,01c40h
     200                       .word   01400h,00400h,076d6h,0720fh,06dabh,07128h,070c5h,06c42h
     201                       .word   06800h,06400h,05800h,05000h,04800h,03800h,02800h,01800h
     202                       .word   07fffh,0739ch,06b5ah,06318h,05ad6h,05294h,04631h,03defh
     203                       .word   035adh,02d6bh,02529h,01ce7h,014a5h,00c63h,00421h
     204                            .endif
     205                    
     206 000034d0            SUBR   SHNPRP_P
1                                   .def    SHNPRP_P
1        000034d0                   .even
1        000034d0           SHNPRP_P
     207 000034d0     003f     .word   63 
     208 000034e0     18d5     .word   018d5h,07fddh,07f98h,07f58h,07f34h,07ad1h,07ab0h,0768fh
     209 00003560     6e90     .word   06e90h,06e6eh,06e4dh,0622ch,05e0ch,059eah,05dc9h,055cah
     210 000035e0     51a8     .word   051a8h,04d89h,04d87h,04567h,04925h,04124h,03925h,03d03h
     211 00003660     38e2     .word   038e2h,038c1h,030e4h,030c3h,03480h,02460h,02420h,01c40h
     212 000036e0     1400     .word   01400h,00400h,076d6h,07210h,06dabh,064b9h,05c77h,05816h
     213 00003760     5415     .word   05415h,04c13h,04410h,03c0eh,0340ch,02409h,01405h,00401h
     214 000037e0     7fff     .word   07fffh,0739ch,06b5ah,06318h,05ad6h,05294h,04631h,03defh
     215 00003860     35ad     .word   035adh,02d6bh,02529h,01ce7h,014a5h,00c63h,00421h
     216                    
     217 000038d0            SUBR   SHNBLU_P
1                                   .def    SHNBLU_P
1        000038d0                   .even
1        000038d0           SHNBLU_P
     218 000038d0     0040          .word    64
     219 000038e0     0000          .word   00H,07FDDH,07F98H,07F58H,07F34H,07AD1H,07AB0H,0768FH
     220 00003960     6e90          .word   06E90H,06E6EH,06E4DH,0622CH,05E0CH,059EAH,05DC9H,055CAH
     221 000039e0     51a8          .word   051A8H,04D89H,04D87H,04567H,04925H,04124H,03925H,03D03H
     222 00003a60     38e2          .word   038E2H,038C1H,030E4H,030C3H,03480H,02460H,02420H,01C40H
     223 00003ae0     1400          .word   01400H,0400H,06B5FH,052BFH,03A1EH,0259EH,0113DH,0FDH
     224 00003b60     00da          .word   0DAH,0D7H,0D4H,0B1H,0AEH,08BH,068H,045H
     225 00003be0     7fff          .word   07FFFH,0739CH,06B5AH,06318H,05AD6H,05294H,04631H,03DEFH
     226 00003c60     35ad          .word   035ADH,02D6BH,02529H,01CE7H,014A5H,0C63H,0421H,00H
     227                    
TMS340 COFF Macro Assembler Version 6.10     Mon Oct 30 20:05:15 2023
 Copyright (c) 1985-1991  Texas Instruments Incorporated 

                                                                     PAGE    6

     228 00003ce0            SUBR   SHNGRN_P
1                                   .def    SHNGRN_P
1        00003ce0                   .even
1        00003ce0           SHNGRN_P
     229 00003ce0     0040          .word    64
     230 00003cf0     0000          .word   00H,07FDDH,07F98H,07F58H,07F34H,07AD1H,07AB0H,0768FH
     231 00003d70     6e90          .word   06E90H,06E6EH,06E4DH,0622CH,05E0CH,059EAH,05DC9H,055CAH
     232 00003df0     51a8          .word   051A8H,04D89H,04D87H,04567H,04925H,04124H,03925H,03D03H
     233 00003e70     38e2          .word   038E2H,038C1H,030E4H,030C3H,03480H,02460H,02420H,01C40H
     234 00003ef0     1400          .word   01400H,0400H,063B8H,04F93H,0378DH,02368H,01344H,0340H
     235 00003f70     02e0          .word   02E0H,0280H,0220H,01C0H,0160H,0120H,0C0H,060H
     236 00003ff0     7fff          .word   07FFFH,0739CH,06B5AH,06318H,05AD6H,05294H,04631H,03DEFH
     237 00004070     35ad          .word   035ADH,02D6BH,02529H,01CE7H,014A5H,0C63H,0421H,00H
     238                    
     239                            .if 0
     240                     SUBR   BAMBLU_P
     241                       .word   64 
     242                       .word   000e7h,07fffh,04a52h,04210h,039ceh,0318ch,02d6bh,02529h
     243                       .word   01ce7h,014a5h,00c63h,00842h,07d46h,07126h,06cc2h,06126h
     244                       .word   060c4h,06c41h,060a2h,05c41h,05083h,04c41h,03c20h,03020h
     245                       .word   01800h,077fah,0327eh,01996h,00d59h,01153h,00512h,000f1h
     246                       .word   000cfh,0006dh,07f79h,07f55h,07b13h,07ad1h,0728fh,0766dh
     247                       .word   06a4dh,0626bh,065e9h,059c9h,05187h,04d87h,05165h,04585h
     248                       .word   04901h,04103h,03903h,034c1h,02840h,01000h,07befh,07fc2h
     249                       .word   07f82h,07ee1h,07e60h,07dc0h,07d20h,064e0h,04ca0h,04080h
     250                            .endif
     251                    
     252 000040f0            SUBR   BAMFRE_P
1                                   .def    BAMFRE_P
1        000040f0                   .even
1        000040f0           BAMFRE_P
     253 000040f0     0040     .word   64 
     254 00004100     0000     .word   00000h,07d60h,07de0h,07e60h,07ee0h,07f60h,07fe0h,07f40h
     255 00004180     7ec0     .word   07ec0h,07e20h,07da0h,07d00h,07d60h,07dc0h,07e20h,07e80h
     256 00004200     7ee0     .word   07ee0h,07f20h,07f80h,07fe0h,07fa0h,07f60h,07f40h,07f00h
     257 00004280     7ec0     .word   07ec0h,07e80h,07e60h,07e20h,07de0h,07da0h,07d60h,07d40h
     258 00004300     7d80     .word   07d80h,07dc0h,07e20h,07e60h,07ec0h,07f00h,07f40h,07fa0h
     259 00004380     7fe0     .word   07fe0h,07f80h,07f20h,07ea0h,07e40h,07de0h,07d80h,07d20h
     260 00004400     7d60     .word   07d60h,07dc0h,07e20h,07e80h,07ee0h,07f20h,07f80h,07fe0h
     261 00004480     7f80     .word   07f80h,07f20h,07ec0h,07e80h,07e20h,07dc0h,07d60h,07d00h
     262                    
     263 00004500            SUBR   BAMYLW_P
1                                   .def    BAMYLW_P
1        00004500                   .even
1        00004500           BAMYLW_P
     264 00004500     0040     .word   64 
     265 00004510     00e7     .word   000e7h,07fffh,04a52h,04210h,039ceh,0318ch,02d6bh,02529h
     266 00004590     1ce7     .word   01ce7h,014a5h,00c63h,00842h,07d46h,07126h,06cc2h,06126h
     267 00004610     60c4     .word   060c4h,06c41h,060a2h,05c41h,05083h,04c41h,03c20h,03020h
     268 00004690     1800     .word   01800h,077f6h,077f1h,07bd0h,07fa7h,07f82h,06b01h,05a60h
     269 00004710     45e0     .word   045e0h,03560h,07f79h,07f55h,07b13h,07ad1h,0728fh,0766dh
     270 00004790     6a4d     .word   06a4dh,0626bh,065e9h,059c9h,05187h,04d87h,05165h,04585h
     271 00004810     4901     .word   04901h,04103h,03903h,034c1h,02840h,01000h,07befh,07fc2h
     272 00004890     7f82     .word   07f82h,07ee1h,07e60h,07dc0h,07d20h,064e0h,04ca0h,04080h
     273                    
TMS340 COFF Macro Assembler Version 6.10     Mon Oct 30 20:05:15 2023
 Copyright (c) 1985-1991  Texas Instruments Incorporated 

                                                                     PAGE    7

     274 00004910            SUBR   BAMPRP_P
1                                   .def    BAMPRP_P
1        00004910                   .even
1        00004910           BAMPRP_P
     275 00004910     0040          .word    64
     276 00004920     0000          .word   00H,07FFFH,04A52H,04210H,039CEH,0318CH,02D6BH,02529H
     277 000049a0     1ce7          .word   01CE7H,014A5H,0C63H,0842H,07D46H,07126H,06CC2H,06126H
     278 00004a20     60c4          .word   060C4H,06C41H,060A2H,05C41H,05083H,04C41H,03C20H,03020H
     279 00004aa0     1800          .word   01800H,077FAH,07DDFH,07C1FH,0701CH,06419H,05816H,04C13H
     280 00004b20     4010          .word   04010H,0340DH,07F79H,07F55H,07B13H,07AD1H,0728FH,0766DH
     281 00004ba0     6a4d          .word   06A4DH,0626BH,065E9H,059C9H,05187H,04D87H,05165H,04585H
     282 00004c20     4901          .word   04901H,04103H,03903H,034C1H,02840H,01000H,07BEFH,07FC2H
     283 00004ca0     7f82          .word   07F82H,07EE1H,07E60H,07DC0H,07D20H,064E0H,04CA0H,04080H
     284                    
     285 00004d20            SUBR   BAMRED_P
1                                   .def    BAMRED_P
1        00004d20                   .even
1        00004d20           BAMRED_P
     286 00004d20     0040          .word    64
     287 00004d30     0000          .word   00H,07FFFH,04A52H,04210H,039CEH,0318CH,02D6BH,02529H
     288 00004db0     1ce7          .word   01CE7H,014A5H,0C63H,0842H,07D46H,07126H,06CC2H,06126H
     289 00004e30     60c4          .word   060C4H,06C41H,060A2H,05C41H,05083H,04C41H,03C20H,03020H
     290 00004eb0     1800          .word   01800H,077FAH,07D6BH,07C00H,07000H,06400H,05400H,04800H
     291 00004f30     3c00          .word   03C00H,03000H,07F79H,07F55H,07B13H,07AD1H,0728FH,0766DH
     292 00004fb0     6a4d          .word   06A4DH,0626BH,065E9H,059C9H,05187H,04D87H,05165H,04585H
     293 00005030     4901          .word   04901H,04103H,03903H,034C1H,02840H,01000H,07BEFH,07FC2H
     294 000050b0     7f82          .word   07F82H,07EE1H,07E60H,07DC0H,07D20H,064E0H,04CA0H,04080H
     295                    
     296 00005130            SUBR   DNKPRP_P
1                                   .def    DNKPRP_P
1        00005130                   .even
1        00005130           DNKPRP_P
     297 00005130     0040     .word   64 
     298 00005140     318c     .word   0318ch,07fffh,06f7bh,05ef7h,04e73h,03defh,02d6bh,02529h
     299 000051c0     1ce7     .word   01ce7h,014a5h,00c63h,00421h,07febh,07fa5h,07b41h,06ec0h
     300 00005240     6260     .word   06260h,03effh,02abfh,01a7ch,00a39h,00217h,001f4h,001b2h
     301 000052c0     0170     .word   00170h,0012eh,000ech,004abh,0046ah,00468h,07ef9h,07e55h
     302 00005340     7dd1     .word   07dd1h,07cc8h,07400h,06c00h,06400h,05c00h,05400h,04c00h
     303 000053c0     4400     .word   04400h,03800h,03000h,02021h,07fbfh,0769dh,06d9bh,064b9h
     304 00005440     5c17     .word   05c17h,05014h,04812h,04010h,0340dh,02c0bh,02409h,01806h
     305 000054c0     1004     .word   01004h,0626eh,05a0eh,045a9h,04566h,03926h,01c83h,01841h
     306                    
     307                            .if 0
     308                     SUBR   DNKBLU_P
     309                       .word   64 
     310                       .word   00000h,07fffh,06f7bh,05ef7h,04e73h,03defh,02d6bh,02529h
     311                       .word   01ce7h,014a5h,00c63h,00421h,07febh,07fa5h,07b41h,06ec0h
     312                       .word   06260h,05f8fh,0536bh,04748h,03705h,02ae3h,01ec0h,01a80h
     313                       .word   01640h,01600h,011c1h,01181h,00d41h,00d01h,07ef9h,07e55h
     314                       .word   07dd1h,07cc8h,07400h,06c00h,06400h,05c00h,05400h,04c00h
     315                       .word   04400h,03800h,03000h,02021h,067bfh,03afeh,0227dh,001bbh
     316                       .word   00179h,00136h,000f4h,000d2h,0008fh,0006dh,0004bh,00028h
     317                       .word   00027h,0626eh,05a0eh,045a9h,04566h,03926h,01c83h,01841h
     318                            .endif
     319                    
TMS340 COFF Macro Assembler Version 6.10     Mon Oct 30 20:05:15 2023
 Copyright (c) 1985-1991  Texas Instruments Incorporated 

                                                                     PAGE    8

     320 00005540            SUBR   DNKGRN_P
1                                   .def    DNKGRN_P
1        00005540                   .even
1        00005540           DNKGRN_P
     321 00005540     0040          .word    64
     322 00005550     0000          .word   00H,07FFFH,06F7BH,05EF7H,04E73H,03DEFH,02D6BH,02529H
     323 000055d0     1ce7          .word   01CE7H,014A5H,0C63H,0421H,07FEBH,07FA5H,07B41H,06EC0H
     324 00005650     6260          .word   06260H,05F8FH,0536BH,04748H,03705H,02AE3H,01EC0H,01A80H
     325 000056d0     1640          .word   01640H,01600H,011C1H,01181H,0D41H,0D01H,07EF9H,07E55H
     326 00005750     7dd1          .word   07DD1H,07CC8H,07400H,06C00H,06400H,05C00H,05400H,04C00H
     327 000057d0     4400          .word   04400H,03800H,03000H,02021H,05FB7H,03B8EH,01765H,0340H
     328 00005850     0300          .word   0300H,02C0H,0280H,0240H,0200H,01A0H,0160H,0120H
     329 000058d0     00e0          .word   0E0H,0626EH,05A0EH,045A9H,04566H,03926H,01C83H,01841H
     330                    
     331 00005950            SUBR   DNKGRY_P
1                                   .def    DNKGRY_P
1        00005950                   .even
1        00005950           DNKGRY_P
     332 00005950     0040          .word    64
     333 00005960     0000          .word   00H,07FFFH,06F7BH,05EF7H,04E73H,03DEFH,02D6BH,02529H
     334 000059e0     1ce7          .word   01CE7H,014A5H,0C63H,0421H,07FEBH,07FA5H,07B41H,06EC0H
     335 00005a60     6260          .word   06260H,05F8FH,0536BH,04748H,03705H,02AE3H,01EC0H,01A80H
     336 00005ae0     1640          .word   01640H,01600H,011C1H,01181H,0D41H,0D01H,07EF9H,07E55H
     337 00005b60     7dd1          .word   07DD1H,07CC8H,07400H,06C00H,06400H,05C00H,05400H,04C00H
     338 00005be0     4400          .word   04400H,03800H,03000H,02021H,06318H,05AD6H,05294H,04A52H
     339 00005c60     4210          .word   04210H,039CEH,0318CH,0294AH,02529H,01CE7H,014A5H,0C63H
     340 00005ce0     0421          .word   0421H,0626EH,05A0EH,045A9H,04566H,03926H,01C83H,01841H
     341                    
     342                            .if 0
     343                     SUBR   LEXWHT_P
     344                       .word   64 
     345                       .word   00000h,07fddh,07fbch,07f55h,07af4h,07ab2h,07ab0h,07a6eh
     346                       .word   06e4dh,0722ch,06a2dh,0660dh,05e0dh,061ebh,05dc9h,059a9h
     347                       .word   05189h,05167h,04546h,04103h,03d04h,03505h,02cc3h,02c81h
     348                       .word   02440h,01800h,00400h,0529ah,039dbh,0319ah,02955h,018d1h
     349                       .word   0084dh,0042ah,06d8ch,06d07h,06863h,04c42h,03863h,03800h
     350                       .word   02800h,07bdeh,0739ch,06739h,056b5h,04631h,02529h,014a5h
     351                       .word   00c63h,07fffh,077bdh,06f7bh,06739h,05ef7h,05ad6h,05294h
     352                       .word   04a52h,04210h,039ceh,0318ch,0294ah,02108h,018c6h,014a5h
     353                            .endif
     354                    
     355 00005d60            SUBR   LEXPRP_P
1                                   .def    LEXPRP_P
1        00005d60                   .even
1        00005d60           LEXPRP_P
     356 00005d60     0040          .word    64
     357 00005d70     0000          .word   00H,07FDDH,07FBCH,07F55H,07AF4H,07AB2H,07AB0H,07A6EH
     358 00005df0     6e4d          .word   06E4DH,0722CH,06A2DH,0660DH,05E0DH,061EBH,05DC9H,059A9H
     359 00005e70     5189          .word   05189H,05167H,04546H,04103H,03D04H,03505H,02CC3H,02C82H
     360 00005ef0     2442          .word   02442H,01842H,0842H,0667AH,05D78H,058B6H,05415H,04411H
     361 00005f70     340d          .word   0340DH,0280AH,06D8CH,06D07H,06863H,04C42H,03863H,03800H
     362 00005ff0     2800          .word   02800H,07BDEH,0739CH,06739H,056B5H,04631H,02529H,014A5H
     363 00006070     0c63          .word   0C63H,07FFFH,07F9FH,07F1FH,07E9FH,0763DH,071DCH,0697AH
     364 000060f0     6559          .word   06559H,05D57H,05555H,04D53H,04551H,04150H,0394EH,0314CH
     365                    
TMS340 COFF Macro Assembler Version 6.10     Mon Oct 30 20:05:15 2023
 Copyright (c) 1985-1991  Texas Instruments Incorporated 

                                                                     PAGE    9

     366 00006170            SUBR   LEXYEL_P
1                                   .def    LEXYEL_P
1        00006170                   .even
1        00006170           LEXYEL_P
     367 00006170     0040          .word    64
     368 00006180     0000          .word   00H,07FDDH,07FBCH,07F55H,07AF4H,07AB2H,07AB0H,07A6EH
     369 00006200     6e4d          .word   06E4DH,0722CH,06A2DH,0660DH,05E0DH,061EBH,05DC9H,059A9H
     370 00006280     5189          .word   05189H,05167H,04546H,04103H,03D04H,03505H,02CC3H,02C81H
     371 00006300     2440          .word   02440H,01800H,0400H,07FF9H,07FF0H,07FA8H,07F20H,06E80H
     372 00006380     55e0          .word   055E0H,03D40H,06D8CH,06D07H,06863H,04C42H,03863H,03800H
     373 00006400     2800          .word   02800H,07BDEH,0739CH,06739H,056B5H,04631H,02529H,014A5H
     374 00006480     0c63          .word   0C63H,07FFFH,07FFBH,07FF6H,07FD2H,07F8DH,07F69H,07F24H
     375 00006500     7f02          .word   07F02H,07EE2H,07662H,069C2H,05942H,04CE2H,03C62H,03042H
     376                    
     377 00006580            SUBR   LEXRED_P
1                                   .def    LEXRED_P
1        00006580                   .even
1        00006580           LEXRED_P
     378 00006580     0040          .word    64
     379 00006590     0000          .word   00H,07FDDH,07FBCH,07F55H,07AF4H,07AB2H,07AB0H,07A6EH
     380 00006610     6e4d          .word   06E4DH,0722CH,06A2DH,0660DH,05E0DH,061EBH,05DC9H,059A9H
     381 00006690     5189          .word   05189H,05167H,04546H,04103H,03D04H,03505H,02CC3H,02C81H
     382 00006710     2440          .word   02440H,01800H,0400H,07F18H,079EFH,074C6H,06C00H,05400H
     383 00006790     4000          .word   04000H,02800H,06D8CH,06D07H,06863H,04C42H,03863H,03800H
     384 00006810     2800          .word   02800H,07BDEH,0739CH,06739H,056B5H,04631H,02529H,014A5H
     385 00006890     0c63          .word   0C63H,07FFFH,07F9CH,07F18H,07EB5H,07A52H,075EFH,071ADH
     386 00006910     6d4a          .word   06D4AH,06D08H,068A5H,06463H,06042H,04842H,03042H,01842H
     387                    
     388                    
     389                    
     390                            .IF     1
     391                    
     392                    
     393                    
     394                    
     395                    
     396                    ;SUBR   LEXYEL_P
     397                    ;       .word   64 
     398                    ;       .word   00000h,07fddh,07fbch,07f55h,07af4h,07ab2h,07ab0h,07a6eh
     399                    ;       .word   06e4dh,0722ch,06a2dh,0660dh,05e0dh,061ebh,05dc9h,059a9h
     400                    ;       .word   05189h,05167h,04546h,04103h,03d04h,03505h,02cc3h,02c81h
     401                    ;       .word   02440h,01800h,00400h,0529ah,039dbh,0319ah,02955h,018d1h
     402                    ;       .word   0084dh,0042ah,06d8ch,06d07h,06863h,04c42h,03863h,03800h
     403                    ;       .word   02800h,07bdeh,0739ch,06739h,056b5h,04631h,02529h,014a5h
     404                    ;       .word   00c63h,07fa0h,07b40h,07300h,06ec0h,06680h,06240h,05a00h
     405                    ;       .word   055c0h,04da0h,04960h,04140h,03d00h,034e0h,030c0h,028a0h
     406                    
     407                    ; SUBR  LEXPRP_P
     408                    ;   .word   64 
     409                    ;   .word   0250eh,07bbch,07b9bh,07b34h,076d3h,07691h,0768fh,0764dh
     410                    ;   .word   06a2ch,06e0bh,0660ch,061ech,059ech,05dcah,059a8h,05588h
     411                    ;   .word   04d68h,04d46h,04125h,03ce2h,038e3h,030e4h,028a2h,02861h
     412                    ;   .word   02021h,01421h,00421h,0667ah,05d78h,058b6h,05415h,04411h
     413                    ;   .word   0340dh,0280ah,06d8ch,06d07h,06863h,04c42h,03863h,03800h
     414                    ;   .word   02800h,07bdeh,0739ch,06739h,056b5h,04631h,02529h,014a5h
TMS340 COFF Macro Assembler Version 6.10     Mon Oct 30 20:05:15 2023
 Copyright (c) 1985-1991  Texas Instruments Incorporated 

                                                                     PAGE   10

     415                    ;   .word   00c63h,07fdfh,07f3fh,07abeh,0723ch,069dah,06579h,05d17h
     416                    ;   .word   058f6h,050f4h,048f2h,040f0h,038eeh,034edh,02cebh,024e9h
     417                    
     418                    
     419 00006990            SUBR   BAMGRN_P
1                                   .def    BAMGRN_P
1        00006990                   .even
1        00006990           BAMGRN_P
     420 00006990     0040          .word    64
     421 000069a0     0000          .word   00H,07FFFH,04A52H,04210H,039CEH,0318CH,02D6BH,02529H
     422 00006a20     1ce7          .word   01CE7H,014A5H,0C63H,0842H,07D46H,07126H,06CC2H,06126H
     423 00006aa0     60c4          .word   060C4H,06C41H,060A2H,05C41H,05083H,04C41H,03C20H,03020H
     424 00006b20     1800          .word   01800H,077FAH,03E0H,0380H,0320H,02C0H,0240H,01E0H
     425 00006ba0     0180          .word   0180H,0120H,07F79H,07F55H,07B13H,07AD1H,0728FH,0766DH
     426 00006c20     6a4d          .word   06A4DH,0626BH,065E9H,059C9H,05187H,04D87H,05165H,04585H
     427 00006ca0     4901          .word   04901H,04103H,03903H,034C1H,02840H,01000H,07BEFH,07FC2H
     428 00006d20     7f82          .word   07F82H,07EE1H,07E60H,07DC0H,07D20H,064E0H,04CA0H,04080H
     429                    
     430 00006da0            SUBR   BAMPNK_P
1                                   .def    BAMPNK_P
1        00006da0                   .even
1        00006da0           BAMPNK_P
     431 00006da0     0040          .word    64
     432 00006db0     0000          .word   00H,07FFFH,04A52H,04210H,039CEH,0318CH,02D6BH,02529H
     433 00006e30     1ce7          .word   01CE7H,014A5H,0C63H,0842H,07D46H,07126H,06CC2H,06126H
     434 00006eb0     60c4          .word   060C4H,06C41H,060A2H,05C41H,05083H,04C41H,03C20H,03020H
     435 00006f30     1800          .word   01800H,077FAH,07D70H,07CF0H,07C71H,07C12H,07010H,0640DH
     436 00006fb0     580b          .word   0580BH,05009H,07F79H,07F55H,07B13H,07AD1H,0728FH,0766DH
     437 00007030     6a4d          .word   06A4DH,0626BH,065E9H,059C9H,05187H,04D87H,05165H,04585H
     438 000070b0     4901          .word   04901H,04103H,03903H,034C1H,02840H,01000H,07BEFH,07FC2H
     439 00007130     7f82          .word   07F82H,07EE1H,07E60H,07DC0H,07D20H,064E0H,04CA0H,04080H
     440                    
     441 000071b0            SUBR   BAMORG_P
1                                   .def    BAMORG_P
1        000071b0                   .even
1        000071b0           BAMORG_P
     442 000071b0     0040          .word    64
     443 000071c0     0000          .word   00H,07FFFH,04A52H,04210H,039CEH,0318CH,02D6BH,02529H
     444 00007240     1ce7          .word   01CE7H,014A5H,0C63H,0842H,07D46H,07126H,06CC2H,06126H
     445 000072c0     60c4          .word   060C4H,06C41H,060A2H,05C41H,05083H,04C41H,03C20H,03020H
     446 00007340     1800          .word   01800H,077FAH,07E80H,07E40H,07E20H,07DE0H,07180H,06940H
     447 000073c0     5d00          .word   05D00H,054C0H,07F79H,07F55H,07B13H,07AD1H,0728FH,0766DH
     448 00007440     6a4d          .word   06A4DH,0626BH,065E9H,059C9H,05187H,04D87H,05165H,04585H
     449 000074c0     4901          .word   04901H,04103H,03903H,034C1H,02840H,01000H,07BEFH,07FC2H
     450 00007540     7f82          .word   07F82H,07EE1H,07E60H,07DC0H,07D20H,064E0H,04CA0H,04080H
     451                    
     452                    
     453 000075c0            SUBR   BAMGRY_P
1                                   .def    BAMGRY_P
1        000075c0                   .even
1        000075c0           BAMGRY_P
     454 000075c0     0040          .word    64
     455 000075d0     0000          .word   00H,07FFFH,04A52H,04210H,039CEH,0318CH,02D6BH,02529H
     456 00007650     1ce7          .word   01CE7H,014A5H,0C63H,0842H,07D46H,07126H,06CC2H,06126H
     457 000076d0     60c4          .word   060C4H,06C41H,060A2H,05C41H,05083H,04C41H,03C20H,03020H
TMS340 COFF Macro Assembler Version 6.10     Mon Oct 30 20:05:15 2023
 Copyright (c) 1985-1991  Texas Instruments Incorporated 

                                                                     PAGE   11

     458 00007750     1800          .word   01800H,077FAH,05EF7H,05294H,04A52H,03DEFH,035ADH,0294AH
     459 000077d0     2108          .word   02108H,014A5H,07F79H,07F55H,07B13H,07AD1H,0728FH,0766DH
     460 00007850     6a4d          .word   06A4DH,0626BH,065E9H,059C9H,05187H,04D87H,05165H,04585H
     461 000078d0     4901          .word   04901H,04103H,03903H,034C1H,02840H,01000H,07BEFH,07FC2H
     462 00007950     7f82          .word   07F82H,07EE1H,07E60H,07DC0H,07D20H,064E0H,04CA0H,04080H
     463                    
     464 000079d0            SUBR   DNKPNK_P
1                                   .def    DNKPNK_P
1        000079d0                   .even
1        000079d0           DNKPNK_P
     465 000079d0     0040          .word    64
     466 000079e0     0000          .word   00H,07FFFH,06F7BH,05EF7H,04E73H,03DEFH,02D6BH,02529H
     467 00007a60     1ce7          .word   01CE7H,014A5H,0C63H,0421H,07FEBH,07FA5H,07B41H,06EC0H
     468 00007ae0     6260          .word   06260H,05F8FH,0536BH,04748H,03705H,02AE3H,01EC0H,01A80H
     469 00007b60     1640          .word   01640H,01600H,011C1H,01181H,0D41H,0D01H,07EF9H,07E55H
     470 00007be0     7dd1          .word   07DD1H,07CC8H,07400H,06C00H,06400H,05C00H,05400H,04C00H
     471 00007c60     4400          .word   04400H,03800H,03000H,02021H,07EDCH,07E19H,07D77H,07CB4H
     472 00007ce0     7c12          .word   07C12H,07410H,06C0FH,0640EH,05C0CH,0540BH,04C0AH,04409H
     473 00007d60     3c08          .word   03C08H,0626EH,05A0EH,045A9H,04566H,03926H,01C83H,01841H
     474                    
     475 00007de0            SUBR   DNKORG_P
1                                   .def    DNKORG_P
1        00007de0                   .even
1        00007de0           DNKORG_P
     476 00007de0     0040          .word    64
     477 00007df0     0000          .word   00H,07FFFH,06F7BH,05EF7H,04E73H,03DEFH,02D6BH,02529H
     478 00007e70     1ce7          .word   01CE7H,014A5H,0C63H,0421H,07FEBH,07FA5H,07B41H,06EC0H
     479 00007ef0     6260          .word   06260H,05F8FH,0536BH,04748H,03705H,02AE3H,01EC0H,01A80H
     480 00007f70     1640          .word   01640H,01600H,011C1H,01181H,0D41H,0D01H,07EF9H,07E55H
     481 00007ff0     7dd1          .word   07DD1H,07CC8H,07400H,06C00H,06400H,05C00H,05400H,04C00H
     482 00008070     4400          .word   04400H,03800H,03000H,02021H,07F99H,07F12H,07EACH,07E45H
     483 000080f0     7de0          .word   07DE0H,071A0H,06960H,05D40H,05100H,048C0H,03CA0H,03080H
     484 00008170     2860          .word   02860H,0626EH,05A0EH,045A9H,04566H,03926H,01C83H,01841H
     485                    
     486 000081f0            SUBR   DNKRED_P
1                                   .def    DNKRED_P
1        000081f0                   .even
1        000081f0           DNKRED_P
     487 000081f0     0040          .word    64
     488 00008200     0000          .word   00H,07FFFH,06F7BH,05EF7H,04E73H,03DEFH,02D6BH,02529H
     489 00008280     1ce7          .word   01CE7H,014A5H,0C63H,0421H,07FEBH,07FA5H,07B41H,06EC0H
     490 00008300     6260          .word   06260H,05F8FH,0536BH,04748H,03705H,02AE3H,01EC0H,01A80H
     491 00008380     1640          .word   01640H,01600H,011C1H,01181H,0D41H,0D01H,07EF9H,07E55H
     492 00008400     7dd1          .word   07DD1H,07CC8H,07400H,06C00H,06400H,05C00H,05400H,04C00H
     493 00008480     4400          .word   04400H,03800H,03000H,02021H,07ED6H,07A10H,0794AH,07484H
     494 00008500     7400          .word   07400H,06800H,05C00H,05000H,04400H,03800H,02C00H,02000H
     495 00008580     1400          .word   01400H,0626EH,05A0EH,045A9H,04566H,03926H,01C83H,01841H
     496                    
     497 00008600            SUBR   DNKYEL_P
1                                   .def    DNKYEL_P
1        00008600                   .even
1        00008600           DNKYEL_P
     498 00008600     0040          .word    64
     499 00008610     0000          .word   00H,07FFFH,06F7BH,05EF7H,04E73H,03DEFH,02D6BH,02529H
     500 00008690     1ce7          .word   01CE7H,014A5H,0C63H,0421H,07FEBH,07FA5H,07B41H,06EC0H
TMS340 COFF Macro Assembler Version 6.10     Mon Oct 30 20:05:15 2023
 Copyright (c) 1985-1991  Texas Instruments Incorporated 

                                                                     PAGE   12

     501 00008710     6260          .word   06260H,05F8FH,0536BH,04748H,03705H,02AE3H,01EC0H,01A80H
     502 00008790     1640          .word   01640H,01600H,011C1H,01181H,0D41H,0D01H,07EF9H,07E55H
     503 00008810     7dd1          .word   07DD1H,07CC8H,07400H,06C00H,06400H,05C00H,05400H,04C00H
     504 00008890     4400          .word   04400H,03800H,03000H,02021H,07FF6H,07FEEH,07FC7H,07FA0H
     505 00008910     7740          .word   07740H,06EE0H,066A0H,05E60H,05600H,04DC0H,04580H,03D40H
     506 00008990     3520          .word   03520H,0626EH,05A0EH,045A9H,04566H,03926H,01C83H,01841H
     507                    
     508                    
     509 00008a10            SUBR   HRTORG_P
1                                   .def    HRTORG_P
1        00008a10                   .even
1        00008a10           HRTORG_P
     510 00008a10     0040          .word    64
     511 00008a20     0000          .word   00H,07F9AH,07B16H,07EF3H,076B2H,06E90H,06E6FH,06670H
     512 00008aa0     6a4e          .word   06A4EH,0624EH,0662DH,05E2EH,0660BH,05E0CH,05DEBH,055EDH
     513 00008b20     51ca          .word   051CAH,05586H,04DAAH,04988H,04967H,04126H,03D25H,03904H
     514 00008ba0     34e4          .word   034E4H,030A2H,02CA3H,02482H,02441H,01863H,01021H,0800H
     515 00008c20     7fff          .word   07FFFH,077BDH,06F7BH,06739H,05EF7H,056B5H,04E73H,04631H
     516 00008ca0     3def          .word   03DEFH,035ADH,02D6BH,02529H,01CE7H,014A5H,0C63H,0421H
     517 00008d20     7f98          .word   07F98H,07F33H,07EEFH,07EABH,07A67H,07A03H,079C0H,071A0H
     518 00008da0     6980          .word   06980H,06560H,05D40H,05520H,04D00H,044E0H,03CC0H,038C0H
     519                    
     520                    
     521 00008e20            SUBR   HRTRED_P
1                                   .def    HRTRED_P
1        00008e20                   .even
1        00008e20           HRTRED_P
     522 00008e20     0040          .word    64
     523 00008e30     0000          .word   00H,07F9AH,07B16H,07EF3H,076B2H,06E90H,06E6FH,06670H
     524 00008eb0     6a4e          .word   06A4EH,0624EH,0662DH,05E2EH,0660BH,05E0CH,05DEBH,055EDH
     525 00008f30     51ca          .word   051CAH,05586H,04DAAH,04988H,04967H,04126H,03D25H,03904H
     526 00008fb0     34e4          .word   034E4H,030A2H,02CA3H,02482H,02441H,01863H,01021H,0800H
     527 00009030     7fff          .word   07FFFH,077BDH,06F7BH,06739H,05EF7H,056B5H,04E73H,04631H
     528 000090b0     3def          .word   03DEFH,035ADH,02D6BH,02529H,01CE7H,014A5H,0C63H,0421H
     529 00009130     7b9c          .word   07B9CH,07AF7H,07A52H,079CEH,0794AH,078A5H,07842H,06800H
     530 000091b0     6000          .word   06000H,05800H,05000H,04800H,04000H,03800H,03000H,02800H
     531                    
     532 00009230            SUBR   HRTGRY_P
1                                   .def    HRTGRY_P
1        00009230                   .even
1        00009230           HRTGRY_P
     533 00009230     0040          .word    64
     534 00009240     0000          .word   00H,07F9AH,07B16H,07EF3H,076B2H,06E90H,06E6FH,06670H
     535 000092c0     6a4e          .word   06A4EH,0624EH,0662DH,05E2EH,0660BH,05E0CH,05DEBH,055EDH
     536 00009340     51ca          .word   051CAH,05586H,04DAAH,04988H,04967H,04126H,03D25H,03904H
     537 000093c0     34e4          .word   034E4H,030A2H,02CA3H,02482H,02441H,01863H,01021H,0800H
     538 00009440     7fff          .word   07FFFH,077BDH,06F7BH,06739H,05EF7H,056B5H,04E73H,04631H
     539 000094c0     3def          .word   03DEFH,035ADH,02D6BH,02529H,01CE7H,014A5H,0C63H,0421H
     540 00009540     6f7b          .word   06F7BH,06739H,06318H,05AD6H,05294H,04E73H,04631H,03DEFH
     541 000095c0     35ad          .word   035ADH,0318CH,0294AH,02108H,01CE7H,014A5H,0C63H,0842H
     542                    
     543 00009640            SUBR   HRTYEL_P
1                                   .def    HRTYEL_P
1        00009640                   .even
1        00009640           HRTYEL_P
TMS340 COFF Macro Assembler Version 6.10     Mon Oct 30 20:05:15 2023
 Copyright (c) 1985-1991  Texas Instruments Incorporated 

                                                                     PAGE   13

     544 00009640     0040          .word    64
     545 00009650     0000          .word   00H,07F9AH,07B16H,07EF3H,076B2H,06E90H,06E6FH,06670H
     546 000096d0     6a4e          .word   06A4EH,0624EH,0662DH,05E2EH,0660BH,05E0CH,05DEBH,055EDH
     547 00009750     51ca          .word   051CAH,05586H,04DAAH,04988H,04967H,04126H,03D25H,03904H
     548 000097d0     34e4          .word   034E4H,030A2H,02CA3H,02482H,02441H,01863H,01021H,0800H
     549 00009850     7fff          .word   07FFFH,077BDH,06F7BH,06739H,05EF7H,056B5H,04E73H,04631H
     550 000098d0     3def          .word   03DEFH,035ADH,02D6BH,02529H,01CE7H,014A5H,0C63H,0421H
     551 00009950     6f58          .word   06F58H,06F54H,06F2FH,06F0BH,06EE6H,06EC2H,06EA0H,06A60H
     552 000099d0     6220          .word   06220H,059E0H,055A0H,04D60H,04940H,04100H,03CC0H,034A0H
     553                    
     554 00009a50            SUBR   LEXGRN_P
1                                   .def    LEXGRN_P
1        00009a50                   .even
1        00009a50           LEXGRN_P
     555 00009a50     0040          .word    64
     556 00009a60     0000          .word   00H,07FDDH,07FBCH,07F55H,07AF4H,07AB2H,07AB0H,07A6EH
     557 00009ae0     6e4d          .word   06E4DH,0722CH,06A2DH,0660DH,05E0DH,061EBH,05DC9H,059A9H
     558 00009b60     5189          .word   05189H,05167H,04546H,04103H,03D04H,03505H,02CC3H,02C81H
     559 00009be0     2440          .word   02440H,01800H,0400H,03F6FH,02709H,0EA3H,0240H,01E0H
     560 00009c60     0180          .word   0180H,0140H,06D8CH,06D07H,06863H,04C42H,03863H,03800H
     561 00009ce0     2800          .word   02800H,07BDEH,0739CH,06739H,056B5H,04631H,02529H,014A5H
     562 00009d60     0c63          .word   0C63H,07BFEH,067F9H,053D4H,03F8FH,02F4BH,02328H,016E5H
     563 00009de0     0ea3          .word   0EA3H,0E63H,0E23H,0DE3H,0DA3H,0D63H,0D23H,0D03H
     564                    
     565 00009e60            SUBR   LEXPNK_P
1                                   .def    LEXPNK_P
1        00009e60                   .even
1        00009e60           LEXPNK_P
     566 00009e60     0040          .word    64
     567 00009e70     0000          .word   00H,07FDDH,07FBCH,07F55H,07AF4H,07AB2H,07AB0H,07A6EH
     568 00009ef0     6e4d          .word   06E4DH,0722CH,06A2DH,0660DH,05E0DH,061EBH,05DC9H,059A9H
     569 00009f70     5189          .word   05189H,05167H,04546H,04103H,03D04H,03505H,02CC3H,02C81H
     570 00009ff0     2440          .word   02440H,01800H,0400H,07F9EH,07E5AH,07D37H,07C34H,06830H
     571 0000a070     502c          .word   0502CH,03828H,06D8CH,06D07H,06863H,04C42H,03863H,03800H
     572 0000a0f0     2800          .word   02800H,07BDEH,0739CH,06739H,056B5H,04631H,02529H,014A5H
     573 0000a170     0c63          .word   0C63H,07FFFH,07F9EH,07F3DH,07EDCH,07E7BH,07E19H,07DB8H
     574 0000a1f0     7d57          .word   07D57H,07CF5H,07C94H,07C52H,0684FH,0544CH,03C48H,02845H
     575                    
     576 0000a270            SUBR   LEXORG_P
1                                   .def    LEXORG_P
1        0000a270                   .even
1        0000a270           LEXORG_P
     577 0000a270     0040          .word    64
     578 0000a280     0000          .word   00H,07FDDH,07FBCH,07F55H,07AF4H,07AB2H,07AB0H,07A6EH
     579 0000a300     6e4d          .word   06E4DH,0722CH,06A2DH,0660DH,05E0DH,061EBH,05DC9H,059A9H
     580 0000a380     5189          .word   05189H,05167H,04546H,04103H,03D04H,03505H,02CC3H,02C81H
     581 0000a400     2440          .word   02440H,01800H,0400H,07FB9H,07F10H,07E68H,07E00H,06D80H
     582 0000a480     5520          .word   05520H,03CC0H,06D8CH,06D07H,06863H,04C42H,03863H,03800H
     583 0000a500     2800          .word   02800H,07BDEH,0739CH,06739H,056B5H,04631H,02529H,014A5H
     584 0000a580     0c63          .word   0C63H,07FFFH,07FDBH,07F98H,07F54H,07F30H,07EECH,07EA9H
     585 0000a600     7e65          .word   07E65H,07E22H,075E2H,069A2H,05962H,04D42H,03D02H,030C2H
     586                    
     587 0000a680            SUBR   LEXGRY_P
1                                   .def    LEXGRY_P
1        0000a680                   .even
TMS340 COFF Macro Assembler Version 6.10     Mon Oct 30 20:05:15 2023
 Copyright (c) 1985-1991  Texas Instruments Incorporated 

                                                                     PAGE   14

1        0000a680           LEXGRY_P
     588 0000a680     0040          .word    64
     589 0000a690     0000          .word   00H,07FDDH,07FBCH,07F55H,07AF4H,07AB2H,07AB0H,07A6EH
     590 0000a710     6e4d          .word   06E4DH,0722CH,06A2DH,0660DH,05E0DH,061EBH,05DC9H,059A9H
     591 0000a790     5189          .word   05189H,05167H,04546H,04103H,03D04H,03505H,02CC3H,02C81H
     592 0000a810     2440          .word   02440H,01800H,0400H,0739CH,06318H,05294H,04210H,0318CH
     593 0000a890     2108          .word   02108H,014A5H,06D8CH,06D07H,06863H,04C42H,03863H,03800H
     594 0000a910     2800          .word   02800H,07BDEH,0739CH,06739H,056B5H,04631H,02529H,014A5H
     595 0000a990     0c63          .word   0C63H,07FFFH,077BDH,06F7BH,06739H,05EF7H,05AD6H,05294H
     596 0000aa10     4a52          .word   04A52H,04210H,039CEH,0318CH,0294AH,02108H,018C6H,014A5H
     597                    
     598                    
     599 0000aa90            SUBR   RZRPNK_P
1                                   .def    RZRPNK_P
1        0000aa90                   .even
1        0000aa90           RZRPNK_P
     600 0000aa90     0040          .word    64
     601 0000aaa0     0000          .word   00H,07FDEH,04A50H,041EDH,035CDH,02D8CH,01D07H,018E6H
     602 0000ab20     14c5          .word   014C5H,010A4H,0C83H,0862H,0821H,00H,07FFEH,07FDAH
     603 0000aba0     7f98          .word   07F98H,07F55H,07F54H,07F35H,07F12H,07EF3H,07ED0H,07ED1H
     604 0000ac20     7ad2          .word   07AD2H,07EAFH,07E8EH,07290H,0766EH,0724EH,06A4EH,06E2DH
     605 0000aca0     620c          .word   0620CH,065EAH,05DEBH,05DCAH,059CAH,055A8H,05188H,04D67H
     606 0000ad20     4125          .word   04125H,04502H,038E3H,03461H,02061H,01C20H,01000H,07FE8H
     607 0000ada0     7fa0          .word   07FA0H,07EE0H,065E0H,03D80H,07E19H,07DB8H,07D77H,07915H
     608 0000ae20     74b3          .word   074B3H,06871H,0604FH,0542DH,04C2BH,04409H,03808H,03006H
     609                    
     610 0000aea0            SUBR   RZRORG_P
1                                   .def    RZRORG_P
1        0000aea0                   .even
1        0000aea0           RZRORG_P
     611 0000aea0     0040          .word    64
     612 0000aeb0     0000          .word   00H,07FDEH,04A50H,041EDH,035CDH,02D8CH,01D07H,018E6H
     613 0000af30     14c5          .word   014C5H,010A4H,0C83H,0862H,0821H,00H,07FFEH,07FDAH
     614 0000afb0     7f98          .word   07F98H,07F55H,07F54H,07F35H,07F12H,07EF3H,07ED0H,07ED1H
     615 0000b030     7ad2          .word   07AD2H,07EAFH,07E8EH,07290H,0766EH,0724EH,06A4EH,06E2DH
     616 0000b0b0     620c          .word   0620CH,065EAH,05DEBH,05DCAH,059CAH,055A8H,05188H,04D67H
     617 0000b130     4125          .word   04125H,04502H,038E3H,03461H,02061H,01C20H,01000H,07FE8H
     618 0000b1b0     7fa0          .word   07FA0H,07EE0H,065E0H,03D80H,07E44H,07DE0H,07DA0H,07980H
     619 0000b230     6d40          .word   06D40H,06120H,054E0H,04CC0H,040A0H,03480H,02C60H,02040H
     620                    
     621 0000b2b0            SUBR   RZRGRY_P
1                                   .def    RZRGRY_P
1        0000b2b0                   .even
1        0000b2b0           RZRGRY_P
     622 0000b2b0     0040          .word    64
     623 0000b2c0     0000          .word   00H,07FDEH,04A50H,041EDH,035CDH,02D8CH,01D07H,018E6H
     624 0000b340     14c5          .word   014C5H,010A4H,0C83H,0862H,0821H,00H,07FFEH,07FDAH
     625 0000b3c0     7f98          .word   07F98H,07F55H,07F54H,07F35H,07F12H,07EF3H,07ED0H,07ED1H
     626 0000b440     7ad2          .word   07AD2H,07EAFH,07E8EH,07290H,0766EH,0724EH,06A4EH,06E2DH
     627 0000b4c0     620c          .word   0620CH,065EAH,05DEBH,05DCAH,059CAH,055A8H,05188H,04D67H
     628 0000b540     4125          .word   04125H,04502H,038E3H,03461H,02061H,01C20H,01000H,07FE8H
     629 0000b5c0     7fa0          .word   07FA0H,07EE0H,065E0H,03D80H,05AD6H,04A52H,03DEFH,02D6BH
     630 0000b640     1ce7          .word   01CE7H,018C6H,014A5H,01084H,0C63H,0842H,0421H,0421H
     631                    
     632 0000b6c0            SUBR   RZRYEL_P
TMS340 COFF Macro Assembler Version 6.10     Mon Oct 30 20:05:15 2023
 Copyright (c) 1985-1991  Texas Instruments Incorporated 

                                                                     PAGE   15

1                                   .def    RZRYEL_P
1        0000b6c0                   .even
1        0000b6c0           RZRYEL_P
     633 0000b6c0     0040          .word    64
     634 0000b6d0     0000          .word   00H,07FDEH,04A50H,041EDH,035CDH,02D8CH,01D07H,018E6H
     635 0000b750     14c5          .word   014C5H,010A4H,0C83H,0862H,0821H,00H,07FFEH,07FDAH
     636 0000b7d0     7f98          .word   07F98H,07F55H,07F54H,07F35H,07F12H,07EF3H,07ED0H,07ED1H
     637 0000b850     7ad2          .word   07AD2H,07EAFH,07E8EH,07290H,0766EH,0724EH,06A4EH,06E2DH
     638 0000b8d0     620c          .word   0620CH,065EAH,05DEBH,05DCAH,059CAH,055A8H,05188H,04D67H
     639 0000b950     4125          .word   04125H,04502H,038E3H,03461H,02061H,01C20H,01000H,07FE8H
     640 0000b9d0     7fa0          .word   07FA0H,07EE0H,065E0H,03D80H,07BA0H,07720H,076C0H,07260H
     641 0000ba50     7200          .word   07200H,06DC0H,06180H,05940H,04D00H,040E0H,038A0H,02C80H
     642                    
     643 0000bad0            SUBR   SHNPNK_P
1                                   .def    SHNPNK_P
1        0000bad0                   .even
1        0000bad0           SHNPNK_P
     644 0000bad0     0040          .word    64
     645 0000bae0     0000          .word   00H,07FDDH,07F98H,07F58H,07F34H,07AD1H,07AB0H,0768FH
     646 0000bb60     6e90          .word   06E90H,06E6EH,06E4DH,0622CH,05E0CH,059EAH,05DC9H,055CAH
     647 0000bbe0     51a8          .word   051A8H,04D89H,04D87H,04567H,04925H,04124H,03925H,03D03H
     648 0000bc60     38e2          .word   038E2H,038C1H,030E4H,030C3H,03480H,02460H,02420H,01C40H
     649 0000bce0     1400          .word   01400H,0400H,07F5DH,07E9BH,07DFAH,07D58H,07C97H,07C16H
     650 0000bd60     7414          .word   07414H,06812H,06010H,0580FH,04C0DH,0440BH,0380AH,03008H
     651 0000bde0     7fff          .word   07FFFH,0739CH,06B5AH,06318H,05AD6H,05294H,04631H,03DEFH
     652 0000be60     35ad          .word   035ADH,02D6BH,02529H,01CE7H,014A5H,0C63H,0421H,00H
     653                    
     654 0000bee0            SUBR   SHNORG_P
1                                   .def    SHNORG_P
1        0000bee0                   .even
1        0000bee0           SHNORG_P
     655 0000bee0     0040          .word    64
     656 0000bef0     0000          .word   00H,07FDDH,07F98H,07F58H,07F34H,07AD1H,07AB0H,0768FH
     657 0000bf70     6e90          .word   06E90H,06E6EH,06E4DH,0622CH,05E0CH,059EAH,05DC9H,055CAH
     658 0000bff0     51a8          .word   051A8H,04D89H,04D87H,04567H,04925H,04124H,03925H,03D03H
     659 0000c070     38e2          .word   038E2H,038C1H,030E4H,030C3H,03480H,02460H,02420H,01C40H
     660 0000c0f0     1400          .word   01400H,0400H,07EA8H,07E86H,07E64H,07E43H,07E01H,07DE0H
     661 0000c170     75c0          .word   075C0H,069A0H,06180H,05940H,04D20H,04500H,038E0H,030C0H
     662 0000c1f0     7fff          .word   07FFFH,0739CH,06B5AH,06318H,05AD6H,05294H,04631H,03DEFH
     663 0000c270     35ad          .word   035ADH,02D6BH,02529H,01CE7H,014A5H,0C63H,0421H,00H
     664                    
     665 0000c2f0            SUBR   SHNGRY_P
1                                   .def    SHNGRY_P
1        0000c2f0                   .even
1        0000c2f0           SHNGRY_P
     666 0000c2f0     0040          .word    64
     667 0000c300     0000          .word   00H,07FDDH,07F98H,07F58H,07F34H,07AD1H,07AB0H,0768FH
     668 0000c380     6e90          .word   06E90H,06E6EH,06E4DH,0622CH,05E0CH,059EAH,05DC9H,055CAH
     669 0000c400     51a8          .word   051A8H,04D89H,04D87H,04567H,04925H,04124H,03925H,03D03H
     670 0000c480     38e2          .word   038E2H,038C1H,030E4H,030C3H,03480H,02460H,02420H,01C40H
     671 0000c500     1400          .word   01400H,0400H,06318H,05AD6H,05294H,04A52H,04210H,039CEH
     672 0000c580     35ad          .word   035ADH,02D6BH,02529H,01CE7H,014A5H,0C63H,0421H,00H
     673 0000c600     7fff          .word   07FFFH,0739CH,06B5AH,06318H,05AD6H,05294H,04631H,03DEFH
     674 0000c680     35ad          .word   035ADH,02D6BH,02529H,01CE7H,014A5H,0C63H,0421H,00H
     675                    
TMS340 COFF Macro Assembler Version 6.10     Mon Oct 30 20:05:15 2023
 Copyright (c) 1985-1991  Texas Instruments Incorporated 

                                                                     PAGE   16

     676 0000c700            SUBR   SHNYEL_P
1                                   .def    SHNYEL_P
1        0000c700                   .even
1        0000c700           SHNYEL_P
     677 0000c700     0040          .word    64
     678 0000c710     0000          .word   00H,07FDDH,07F98H,07F58H,07F34H,07AD1H,07AB0H,0768FH
     679 0000c790     6e90          .word   06E90H,06E6EH,06E4DH,0622CH,05E0CH,059EAH,05DC9H,055CAH
     680 0000c810     51a8          .word   051A8H,04D89H,04D87H,04567H,04925H,04124H,03925H,03D03H
     681 0000c890     38e2          .word   038E2H,038C1H,030E4H,030C3H,03480H,02460H,02420H,01C40H
     682 0000c910     1400          .word   01400H,0400H,07FD8H,07FB3H,07F8EH,07F89H,07F84H,07F80H
     683 0000c990     7300          .word   07300H,06AA0H,05E20H,055E0H,04980H,03D20H,034E0H,028A0H
     684 0000ca10     7fff          .word   07FFFH,0739CH,06B5AH,06318H,05AD6H,05294H,04631H,03DEFH
     685 0000ca90     35ad          .word   035ADH,02D6BH,02529H,01CE7H,014A5H,0C63H,0421H,00H
     686                    
     687                    
     688 0000cb10            SUBR   UNDPNK_P
1                                   .def    UNDPNK_P
1        0000cb10                   .even
1        0000cb10           UNDPNK_P
     689 0000cb10     0040          .word    64
     690 0000cb20     0000          .word   00H,07BBBH,07B77H,076F3H,06EB0H,0666FH,05E2DH,051EBH
     691 0000cba0     49cb          .word   049CBH,045A9H,04167H,03947H,03D25H,03D03H,03105H,030E3H
     692 0000cc20     28c3          .word   028C3H,02C80H,02081H,01861H,01840H,01420H,0C00H,07FFFH
     693 0000cca0     6b39          .word   06B39H,06717H,062F6H,05AD5H,05272H,04A51H,0420FH,03DEEH
     694 0000cd20     39cd          .word   039CDH,035ACH,0318BH,0316AH,02949H,02107H,01CE6H,014C5H
     695 0000cda0     14a4          .word   014A4H,0C83H,0862H,0841H,0441H,0420H,07E9DH,07E3CH
     696 0000ce20     7dfb          .word   07DFBH,07D9AH,07D5AH,07D19H,07CB8H,07C95H,07493H,05C0DH
     697 0000cea0     540c          .word   0540CH,04C0AH,04409H,03C08H,03406H,02C05H,02404H,01C03H
     698                    
     699 0000cf20            SUBR   UNDORG_P
1                                   .def    UNDORG_P
1        0000cf20                   .even
1        0000cf20           UNDORG_P
     700 0000cf20     0040          .word    64
     701 0000cf30     0000          .word   00H,07BBBH,07B77H,076F3H,06EB0H,0666FH,05E2DH,051EBH
     702 0000cfb0     49cb          .word   049CBH,045A9H,04167H,03947H,03D25H,03D03H,03105H,030E3H
     703 0000d030     28c3          .word   028C3H,02C80H,02081H,01861H,01840H,01420H,0C00H,07FFFH
     704 0000d0b0     6b39          .word   06B39H,06717H,062F6H,05AD5H,05272H,04A51H,0420FH,03DEEH
     705 0000d130     39cd          .word   039CDH,035ACH,0318BH,0316AH,02949H,02107H,01CE6H,014C5H
     706 0000d1b0     14a4          .word   014A4H,0C83H,0862H,0841H,0441H,0420H,07E65H,07E44H
     707 0000d230     7e22          .word   07E22H,07E21H,07E00H,07DE0H,075C0H,06DA0H,06980H,05920H
     708 0000d2b0     5100          .word   05100H,048E0H,040C0H,038C0H,030A0H,02880H,02060H,01C40H
     709                    
     710 0000d330            SUBR   UNDYEL_P
1                                   .def    UNDYEL_P
1        0000d330                   .even
1        0000d330           UNDYEL_P
     711 0000d330     0040          .word    64
     712 0000d340     0000          .word   00H,07BBBH,07B77H,076F3H,06EB0H,0666FH,05E2DH,051EBH
     713 0000d3c0     49cb          .word   049CBH,045A9H,04167H,03947H,03D25H,03D03H,03105H,030E3H
     714 0000d440     28c3          .word   028C3H,02C80H,02081H,01861H,01840H,01420H,0C00H,07FFFH
     715 0000d4c0     6b39          .word   06B39H,06717H,062F6H,05AD5H,05272H,04A51H,0420FH,03DEEH
     716 0000d540     39cd          .word   039CDH,035ACH,0318BH,0316AH,02949H,02107H,01CE6H,014C5H
     717 0000d5c0     14a4          .word   014A4H,0C83H,0862H,0841H,0441H,0420H,07FEBH,07FC8H
     718 0000d640     7fa5          .word   07FA5H,07F82H,07F60H,07700H,06EC0H,06660H,05E20H,055C0H
TMS340 COFF Macro Assembler Version 6.10     Mon Oct 30 20:05:15 2023
 Copyright (c) 1985-1991  Texas Instruments Incorporated 

                                                                     PAGE   17

     719 0000d6c0     4d80          .word   04D80H,04540H,03D20H,034E0H,02CA0H,02480H,01C60H,01440H
     720                    
     721 0000d740            SUBR   UNDRED_P
1                                   .def    UNDRED_P
1        0000d740                   .even
1        0000d740           UNDRED_P
     722 0000d740     0040          .word   64 
     723 0000d750     318c          .word   0318ch,07bbbh,07b77h,076f3h,06eb0h,0666fh,05e2dh,051ebh
     724 0000d7d0     49cb          .word   049cbh,045a9h,04167h,03947h,03d25h,03d03h,03105h,030e3h
     725 0000d850     28c3          .word   028c3h,02c80h,02081h,01861h,01840h,01420h,00c00h,07bddh
     726 0000d8d0     6b39          .word   06b39h,06717h,062f6h,05ad5h,05272h,04a51h,0420fh,03deeh
     727 0000d950     39cd          .word   039cdh,035ach,0318bh,0316ah,02949h,02107h,01ce6h,014c5h
     728 0000d9d0     14a4          .word   014a4h,00c83h,00862h,00841h,00441h,00420h,07cc6h,07cc6h
     729 0000da50     7cc6          .word   07cc6h,078c6h,06ca5h,06084h,05863h,04c42h,04421h,03800h
     730 0000dad0     3000          .word   03000h,02c00h,02400h,02000h,01800h,01000h,00c00h,00400h
     731                    
     732 0000db50            SUBR   YOKPNK_P
1                                   .def    YOKPNK_P
1        0000db50                   .even
1        0000db50           YOKPNK_P
     733 0000db50     0040          .word    64
     734 0000db60     0000          .word   00H,07FFFH,0739CH,06B5AH,06318H,05AD6H,05294H,04A52H
     735 0000dbe0     4210          .word   04210H,039CEH,0318CH,0294AH,02108H,014A5H,0C63H,0421H
     736 0000dc60     0400          .word   0400H,07F9AH,07B14H,07EF1H,07ACFH,076B0H,0768EH,06E4BH
     737 0000dce0     6a4d          .word   06A4DH,0622CH,0660BH,05A0CH,059EAH,051A8H,05187H,04988H
     738 0000dd60     4966          .word   04966H,04124H,04102H,03904H,038E2H,030A1H,03480H,02881H
     739 0000dde0     2840          .word   02840H,02400H,01400H,07EDCH,07E7BH,07E1AH,07DBAH,07D5AH
     740 0000de60     7cfa          .word   07CFAH,078D8H,070B7H,06CB5H,06894H,06473H,05C71H,05850H
     741 0000dee0     544f          .word   0544FH,04C2DH,0482CH,0440BH,03C0AH,03809H,03408H,02C07H
     742                    
     743 0000df60            SUBR   YOKORG_P
1                                   .def    YOKORG_P
1        0000df60                   .even
1        0000df60           YOKORG_P
     744 0000df60     0040          .word    64
     745 0000df70     0000          .word   00H,07FFFH,0739CH,06B5AH,06318H,05AD6H,05294H,04A52H
     746 0000dff0     4210          .word   04210H,039CEH,0318CH,0294AH,02108H,014A5H,0C63H,0421H
     747 0000e070     0400          .word   0400H,07F9AH,07B14H,07EF1H,07ACFH,076B0H,0768EH,06E4BH
     748 0000e0f0     6a4d          .word   06A4DH,0622CH,0660BH,05A0CH,059EAH,051A8H,05187H,04988H
     749 0000e170     4966          .word   04966H,04124H,04102H,03904H,038E2H,030A1H,03480H,02881H
     750 0000e1f0     2840          .word   02840H,02400H,01400H,07F10H,07ECDH,07E89H,07E46H,07E22H
     751 0000e270     7de0          .word   07DE0H,079C0H,071A0H,06D80H,06560H,06140H,05920H,05500H
     752 0000e2f0     4d00          .word   04D00H,048E0H,040C0H,044C0H,03CC0H,038A0H,03480H,02C80H
     753                    
     754 0000e370            SUBR   YOKGRY_P
1                                   .def    YOKGRY_P
1        0000e370                   .even
1        0000e370           YOKGRY_P
     755 0000e370     0040          .word    64
     756 0000e380     0000          .word   00H,07FFFH,0739CH,06B5AH,06318H,05AD6H,05294H,04A52H
     757 0000e400     4210          .word   04210H,039CEH,0318CH,0294AH,02108H,014A5H,0C63H,0421H
     758 0000e480     0400          .word   0400H,07F9AH,07B14H,07EF1H,07ACFH,076B0H,0768EH,06E4BH
     759 0000e500     6a4d          .word   06A4DH,0622CH,0660BH,05A0CH,059EAH,051A8H,05187H,04988H
     760 0000e580     4966          .word   04966H,04124H,04102H,03904H,038E2H,030A1H,03480H,02881H
     761 0000e600     2840          .word   02840H,02400H,01400H,05AD6H,05294H,04E73H,04A52H,04210H
TMS340 COFF Macro Assembler Version 6.10     Mon Oct 30 20:05:15 2023
 Copyright (c) 1985-1991  Texas Instruments Incorporated 

                                                                     PAGE   18

     762 0000e680     3def          .word   03DEFH,039CEH,0318CH,02D6BH,0294AH,02108H,01CE7H,018C6H
     763 0000e700     14a5          .word   014A5H,0C63H,01084H,0C63H,0421H,00H,00H,00H
     764                    
     765 0000e780            SUBR   YOKYEL_P
1                                   .def    YOKYEL_P
1        0000e780                   .even
1        0000e780           YOKYEL_P
     766 0000e780     0040          .word    64
     767 0000e790     0000          .word   00H,07FFFH,0739CH,06B5AH,06318H,05AD6H,05294H,04A52H
     768 0000e810     4210          .word   04210H,039CEH,0318CH,0294AH,02108H,014A5H,0C63H,0421H
     769 0000e890     0400          .word   0400H,07F9AH,07B14H,07EF1H,07ACFH,076B0H,0768EH,06E4BH
     770 0000e910     6a4d          .word   06A4DH,0622CH,0660BH,05A0CH,059EAH,051A8H,05187H,04988H
     771 0000e990     4966          .word   04966H,04124H,04102H,03904H,038E2H,030A1H,03480H,02881H
     772 0000ea10     2840          .word   02840H,02400H,01400H,07B8FH,07B6CH,07B48H,07B45H,07B21H
     773 0000ea90     7b20          .word   07B20H,076E0H,06EA0H,06A60H,06640H,05E00H,059C0H,051A0H
     774 0000eb10     4d60          .word   04D60H,04940H,04100H,04500H,040E0H,038C0H,034A0H,02C80H
     775                    
     776                            .ENDIF
     777                    ******************************************************************************
     778                    
     779                            .end

 No Errors,  No Warnings
