TMS340 COFF Macro Assembler Version 6.10     Mon Oct 30 20:09:31 2023
 Copyright (c) 1985-1991  Texas Instruments Incorporated 

                                                                     PAGE    1

       1                            .FILE "yokoimg.asm"
       2                            .OPTION B,D,L,T
       3                    
       4                            .include imgtbl.glo
       5 00000000                   .DATA
       6 00000000                   .even
       7                    
       8                            .include yokoimg.tbl
       9                            .include yokoimg.h
      10                            .include yoko.glo
      11                    
      12                    ******************************************************************************
      13                    
      14 00000000                   .even
      15                            .include "yoko.seq"
      16                    
      17                    ******************************************************************************
      18                    
      19                            .end

 No Errors,  No Warnings
