TMS340 COFF Macro Assembler Version 6.10     Mon Oct 30 16:56:21 2023
 Copyright (c) 1985-1991  Texas Instruments Incorporated 

                                                                     PAGE    1

       1                    
       2                            .file   "yokseq1.asm"
       4                            .width  132
       5                            .option b,d,l,t
       6                            .mnolist
       7                    
       8                    
       9                            .include        "macros.h"
      10                            .include        "mproc.equ"             ;Mproc equates
      11                            .include        "sys.equ"
      12                            .include        "game.equ"
      13                            .include        "plyr.equ"
      14                            .include        "anim.equ"
      15                            .include        "sound.h"
      16                    
      17                            .include        "doinkimg.h"            ;temp!!!
      18                            .include        "yokoimg.h"
      19                    
      20                    
      21                    
      22                            .ref    SMALL_RUN
      23                            .REF    MAYBE_BOUNCE_ROPE
      24                    
      25                    
      26                    
      27                    
      28 00000000            SUBR   yok_zip_anim
      29 00000000                   WL      60*60,Y2ST2Z+FR1
      30 00000030     0000          .word   0       ;<--??????
      31 00000040     8049          .word   ANI_END
      32                    
      33                    
      34 00000050            SUBR   yok_stand2_anim
      35 00000050            SUBR   yok_stand8_anim
      36 00000050     8002          .word   ANI_SETMODE,MODE_NORMAL
      37 00000070     8026          .word   ANI_SETSPEED,100h
      38                    
      39 00000090                   WL      5,Y2ST2Z+FR4
      40 000000c0                   WL      5,Y2ST2Z+FR5
      41 000000f0                   WL      5,Y2ST2Z+FR6
      42 00000120                   WL      5,Y2ST2Z+FR6
      43 00000150                   WL      5,Y2ST2Z+FR5
      44 00000180                   WL      5,Y2ST2Z+FR4
      45 000001b0                   WL      5,Y2ST2Z+FR3
      46 000001e0                   WL      5,Y2ST2Z+FR2
      47 00000210                   WL      5,Y2ST2Z+FR2
      48 00000240                   WL      5,Y2ST2Z+FR3
      49                    
      50 00000270     8001          .word   ANI_REPEAT
      51                    
      52                    
      53 00000280            SUBR   yok_stand4_anim
      54 00000280            SUBR   yok_stand6_anim
      55 00000280     8002          .word   ANI_SETMODE,MODE_NORMAL
      56 000002a0     8026          .word   ANI_SETSPEED,100h
TMS340 COFF Macro Assembler Version 6.10     Mon Oct 30 16:56:21 2023
 Copyright (c) 1985-1991  Texas Instruments Incorporated 

Yokozuna animation sequences                                         PAGE    2

      57                    
      58 000002c0                   WL      5,Y4ST4Y+FR4
      59 000002f0                   WL      5,Y4ST4Y+FR5
      60 00000320                   WL      5,Y4ST4Y+FR6
      61 00000350                   WL      5,Y4ST4Y+FR6
      62 00000380                   WL      5,Y4ST4Y+FR5
      63 000003b0                   WL      5,Y4ST4Y+FR4
      64 000003e0                   WL      5,Y4ST4Y+FR3
      65 00000410                   WL      5,Y4ST4Y+FR2
      66 00000440                   WL      5,Y4ST4Y+FR2
      67 00000470                   WL      5,Y4ST4Y+FR3
      68                    
      69 000004a0     8001          .word   ANI_REPEAT
      70                    
      71                    
      72                    
      73 000004b0            SUBR   yok_torso2_anim
      74 000004b0            SUBR   yok_torso8_anim
      75                    
      76 000004b0                   WL      4,Y2TW2X+FR1
      77 000004e0                   WL      4,Y2TW2X+FR2
      78 00000510                   WL      4,Y2TW2X+FR3
      79 00000540                   WL      4,Y2TW2X+FR4
      80 00000570                   WL      4,Y2TW2X+FR3
      81 000005a0                   WL      4,Y2TW2X+FR2
      82 000005d0     8001          .word   ANI_REPEAT
      83                    
      84                    
      85 000005e0            SUBR   yok_torso4_anim
      86 000005e0            SUBR   yok_torso6_anim
      87                    
      88 000005e0                   WL      4,Y4TW4X+FR1
      89 00000610                   WL      4,Y4TW4X+FR2
      90 00000640                   WL      4,Y4TW4X+FR3
      91 00000670                   WL      4,Y4TW4X+FR4
      92 000006a0                   WL      4,Y4TW4X+FR3
      93 000006d0                   WL      4,Y4TW4X+FR2
      94 00000700     8001          .word   ANI_REPEAT
      95                    
      96                    
      97 00000710            SUBR   yok_holdoh_anim
      98 00000710                   WL      999,Y4PO4Z+FR1
      99 00000740     8001          .word   ANI_REPEAT
     100                    
     101 00000750            SUBR   yok_stndholdoh_anim
     102                    
     103 00000750     8002          .word   ANI_SETMODE,MODE_NOAUTOFLIP
     104 00000770     8003          .word   ANI_ZEROVELS
     105 00000780     8026          .word   ANI_SETSPEED,100h
     106                    
     107 000007a0                   WL      999,Y4PO4X+FR8
     108 000007d0     8001          .word   ANI_REPEAT
     109                    
     110                    
     111 000007e0            SUBR   yok_walk1_f2_anim
TMS340 COFF Macro Assembler Version 6.10     Mon Oct 30 16:56:21 2023
 Copyright (c) 1985-1991  Texas Instruments Incorporated 

Yokozuna animation sequences                                         PAGE    3

     112 000007e0                   WL      3,Y2WL1A+FR1
     113 00000810                   WL      3,Y2WL1A+FR3
     114 00000840                   WL      3,Y2WL1A+FR5
     115 00000870                   WL      3,Y2WL1A+FR7
     116 000008a0                   WL      3,Y2WL1A+FR9
     117 000008d0                   WL      3,Y2WL1A+FR11
     118 00000900                   WL      3,Y2WL1A+FR13
     119 00000930                   WL      3,Y2WL1A+FR15
     120 00000960                   WL      3,Y2WL1A+FR17
     121 00000990                   WL      3,Y2WL1A+FR19
     122 000009c0                   WL      3,Y2WL1A+FR21
     123 000009f0     8001          .word   ANI_REPEAT
     124                    
     125 00000a00            SUBR   yok_walk2_f2_anim
     126 00000a00                   WL      3,Y2WL2Z+FR1
     127 00000a30                   WL      3,Y2WL2Z+FR3
     128 00000a60                   WL      3,Y2WL2Z+FR5
     129 00000a90                   WL      3,Y2WL2Z+FR7
     130 00000ac0                   WL      3,Y2WL2Z+FR9
     131 00000af0                   WL      3,Y2WL2Z+FR11
     132 00000b20                   WL      3,Y2WL2Z+FR13
     133 00000b50                   WL      3,Y2WL2Z+FR15
     134 00000b80                   WL      3,Y2WL2Z+FR17
     135 00000bb0                   WL      3,Y2WL2Z+FR19
     136 00000be0     8001          .word   ANI_REPEAT
     137                    
     138 00000bf0            SUBR   yok_walk4_f2_anim
     139 00000bf0                   WL      3,Y2WL8C+FR1
     140 00000c20                   WL      3,Y2WL8C+FR3
     141 00000c50                   WL      3,Y2WL8C+FR5
     142 00000c80                   WL      3,Y2WL8C+FR7
     143 00000cb0                   WL      3,Y2WL8C+FR9
     144 00000ce0                   WL      3,Y2WL8C+FR11
     145 00000d10                   WL      3,Y2WL8C+FR13
     146 00000d40                   WL      3,Y2WL8C+FR15
     147 00000d70                   WL      3,Y2WL8C+FR17
     148 00000da0                   WL      3,Y2WL8C+FR19
     149 00000dd0                   WL      3,Y2WL8C+FR21
     150 00000e00     8001          .word   ANI_REPEAT
     151                    
     152 00000e10            SUBR   yok_walk5_f2_anim
     153 00000e10                   WL      3,Y2WL1A+FR21
     154 00000e40                   WL      3,Y2WL1A+FR19
     155 00000e70                   WL      3,Y2WL1A+FR17
     156 00000ea0                   WL      3,Y2WL1A+FR15
     157 00000ed0                   WL      3,Y2WL1A+FR13
     158 00000f00                   WL      3,Y2WL1A+FR11
     159 00000f30                   WL      3,Y2WL1A+FR9
     160 00000f60                   WL      3,Y2WL1A+FR7
     161 00000f90                   WL      3,Y2WL1A+FR5
     162 00000fc0                   WL      3,Y2WL1A+FR3
     163 00000ff0                   WL      3,Y2WL1A+FR1
     164 00001020     8001          .word   ANI_REPEAT
     165                    
     166 00001030            SUBR   yok_walk6_f2_anim
TMS340 COFF Macro Assembler Version 6.10     Mon Oct 30 16:56:21 2023
 Copyright (c) 1985-1991  Texas Instruments Incorporated 

Yokozuna animation sequences                                         PAGE    4

     167 00001030                   WL      3,Y2WL2Z+FR19
     168 00001060                   WL      3,Y2WL2Z+FR17
     169 00001090                   WL      3,Y2WL2Z+FR15
     170 000010c0                   WL      3,Y2WL2Z+FR13
     171 000010f0                   WL      3,Y2WL2Z+FR11
     172 00001120                   WL      3,Y2WL2Z+FR9
     173 00001150                   WL      3,Y2WL2Z+FR7
     174 00001180                   WL      3,Y2WL2Z+FR5
     175 000011b0                   WL      3,Y2WL2Z+FR3
     176 000011e0                   WL      3,Y2WL2Z+FR1
     177 00001210     8001          .word   ANI_REPEAT
     178                    
     179                    
     180 00001220            SUBR   yok_walk8_f2_anim
     181 00001220                   WL      3,Y2WL8C+FR21
     182 00001250                   WL      3,Y2WL8C+FR19
     183 00001280                   WL      3,Y2WL8C+FR17
     184 000012b0                   WL      3,Y2WL8C+FR15
     185 000012e0                   WL      3,Y2WL8C+FR13
     186 00001310                   WL      3,Y2WL8C+FR11
     187 00001340                   WL      3,Y2WL8C+FR9
     188 00001370                   WL      3,Y2WL8C+FR7
     189 000013a0                   WL      3,Y2WL8C+FR5
     190 000013d0                   WL      3,Y2WL8C+FR3
     191 00001400                   WL      3,Y2WL8C+FR1
     192 00001430     8001          .word   ANI_REPEAT
     193                    
     194                    
     195                    
     196                    
     197 00001440            SUBR   yok_walk1_f4_anim
     198 00001440                   WL      3,Y4WL5A+FR23
     199 00001470                   WL      3,Y4WL5A+FR21
     200 000014a0                   WL      3,Y4WL5A+FR19
     201 000014d0                   WL      3,Y4WL5A+FR17
     202 00001500                   WL      3,Y4WL5A+FR15
     203 00001530                   WL      3,Y4WL5A+FR13
     204 00001560                   WL      3,Y4WL5A+FR11
     205 00001590                   WL      3,Y4WL5A+FR9
     206 000015c0                   WL      3,Y4WL5A+FR7
     207 000015f0                   WL      3,Y4WL5A+FR5
     208 00001620                   WL      3,Y4WL5A+FR3
     209 00001650                   WL      3,Y4WL5A+FR1
     210 00001680     8001          .word   ANI_REPEAT
     211                    
     212 00001690            SUBR   yok_walk2_f4_anim
     213 00001690                   WL      3,Y4WL2C+FR1
     214 000016c0                   WL      3,Y4WL2C+FR3
     215 000016f0                   WL      3,Y4WL2C+FR5
     216 00001720                   WL      3,Y4WL2C+FR7
     217 00001750                   WL      3,Y4WL2C+FR9
     218 00001780                   WL      3,Y4WL2C+FR11
     219 000017b0                   WL      3,Y4WL2C+FR13
     220 000017e0                   WL      3,Y4WL2C+FR15
     221 00001810                   WL      3,Y4WL2C+FR17
TMS340 COFF Macro Assembler Version 6.10     Mon Oct 30 16:56:21 2023
 Copyright (c) 1985-1991  Texas Instruments Incorporated 

Yokozuna animation sequences                                         PAGE    5

     222 00001840                   WL      3,Y4WL2C+FR19
     223 00001870     8001          .word   ANI_REPEAT
     224                    
     225 00001880            SUBR   yok_walk4_f4_anim
     226 00001880                   WL      3,Y4WL4B+FR1
     227 000018b0                   WL      3,Y4WL4B+FR3
     228 000018e0                   WL      3,Y4WL4B+FR5
     229 00001910                   WL      3,Y4WL4B+FR7
     230 00001940                   WL      3,Y4WL4B+FR9
     231 00001970                   WL      3,Y4WL4B+FR11
     232 000019a0                   WL      3,Y4WL4B+FR13
     233 000019d0                   WL      3,Y4WL4B+FR15
     234 00001a00                   WL      3,Y4WL4B+FR17
     235 00001a30                   WL      3,Y4WL4B+FR19
     236 00001a60                   WL      3,Y4WL4B+FR21
     237 00001a90                   WL      3,Y4WL4B+FR23
     238 00001ac0     8001          .word   ANI_REPEAT
     239                    
     240 00001ad0            SUBR   yok_walk5_f4_anim
     241 00001ad0                   WL      3,Y4WL5A+FR1
     242 00001b00                   WL      3,Y4WL5A+FR3
     243 00001b30                   WL      3,Y4WL5A+FR5
     244 00001b60                   WL      3,Y4WL5A+FR7
     245 00001b90                   WL      3,Y4WL5A+FR9
     246 00001bc0                   WL      3,Y4WL5A+FR11
     247 00001bf0                   WL      3,Y4WL5A+FR13
     248 00001c20                   WL      3,Y4WL5A+FR15
     249 00001c50                   WL      3,Y4WL5A+FR17
     250 00001c80                   WL      3,Y4WL5A+FR19
     251 00001cb0                   WL      3,Y4WL5A+FR21
     252 00001ce0                   WL      3,Y4WL5A+FR23
     253 00001d10     8001          .word   ANI_REPEAT
     254                    
     255 00001d20            SUBR   yok_walk6_f4_anim
     256 00001d20                   WL      3,Y4WL2C+FR19
     257 00001d50                   WL      3,Y4WL2C+FR17
     258 00001d80                   WL      3,Y4WL2C+FR15
     259 00001db0                   WL      3,Y4WL2C+FR13
     260 00001de0                   WL      3,Y4WL2C+FR11
     261 00001e10                   WL      3,Y4WL2C+FR9
     262 00001e40                   WL      3,Y4WL2C+FR7
     263 00001e70                   WL      3,Y4WL2C+FR5
     264 00001ea0                   WL      3,Y4WL2C+FR3
     265 00001ed0                   WL      3,Y4WL2C+FR1
     266 00001f00     8001          .word   ANI_REPEAT
     267                    
     268 00001f10            SUBR   yok_walk8_f4_anim
     269 00001f10                   WL      3,Y4WL4B+FR23
     270 00001f40                   WL      3,Y4WL4B+FR21
     271 00001f70                   WL      3,Y4WL4B+FR19
     272 00001fa0                   WL      3,Y4WL4B+FR17
     273 00001fd0                   WL      3,Y4WL4B+FR15
     274 00002000                   WL      3,Y4WL4B+FR13
     275 00002030                   WL      3,Y4WL4B+FR11
     276 00002060                   WL      3,Y4WL4B+FR9
TMS340 COFF Macro Assembler Version 6.10     Mon Oct 30 16:56:21 2023
 Copyright (c) 1985-1991  Texas Instruments Incorporated 

Yokozuna animation sequences                                         PAGE    6

     277 00002090                   WL      3,Y4WL4B+FR7
     278 000020c0                   WL      3,Y4WL4B+FR5
     279 000020f0                   WL      3,Y4WL4B+FR3
     280 00002120                   WL      3,Y4WL4B+FR1
     281 00002150     8001          .word   ANI_REPEAT
     282                    
     283                    
     284 00002160            SUBR   yok_2_to_4_turn_anim
     285 00002160            SUBR   yok_8_to_6_turn_anim
     286 00002160     8002          .word   ANI_SETMODE,MODE_INTURN|MODE_NOAUTOFLIP ;uninterruptable
     287 00002180     8026          .word   ANI_SETSPEED,100h
     288 000021a0                   WL      3,Y1TT5Z+FR2
     289 000021d0                   WL      3,Y1TT5Z+FR3
     290 00002200     8002          .word   ANI_SETMODE,MODE_NORMAL
     291 00002220     8049          .word   ANI_END
     292                    
     293 00002230            SUBR   yok_4_to_2_turn_anim
     294 00002230            SUBR   yok_6_to_8_turn_anim
     295 00002230     8002          .word   ANI_SETMODE,MODE_INTURN|MODE_NOAUTOFLIP ;uninterruptable
     296 00002250     8026          .word   ANI_SETSPEED,100h
     297 00002270                   WL      3,Y1TT5Z+FR3
     298 000022a0                   WL      3,Y1TT5Z+FR2
     299 000022d0     8002          .word   ANI_SETMODE,MODE_NORMAL
     300 000022f0     8049          .word   ANI_END
     301                    
     302 00002300            SUBR   yok_4_to_6_turn_anim
     303 00002300            SUBR   yok_6_to_4_turn_anim
     304 00002300     8002          .word   ANI_SETMODE,MODE_INTURN|MODE_NOAUTOFLIP ;uninterruptable
     305 00002320     8026          .word   ANI_SETSPEED,100h
     306 00002340                   WL      3,Y1TT5Z+FR4
     307 00002370     800c          .word   ANI_XFLIP
     308 00002380                   WL      3,Y1TT5Z+FR4
     309 000023b0     8002          .word   ANI_SETMODE,MODE_NORMAL
     310 000023d0     8049          .word   ANI_END
     311                    
     312 000023e0            SUBR   yok_2_to_8_turn_anim
     313 000023e0            SUBR   yok_8_to_2_turn_anim
     314 000023e0     8002          .word   ANI_SETMODE,MODE_INTURN|MODE_NOAUTOFLIP ;uninterruptable
     315 00002400     8026          .word   ANI_SETSPEED,100h
     316 00002420                   WL      3,Y1TT5Z+FR1
     317 00002450     800c          .word   ANI_XFLIP
     318 00002460                   WL      3,Y1TT5Z+FR1
     319 00002490     8002          .word   ANI_SETMODE,MODE_NORMAL
     320 000024b0     8049          .word   ANI_END
     321                    
     322 000024c0            SUBR   yok_4_to_8_turn_anim
     323 000024c0            SUBR   yok_6_to_2_turn_anim
     324 000024c0     8002          .word   ANI_SETMODE,MODE_INTURN|MODE_NOAUTOFLIP ;uninterruptable
     325 000024e0     8026          .word   ANI_SETSPEED,100h
     326 00002500                   WL      3,Y1TT5Z+FR3
     327 00002530                   WL      3,Y1TT5Z+FR2
     328 00002560                   WL      3,Y1TT5Z+FR1
     329 00002590     800c          .word   ANI_XFLIP
     330 000025a0                   WL      3,Y1TT5Z+FR1
     331 000025d0     8002          .word   ANI_SETMODE,MODE_NORMAL
TMS340 COFF Macro Assembler Version 6.10     Mon Oct 30 16:56:21 2023
 Copyright (c) 1985-1991  Texas Instruments Incorporated 

Yokozuna animation sequences                                         PAGE    7

     332 000025f0     8049          .word   ANI_END
     333                    
     334 00002600            SUBR   yok_2_to_6_turn_anim
     335 00002600            SUBR   yok_8_to_4_turn_anim
     336 00002600     8002          .word   ANI_SETMODE,MODE_INTURN|MODE_NOAUTOFLIP ;uninterruptable
     337 00002620     8026          .word   ANI_SETSPEED,100h
     338 00002640                   WL      3,Y1TT5Z+FR2
     339 00002670                   WL      3,Y1TT5Z+FR3
     340 000026a0                   WL      3,Y1TT5Z+FR4
     341 000026d0     800c          .word   ANI_XFLIP
     342 000026e0                   WL      3,Y1TT5Z+FR4
     343 00002710     8002          .word   ANI_SETMODE,MODE_NORMAL
     344 00002730     8049          .word   ANI_END
     345                    
     346                    
     347                    
     348 00002740            SUBR   yok_2_to_4_turn2_anim
     349 00002740            SUBR   yok_8_to_6_turn2_anim
     350 00002740     8002          .word   ANI_SETMODE,MODE_INTURN|MODE_NOAUTOFLIP ;uninterruptable
     351 00002760     8026          .word   ANI_SETSPEED,100h
     352 00002780                   WL      3,Y1TR5Z+FR4
     353 000027b0     801b          .word   ANI_SETFACING
     354 000027c0                   WL      3,Y1TR5Z+FR5
     355 000027f0                   WL      3,Y1TR5Z+FR6
     356 00002820     8002          .word   ANI_SETMODE,MODE_NORMAL
     357 00002840     8049          .word   ANI_END
     358                    
     359 00002850            SUBR   yok_4_to_2_turn2_anim
     360 00002850            SUBR   yok_6_to_8_turn2_anim
     361 00002850     8002          .word   ANI_SETMODE,MODE_INTURN|MODE_NOAUTOFLIP ;uninterruptable
     362 00002870     8026          .word   ANI_SETSPEED,100h
     363 00002890                   WL      3,Y1TR5Z+FR6
     364 000028c0     801b          .word   ANI_SETFACING
     365 000028d0                   WL      3,Y1TR5Z+FR5
     366 00002900                   WL      3,Y1TR5Z+FR4
     367 00002930     8002          .word   ANI_SETMODE,MODE_NORMAL
     368 00002950     8049          .word   ANI_END
     369                    
     370 00002960            SUBR   yok_4_to_6_turn2_anim
     371 00002960            SUBR   yok_6_to_4_turn2_anim
     372 00002960     8002          .word   ANI_SETMODE,MODE_INTURN|MODE_NOAUTOFLIP ;uninterruptable
     373 00002980     8026          .word   ANI_SETSPEED,100h
     374 000029a0                   WL      3,Y1TR5Z+FR9
     375 000029d0     801b          .word   ANI_SETFACING
     376 000029e0                   WL      3,Y1TR5Z+FR9
     377 00002a10     8002          .word   ANI_SETMODE,MODE_NORMAL
     378 00002a30     8049          .word   ANI_END
     379                    
     380 00002a40            SUBR   yok_2_to_8_turn2_anim
     381 00002a40            SUBR   yok_8_to_2_turn2_anim
     382 00002a40     8002          .word   ANI_SETMODE,MODE_INTURN|MODE_NOAUTOFLIP ;uninterruptable
     383 00002a60     8026          .word   ANI_SETSPEED,100h
     384 00002a80                   WL      3,Y1TR5Z+FR1
     385 00002ab0     801b          .word   ANI_SETFACING
     386 00002ac0                   WL      3,Y1TR5Z+FR1
TMS340 COFF Macro Assembler Version 6.10     Mon Oct 30 16:56:21 2023
 Copyright (c) 1985-1991  Texas Instruments Incorporated 

Yokozuna animation sequences                                         PAGE    8

     387 00002af0     8002          .word   ANI_SETMODE,MODE_NORMAL
     388 00002b10     8049          .word   ANI_END
     389                    
     390 00002b20            SUBR   yok_4_to_8_turn2_anim
     391 00002b20            SUBR   yok_6_to_2_turn2_anim
     392 00002b20     8002          .word   ANI_SETMODE,MODE_INTURN|MODE_NOAUTOFLIP ;uninterruptable
     393 00002b40     8026          .word   ANI_SETSPEED,100h
     394 00002b60                   WL      3,Y1TR5Z+FR9
     395 00002b90     801b          .word   ANI_SETFACING
     396 00002ba0                   WL      3,Y1TR5Z+FR9
     397 00002bd0                   WL      3,Y1TR5Z+FR8
     398 00002c00                   WL      3,Y1TR5Z+FR6
     399 00002c30     801b          .word   ANI_SETFACING
     400 00002c40                   WL      3,Y1TR5Z+FR5
     401 00002c70                   WL      3,Y1TR5Z+FR4
     402 00002ca0     8002          .word   ANI_SETMODE,MODE_NORMAL
     403 00002cc0     8049          .word   ANI_END
     404                    
     405 00002cd0            SUBR   yok_2_to_6_turn2_anim
     406 00002cd0            SUBR   yok_8_to_4_turn2_anim
     407 00002cd0     8002          .word   ANI_SETMODE,MODE_INTURN|MODE_NOAUTOFLIP ;uninterruptable
     408 00002cf0     8026          .word   ANI_SETSPEED,100h
     409 00002d10                   WL      3,Y1TR5Z+FR4
     410 00002d40     801b          .word   ANI_SETFACING
     411 00002d50                   WL      3,Y1TR5Z+FR5
     412 00002d80                   WL      3,Y1TR5Z+FR6
     413 00002db0                   WL      3,Y1TR5Z+FR8
     414 00002de0                   WL      3,Y1TR5Z+FR9
     415 00002e10     801b          .word   ANI_SETFACING
     416 00002e20                   WL      3,Y1TR5Z+FR9
     417 00002e50     8002          .word   ANI_SETMODE,MODE_NORMAL
     418 00002e70     8049          .word   ANI_END
     419                    
     420                    
     421                    
     422                    
     423 00002e80            SUBR   yok_run2_anim
     424                      
     425 00002e80     8002          .word   ANI_SETMODE,MODE_NORMAL
     426 00002ea0     8026          .word   ANI_SETSPEED,100h
     427                    
     428                    
     429 00002ec0     8006          .word   ANI_ATTACK_ON,AMODE_RUN,-3,29,18h,71    ;mode,x,y,w,h
     430 00002f20                   WL      ANI_GOTO,fbejrun2
     431                    
     432 00002f50            SUBR   yok_run_anim
     433                    
     434 00002f50     8002          .word   ANI_SETMODE,MODE_UNINT                  ;uninterruptable
     435 00002f70     8026          .word   ANI_SETSPEED,100h
     436 00002f90     8006          .word   ANI_ATTACK_ON,AMODE_RUN,-3,29,18h,71    ;mode,x,y,w,h
     437                    
     438 00002ff0           fbejlp1
     439 00002ff0                   WL      3,Y3RN3C+FR1
     440 00003020                   WL      3,Y3RN3C+FR2
     441 00003050                   WL      3,Y3RN3C+FR3
TMS340 COFF Macro Assembler Version 6.10     Mon Oct 30 16:56:21 2023
 Copyright (c) 1985-1991  Texas Instruments Incorporated 

Yokozuna animation sequences                                         PAGE    9

     442 00003080                   WL      3,Y3RN3C+FR4
     443 000030b0                   WL      3,Y3RN3C+FR5
     444                    
     445 000030e0                   WL      ANI_CODE,SMALL_RUN
     446 00003110                   WL      ANI_SET_YVEL,14000h
     447 00003140     801f          .word   ANI_SHAKER,15
     448 00003160           fbejrun2
     449 00003160     8002          .word   ANI_SETMODE,MODE_NORMAL         ;clear UNINT bit
     450 00003180     8006          .word   ANI_ATTACK_ON,AMODE_RUN,-3,29,18h,71    ;mode,x,y,w,h
     451 000031e0                   WL      3,Y3RN3C+FR6
     452 00003210                   WL      3,Y3RN3C+FR7
     453 00003240                   WL      3,Y3RN3C+FR8
     454 00003270                   WL      3,Y3RN3C+FR9
     455 000032a0                   WL      3,Y3RN3C+FR10
     456 000032d0                   WL      3,Y3RN3C+FR11
     457                    
     458 00003300                   WL      ANI_CODE,SMALL_RUN
     459 00003330                   WL      ANI_SET_YVEL,14000h
     460 00003360     801f          .word   ANI_SHAKER,15
     461                    
     462 00003380                   WL      3,Y3RN3C+FR12
     463 000033b0                   WL      ANI_GOTO,fbejlp1
     464                    
     465                    
     466                    
     467 000033e0            SUBR   yok_bounce_anim
     468                    
     469 000033e0     8002          .word   ANI_SETMODE,MODE_UNINT|MODE_OVERLAP|MODE_NOAUTOFLIP| MODE_NOCONFINE     ;uninterruptable
     470                      
     471                            .ref    fix_bnc_flip
     472 00003400                   WL      ANI_CODE,fix_bnc_flip
     473 00003430                   WL      ANI_CODE,MAYBE_BOUNCE_ROPE
     474                    
     475 00003460     8003          .word   ANI_ZEROVELS
     476 00003470     8026          .word   ANI_SETSPEED,100h
     477 00003490                   WL      3,Y3BO3C+FR1
     478                    
     479 000034c0                   WL      2,Y3BO3C+FR2
     480 000034f0     8023          .word   ANI_BOUNCEROPE,0
     481 00003510                   WL      ANI_CODE,SMALL_RUN
     482 00003540                   WL      1,Y3BO3C+FR2
     483                    
     484 00003570     801f          .word   ANI_SHAKER,10
     485                    
     486 00003590                   WL      2,Y3BO3C+FR3
     487 000035c0     8023          .word   ANI_BOUNCEROPE,1
     488 000035e0                   WL      1,Y3BO3C+FR3
     489                    
     490 00003610                   WL      3,Y3BO3C+FR4
     491 00003640     8023          .word   ANI_BOUNCEROPE,2
     492 00003660                   WL      1,Y3BO3C+FR4
     493                    
     494 00003690     8003          .word   ANI_ZEROVELS
     495                    
     496 000036a0                   WL      4,Y3BO3C+FR5
TMS340 COFF Macro Assembler Version 6.10     Mon Oct 30 16:56:21 2023
 Copyright (c) 1985-1991  Texas Instruments Incorporated 

Yokozuna animation sequences                                         PAGE   10

     497 000036d0     8023          .word   ANI_BOUNCEROPE,3
     498 000036f0                   WL      1,Y3BO3C+FR5
     499 00003720                   WL      5,Y3BO3C+FR6
     500 00003750     8023          .word   ANI_BOUNCEROPE,4
     501 00003770                   WL      1,Y3BO3C+FR6
     502 000037a0                   WL      3,Y3BO3C+FR7
     503 000037d0     8023          .word   ANI_BOUNCEROPE,0
     504 000037f0                   WL      1,Y3BO3C+FR7
     505 00003820                   WL      2,Y3BO3C+FR8
     506 00003850     8023          .word   ANI_BOUNCEROPE,-1
     507 00003870     801f          .word   ANI_SHAKER,10
     508                    
     509 00003890                   WL      ANI_CODE,SMALL_RUN
     510 000038c0                   WL      1,Y3BO3C+FR8
     511 000038f0                   WL      3,Y3BO3C+FR9
     512 00003920                   WL      3,Y3BO3C+FR10
     513                    
     514 00003950     8002          .word   ANI_SETMODE,MODE_NORMAL
     515 00003970     8049          .word   ANI_END
     516                    
     517                    
     518 00003980            SUBR   yok_frnk_recover_anim
     519 00003980     8002          .word   ANI_SETMODE,MODE_NORMAL
     520 000039a0     8026          .word   ANI_SETSPEED,100h
     521 000039c0                   WL      4,Y1TT5Z+FR3
     522 000039f0                   WL      ANI_CHANGEANIM,yok_stand4_anim
     523                    
     524                    
     525                            .end

 No Errors,  No Warnings
